[2.061s] Invoking command in '/root/ros2_ws/src/mecanum_bot': PYTHONPATH=/root/ros2_ws/build/mecanum_bot/prefix_override:/usr/lib/python3/dist-packages/colcon_core/task/python/colcon_distutils_commands:/root/ros2_ws/install/mecanum_bot/lib/python3.10/site-packages:${PYTHONPATH} /usr/bin/python3 -W ignore:setup.py install is deprecated -W ignore:easy_install command is deprecated setup.py egg_info --egg-base ../../build/mecanum_bot build --build-base /root/ros2_ws/build/mecanum_bot/build install --record /root/ros2_ws/build/mecanum_bot/install.log --single-version-externally-managed install_data
[2.651s] running egg_info
[2.653s] creating ../../build/mecanum_bot/mecanum_bot.egg-info
[2.655s] writing ../../build/mecanum_bot/mecanum_bot.egg-info/PKG-INFO
[2.659s] writing dependency_links to ../../build/mecanum_bot/mecanum_bot.egg-info/dependency_links.txt
[2.660s] writing entry points to ../../build/mecanum_bot/mecanum_bot.egg-info/entry_points.txt
[2.660s] writing requirements to ../../build/mecanum_bot/mecanum_bot.egg-info/requires.txt
[2.664s] writing top-level names to ../../build/mecanum_bot/mecanum_bot.egg-info/top_level.txt
[2.665s] writing manifest file '../../build/mecanum_bot/mecanum_bot.egg-info/SOURCES.txt'
[2.670s] reading manifest file '../../build/mecanum_bot/mecanum_bot.egg-info/SOURCES.txt'
[2.673s] writing manifest file '../../build/mecanum_bot/mecanum_bot.egg-info/SOURCES.txt'
[2.676s] running build
[2.677s] running build_py
[2.678s] creating /root/ros2_ws/build/mecanum_bot/build
[2.679s] creating /root/ros2_ws/build/mecanum_bot/build/lib
[2.681s] creating /root/ros2_ws/build/mecanum_bot/build/lib/mecanum_bot
[2.683s] copying mecanum_bot/data_controller_node.py -> /root/ros2_ws/build/mecanum_bot/build/lib/mecanum_bot
[2.685s] copying mecanum_bot/pid.py -> /root/ros2_ws/build/mecanum_bot/build/lib/mecanum_bot
[2.687s] copying mecanum_bot/__init__.py -> /root/ros2_ws/build/mecanum_bot/build/lib/mecanum_bot
[2.690s] running install
[2.691s] running install_lib
[2.695s] creating /root/ros2_ws/install/mecanum_bot/lib/python3.10/site-packages/mecanum_bot
[2.695s] copying /root/ros2_ws/build/mecanum_bot/build/lib/mecanum_bot/data_controller_node.py -> /root/ros2_ws/install/mecanum_bot/lib/python3.10/site-packages/mecanum_bot
[2.696s] copying /root/ros2_ws/build/mecanum_bot/build/lib/mecanum_bot/pid.py -> /root/ros2_ws/install/mecanum_bot/lib/python3.10/site-packages/mecanum_bot
[2.697s] copying /root/ros2_ws/build/mecanum_bot/build/lib/mecanum_bot/__init__.py -> /root/ros2_ws/install/mecanum_bot/lib/python3.10/site-packages/mecanum_bot
[2.700s] byte-compiling /root/ros2_ws/install/mecanum_bot/lib/python3.10/site-packages/mecanum_bot/data_controller_node.py to data_controller_node.cpython-310.pyc
[2.706s] byte-compiling /root/ros2_ws/install/mecanum_bot/lib/python3.10/site-packages/mecanum_bot/pid.py to pid.cpython-310.pyc
[2.712s] byte-compiling /root/ros2_ws/install/mecanum_bot/lib/python3.10/site-packages/mecanum_bot/__init__.py to __init__.cpython-310.pyc
[2.716s] running install_data
[2.717s] creating /root/ros2_ws/install/mecanum_bot/share/ament_index
[2.717s] creating /root/ros2_ws/install/mecanum_bot/share/ament_index/resource_index
[2.718s] creating /root/ros2_ws/install/mecanum_bot/share/ament_index/resource_index/packages
[2.719s] copying resource/mecanum_bot -> /root/ros2_ws/install/mecanum_bot/share/ament_index/resource_index/packages
[2.720s] copying package.xml -> /root/ros2_ws/install/mecanum_bot/share/mecanum_bot
[2.721s] creating /root/ros2_ws/install/mecanum_bot/share/mecanum_bot/launch
[2.723s] copying launch/bringup.launch.py -> /root/ros2_ws/install/mecanum_bot/share/mecanum_bot/launch
[2.723s] creating /root/ros2_ws/install/mecanum_bot/share/mecanum_bot/config
[2.725s] copying config/controllers.yaml -> /root/ros2_ws/install/mecanum_bot/share/mecanum_bot/config
[2.725s] copying config/ekf.yaml -> /root/ros2_ws/install/mecanum_bot/share/mecanum_bot/config
[2.731s] running install_egg_info
[2.740s] Copying ../../build/mecanum_bot/mecanum_bot.egg-info to /root/ros2_ws/install/mecanum_bot/lib/python3.10/site-packages/mecanum_bot-0.0.0-py3.10.egg-info
[2.745s] running install_scripts
[2.820s] Installing data_controller script to /root/ros2_ws/install/mecanum_bot/lib/mecanum_bot
[2.821s] Installing pid script to /root/ros2_ws/install/mecanum_bot/lib/mecanum_bot
[2.822s] writing list of installed files to '/root/ros2_ws/build/mecanum_bot/install.log'
[2.931s] Invoked command in '/root/ros2_ws/src/mecanum_bot' returned '0': PYTHONPATH=/root/ros2_ws/build/mecanum_bot/prefix_override:/usr/lib/python3/dist-packages/colcon_core/task/python/colcon_distutils_commands:/root/ros2_ws/install/mecanum_bot/lib/python3.10/site-packages:${PYTHONPATH} /usr/bin/python3 -W ignore:setup.py install is deprecated -W ignore:easy_install command is deprecated setup.py egg_info --egg-base ../../build/mecanum_bot build --build-base /root/ros2_ws/build/mecanum_bot/build install --record /root/ros2_ws/build/mecanum_bot/install.log --single-version-externally-managed install_data
