[0.954s] Invoking command in '/root/ros2_ws/src/build/mecanum_hardware': CMAKE_PREFIX_PATH=/opt/ros/humble /usr/bin/cmake --build /root/ros2_ws/src/build/mecanum_hardware -- -j4 -l4
[1.514s] [35m[1mConsolidate compiler generated dependencies of target mecanum_hardware[0m
[1.758s] [ 50%] [32mBuilding CXX object CMakeFiles/mecanum_hardware.dir/src/mecanum_system.cpp.o[0m
[7.072s] [01m[K/root/ros2_ws/src/mecanum_hardware/src/mecanum_system.cpp:[m[K In member function ‘[01m[Kvirtual hardware_interface::CallbackReturn mecanum_hardware::MecanumSystem::on_configure(const rclcpp_lifecycle::State&)[m[K’:
[7.073s] [01m[K/root/ros2_ws/src/mecanum_hardware/src/mecanum_system.cpp:47:96:[m[K [01;35m[Kwarning: [m[Kunused parameter ‘[01m[Kprevious_state[m[K’ [[01;35m[K-Wunused-parameter[m[K]
[7.073s]    47 | hardware_interface::CallbackReturn MecanumSystem::on_configure([01;35m[Kconst rclcpp_lifecycle::State & previous_state[m[K)
[7.073s]       |                                                                [01;35m[K~~~~~~~~~~~~~~~~~~~~~~~~~~~~~~~~^~~~~~~~~~~~~~[m[K
[7.073s] [01m[K/root/ros2_ws/src/mecanum_hardware/src/mecanum_system.cpp:[m[K In member function ‘[01m[Kvirtual hardware_interface::CallbackReturn mecanum_hardware::MecanumSystem::on_deactivate(const rclcpp_lifecycle::State&)[m[K’:
[7.073s] [01m[K/root/ros2_ws/src/mecanum_hardware/src/mecanum_system.cpp:85:97:[m[K [01;35m[Kwarning: [m[Kunused parameter ‘[01m[Kprevious_state[m[K’ [[01;35m[K-Wunused-parameter[m[K]
[7.073s]    85 | hardware_interface::CallbackReturn MecanumSystem::on_deactivate([01;35m[Kconst rclcpp_lifecycle::State & previous_state[m[K)
[7.073s]       |                                                                 [01;35m[K~~~~~~~~~~~~~~~~~~~~~~~~~~~~~~~~^~~~~~~~~~~~~~[m[K
[7.080s] [01m[K/root/ros2_ws/src/mecanum_hardware/src/mecanum_system.cpp:[m[K In member function ‘[01m[Kvirtual hardware_interface::return_type mecanum_hardware::MecanumSystem::read(const rclcpp::Time&, const rclcpp::Duration&)[m[K’:
[7.080s] [01m[K/root/ros2_ws/src/mecanum_hardware/src/mecanum_system.cpp:92:24:[m[K [01;35m[Kwarning: [m[Kunused parameter ‘[01m[Ktime[m[K’ [[01;35m[K-Wunused-parameter[m[K]
[7.080s]    92 |   [01;35m[Kconst rclcpp::Time & time[m[K,
[7.080s]       |   [01;35m[K~~~~~~~~~~~~~~~~~~~~~^~~~[m[K
[7.080s] [01m[K/root/ros2_ws/src/mecanum_hardware/src/mecanum_system.cpp:93:28:[m[K [01;35m[Kwarning: [m[Kunused parameter ‘[01m[Kperiod[m[K’ [[01;35m[K-Wunused-parameter[m[K]
[7.080s]    93 |   [01;35m[Kconst rclcpp::Duration & period[m[K)
[7.080s]       |   [01;35m[K~~~~~~~~~~~~~~~~~~~~~~~~~^~~~~~[m[K
[7.093s] In file included from [01m[K/opt/ros/humble/include/rclcpp/rclcpp/logging.hpp:24[m[K,
[7.093s]                  from [01m[K/opt/ros/humble/include/rclcpp/rclcpp/client.hpp:40[m[K,
[7.093s]                  from [01m[K/opt/ros/humble/include/rclcpp/rclcpp/callback_group.hpp:24[m[K,
[7.093s]                  from [01m[K/opt/ros/humble/include/rclcpp/rclcpp/any_executable.hpp:20[m[K,
[7.093s]                  from [01m[K/opt/ros/humble/include/rclcpp/rclcpp/memory_strategy.hpp:25[m[K,
[7.093s]                  from [01m[K/opt/ros/humble/include/rclcpp/rclcpp/memory_strategies.hpp:18[m[K,
[7.093s]                  from [01m[K/opt/ros/humble/include/rclcpp/rclcpp/executor_options.hpp:20[m[K,
[7.093s]                  from [01m[K/opt/ros/humble/include/rclcpp/rclcpp/executor.hpp:37[m[K,
[7.093s]                  from [01m[K/opt/ros/humble/include/rclcpp/rclcpp/executors/multi_threaded_executor.hpp:25[m[K,
[7.093s]                  from [01m[K/opt/ros/humble/include/rclcpp/rclcpp/executors.hpp:21[m[K,
[7.093s]                  from [01m[K/opt/ros/humble/include/rclcpp/rclcpp/rclcpp.hpp:155[m[K,
[7.093s]                  from [01m[K/root/ros2_ws/src/mecanum_hardware/include/mecanum_hardware/mecanum_system.hpp:15[m[K,
[7.094s]                  from [01m[K/root/ros2_ws/src/mecanum_hardware/src/mecanum_system.cpp:1[m[K:
[7.094s] [01m[K/root/ros2_ws/src/mecanum_hardware/src/mecanum_system.cpp:[m[K In member function ‘[01m[Kvirtual hardware_interface::return_type mecanum_hardware::MecanumSystem::write(const rclcpp::Time&, const rclcpp::Duration&)[m[K’:
[7.094s] [01m[K/root/ros2_ws/src/mecanum_hardware/src/mecanum_system.cpp:235:7:[m[K [01;31m[Kerror: [m[K‘[01m[Kdt[m[K’ was not declared in this scope
[7.094s]   235 |       [01;31m[Kdt[m[K,
[7.094s]       |       [01;31m[K^~[m[K
[7.094s] [01m[K/root/ros2_ws/src/mecanum_hardware/src/mecanum_system.cpp:223:24:[m[K [01;35m[Kwarning: [m[Kunused parameter ‘[01m[Ktime[m[K’ [[01;35m[K-Wunused-parameter[m[K]
[7.094s]   223 |   [01;35m[Kconst rclcpp::Time & time[m[K,
[7.094s]       |   [01;35m[K~~~~~~~~~~~~~~~~~~~~~^~~~[m[K
[7.094s] [01m[K/root/ros2_ws/src/mecanum_hardware/src/mecanum_system.cpp:224:28:[m[K [01;35m[Kwarning: [m[Kunused parameter ‘[01m[Kperiod[m[K’ [[01;35m[K-Wunused-parameter[m[K]
[7.094s]   224 |   [01;35m[Kconst rclcpp::Duration & period[m[K)
[7.095s]       |   [01;35m[K~~~~~~~~~~~~~~~~~~~~~~~~~^~~~~~[m[K
[8.431s] gmake[2]: *** [CMakeFiles/mecanum_hardware.dir/build.make:76: CMakeFiles/mecanum_hardware.dir/src/mecanum_system.cpp.o] Error 1
[8.431s] gmake[1]: *** [CMakeFiles/Makefile2:137: CMakeFiles/mecanum_hardware.dir/all] Error 2
[8.431s] gmake: *** [Makefile:146: all] Error 2
[8.435s] Invoked command in '/root/ros2_ws/src/build/mecanum_hardware' returned '2': CMAKE_PREFIX_PATH=/opt/ros/humble /usr/bin/cmake --build /root/ros2_ws/src/build/mecanum_hardware -- -j4 -l4
