[0.912s] Invoking command in '/root/ros2_ws/build/mecanum_hardware': CMAKE_PREFIX_PATH=${CMAKE_PREFIX_PATH}:/root/ros2_ws/install/mecanum_bot:/root/ros2_ws/install/distance_pid:/root/ros2_ws/install/app_subscriber:/opt/ros/humble /usr/bin/cmake /root/ros2_ws/src/mecanum_hardware -DCMAKE_INSTALL_PREFIX=/root/ros2_ws/install/mecanum_hardware
[1.091s] -- The C compiler identification is GNU 11.4.0
[1.227s] -- The CXX compiler identification is GNU 11.4.0
[1.240s] -- Detecting C compiler ABI info
[1.424s] -- Detecting C compiler ABI info - done
[1.437s] -- Check for working C compiler: /usr/bin/cc - skipped
[1.438s] -- Detecting C compile features
[1.441s] -- Detecting C compile features - done
[1.445s] -- Detecting CXX compiler ABI info
[1.704s] -- Detecting CXX compiler ABI info - done
[1.722s] -- Check for working CXX compiler: /usr/bin/c++ - skipped
[1.723s] -- Detecting CXX compile features
[1.727s] -- Detecting CXX compile features - done
[1.736s] -- Found ament_cmake: 1.3.12 (/opt/ros/humble/share/ament_cmake/cmake)
[2.086s] -- Found Python3: /usr/bin/python3 (found version "3.10.12") found components: Interpreter 
[2.292s] -- Found rclcpp: 16.0.15 (/opt/ros/humble/share/rclcpp/cmake)
[2.408s] -- Found rosidl_generator_c: 3.1.7 (/opt/ros/humble/share/rosidl_generator_c/cmake)
[2.427s] -- Found rosidl_adapter: 3.1.7 (/opt/ros/humble/share/rosidl_adapter/cmake)
[2.446s] -- Found rosidl_generator_cpp: 3.1.7 (/opt/ros/humble/share/rosidl_generator_cpp/cmake)
[2.471s] -- Using all available rosidl_typesupport_c: rosidl_typesupport_fastrtps_c;rosidl_typesupport_introspection_c
[2.499s] -- Using all available rosidl_typesupport_cpp: rosidl_typesupport_fastrtps_cpp;rosidl_typesupport_introspection_cpp
[2.561s] -- Found rmw_implementation_cmake: 6.1.2 (/opt/ros/humble/share/rmw_implementation_cmake/cmake)
[2.565s] -- Found rmw_fastrtps_cpp: 6.2.9 (/opt/ros/humble/share/rmw_fastrtps_cpp/cmake)
[2.701s] -- Found OpenSSL: /usr/lib/aarch64-linux-gnu/libcrypto.so (found version "3.0.2")  
[2.728s] -- Found FastRTPS: /opt/ros/humble/include  
[2.771s] -- Using RMW implementation 'rmw_fastrtps_cpp' as default
[2.783s] -- Looking for pthread.h
[2.903s] -- Looking for pthread.h - found
[2.903s] -- Performing Test CMAKE_HAVE_LIBC_PTHREAD
[3.026s] -- Performing Test CMAKE_HAVE_LIBC_PTHREAD - Success
[3.027s] -- Found Threads: TRUE  
[3.102s] -- Found rclcpp_lifecycle: 16.0.15 (/opt/ros/humble/share/rclcpp_lifecycle/cmake)
[3.129s] -- Found hardware_interface: 2.52.2 (/opt/ros/humble/share/hardware_interface/cmake)
[3.307s] -- LibSerial include dir: /usr/include/libserial
[3.307s] -- LibSerial library: /usr/lib/aarch64-linux-gnu/libserial.so
[3.408s] -- Configuring done
[3.427s] -- Generating done
[3.434s] -- Build files have been written to: /root/ros2_ws/build/mecanum_hardware
[3.451s] Invoked command in '/root/ros2_ws/build/mecanum_hardware' returned '0': CMAKE_PREFIX_PATH=${CMAKE_PREFIX_PATH}:/root/ros2_ws/install/mecanum_bot:/root/ros2_ws/install/distance_pid:/root/ros2_ws/install/app_subscriber:/opt/ros/humble /usr/bin/cmake /root/ros2_ws/src/mecanum_hardware -DCMAKE_INSTALL_PREFIX=/root/ros2_ws/install/mecanum_hardware
[3.454s] Invoking command in '/root/ros2_ws/build/mecanum_hardware': CMAKE_PREFIX_PATH=${CMAKE_PREFIX_PATH}:/root/ros2_ws/install/mecanum_bot:/root/ros2_ws/install/distance_pid:/root/ros2_ws/install/app_subscriber:/opt/ros/humble /usr/bin/cmake --build /root/ros2_ws/build/mecanum_hardware -- -j4 -l4
[3.540s] [ 50%] [32mBuilding CXX object CMakeFiles/mecanum_hardware.dir/src/mecanum_system.cpp.o[0m
[10.775s] [100%] [32m[1mLinking CXX shared library libmecanum_hardware.so[0m
[11.470s] [100%] Built target mecanum_hardware
[11.489s] Invoked command in '/root/ros2_ws/build/mecanum_hardware' returned '0': CMAKE_PREFIX_PATH=${CMAKE_PREFIX_PATH}:/root/ros2_ws/install/mecanum_bot:/root/ros2_ws/install/distance_pid:/root/ros2_ws/install/app_subscriber:/opt/ros/humble /usr/bin/cmake --build /root/ros2_ws/build/mecanum_hardware -- -j4 -l4
[11.507s] Invoking command in '/root/ros2_ws/build/mecanum_hardware': CMAKE_PREFIX_PATH=${CMAKE_PREFIX_PATH}:/root/ros2_ws/install/mecanum_bot:/root/ros2_ws/install/distance_pid:/root/ros2_ws/install/app_subscriber:/opt/ros/humble /usr/bin/cmake --install /root/ros2_ws/build/mecanum_hardware
[11.519s] -- Install configuration: ""
[11.519s] -- Installing: /root/ros2_ws/install/mecanum_hardware/share/mecanum_hardware/mecanum_hardware.xml
[11.519s] -- Installing: /root/ros2_ws/install/mecanum_hardware/lib/libmecanum_hardware.so
[11.524s] -- Set runtime path of "/root/ros2_ws/install/mecanum_hardware/lib/libmecanum_hardware.so" to ""
[11.524s] -- Installing: /root/ros2_ws/install/mecanum_hardware/include
[11.524s] -- Installing: /root/ros2_ws/install/mecanum_hardware/include/mecanum_hardware
[11.524s] -- Installing: /root/ros2_ws/install/mecanum_hardware/include/mecanum_hardware/mecanum_system.hpp
[11.525s] -- Up-to-date: /root/ros2_ws/install/mecanum_hardware/share/mecanum_hardware/mecanum_hardware.xml
[11.525s] -- Installing: /root/ros2_ws/install/mecanum_hardware/share/ament_index/resource_index/package_run_dependencies/mecanum_hardware
[11.525s] -- Installing: /root/ros2_ws/install/mecanum_hardware/share/ament_index/resource_index/parent_prefix_path/mecanum_hardware
[11.525s] -- Installing: /root/ros2_ws/install/mecanum_hardware/share/mecanum_hardware/environment/ament_prefix_path.sh
[11.525s] -- Installing: /root/ros2_ws/install/mecanum_hardware/share/mecanum_hardware/environment/ament_prefix_path.dsv
[11.526s] -- Installing: /root/ros2_ws/install/mecanum_hardware/share/mecanum_hardware/environment/path.sh
[11.526s] -- Installing: /root/ros2_ws/install/mecanum_hardware/share/mecanum_hardware/environment/path.dsv
[11.526s] -- Installing: /root/ros2_ws/install/mecanum_hardware/share/mecanum_hardware/local_setup.bash
[11.526s] -- Installing: /root/ros2_ws/install/mecanum_hardware/share/mecanum_hardware/local_setup.sh
[11.526s] -- Installing: /root/ros2_ws/install/mecanum_hardware/share/mecanum_hardware/local_setup.zsh
[11.526s] -- Installing: /root/ros2_ws/install/mecanum_hardware/share/mecanum_hardware/local_setup.dsv
[11.527s] -- Installing: /root/ros2_ws/install/mecanum_hardware/share/mecanum_hardware/package.dsv
[11.527s] -- Installing: /root/ros2_ws/install/mecanum_hardware/share/ament_index/resource_index/packages/mecanum_hardware
[11.527s] -- Installing: /root/ros2_ws/install/mecanum_hardware/share/ament_index/resource_index/hardware_interface__pluginlib__plugin/mecanum_hardware
[11.527s] -- Installing: /root/ros2_ws/install/mecanum_hardware/share/mecanum_hardware/cmake/mecanum_hardwareConfig.cmake
[11.527s] -- Installing: /root/ros2_ws/install/mecanum_hardware/share/mecanum_hardware/cmake/mecanum_hardwareConfig-version.cmake
[11.528s] -- Installing: /root/ros2_ws/install/mecanum_hardware/share/mecanum_hardware/package.xml
[11.531s] Invoked command in '/root/ros2_ws/build/mecanum_hardware' returned '0': CMAKE_PREFIX_PATH=${CMAKE_PREFIX_PATH}:/root/ros2_ws/install/mecanum_bot:/root/ros2_ws/install/distance_pid:/root/ros2_ws/install/app_subscriber:/opt/ros/humble /usr/bin/cmake --install /root/ros2_ws/build/mecanum_hardware
