[35m[1mConsolidate compiler generated dependencies of target mecanum_hardware[0m
[ 50%] [32mBuilding CXX object CMakeFiles/mecanum_hardware.dir/src/mecanum_system.cpp.o[0m
[01m[K/root/ros2_ws/src/mecanum_hardware/src/mecanum_system.cpp:47:96:[m[K [01;31m[Kerror: [m[Kexpected ‘[01m[K,[m[K’ or ‘[01m[K...[m[K’ before ‘[01m[K/[m[K’ token
   47 | hardware_interface::CallbackReturn MecanumSystem::on_configure(const rclcpp_lifecycle::State & [01;31m[K/[m[Kprevious_state/)
      |                                                                                                [01;31m[K^[m[K
[01m[K/root/ros2_ws/src/mecanum_hardware/src/mecanum_system.cpp:85:97:[m[K [01;31m[Kerror: [m[Kexpected ‘[01m[K,[m[K’ or ‘[01m[K...[m[K’ before ‘[01m[K/[m[K’ token
   85 | hardware_interface::CallbackReturn MecanumSystem::on_deactivate(const rclcpp_lifecycle::State & [01;31m[K/[m[Kprevious_state/)
      |                                                                                                 [01;31m[K^[m[K
[01m[K/root/ros2_ws/src/mecanum_hardware/src/mecanum_system.cpp:92:24:[m[K [01;31m[Kerror: [m[Kexpected ‘[01m[K,[m[K’ or ‘[01m[K...[m[K’ before ‘[01m[K/[m[K’ token
   92 |   const rclcpp::Time & [01;31m[K/[m[Ktime/,
      |                        [01;31m[K^[m[K
[01m[K/root/ros2_ws/src/mecanum_hardware/src/mecanum_system.cpp:91:33:[m[K [01;31m[Kerror: [m[Kno declaration matches ‘[01m[Khardware_interface::return_type mecanum_hardware::MecanumSystem::read(const rclcpp::Time&)[m[K’
   91 | hardware_interface::return_type [01;31m[KMecanumSystem[m[K::read(
      |                                 [01;31m[K^~~~~~~~~~~~~[m[K
In file included from [01m[K/root/ros2_ws/src/mecanum_hardware/src/mecanum_system.cpp:1[m[K:
[01m[K/root/ros2_ws/src/mecanum_hardware/include/mecanum_hardware/mecanum_system.hpp:38:35:[m[K [01;36m[Knote: [m[Kcandidate is: ‘[01m[Kvirtual hardware_interface::return_type mecanum_hardware::MecanumSystem::read(const rclcpp::Time&, const rclcpp::Duration&)[m[K’
   38 |   hardware_interface::return_type [01;36m[Kread[m[K(const rclcpp::Time & time,
      |                                   [01;36m[K^~~~[m[K
[01m[K/root/ros2_ws/src/mecanum_hardware/include/mecanum_hardware/mecanum_system.hpp:26:7:[m[K [01;36m[Knote: [m[K‘[01m[Kclass mecanum_hardware::MecanumSystem[m[K’ defined here
   26 | class [01;36m[KMecanumSystem[m[K : public hardware_interface::SystemInterface
      |       [01;36m[K^~~~~~~~~~~~~[m[K
[01m[K/root/ros2_ws/src/mecanum_hardware/src/mecanum_system.cpp:214:24:[m[K [01;31m[Kerror: [m[Kexpected ‘[01m[K,[m[K’ or ‘[01m[K...[m[K’ before ‘[01m[K/[m[K’ token
  214 |   const rclcpp::Time & [01;31m[K/[m[Ktime/,
      |                        [01;31m[K^[m[K
[01m[K/root/ros2_ws/src/mecanum_hardware/src/mecanum_system.cpp:213:33:[m[K [01;31m[Kerror: [m[Kno declaration matches ‘[01m[Khardware_interface::return_type mecanum_hardware::MecanumSystem::write(const rclcpp::Time&)[m[K’
  213 | hardware_interface::return_type [01;31m[KMecanumSystem[m[K::write(
      |                                 [01;31m[K^~~~~~~~~~~~~[m[K
In file included from [01m[K/root/ros2_ws/src/mecanum_hardware/src/mecanum_system.cpp:1[m[K:
[01m[K/root/ros2_ws/src/mecanum_hardware/include/mecanum_hardware/mecanum_system.hpp:41:35:[m[K [01;36m[Knote: [m[Kcandidate is: ‘[01m[Kvirtual hardware_interface::return_type mecanum_hardware::MecanumSystem::write(const rclcpp::Time&, const rclcpp::Duration&)[m[K’
   41 |   hardware_interface::return_type [01;36m[Kwrite[m[K(const rclcpp::Time & time,
      |                                   [01;36m[K^~~~~[m[K
[01m[K/root/ros2_ws/src/mecanum_hardware/include/mecanum_hardware/mecanum_system.hpp:26:7:[m[K [01;36m[Knote: [m[K‘[01m[Kclass mecanum_hardware::MecanumSystem[m[K’ defined here
   26 | class [01;36m[KMecanumSystem[m[K : public hardware_interface::SystemInterface
      |       [01;36m[K^~~~~~~~~~~~~[m[K
gmake[2]: *** [CMakeFiles/mecanum_hardware.dir/build.make:76: CMakeFiles/mecanum_hardware.dir/src/mecanum_system.cpp.o] Error 1
gmake[1]: *** [CMakeFiles/Makefile2:137: CMakeFiles/mecanum_hardware.dir/all] Error 2
gmake: *** [Makefile:146: all] Error 2
