[0.997s] Invoking command in '/root/ros2_ws/src/build/mecanum_hardware': CMAKE_PREFIX_PATH=${CMAKE_PREFIX_PATH}:/root/ros2_ws/install/mecanum_bot:/root/ros2_ws/install/distance_pid:/root/ros2_ws/install/app_subscriber:/opt/ros/humble /usr/bin/cmake --build /root/ros2_ws/src/build/mecanum_hardware -- -j4 -l4
[1.389s] [35m[1mConsolidate compiler generated dependencies of target mecanum_hardware[0m
[1.444s] [ 50%] [32mBuilding CXX object CMakeFiles/mecanum_hardware.dir/src/mecanum_system.cpp.o[0m
[5.837s] [01m[K/root/ros2_ws/src/mecanum_hardware/src/mecanum_system.cpp:47:96:[m[K [01;31m[Kerror: [m[Kexpected ‘[01m[K,[m[K’ or ‘[01m[K...[m[K’ before ‘[01m[K/[m[K’ token
[5.837s]    47 | hardware_interface::CallbackReturn MecanumSystem::on_configure(const rclcpp_lifecycle::State & [01;31m[K/[m[Kprevious_state/)
[5.837s]       |                                                                                                [01;31m[K^[m[K
[5.843s] [01m[K/root/ros2_ws/src/mecanum_hardware/src/mecanum_system.cpp:85:97:[m[K [01;31m[Kerror: [m[Kexpected ‘[01m[K,[m[K’ or ‘[01m[K...[m[K’ before ‘[01m[K/[m[K’ token
[5.843s]    85 | hardware_interface::CallbackReturn MecanumSystem::on_deactivate(const rclcpp_lifecycle::State & [01;31m[K/[m[Kprevious_state/)
[5.843s]       |                                                                                                 [01;31m[K^[m[K
[5.843s] [01m[K/root/ros2_ws/src/mecanum_hardware/src/mecanum_system.cpp:92:24:[m[K [01;31m[Kerror: [m[Kexpected ‘[01m[K,[m[K’ or ‘[01m[K...[m[K’ before ‘[01m[K/[m[K’ token
[5.843s]    92 |   const rclcpp::Time & [01;31m[K/[m[Ktime/,
[5.843s]       |                        [01;31m[K^[m[K
[5.843s] [01m[K/root/ros2_ws/src/mecanum_hardware/src/mecanum_system.cpp:91:33:[m[K [01;31m[Kerror: [m[Kno declaration matches ‘[01m[Khardware_interface::return_type mecanum_hardware::MecanumSystem::read(const rclcpp::Time&)[m[K’
[5.843s]    91 | hardware_interface::return_type [01;31m[KMecanumSystem[m[K::read(
[5.843s]       |                                 [01;31m[K^~~~~~~~~~~~~[m[K
[5.843s] In file included from [01m[K/root/ros2_ws/src/mecanum_hardware/src/mecanum_system.cpp:1[m[K:
[5.843s] [01m[K/root/ros2_ws/src/mecanum_hardware/include/mecanum_hardware/mecanum_system.hpp:38:35:[m[K [01;36m[Knote: [m[Kcandidate is: ‘[01m[Kvirtual hardware_interface::return_type mecanum_hardware::MecanumSystem::read(const rclcpp::Time&, const rclcpp::Duration&)[m[K’
[5.843s]    38 |   hardware_interface::return_type [01;36m[Kread[m[K(const rclcpp::Time & time,
[5.844s]       |                                   [01;36m[K^~~~[m[K
[5.844s] [01m[K/root/ros2_ws/src/mecanum_hardware/include/mecanum_hardware/mecanum_system.hpp:26:7:[m[K [01;36m[Knote: [m[K‘[01m[Kclass mecanum_hardware::MecanumSystem[m[K’ defined here
[5.844s]    26 | class [01;36m[KMecanumSystem[m[K : public hardware_interface::SystemInterface
[5.844s]       |       [01;36m[K^~~~~~~~~~~~~[m[K
[5.844s] [01m[K/root/ros2_ws/src/mecanum_hardware/src/mecanum_system.cpp:214:24:[m[K [01;31m[Kerror: [m[Kexpected ‘[01m[K,[m[K’ or ‘[01m[K...[m[K’ before ‘[01m[K/[m[K’ token
[5.844s]   214 |   const rclcpp::Time & [01;31m[K/[m[Ktime/,
[5.844s]       |                        [01;31m[K^[m[K
[5.844s] [01m[K/root/ros2_ws/src/mecanum_hardware/src/mecanum_system.cpp:213:33:[m[K [01;31m[Kerror: [m[Kno declaration matches ‘[01m[Khardware_interface::return_type mecanum_hardware::MecanumSystem::write(const rclcpp::Time&)[m[K’
[5.844s]   213 | hardware_interface::return_type [01;31m[KMecanumSystem[m[K::write(
[5.844s]       |                                 [01;31m[K^~~~~~~~~~~~~[m[K
[5.844s] In file included from [01m[K/root/ros2_ws/src/mecanum_hardware/src/mecanum_system.cpp:1[m[K:
[5.844s] [01m[K/root/ros2_ws/src/mecanum_hardware/include/mecanum_hardware/mecanum_system.hpp:41:35:[m[K [01;36m[Knote: [m[Kcandidate is: ‘[01m[Kvirtual hardware_interface::return_type mecanum_hardware::MecanumSystem::write(const rclcpp::Time&, const rclcpp::Duration&)[m[K’
[5.844s]    41 |   hardware_interface::return_type [01;36m[Kwrite[m[K(const rclcpp::Time & time,
[5.844s]       |                                   [01;36m[K^~~~~[m[K
[5.844s] [01m[K/root/ros2_ws/src/mecanum_hardware/include/mecanum_hardware/mecanum_system.hpp:26:7:[m[K [01;36m[Knote: [m[K‘[01m[Kclass mecanum_hardware::MecanumSystem[m[K’ defined here
[5.845s]    26 | class [01;36m[KMecanumSystem[m[K : public hardware_interface::SystemInterface
[5.845s]       |       [01;36m[K^~~~~~~~~~~~~[m[K
[7.071s] gmake[2]: *** [CMakeFiles/mecanum_hardware.dir/build.make:76: CMakeFiles/mecanum_hardware.dir/src/mecanum_system.cpp.o] Error 1
[7.071s] gmake[1]: *** [CMakeFiles/Makefile2:137: CMakeFiles/mecanum_hardware.dir/all] Error 2
[7.071s] gmake: *** [Makefile:146: all] Error 2
[7.075s] Invoked command in '/root/ros2_ws/src/build/mecanum_hardware' returned '2': CMAKE_PREFIX_PATH=${CMAKE_PREFIX_PATH}:/root/ros2_ws/install/mecanum_bot:/root/ros2_ws/install/distance_pid:/root/ros2_ws/install/app_subscriber:/opt/ros/humble /usr/bin/cmake --build /root/ros2_ws/src/build/mecanum_hardware -- -j4 -l4
