[0.155s] DEBUG:colcon:Command line arguments: ['/usr/bin/colcon', 'build']
[0.155s] DEBUG:colcon:Parsed command line arguments: Namespace(log_base=None, log_level=None, verb_name='build', build_base='build', install_base='install', merge_install=False, symlink_install=False, test_result_base=None, continue_on_error=False, executor='parallel', parallel_workers=4, event_handlers=None, ignore_user_meta=False, metas=['./colcon.meta'], base_paths=['.'], packages_ignore=None, packages_ignore_regex=None, paths=None, packages_up_to=None, packages_up_to_regex=None, packages_above=None, packages_above_and_dependencies=None, packages_above_depth=None, packages_select_by_dep=None, packages_skip_by_dep=None, packages_skip_up_to=None, packages_select_build_failed=False, packages_skip_build_finished=False, packages_select_test_failures=False, packages_skip_test_passed=False, packages_select=None, packages_skip=None, packages_select_regex=None, packages_skip_regex=None, packages_start=None, packages_end=None, cmake_args=None, cmake_target=None, cmake_target_skip_unavailable=False, cmake_clean_cache=False, cmake_clean_first=False, cmake_force_configure=False, ament_cmake_args=None, catkin_cmake_args=None, catkin_skip_building_tests=False, mixin_files=None, mixin=None, verb_parser=<colcon_mixin.mixin.mixin_argument.MixinArgumentDecorator object at 0xffffa91dc250>, verb_extension=<colcon_core.verb.build.BuildVerb object at 0xffffa91afd60>, main=<bound method BuildVerb.main of <colcon_core.verb.build.BuildVerb object at 0xffffa91afd60>>, mixin_verb=('build',))
[0.333s] Level 1:colcon.colcon_core.package_discovery:discover_packages(colcon_meta) check parameters
[0.334s] INFO:colcon.colcon_metadata.package_discovery.colcon_meta:Using configuration from '/root/.colcon/metadata/default/Gazebo.meta'
[0.335s] INFO:colcon.colcon_metadata.package_discovery.colcon_meta:Using configuration from '/root/.colcon/metadata/default/fastdds.meta'
[0.335s] INFO:colcon.colcon_metadata.package_discovery.colcon_meta:Using configuration from '/root/.colcon/metadata/default/fastrtps.meta'
[0.336s] Level 1:colcon.colcon_core.package_discovery:discover_packages(recursive) check parameters
[0.336s] Level 1:colcon.colcon_core.package_discovery:discover_packages(ignore) check parameters
[0.336s] Level 1:colcon.colcon_core.package_discovery:discover_packages(path) check parameters
[0.336s] Level 1:colcon.colcon_core.package_discovery:discover_packages(colcon_meta) discover
[0.336s] Level 1:colcon.colcon_core.package_discovery:discover_packages(recursive) discover
[0.336s] INFO:colcon.colcon_core.package_discovery:Crawling recursively for packages in '/root/ros2_ws/src'
[0.336s] Level 1:colcon.colcon_core.package_identification:_identify(.) by extensions ['ignore', 'ignore_ament_install']
[0.336s] Level 1:colcon.colcon_core.package_identification:_identify(.) by extension 'ignore'
[0.336s] Level 1:colcon.colcon_core.package_identification:_identify(.) by extension 'ignore_ament_install'
[0.336s] Level 1:colcon.colcon_core.package_identification:_identify(.) by extensions ['colcon_pkg']
[0.336s] Level 1:colcon.colcon_core.package_identification:_identify(.) by extension 'colcon_pkg'
[0.336s] Level 1:colcon.colcon_core.package_identification:_identify(.) by extensions ['colcon_meta']
[0.336s] Level 1:colcon.colcon_core.package_identification:_identify(.) by extension 'colcon_meta'
[0.336s] Level 1:colcon.colcon_core.package_identification:_identify(.) by extensions ['ros']
[0.336s] Level 1:colcon.colcon_core.package_identification:_identify(.) by extension 'ros'
[0.353s] Level 1:colcon.colcon_core.package_identification:_identify(.) by extensions ['cmake', 'python']
[0.353s] Level 1:colcon.colcon_core.package_identification:_identify(.) by extension 'cmake'
[0.353s] Level 1:colcon.colcon_core.package_identification:_identify(.) by extension 'python'
[0.353s] Level 1:colcon.colcon_core.package_identification:_identify(.) by extensions ['python_setup_py']
[0.353s] Level 1:colcon.colcon_core.package_identification:_identify(.) by extension 'python_setup_py'
[0.353s] Level 1:colcon.colcon_core.package_identification:_identify(app_subscriber) by extensions ['ignore', 'ignore_ament_install']
[0.354s] Level 1:colcon.colcon_core.package_identification:_identify(app_subscriber) by extension 'ignore'
[0.354s] Level 1:colcon.colcon_core.package_identification:_identify(app_subscriber) by extension 'ignore_ament_install'
[0.354s] Level 1:colcon.colcon_core.package_identification:_identify(app_subscriber) by extensions ['colcon_pkg']
[0.354s] Level 1:colcon.colcon_core.package_identification:_identify(app_subscriber) by extension 'colcon_pkg'
[0.354s] Level 1:colcon.colcon_core.package_identification:_identify(app_subscriber) by extensions ['colcon_meta']
[0.354s] Level 1:colcon.colcon_core.package_identification:_identify(app_subscriber) by extension 'colcon_meta'
[0.354s] Level 1:colcon.colcon_core.package_identification:_identify(app_subscriber) by extensions ['ros']
[0.354s] Level 1:colcon.colcon_core.package_identification:_identify(app_subscriber) by extension 'ros'
[0.357s] DEBUG:colcon.colcon_core.package_identification:Package 'app_subscriber' with type 'ros.ament_python' and name 'app_subscriber'
[0.357s] Level 1:colcon.colcon_core.package_identification:_identify(build) by extensions ['ignore', 'ignore_ament_install']
[0.357s] Level 1:colcon.colcon_core.package_identification:_identify(build) by extension 'ignore'
[0.357s] Level 1:colcon.colcon_core.package_identification:_identify(build) ignored
[0.357s] Level 1:colcon.colcon_core.package_identification:_identify(distance_pid) by extensions ['ignore', 'ignore_ament_install']
[0.357s] Level 1:colcon.colcon_core.package_identification:_identify(distance_pid) by extension 'ignore'
[0.357s] Level 1:colcon.colcon_core.package_identification:_identify(distance_pid) by extension 'ignore_ament_install'
[0.357s] Level 1:colcon.colcon_core.package_identification:_identify(distance_pid) by extensions ['colcon_pkg']
[0.358s] Level 1:colcon.colcon_core.package_identification:_identify(distance_pid) by extension 'colcon_pkg'
[0.358s] Level 1:colcon.colcon_core.package_identification:_identify(distance_pid) by extensions ['colcon_meta']
[0.358s] Level 1:colcon.colcon_core.package_identification:_identify(distance_pid) by extension 'colcon_meta'
[0.358s] Level 1:colcon.colcon_core.package_identification:_identify(distance_pid) by extensions ['ros']
[0.358s] Level 1:colcon.colcon_core.package_identification:_identify(distance_pid) by extension 'ros'
[0.359s] DEBUG:colcon.colcon_core.package_identification:Package 'distance_pid' with type 'ros.ament_python' and name 'distance_pid'
[0.359s] Level 1:colcon.colcon_core.package_identification:_identify(install) by extensions ['ignore', 'ignore_ament_install']
[0.359s] Level 1:colcon.colcon_core.package_identification:_identify(install) by extension 'ignore'
[0.359s] Level 1:colcon.colcon_core.package_identification:_identify(install) ignored
[0.359s] Level 1:colcon.colcon_core.package_identification:_identify(log) by extensions ['ignore', 'ignore_ament_install']
[0.359s] Level 1:colcon.colcon_core.package_identification:_identify(log) by extension 'ignore'
[0.359s] Level 1:colcon.colcon_core.package_identification:_identify(log) ignored
[0.360s] Level 1:colcon.colcon_core.package_identification:_identify(mecanum_bot) by extensions ['ignore', 'ignore_ament_install']
[0.360s] Level 1:colcon.colcon_core.package_identification:_identify(mecanum_bot) by extension 'ignore'
[0.360s] Level 1:colcon.colcon_core.package_identification:_identify(mecanum_bot) by extension 'ignore_ament_install'
[0.360s] Level 1:colcon.colcon_core.package_identification:_identify(mecanum_bot) by extensions ['colcon_pkg']
[0.360s] Level 1:colcon.colcon_core.package_identification:_identify(mecanum_bot) by extension 'colcon_pkg'
[0.360s] Level 1:colcon.colcon_core.package_identification:_identify(mecanum_bot) by extensions ['colcon_meta']
[0.360s] Level 1:colcon.colcon_core.package_identification:_identify(mecanum_bot) by extension 'colcon_meta'
[0.360s] Level 1:colcon.colcon_core.package_identification:_identify(mecanum_bot) by extensions ['ros']
[0.360s] Level 1:colcon.colcon_core.package_identification:_identify(mecanum_bot) by extension 'ros'
[0.360s] DEBUG:colcon.colcon_core.package_identification:Package 'mecanum_bot' with type 'ros.ament_python' and name 'mecanum_bot'
[0.361s] Level 1:colcon.colcon_core.package_identification:_identify(mecanum_hardware) by extensions ['ignore', 'ignore_ament_install']
[0.361s] Level 1:colcon.colcon_core.package_identification:_identify(mecanum_hardware) by extension 'ignore'
[0.361s] Level 1:colcon.colcon_core.package_identification:_identify(mecanum_hardware) by extension 'ignore_ament_install'
[0.361s] Level 1:colcon.colcon_core.package_identification:_identify(mecanum_hardware) by extensions ['colcon_pkg']
[0.361s] Level 1:colcon.colcon_core.package_identification:_identify(mecanum_hardware) by extension 'colcon_pkg'
[0.361s] Level 1:colcon.colcon_core.package_identification:_identify(mecanum_hardware) by extensions ['colcon_meta']
[0.361s] Level 1:colcon.colcon_core.package_identification:_identify(mecanum_hardware) by extension 'colcon_meta'
[0.361s] Level 1:colcon.colcon_core.package_identification:_identify(mecanum_hardware) by extensions ['ros']
[0.361s] Level 1:colcon.colcon_core.package_identification:_identify(mecanum_hardware) by extension 'ros'
[0.362s] DEBUG:colcon.colcon_core.package_identification:Package 'mecanum_hardware' with type 'ros.ament_cmake' and name 'mecanum_hardware'
[0.362s] Level 1:colcon.colcon_core.package_discovery:discover_packages(recursive) using defaults
[0.362s] Level 1:colcon.colcon_core.package_discovery:discover_packages(ignore) discover
[0.362s] Level 1:colcon.colcon_core.package_discovery:discover_packages(ignore) using defaults
[0.362s] Level 1:colcon.colcon_core.package_discovery:discover_packages(path) discover
[0.362s] Level 1:colcon.colcon_core.package_discovery:discover_packages(path) using defaults
[0.388s] Level 5:colcon.colcon_core.verb:set package 'app_subscriber' build argument 'cmake_args' from command line to 'None'
[0.388s] Level 5:colcon.colcon_core.verb:set package 'app_subscriber' build argument 'cmake_target' from command line to 'None'
[0.388s] Level 5:colcon.colcon_core.verb:set package 'app_subscriber' build argument 'cmake_target_skip_unavailable' from command line to 'False'
[0.388s] Level 5:colcon.colcon_core.verb:set package 'app_subscriber' build argument 'cmake_clean_cache' from command line to 'False'
[0.388s] Level 5:colcon.colcon_core.verb:set package 'app_subscriber' build argument 'cmake_clean_first' from command line to 'False'
[0.388s] Level 5:colcon.colcon_core.verb:set package 'app_subscriber' build argument 'cmake_force_configure' from command line to 'False'
[0.388s] Level 5:colcon.colcon_core.verb:set package 'app_subscriber' build argument 'ament_cmake_args' from command line to 'None'
[0.388s] Level 5:colcon.colcon_core.verb:set package 'app_subscriber' build argument 'catkin_cmake_args' from command line to 'None'
[0.388s] Level 5:colcon.colcon_core.verb:set package 'app_subscriber' build argument 'catkin_skip_building_tests' from command line to 'False'
[0.388s] DEBUG:colcon.colcon_core.verb:Building package 'app_subscriber' with the following arguments: {'ament_cmake_args': None, 'build_base': '/root/ros2_ws/src/build/app_subscriber', 'catkin_cmake_args': None, 'catkin_skip_building_tests': False, 'cmake_args': None, 'cmake_clean_cache': False, 'cmake_clean_first': False, 'cmake_force_configure': False, 'cmake_target': None, 'cmake_target_skip_unavailable': False, 'install_base': '/root/ros2_ws/src/install/app_subscriber', 'merge_install': False, 'path': '/root/ros2_ws/src/app_subscriber', 'symlink_install': False, 'test_result_base': None}
[0.388s] Level 5:colcon.colcon_core.verb:set package 'distance_pid' build argument 'cmake_args' from command line to 'None'
[0.388s] Level 5:colcon.colcon_core.verb:set package 'distance_pid' build argument 'cmake_target' from command line to 'None'
[0.389s] Level 5:colcon.colcon_core.verb:set package 'distance_pid' build argument 'cmake_target_skip_unavailable' from command line to 'False'
[0.389s] Level 5:colcon.colcon_core.verb:set package 'distance_pid' build argument 'cmake_clean_cache' from command line to 'False'
[0.389s] Level 5:colcon.colcon_core.verb:set package 'distance_pid' build argument 'cmake_clean_first' from command line to 'False'
[0.389s] Level 5:colcon.colcon_core.verb:set package 'distance_pid' build argument 'cmake_force_configure' from command line to 'False'
[0.389s] Level 5:colcon.colcon_core.verb:set package 'distance_pid' build argument 'ament_cmake_args' from command line to 'None'
[0.389s] Level 5:colcon.colcon_core.verb:set package 'distance_pid' build argument 'catkin_cmake_args' from command line to 'None'
[0.389s] Level 5:colcon.colcon_core.verb:set package 'distance_pid' build argument 'catkin_skip_building_tests' from command line to 'False'
[0.389s] DEBUG:colcon.colcon_core.verb:Building package 'distance_pid' with the following arguments: {'ament_cmake_args': None, 'build_base': '/root/ros2_ws/src/build/distance_pid', 'catkin_cmake_args': None, 'catkin_skip_building_tests': False, 'cmake_args': None, 'cmake_clean_cache': False, 'cmake_clean_first': False, 'cmake_force_configure': False, 'cmake_target': None, 'cmake_target_skip_unavailable': False, 'install_base': '/root/ros2_ws/src/install/distance_pid', 'merge_install': False, 'path': '/root/ros2_ws/src/distance_pid', 'symlink_install': False, 'test_result_base': None}
[0.389s] Level 5:colcon.colcon_core.verb:set package 'mecanum_bot' build argument 'cmake_args' from command line to 'None'
[0.389s] Level 5:colcon.colcon_core.verb:set package 'mecanum_bot' build argument 'cmake_target' from command line to 'None'
[0.389s] Level 5:colcon.colcon_core.verb:set package 'mecanum_bot' build argument 'cmake_target_skip_unavailable' from command line to 'False'
[0.389s] Level 5:colcon.colcon_core.verb:set package 'mecanum_bot' build argument 'cmake_clean_cache' from command line to 'False'
[0.389s] Level 5:colcon.colcon_core.verb:set package 'mecanum_bot' build argument 'cmake_clean_first' from command line to 'False'
[0.389s] Level 5:colcon.colcon_core.verb:set package 'mecanum_bot' build argument 'cmake_force_configure' from command line to 'False'
[0.389s] Level 5:colcon.colcon_core.verb:set package 'mecanum_bot' build argument 'ament_cmake_args' from command line to 'None'
[0.389s] Level 5:colcon.colcon_core.verb:set package 'mecanum_bot' build argument 'catkin_cmake_args' from command line to 'None'
[0.389s] Level 5:colcon.colcon_core.verb:set package 'mecanum_bot' build argument 'catkin_skip_building_tests' from command line to 'False'
[0.389s] DEBUG:colcon.colcon_core.verb:Building package 'mecanum_bot' with the following arguments: {'ament_cmake_args': None, 'build_base': '/root/ros2_ws/src/build/mecanum_bot', 'catkin_cmake_args': None, 'catkin_skip_building_tests': False, 'cmake_args': None, 'cmake_clean_cache': False, 'cmake_clean_first': False, 'cmake_force_configure': False, 'cmake_target': None, 'cmake_target_skip_unavailable': False, 'install_base': '/root/ros2_ws/src/install/mecanum_bot', 'merge_install': False, 'path': '/root/ros2_ws/src/mecanum_bot', 'symlink_install': False, 'test_result_base': None}
[0.390s] Level 5:colcon.colcon_core.verb:set package 'mecanum_hardware' build argument 'cmake_args' from command line to 'None'
[0.390s] Level 5:colcon.colcon_core.verb:set package 'mecanum_hardware' build argument 'cmake_target' from command line to 'None'
[0.390s] Level 5:colcon.colcon_core.verb:set package 'mecanum_hardware' build argument 'cmake_target_skip_unavailable' from command line to 'False'
[0.390s] Level 5:colcon.colcon_core.verb:set package 'mecanum_hardware' build argument 'cmake_clean_cache' from command line to 'False'
[0.390s] Level 5:colcon.colcon_core.verb:set package 'mecanum_hardware' build argument 'cmake_clean_first' from command line to 'False'
[0.390s] Level 5:colcon.colcon_core.verb:set package 'mecanum_hardware' build argument 'cmake_force_configure' from command line to 'False'
[0.390s] Level 5:colcon.colcon_core.verb:set package 'mecanum_hardware' build argument 'ament_cmake_args' from command line to 'None'
[0.390s] Level 5:colcon.colcon_core.verb:set package 'mecanum_hardware' build argument 'catkin_cmake_args' from command line to 'None'
[0.390s] Level 5:colcon.colcon_core.verb:set package 'mecanum_hardware' build argument 'catkin_skip_building_tests' from command line to 'False'
[0.390s] DEBUG:colcon.colcon_core.verb:Building package 'mecanum_hardware' with the following arguments: {'ament_cmake_args': None, 'build_base': '/root/ros2_ws/src/build/mecanum_hardware', 'catkin_cmake_args': None, 'catkin_skip_building_tests': False, 'cmake_args': None, 'cmake_clean_cache': False, 'cmake_clean_first': False, 'cmake_force_configure': False, 'cmake_target': None, 'cmake_target_skip_unavailable': False, 'install_base': '/root/ros2_ws/src/install/mecanum_hardware', 'merge_install': False, 'path': '/root/ros2_ws/src/mecanum_hardware', 'symlink_install': False, 'test_result_base': None}
[0.390s] INFO:colcon.colcon_core.executor:Executing jobs using 'parallel' executor
[0.392s] DEBUG:colcon.colcon_parallel_executor.executor.parallel:run_until_complete
[0.392s] INFO:colcon.colcon_ros.task.ament_python.build:Building ROS package in '/root/ros2_ws/src/app_subscriber' with build type 'ament_python'
[0.393s] Level 1:colcon.colcon_core.shell:create_environment_hook('app_subscriber', 'ament_prefix_path')
[0.395s] INFO:colcon.colcon_core.plugin_system:Skipping extension 'colcon_core.shell.bat': Not used on non-Windows systems
[0.396s] INFO:colcon.colcon_core.shell:Creating environment hook '/root/ros2_ws/src/install/app_subscriber/share/app_subscriber/hook/ament_prefix_path.ps1'
[0.397s] INFO:colcon.colcon_core.shell:Creating environment descriptor '/root/ros2_ws/src/install/app_subscriber/share/app_subscriber/hook/ament_prefix_path.dsv'
[0.398s] INFO:colcon.colcon_core.shell:Creating environment hook '/root/ros2_ws/src/install/app_subscriber/share/app_subscriber/hook/ament_prefix_path.sh'
[0.399s] INFO:colcon.colcon_core.shell:Skip shell extension 'powershell' for command environment: Not usable outside of PowerShell
[0.399s] DEBUG:colcon.colcon_core.shell:Skip shell extension 'dsv' for command environment
[0.406s] INFO:colcon.colcon_ros.task.ament_python.build:Building ROS package in '/root/ros2_ws/src/distance_pid' with build type 'ament_python'
[0.406s] Level 1:colcon.colcon_core.shell:create_environment_hook('distance_pid', 'ament_prefix_path')
[0.407s] INFO:colcon.colcon_core.shell:Creating environment hook '/root/ros2_ws/src/install/distance_pid/share/distance_pid/hook/ament_prefix_path.ps1'
[0.408s] INFO:colcon.colcon_core.shell:Creating environment descriptor '/root/ros2_ws/src/install/distance_pid/share/distance_pid/hook/ament_prefix_path.dsv'
[0.409s] INFO:colcon.colcon_core.shell:Creating environment hook '/root/ros2_ws/src/install/distance_pid/share/distance_pid/hook/ament_prefix_path.sh'
[0.410s] INFO:colcon.colcon_core.shell:Skip shell extension 'powershell' for command environment: Not usable outside of PowerShell
[0.410s] DEBUG:colcon.colcon_core.shell:Skip shell extension 'dsv' for command environment
[0.415s] INFO:colcon.colcon_ros.task.ament_python.build:Building ROS package in '/root/ros2_ws/src/mecanum_bot' with build type 'ament_python'
[0.415s] Level 1:colcon.colcon_core.shell:create_environment_hook('mecanum_bot', 'ament_prefix_path')
[0.416s] INFO:colcon.colcon_core.shell:Creating environment hook '/root/ros2_ws/src/install/mecanum_bot/share/mecanum_bot/hook/ament_prefix_path.ps1'
[0.417s] INFO:colcon.colcon_core.shell:Creating environment descriptor '/root/ros2_ws/src/install/mecanum_bot/share/mecanum_bot/hook/ament_prefix_path.dsv'
[0.418s] INFO:colcon.colcon_core.shell:Creating environment hook '/root/ros2_ws/src/install/mecanum_bot/share/mecanum_bot/hook/ament_prefix_path.sh'
[0.419s] INFO:colcon.colcon_core.shell:Skip shell extension 'powershell' for command environment: Not usable outside of PowerShell
[0.419s] DEBUG:colcon.colcon_core.shell:Skip shell extension 'dsv' for command environment
[0.423s] INFO:colcon.colcon_ros.task.ament_cmake.build:Building ROS package in '/root/ros2_ws/src/mecanum_hardware' with build type 'ament_cmake'
[0.424s] INFO:colcon.colcon_cmake.task.cmake.build:Building CMake package in '/root/ros2_ws/src/mecanum_hardware'
[0.424s] INFO:colcon.colcon_core.shell:Skip shell extension 'powershell' for command environment: Not usable outside of PowerShell
[0.425s] DEBUG:colcon.colcon_core.shell:Skip shell extension 'dsv' for command environment
[0.752s] INFO:colcon.colcon_core.task.python.build:Building Python package in '/root/ros2_ws/src/app_subscriber'
[0.753s] INFO:colcon.colcon_core.shell:Skip shell extension 'powershell' for command environment: Not usable outside of PowerShell
[0.753s] DEBUG:colcon.colcon_core.shell:Skip shell extension 'dsv' for command environment
[1.075s] INFO:colcon.colcon_core.task.python.build:Building Python package in '/root/ros2_ws/src/distance_pid'
[1.076s] INFO:colcon.colcon_core.shell:Skip shell extension 'powershell' for command environment: Not usable outside of PowerShell
[1.076s] DEBUG:colcon.colcon_core.shell:Skip shell extension 'dsv' for command environment
[1.400s] INFO:colcon.colcon_core.task.python.build:Building Python package in '/root/ros2_ws/src/mecanum_bot'
[1.401s] INFO:colcon.colcon_core.shell:Skip shell extension 'powershell' for command environment: Not usable outside of PowerShell
[1.401s] DEBUG:colcon.colcon_core.shell:Skip shell extension 'dsv' for command environment
[1.411s] DEBUG:colcon.colcon_core.event_handler.log_command:Invoking command in '/root/ros2_ws/src/build/mecanum_hardware': CMAKE_PREFIX_PATH=${CMAKE_PREFIX_PATH}:/root/ros2_ws/install/mecanum_bot:/root/ros2_ws/install/distance_pid:/root/ros2_ws/install/app_subscriber:/opt/ros/humble /usr/bin/cmake --build /root/ros2_ws/src/build/mecanum_hardware -- -j4 -l4
[2.122s] DEBUG:colcon.colcon_core.event_handler.log_command:Invoking command in '/root/ros2_ws/src/distance_pid': PYTHONPATH=/root/ros2_ws/src/build/distance_pid/prefix_override:/usr/lib/python3/dist-packages/colcon_core/task/python/colcon_distutils_commands:/root/ros2_ws/src/install/distance_pid/lib/python3.10/site-packages:${PYTHONPATH} /usr/bin/python3 -W ignore:setup.py install is deprecated -W ignore:easy_install command is deprecated setup.py egg_info --egg-base ../build/distance_pid build --build-base /root/ros2_ws/src/build/distance_pid/build install --record /root/ros2_ws/src/build/distance_pid/install.log --single-version-externally-managed install_data
[2.147s] DEBUG:colcon.colcon_core.event_handler.log_command:Invoking command in '/root/ros2_ws/src/mecanum_bot': PYTHONPATH=/root/ros2_ws/src/build/mecanum_bot/prefix_override:/usr/lib/python3/dist-packages/colcon_core/task/python/colcon_distutils_commands:/root/ros2_ws/src/install/mecanum_bot/lib/python3.10/site-packages:${PYTHONPATH} /usr/bin/python3 -W ignore:setup.py install is deprecated -W ignore:easy_install command is deprecated setup.py egg_info --egg-base ../build/mecanum_bot build --build-base /root/ros2_ws/src/build/mecanum_bot/build install --record /root/ros2_ws/src/build/mecanum_bot/install.log --single-version-externally-managed install_data
[2.179s] DEBUG:colcon.colcon_core.event_handler.log_command:Invoking command in '/root/ros2_ws/src/app_subscriber': PYTHONPATH=/root/ros2_ws/src/build/app_subscriber/prefix_override:/usr/lib/python3/dist-packages/colcon_core/task/python/colcon_distutils_commands:/root/ros2_ws/src/install/app_subscriber/lib/python3.10/site-packages:${PYTHONPATH} /usr/bin/python3 -W ignore:setup.py install is deprecated -W ignore:easy_install command is deprecated setup.py egg_info --egg-base ../build/app_subscriber build --build-base /root/ros2_ws/src/build/app_subscriber/build install --record /root/ros2_ws/src/build/app_subscriber/install.log --single-version-externally-managed install_data
[2.740s] DEBUG:colcon.colcon_core.event_handler.log_command:Invoked command in '/root/ros2_ws/src/distance_pid' returned '0': PYTHONPATH=/root/ros2_ws/src/build/distance_pid/prefix_override:/usr/lib/python3/dist-packages/colcon_core/task/python/colcon_distutils_commands:/root/ros2_ws/src/install/distance_pid/lib/python3.10/site-packages:${PYTHONPATH} /usr/bin/python3 -W ignore:setup.py install is deprecated -W ignore:easy_install command is deprecated setup.py egg_info --egg-base ../build/distance_pid build --build-base /root/ros2_ws/src/build/distance_pid/build install --record /root/ros2_ws/src/build/distance_pid/install.log --single-version-externally-managed install_data
[2.745s] Level 1:colcon.colcon_core.environment:checking '/root/ros2_ws/src/install/distance_pid' for CMake module files
[2.746s] Level 1:colcon.colcon_core.environment:checking '/root/ros2_ws/src/install/distance_pid' for CMake config files
[2.751s] Level 1:colcon.colcon_core.environment:checking '/root/ros2_ws/src/install/distance_pid/lib'
[2.754s] Level 1:colcon.colcon_core.environment:checking '/root/ros2_ws/src/install/distance_pid/bin'
[2.754s] Level 1:colcon.colcon_core.environment:checking '/root/ros2_ws/src/install/distance_pid/lib/pkgconfig/distance_pid.pc'
[2.754s] Level 1:colcon.colcon_core.environment:checking '/root/ros2_ws/src/install/distance_pid/lib/python3.10/site-packages'
[2.755s] Level 1:colcon.colcon_core.shell:create_environment_hook('distance_pid', 'pythonpath')
[2.755s] INFO:colcon.colcon_core.shell:Creating environment hook '/root/ros2_ws/src/install/distance_pid/share/distance_pid/hook/pythonpath.ps1'
[2.758s] INFO:colcon.colcon_core.shell:Creating environment descriptor '/root/ros2_ws/src/install/distance_pid/share/distance_pid/hook/pythonpath.dsv'
[2.761s] INFO:colcon.colcon_core.shell:Creating environment hook '/root/ros2_ws/src/install/distance_pid/share/distance_pid/hook/pythonpath.sh'
[2.767s] Level 1:colcon.colcon_core.environment:checking '/root/ros2_ws/src/install/distance_pid/bin'
[2.770s] Level 1:colcon.colcon_core.environment:create_environment_scripts_only(distance_pid)
[2.771s] INFO:colcon.colcon_core.shell:Creating package script '/root/ros2_ws/src/install/distance_pid/share/distance_pid/package.ps1'
[2.777s] INFO:colcon.colcon_core.shell:Creating package descriptor '/root/ros2_ws/src/install/distance_pid/share/distance_pid/package.dsv'
[2.780s] INFO:colcon.colcon_core.shell:Creating package script '/root/ros2_ws/src/install/distance_pid/share/distance_pid/package.sh'
[2.787s] INFO:colcon.colcon_core.shell:Creating package script '/root/ros2_ws/src/install/distance_pid/share/distance_pid/package.bash'
[2.791s] INFO:colcon.colcon_core.shell:Creating package script '/root/ros2_ws/src/install/distance_pid/share/distance_pid/package.zsh'
[2.795s] Level 1:colcon.colcon_core.environment:create_file_with_runtime_dependencies(/root/ros2_ws/src/install/distance_pid/share/colcon-core/packages/distance_pid)
[2.812s] Level 1:colcon.colcon_core.environment:checking '/root/ros2_ws/src/install/mecanum_bot' for CMake module files
[2.813s] DEBUG:colcon.colcon_core.event_handler.log_command:Invoked command in '/root/ros2_ws/src/mecanum_bot' returned '0': PYTHONPATH=/root/ros2_ws/src/build/mecanum_bot/prefix_override:/usr/lib/python3/dist-packages/colcon_core/task/python/colcon_distutils_commands:/root/ros2_ws/src/install/mecanum_bot/lib/python3.10/site-packages:${PYTHONPATH} /usr/bin/python3 -W ignore:setup.py install is deprecated -W ignore:easy_install command is deprecated setup.py egg_info --egg-base ../build/mecanum_bot build --build-base /root/ros2_ws/src/build/mecanum_bot/build install --record /root/ros2_ws/src/build/mecanum_bot/install.log --single-version-externally-managed install_data
[2.815s] Level 1:colcon.colcon_core.environment:checking '/root/ros2_ws/src/install/mecanum_bot' for CMake config files
[2.817s] Level 1:colcon.colcon_core.environment:checking '/root/ros2_ws/src/install/mecanum_bot/lib'
[2.817s] Level 1:colcon.colcon_core.environment:checking '/root/ros2_ws/src/install/mecanum_bot/bin'
[2.817s] Level 1:colcon.colcon_core.environment:checking '/root/ros2_ws/src/install/mecanum_bot/lib/pkgconfig/mecanum_bot.pc'
[2.818s] Level 1:colcon.colcon_core.environment:checking '/root/ros2_ws/src/install/mecanum_bot/lib/python3.10/site-packages'
[2.818s] Level 1:colcon.colcon_core.shell:create_environment_hook('mecanum_bot', 'pythonpath')
[2.819s] INFO:colcon.colcon_core.shell:Creating environment hook '/root/ros2_ws/src/install/mecanum_bot/share/mecanum_bot/hook/pythonpath.ps1'
[2.820s] INFO:colcon.colcon_core.shell:Creating environment descriptor '/root/ros2_ws/src/install/mecanum_bot/share/mecanum_bot/hook/pythonpath.dsv'
[2.821s] INFO:colcon.colcon_core.shell:Creating environment hook '/root/ros2_ws/src/install/mecanum_bot/share/mecanum_bot/hook/pythonpath.sh'
[2.823s] Level 1:colcon.colcon_core.environment:checking '/root/ros2_ws/src/install/mecanum_bot/bin'
[2.823s] Level 1:colcon.colcon_core.environment:create_environment_scripts_only(mecanum_bot)
[2.824s] INFO:colcon.colcon_core.shell:Creating package script '/root/ros2_ws/src/install/mecanum_bot/share/mecanum_bot/package.ps1'
[2.826s] INFO:colcon.colcon_core.shell:Creating package descriptor '/root/ros2_ws/src/install/mecanum_bot/share/mecanum_bot/package.dsv'
[2.827s] INFO:colcon.colcon_core.shell:Creating package script '/root/ros2_ws/src/install/mecanum_bot/share/mecanum_bot/package.sh'
[2.828s] INFO:colcon.colcon_core.shell:Creating package script '/root/ros2_ws/src/install/mecanum_bot/share/mecanum_bot/package.bash'
[2.831s] INFO:colcon.colcon_core.shell:Creating package script '/root/ros2_ws/src/install/mecanum_bot/share/mecanum_bot/package.zsh'
[2.832s] Level 1:colcon.colcon_core.environment:create_file_with_runtime_dependencies(/root/ros2_ws/src/install/mecanum_bot/share/colcon-core/packages/mecanum_bot)
[2.868s] Level 1:colcon.colcon_core.environment:checking '/root/ros2_ws/src/install/app_subscriber' for CMake module files
[2.868s] DEBUG:colcon.colcon_core.event_handler.log_command:Invoked command in '/root/ros2_ws/src/app_subscriber' returned '0': PYTHONPATH=/root/ros2_ws/src/build/app_subscriber/prefix_override:/usr/lib/python3/dist-packages/colcon_core/task/python/colcon_distutils_commands:/root/ros2_ws/src/install/app_subscriber/lib/python3.10/site-packages:${PYTHONPATH} /usr/bin/python3 -W ignore:setup.py install is deprecated -W ignore:easy_install command is deprecated setup.py egg_info --egg-base ../build/app_subscriber build --build-base /root/ros2_ws/src/build/app_subscriber/build install --record /root/ros2_ws/src/build/app_subscriber/install.log --single-version-externally-managed install_data
[2.869s] Level 1:colcon.colcon_core.environment:checking '/root/ros2_ws/src/install/app_subscriber' for CMake config files
[2.870s] Level 1:colcon.colcon_core.environment:checking '/root/ros2_ws/src/install/app_subscriber/lib'
[2.870s] Level 1:colcon.colcon_core.environment:checking '/root/ros2_ws/src/install/app_subscriber/bin'
[2.870s] Level 1:colcon.colcon_core.environment:checking '/root/ros2_ws/src/install/app_subscriber/lib/pkgconfig/app_subscriber.pc'
[2.870s] Level 1:colcon.colcon_core.environment:checking '/root/ros2_ws/src/install/app_subscriber/lib/python3.10/site-packages'
[2.870s] Level 1:colcon.colcon_core.shell:create_environment_hook('app_subscriber', 'pythonpath')
[2.871s] INFO:colcon.colcon_core.shell:Creating environment hook '/root/ros2_ws/src/install/app_subscriber/share/app_subscriber/hook/pythonpath.ps1'
[2.872s] INFO:colcon.colcon_core.shell:Creating environment descriptor '/root/ros2_ws/src/install/app_subscriber/share/app_subscriber/hook/pythonpath.dsv'
[2.872s] INFO:colcon.colcon_core.shell:Creating environment hook '/root/ros2_ws/src/install/app_subscriber/share/app_subscriber/hook/pythonpath.sh'
[2.874s] Level 1:colcon.colcon_core.environment:checking '/root/ros2_ws/src/install/app_subscriber/bin'
[2.874s] Level 1:colcon.colcon_core.environment:create_environment_scripts_only(app_subscriber)
[2.874s] INFO:colcon.colcon_core.shell:Creating package script '/root/ros2_ws/src/install/app_subscriber/share/app_subscriber/package.ps1'
[2.875s] INFO:colcon.colcon_core.shell:Creating package descriptor '/root/ros2_ws/src/install/app_subscriber/share/app_subscriber/package.dsv'
[2.876s] INFO:colcon.colcon_core.shell:Creating package script '/root/ros2_ws/src/install/app_subscriber/share/app_subscriber/package.sh'
[2.877s] INFO:colcon.colcon_core.shell:Creating package script '/root/ros2_ws/src/install/app_subscriber/share/app_subscriber/package.bash'
[2.877s] INFO:colcon.colcon_core.shell:Creating package script '/root/ros2_ws/src/install/app_subscriber/share/app_subscriber/package.zsh'
[2.878s] Level 1:colcon.colcon_core.environment:create_file_with_runtime_dependencies(/root/ros2_ws/src/install/app_subscriber/share/colcon-core/packages/app_subscriber)
[9.715s] DEBUG:colcon.colcon_core.event_handler.log_command:Invoked command in '/root/ros2_ws/src/build/mecanum_hardware' returned '0': CMAKE_PREFIX_PATH=${CMAKE_PREFIX_PATH}:/root/ros2_ws/install/mecanum_bot:/root/ros2_ws/install/distance_pid:/root/ros2_ws/install/app_subscriber:/opt/ros/humble /usr/bin/cmake --build /root/ros2_ws/src/build/mecanum_hardware -- -j4 -l4
[9.733s] DEBUG:colcon.colcon_core.event_handler.log_command:Invoking command in '/root/ros2_ws/src/build/mecanum_hardware': CMAKE_PREFIX_PATH=${CMAKE_PREFIX_PATH}:/root/ros2_ws/install/mecanum_bot:/root/ros2_ws/install/distance_pid:/root/ros2_ws/install/app_subscriber:/opt/ros/humble /usr/bin/cmake --install /root/ros2_ws/src/build/mecanum_hardware
[9.758s] Level 1:colcon.colcon_core.environment:create_environment_scripts_only(mecanum_hardware)
[9.758s] Level 1:colcon.colcon_core.environment:checking '/root/ros2_ws/src/install/mecanum_hardware' for CMake module files
[9.759s] DEBUG:colcon.colcon_core.event_handler.log_command:Invoked command in '/root/ros2_ws/src/build/mecanum_hardware' returned '0': CMAKE_PREFIX_PATH=${CMAKE_PREFIX_PATH}:/root/ros2_ws/install/mecanum_bot:/root/ros2_ws/install/distance_pid:/root/ros2_ws/install/app_subscriber:/opt/ros/humble /usr/bin/cmake --install /root/ros2_ws/src/build/mecanum_hardware
[9.759s] Level 1:colcon.colcon_core.environment:checking '/root/ros2_ws/src/install/mecanum_hardware' for CMake config files
[9.759s] Level 1:colcon.colcon_core.shell:create_environment_hook('mecanum_hardware', 'cmake_prefix_path')
[9.760s] INFO:colcon.colcon_core.shell:Creating environment hook '/root/ros2_ws/src/install/mecanum_hardware/share/mecanum_hardware/hook/cmake_prefix_path.ps1'
[9.760s] INFO:colcon.colcon_core.shell:Creating environment descriptor '/root/ros2_ws/src/install/mecanum_hardware/share/mecanum_hardware/hook/cmake_prefix_path.dsv'
[9.762s] INFO:colcon.colcon_core.shell:Creating environment hook '/root/ros2_ws/src/install/mecanum_hardware/share/mecanum_hardware/hook/cmake_prefix_path.sh'
[9.763s] Level 1:colcon.colcon_core.environment:checking '/root/ros2_ws/src/install/mecanum_hardware/lib'
[9.763s] Level 1:colcon.colcon_core.shell:create_environment_hook('mecanum_hardware', 'ld_library_path_lib')
[9.764s] INFO:colcon.colcon_core.shell:Creating environment hook '/root/ros2_ws/src/install/mecanum_hardware/share/mecanum_hardware/hook/ld_library_path_lib.ps1'
[9.764s] INFO:colcon.colcon_core.shell:Creating environment descriptor '/root/ros2_ws/src/install/mecanum_hardware/share/mecanum_hardware/hook/ld_library_path_lib.dsv'
[9.766s] INFO:colcon.colcon_core.shell:Creating environment hook '/root/ros2_ws/src/install/mecanum_hardware/share/mecanum_hardware/hook/ld_library_path_lib.sh'
[9.767s] Level 1:colcon.colcon_core.environment:checking '/root/ros2_ws/src/install/mecanum_hardware/bin'
[9.767s] Level 1:colcon.colcon_core.environment:checking '/root/ros2_ws/src/install/mecanum_hardware/lib/pkgconfig/mecanum_hardware.pc'
[9.767s] Level 1:colcon.colcon_core.environment:checking '/root/ros2_ws/src/install/mecanum_hardware/lib/python3.10/site-packages'
[9.768s] Level 1:colcon.colcon_core.environment:checking '/root/ros2_ws/src/install/mecanum_hardware/bin'
[9.768s] INFO:colcon.colcon_core.shell:Creating package script '/root/ros2_ws/src/install/mecanum_hardware/share/mecanum_hardware/package.ps1'
[9.769s] INFO:colcon.colcon_core.shell:Creating package descriptor '/root/ros2_ws/src/install/mecanum_hardware/share/mecanum_hardware/package.dsv'
[9.770s] INFO:colcon.colcon_core.shell:Creating package script '/root/ros2_ws/src/install/mecanum_hardware/share/mecanum_hardware/package.sh'
[9.772s] INFO:colcon.colcon_core.shell:Creating package script '/root/ros2_ws/src/install/mecanum_hardware/share/mecanum_hardware/package.bash'
[9.773s] INFO:colcon.colcon_core.shell:Creating package script '/root/ros2_ws/src/install/mecanum_hardware/share/mecanum_hardware/package.zsh'
[9.774s] Level 1:colcon.colcon_core.environment:create_file_with_runtime_dependencies(/root/ros2_ws/src/install/mecanum_hardware/share/colcon-core/packages/mecanum_hardware)
[9.775s] Level 1:colcon.colcon_core.environment:create_environment_scripts_only(mecanum_hardware)
[9.775s] Level 1:colcon.colcon_core.environment:checking '/root/ros2_ws/src/install/mecanum_hardware' for CMake module files
[9.776s] Level 1:colcon.colcon_core.environment:checking '/root/ros2_ws/src/install/mecanum_hardware' for CMake config files
[9.776s] Level 1:colcon.colcon_core.shell:create_environment_hook('mecanum_hardware', 'cmake_prefix_path')
[9.776s] INFO:colcon.colcon_core.shell:Creating environment hook '/root/ros2_ws/src/install/mecanum_hardware/share/mecanum_hardware/hook/cmake_prefix_path.ps1'
[9.777s] INFO:colcon.colcon_core.shell:Creating environment descriptor '/root/ros2_ws/src/install/mecanum_hardware/share/mecanum_hardware/hook/cmake_prefix_path.dsv'
[9.778s] INFO:colcon.colcon_core.shell:Creating environment hook '/root/ros2_ws/src/install/mecanum_hardware/share/mecanum_hardware/hook/cmake_prefix_path.sh'
[9.780s] Level 1:colcon.colcon_core.environment:checking '/root/ros2_ws/src/install/mecanum_hardware/lib'
[9.780s] Level 1:colcon.colcon_core.shell:create_environment_hook('mecanum_hardware', 'ld_library_path_lib')
[9.780s] INFO:colcon.colcon_core.shell:Creating environment hook '/root/ros2_ws/src/install/mecanum_hardware/share/mecanum_hardware/hook/ld_library_path_lib.ps1'
[9.781s] INFO:colcon.colcon_core.shell:Creating environment descriptor '/root/ros2_ws/src/install/mecanum_hardware/share/mecanum_hardware/hook/ld_library_path_lib.dsv'
[9.782s] INFO:colcon.colcon_core.shell:Creating environment hook '/root/ros2_ws/src/install/mecanum_hardware/share/mecanum_hardware/hook/ld_library_path_lib.sh'
[9.784s] Level 1:colcon.colcon_core.environment:checking '/root/ros2_ws/src/install/mecanum_hardware/bin'
[9.784s] Level 1:colcon.colcon_core.environment:checking '/root/ros2_ws/src/install/mecanum_hardware/lib/pkgconfig/mecanum_hardware.pc'
[9.784s] Level 1:colcon.colcon_core.environment:checking '/root/ros2_ws/src/install/mecanum_hardware/lib/python3.10/site-packages'
[9.785s] Level 1:colcon.colcon_core.environment:checking '/root/ros2_ws/src/install/mecanum_hardware/bin'
[9.785s] INFO:colcon.colcon_core.shell:Creating package script '/root/ros2_ws/src/install/mecanum_hardware/share/mecanum_hardware/package.ps1'
[9.786s] INFO:colcon.colcon_core.shell:Creating package descriptor '/root/ros2_ws/src/install/mecanum_hardware/share/mecanum_hardware/package.dsv'
[9.787s] INFO:colcon.colcon_core.shell:Creating package script '/root/ros2_ws/src/install/mecanum_hardware/share/mecanum_hardware/package.sh'
[9.789s] INFO:colcon.colcon_core.shell:Creating package script '/root/ros2_ws/src/install/mecanum_hardware/share/mecanum_hardware/package.bash'
[9.790s] INFO:colcon.colcon_core.shell:Creating package script '/root/ros2_ws/src/install/mecanum_hardware/share/mecanum_hardware/package.zsh'
[9.792s] Level 1:colcon.colcon_core.environment:create_file_with_runtime_dependencies(/root/ros2_ws/src/install/mecanum_hardware/share/colcon-core/packages/mecanum_hardware)
[9.792s] DEBUG:colcon.colcon_parallel_executor.executor.parallel:closing loop
[9.792s] DEBUG:colcon.colcon_parallel_executor.executor.parallel:loop closed
[9.793s] DEBUG:colcon.colcon_parallel_executor.executor.parallel:run_until_complete finished with '0'
[9.793s] DEBUG:colcon.colcon_core.event_reactor:joining thread
[9.802s] INFO:colcon.colcon_core.plugin_system:Skipping extension 'colcon_notification.desktop_notification.notify_send': Could not find 'notify-send'
[9.802s] INFO:colcon.colcon_core.plugin_system:Skipping extension 'colcon_notification.desktop_notification.terminal_notifier': Not used on non-Darwin systems
[9.802s] INFO:colcon.colcon_core.plugin_system:Skipping extension 'colcon_notification.desktop_notification.win32': Not used on non-Windows systems
[9.802s] INFO:colcon.colcon_notification.desktop_notification:Sending desktop notification using 'notify2'
[9.802s] DEBUG:colcon.colcon_notification.desktop_notification.notify2:Failed to initialize notify2: org.freedesktop.DBus.Error.NotSupported: Unable to autolaunch a dbus-daemon without a $DISPLAY for X11
[9.803s] DEBUG:colcon.colcon_core.event_reactor:joined thread
[9.803s] INFO:colcon.colcon_core.shell:Creating prefix script '/root/ros2_ws/src/install/local_setup.ps1'
[9.804s] INFO:colcon.colcon_core.shell:Creating prefix util module '/root/ros2_ws/src/install/_local_setup_util_ps1.py'
[9.806s] INFO:colcon.colcon_core.shell:Creating prefix chain script '/root/ros2_ws/src/install/setup.ps1'
[9.808s] INFO:colcon.colcon_core.shell:Creating prefix script '/root/ros2_ws/src/install/local_setup.sh'
[9.809s] INFO:colcon.colcon_core.shell:Creating prefix util module '/root/ros2_ws/src/install/_local_setup_util_sh.py'
[9.810s] INFO:colcon.colcon_core.shell:Creating prefix chain script '/root/ros2_ws/src/install/setup.sh'
[9.812s] INFO:colcon.colcon_core.shell:Creating prefix script '/root/ros2_ws/src/install/local_setup.bash'
[9.813s] INFO:colcon.colcon_core.shell:Creating prefix chain script '/root/ros2_ws/src/install/setup.bash'
[9.815s] INFO:colcon.colcon_core.shell:Creating prefix script '/root/ros2_ws/src/install/local_setup.zsh'
[9.817s] INFO:colcon.colcon_core.shell:Creating prefix chain script '/root/ros2_ws/src/install/setup.zsh'
