-- The CXX compiler identification is GNU 11.4.0
-- Detecting CXX compiler ABI info
-- Detecting CXX compiler ABI info - done
-- Check for working CXX compiler: /usr/bin/c++ - skipped
-- Detecting CXX compile features
-- Detecting CXX compile features - done
-- Found ament_cmake: 1.3.12 (/opt/ros/humble/share/ament_cmake/cmake)
-- Found Python3: /usr/bin/python3 (found version "3.10.12") found components: Interpreter 
-- Override CMake install command with custom implementation using symlinks instead of copying resources
-- Found ament_index_cpp: 1.4.0 (/opt/ros/humble/share/ament_index_cpp/cmake)
-- Found controller_interface: 2.52.2 (/root/ros2_ws/install/controller_interface/share/controller_interface/cmake)
-- Found rosidl_generator_c: 3.1.7 (/opt/ros/humble/share/rosidl_generator_c/cmake)
-- Found rosidl_adapter: 3.1.7 (/opt/ros/humble/share/rosidl_adapter/cmake)
-- Found rosidl_generator_cpp: 3.1.7 (/opt/ros/humble/share/rosidl_generator_cpp/cmake)
-- Using all available rosidl_typesupport_c: rosidl_typesupport_fastrtps_c;rosidl_typesupport_introspection_c
-- Using all available rosidl_typesupport_cpp: rosidl_typesupport_fastrtps_cpp;rosidl_typesupport_introspection_cpp
-- Found rmw_implementation_cmake: 6.1.2 (/opt/ros/humble/share/rmw_implementation_cmake/cmake)
-- Found rmw_fastrtps_cpp: 6.2.8 (/opt/ros/humble/share/rmw_fastrtps_cpp/cmake)
-- Found TinyXML2 via Config file: TinyXML2_DIR-NOTFOUND
-- Found OpenSSL: /usr/lib/aarch64-linux-gnu/libcrypto.so (found version "3.0.2")  
-- Found TinyXML2 via Config file: TinyXML2_DIR-NOTFOUND
-- Found FastRTPS: /opt/ros/humble/include  
-- Found TinyXML2 via Config file: TinyXML2_DIR-NOTFOUND
-- Found TinyXML2 via Config file: TinyXML2_DIR-NOTFOUND
-- Using RMW implementation 'rmw_fastrtps_cpp' as default
-- Looking for C++ include pthread.h
-- Looking for C++ include pthread.h - found
-- Performing Test CMAKE_HAVE_LIBC_PTHREAD
-- Performing Test CMAKE_HAVE_LIBC_PTHREAD - Success
-- Found Threads: TRUE  
-- Found controller_manager_msgs: 2.52.2 (/root/ros2_ws/install/controller_manager_msgs/share/controller_manager_msgs/cmake)
-- Found realtime_tools: 2.14.1 (/opt/ros/humble/share/realtime_tools/cmake)
-- Configuring done
-- Generating done
-- Build files have been written to: /root/ros2_ws/build/controller_manager
[ 20%] [34m[1mGenerating controller_manager/version.h[0m
[ 20%] Built target ament_cmake_python_symlink_controller_manager_setup
[ 20%] Built target ament_cmake_python_symlink_controller_manager
[ 20%] Built target ament_generate_version_header__controller_manager
[ 40%] [32mBuilding CXX object CMakeFiles/controller_manager.dir/src/controller_manager.cpp.o[0m
running install_scripts
running egg_info
creating controller_manager.egg-info
writing controller_manager.egg-info/PKG-INFO
writing dependency_links to controller_manager.egg-info/dependency_links.txt
writing entry points to controller_manager.egg-info/entry_points.txt
writing top-level names to controller_manager.egg-info/top_level.txt
writing manifest file 'controller_manager.egg-info/SOURCES.txt'
reading manifest file 'controller_manager.egg-info/SOURCES.txt'
writing manifest file 'controller_manager.egg-info/SOURCES.txt'
running egg_info
writing controller_manager.egg-info/PKG-INFO
writing dependency_links to controller_manager.egg-info/dependency_links.txt
writing entry points to controller_manager.egg-info/entry_points.txt
writing top-level names to controller_manager.egg-info/top_level.txt
reading manifest file 'controller_manager.egg-info/SOURCES.txt'
writing manifest file 'controller_manager.egg-info/SOURCES.txt'
Installing hardware_spawner script to scripts
Installing spawner script to scripts
Installing unspawner script to scripts
[ 40%] Built target ament_cmake_python_build_controller_manager_egg
[ 40%] Built target ament_cmake_python_build_controller_manager_scripts
[ 60%] [32m[1mLinking CXX shared library libcontroller_manager.so[0m
[ 60%] Built target controller_manager
[ 80%] [32mBuilding CXX object CMakeFiles/ros2_control_node.dir/src/ros2_control_node.cpp.o[0m
[100%] [32m[1mLinking CXX executable ros2_control_node[0m
[100%] Built target ros2_control_node
-- Install configuration: "Release"
-- Execute custom install script
-- Symlinking: /root/ros2_ws/install/controller_manager/include/controller_manager/controller_manager/controller_manager.hpp
-- Symlinking: /root/ros2_ws/install/controller_manager/include/controller_manager/controller_manager/controller_spec.hpp
-- Symlinking: /root/ros2_ws/install/controller_manager/include/controller_manager/controller_manager/visibility_control.h
-- Symlinking: /root/ros2_ws/install/controller_manager/lib/controller_manager/ros2_control_node
-- Symlinking: /root/ros2_ws/install/controller_manager/share/controller_manager/environment/pythonpath.sh
-- Symlinking: /root/ros2_ws/install/controller_manager/share/controller_manager/environment/pythonpath.dsv
-- Symlinking: /root/ros2_ws/install/controller_manager/local/lib/python3.10/dist-packages/controller_manager-2.52.2-py3.10.egg-info/PKG-INFO
-- Symlinking: /root/ros2_ws/install/controller_manager/local/lib/python3.10/dist-packages/controller_manager-2.52.2-py3.10.egg-info/SOURCES.txt
-- Symlinking: /root/ros2_ws/install/controller_manager/local/lib/python3.10/dist-packages/controller_manager-2.52.2-py3.10.egg-info/dependency_links.txt
-- Symlinking: /root/ros2_ws/install/controller_manager/local/lib/python3.10/dist-packages/controller_manager-2.52.2-py3.10.egg-info/entry_points.txt
-- Symlinking: /root/ros2_ws/install/controller_manager/local/lib/python3.10/dist-packages/controller_manager-2.52.2-py3.10.egg-info/top_level.txt
-- Symlinking: /root/ros2_ws/install/controller_manager/lib/controller_manager//hardware_spawner
-- Symlinking: /root/ros2_ws/install/controller_manager/lib/controller_manager//spawner
-- Symlinking: /root/ros2_ws/install/controller_manager/lib/controller_manager//unspawner
-- Symlinking: /root/ros2_ws/install/controller_manager/local/lib/python3.10/dist-packages/controller_manager/__init__.py
-- Symlinking: /root/ros2_ws/install/controller_manager/local/lib/python3.10/dist-packages/controller_manager/controller_manager_services.py
-- Symlinking: /root/ros2_ws/install/controller_manager/local/lib/python3.10/dist-packages/controller_manager/hardware_spawner.py
-- Symlinking: /root/ros2_ws/install/controller_manager/local/lib/python3.10/dist-packages/controller_manager/launch_utils.py
-- Symlinking: /root/ros2_ws/install/controller_manager/local/lib/python3.10/dist-packages/controller_manager/spawner.py
-- Symlinking: /root/ros2_ws/install/controller_manager/local/lib/python3.10/dist-packages/controller_manager/test_utils.py
-- Symlinking: /root/ros2_ws/install/controller_manager/local/lib/python3.10/dist-packages/controller_manager/unspawner.py
-- Symlinking: /root/ros2_ws/install/controller_manager/share/controller_manager/environment/library_path.sh
-- Symlinking: /root/ros2_ws/install/controller_manager/share/controller_manager/environment/library_path.dsv
-- Symlinking: /root/ros2_ws/install/controller_manager/share/ament_index/resource_index/package_run_dependencies/controller_manager
-- Symlinking: /root/ros2_ws/install/controller_manager/share/ament_index/resource_index/parent_prefix_path/controller_manager
-- Symlinking: /root/ros2_ws/install/controller_manager/share/controller_manager/environment/ament_prefix_path.sh
-- Symlinking: /root/ros2_ws/install/controller_manager/share/controller_manager/environment/ament_prefix_path.dsv
-- Symlinking: /root/ros2_ws/install/controller_manager/share/controller_manager/environment/path.sh
-- Symlinking: /root/ros2_ws/install/controller_manager/share/controller_manager/environment/path.dsv
-- Symlinking: /root/ros2_ws/install/controller_manager/share/controller_manager/local_setup.bash
-- Symlinking: /root/ros2_ws/install/controller_manager/share/controller_manager/local_setup.sh
-- Symlinking: /root/ros2_ws/install/controller_manager/share/controller_manager/local_setup.zsh
-- Symlinking: /root/ros2_ws/install/controller_manager/share/controller_manager/local_setup.dsv
-- Symlinking: /root/ros2_ws/install/controller_manager/share/controller_manager/package.dsv
-- Symlinking: /root/ros2_ws/install/controller_manager/share/ament_index/resource_index/packages/controller_manager
-- Symlinking: /root/ros2_ws/install/controller_manager/share/controller_manager/cmake/ament_cmake_export_targets-extras.cmake
-- Symlinking: /root/ros2_ws/install/controller_manager/share/controller_manager/cmake/ament_cmake_export_dependencies-extras.cmake
-- Symlinking: /root/ros2_ws/install/controller_manager/share/controller_manager/cmake/controller_managerConfig.cmake
-- Symlinking: /root/ros2_ws/install/controller_manager/share/controller_manager/cmake/controller_managerConfig-version.cmake
-- Symlinking: /root/ros2_ws/install/controller_manager/share/controller_manager/package.xml
-- Symlinking: /root/ros2_ws/install/controller_manager/include/controller_manager/controller_manager/version.h
-- Installing: /root/ros2_ws/install/controller_manager/lib/libcontroller_manager.so
-- Set runtime path of "/root/ros2_ws/install/controller_manager/lib/libcontroller_manager.so" to ""
Listing '/root/ros2_ws/install/controller_manager/local/lib/python3.10/dist-packages/controller_manager'...
Compiling '/root/ros2_ws/install/controller_manager/local/lib/python3.10/dist-packages/controller_manager/__init__.py'...
Compiling '/root/ros2_ws/install/controller_manager/local/lib/python3.10/dist-packages/controller_manager/controller_manager_services.py'...
Compiling '/root/ros2_ws/install/controller_manager/local/lib/python3.10/dist-packages/controller_manager/hardware_spawner.py'...
Compiling '/root/ros2_ws/install/controller_manager/local/lib/python3.10/dist-packages/controller_manager/launch_utils.py'...
Compiling '/root/ros2_ws/install/controller_manager/local/lib/python3.10/dist-packages/controller_manager/spawner.py'...
Compiling '/root/ros2_ws/install/controller_manager/local/lib/python3.10/dist-packages/controller_manager/test_utils.py'...
Compiling '/root/ros2_ws/install/controller_manager/local/lib/python3.10/dist-packages/controller_manager/unspawner.py'...
-- Installing: /root/ros2_ws/install/controller_manager/share/controller_manager/cmake/export_controller_managerExport.cmake
-- Installing: /root/ros2_ws/install/controller_manager/share/controller_manager/cmake/export_controller_managerExport-release.cmake
