[0.030s] Invoking command in '/root/ros2_ws/build/controller_manager': AMENT_PREFIX_PATH=/root/ros2_ws/install/hardware_interface_testing:/root/ros2_ws/install/controller_manager_msgs:${AMENT_PREFIX_PATH} CMAKE_PREFIX_PATH=/root/ros2_ws/install/hardware_interface_testing:/root/ros2_ws/install/controller_interface:/root/ros2_ws/install/hardware_interface:/root/ros2_ws/install/ros2_control_test_assets:/root/ros2_ws/install/controller_manager_msgs:/root/ros2_ws/install/app_subscriber:/opt/ros/humble LD_LIBRARY_PATH=/root/ros2_ws/install/hardware_interface_testing/lib:/root/ros2_ws/install/controller_interface/lib:/root/ros2_ws/install/hardware_interface/lib:/root/ros2_ws/install/controller_manager_msgs/lib:/root/ros2_ws/install/ros2_control_test_assets/lib:/opt/ros/humble/lib/aarch64-linux-gnu:/opt/ros/humble/lib PYTHONPATH=/root/ros2_ws/install/controller_manager_msgs/local/lib/python3.10/dist-packages:${PYTHONPATH} /usr/bin/cmake /root/ros2_ws/src/ros2_control/controller_manager -DBUILD_TESTING=OFF -DCMAKE_BUILD_TYPE=Release -DAMENT_CMAKE_SYMLINK_INSTALL=1 -DCMAKE_INSTALL_PREFIX=/root/ros2_ws/install/controller_manager
[0.146s] -- The CXX compiler identification is GNU 11.4.0
[0.157s] -- Detecting CXX compiler ABI info
[0.291s] -- Detecting CXX compiler ABI info - done
[0.301s] -- Check for working CXX compiler: /usr/bin/c++ - skipped
[0.301s] -- Detecting CXX compile features
[0.302s] -- Detecting CXX compile features - done
[0.307s] -- Found ament_cmake: 1.3.12 (/opt/ros/humble/share/ament_cmake/cmake)
[0.527s] -- Found Python3: /usr/bin/python3 (found version "3.10.12") found components: Interpreter 
[0.624s] -- Override CMake install command with custom implementation using symlinks instead of copying resources
[0.667s] -- Found ament_index_cpp: 1.4.0 (/opt/ros/humble/share/ament_index_cpp/cmake)
[0.669s] -- Found controller_interface: 2.52.2 (/root/ros2_ws/install/controller_interface/share/controller_interface/cmake)
[0.724s] -- Found rosidl_generator_c: 3.1.7 (/opt/ros/humble/share/rosidl_generator_c/cmake)
[0.732s] -- Found rosidl_adapter: 3.1.7 (/opt/ros/humble/share/rosidl_adapter/cmake)
[0.746s] -- Found rosidl_generator_cpp: 3.1.7 (/opt/ros/humble/share/rosidl_generator_cpp/cmake)
[0.764s] -- Using all available rosidl_typesupport_c: rosidl_typesupport_fastrtps_c;rosidl_typesupport_introspection_c
[0.788s] -- Using all available rosidl_typesupport_cpp: rosidl_typesupport_fastrtps_cpp;rosidl_typesupport_introspection_cpp
[1.081s] -- Found rmw_implementation_cmake: 6.1.2 (/opt/ros/humble/share/rmw_implementation_cmake/cmake)
[1.085s] -- Found rmw_fastrtps_cpp: 6.2.8 (/opt/ros/humble/share/rmw_fastrtps_cpp/cmake)
[1.122s] -- Found TinyXML2 via Config file: TinyXML2_DIR-NOTFOUND
[1.222s] -- Found OpenSSL: /usr/lib/aarch64-linux-gnu/libcrypto.so (found version "3.0.2")  
[1.227s] -- Found TinyXML2 via Config file: TinyXML2_DIR-NOTFOUND
[1.244s] -- Found FastRTPS: /opt/ros/humble/include  
[1.249s] -- Found TinyXML2 via Config file: TinyXML2_DIR-NOTFOUND
[1.262s] -- Found TinyXML2 via Config file: TinyXML2_DIR-NOTFOUND
[1.276s] -- Using RMW implementation 'rmw_fastrtps_cpp' as default
[1.292s] -- Looking for C++ include pthread.h
[1.497s] -- Looking for C++ include pthread.h - found
[1.497s] -- Performing Test CMAKE_HAVE_LIBC_PTHREAD
[1.726s] -- Performing Test CMAKE_HAVE_LIBC_PTHREAD - Success
[1.728s] -- Found Threads: TRUE  
[1.800s] -- Found controller_manager_msgs: 2.52.2 (/root/ros2_ws/install/controller_manager_msgs/share/controller_manager_msgs/cmake)
[1.823s] -- Found realtime_tools: 2.14.1 (/opt/ros/humble/share/realtime_tools/cmake)
[2.085s] -- Configuring done
[2.119s] -- Generating done
[2.131s] -- Build files have been written to: /root/ros2_ws/build/controller_manager
[2.148s] Invoked command in '/root/ros2_ws/build/controller_manager' returned '0': AMENT_PREFIX_PATH=/root/ros2_ws/install/hardware_interface_testing:/root/ros2_ws/install/controller_manager_msgs:${AMENT_PREFIX_PATH} CMAKE_PREFIX_PATH=/root/ros2_ws/install/hardware_interface_testing:/root/ros2_ws/install/controller_interface:/root/ros2_ws/install/hardware_interface:/root/ros2_ws/install/ros2_control_test_assets:/root/ros2_ws/install/controller_manager_msgs:/root/ros2_ws/install/app_subscriber:/opt/ros/humble LD_LIBRARY_PATH=/root/ros2_ws/install/hardware_interface_testing/lib:/root/ros2_ws/install/controller_interface/lib:/root/ros2_ws/install/hardware_interface/lib:/root/ros2_ws/install/controller_manager_msgs/lib:/root/ros2_ws/install/ros2_control_test_assets/lib:/opt/ros/humble/lib/aarch64-linux-gnu:/opt/ros/humble/lib PYTHONPATH=/root/ros2_ws/install/controller_manager_msgs/local/lib/python3.10/dist-packages:${PYTHONPATH} /usr/bin/cmake /root/ros2_ws/src/ros2_control/controller_manager -DBUILD_TESTING=OFF -DCMAKE_BUILD_TYPE=Release -DAMENT_CMAKE_SYMLINK_INSTALL=1 -DCMAKE_INSTALL_PREFIX=/root/ros2_ws/install/controller_manager
[2.151s] Invoking command in '/root/ros2_ws/build/controller_manager': AMENT_PREFIX_PATH=/root/ros2_ws/install/hardware_interface_testing:/root/ros2_ws/install/controller_manager_msgs:${AMENT_PREFIX_PATH} CMAKE_PREFIX_PATH=/root/ros2_ws/install/hardware_interface_testing:/root/ros2_ws/install/controller_interface:/root/ros2_ws/install/hardware_interface:/root/ros2_ws/install/ros2_control_test_assets:/root/ros2_ws/install/controller_manager_msgs:/root/ros2_ws/install/app_subscriber:/opt/ros/humble LD_LIBRARY_PATH=/root/ros2_ws/install/hardware_interface_testing/lib:/root/ros2_ws/install/controller_interface/lib:/root/ros2_ws/install/hardware_interface/lib:/root/ros2_ws/install/controller_manager_msgs/lib:/root/ros2_ws/install/ros2_control_test_assets/lib:/opt/ros/humble/lib/aarch64-linux-gnu:/opt/ros/humble/lib PYTHONPATH=/root/ros2_ws/install/controller_manager_msgs/local/lib/python3.10/dist-packages:${PYTHONPATH} /usr/bin/cmake --build /root/ros2_ws/build/controller_manager -- -j4 -l4
[2.242s] [ 20%] [34m[1mGenerating controller_manager/version.h[0m
[2.257s] [ 20%] Built target ament_cmake_python_symlink_controller_manager_setup
[2.258s] [ 20%] Built target ament_cmake_python_symlink_controller_manager
[2.275s] [ 20%] Built target ament_generate_version_header__controller_manager
[2.322s] [ 40%] [32mBuilding CXX object CMakeFiles/controller_manager.dir/src/controller_manager.cpp.o[0m
[2.578s] running install_scripts
[2.580s] running egg_info
[2.581s] /usr/lib/python3/dist-packages/setuptools/command/install.py:34: SetuptoolsDeprecationWarning: setup.py install is deprecated. Use build and pip and other standards-based tools.
[2.582s]   warnings.warn(
[2.582s] creating controller_manager.egg-info
[2.582s] writing controller_manager.egg-info/PKG-INFO
[2.582s] writing dependency_links to controller_manager.egg-info/dependency_links.txt
[2.582s] writing entry points to controller_manager.egg-info/entry_points.txt
[2.583s] writing top-level names to controller_manager.egg-info/top_level.txt
[2.583s] writing manifest file 'controller_manager.egg-info/SOURCES.txt'
[2.586s] reading manifest file 'controller_manager.egg-info/SOURCES.txt'
[2.587s] writing manifest file 'controller_manager.egg-info/SOURCES.txt'
[2.628s] running egg_info
[2.630s] writing controller_manager.egg-info/PKG-INFO
[2.630s] writing dependency_links to controller_manager.egg-info/dependency_links.txt
[2.637s] writing entry points to controller_manager.egg-info/entry_points.txt
[2.641s] writing top-level names to controller_manager.egg-info/top_level.txt
[2.652s] reading manifest file 'controller_manager.egg-info/SOURCES.txt'
[2.652s] writing manifest file 'controller_manager.egg-info/SOURCES.txt'
[2.657s] Installing hardware_spawner script to scripts
[2.657s] Installing spawner script to scripts
[2.658s] Installing unspawner script to scripts
[2.670s] [ 40%] Built target ament_cmake_python_build_controller_manager_egg
[2.741s] [ 40%] Built target ament_cmake_python_build_controller_manager_scripts
[47.969s] [ 60%] [32m[1mLinking CXX shared library libcontroller_manager.so[0m
[48.494s] [ 60%] Built target controller_manager
[48.533s] [ 80%] [32mBuilding CXX object CMakeFiles/ros2_control_node.dir/src/ros2_control_node.cpp.o[0m
[55.877s] [100%] [32m[1mLinking CXX executable ros2_control_node[0m
[56.186s] [100%] Built target ros2_control_node
[56.207s] Invoked command in '/root/ros2_ws/build/controller_manager' returned '0': AMENT_PREFIX_PATH=/root/ros2_ws/install/hardware_interface_testing:/root/ros2_ws/install/controller_manager_msgs:${AMENT_PREFIX_PATH} CMAKE_PREFIX_PATH=/root/ros2_ws/install/hardware_interface_testing:/root/ros2_ws/install/controller_interface:/root/ros2_ws/install/hardware_interface:/root/ros2_ws/install/ros2_control_test_assets:/root/ros2_ws/install/controller_manager_msgs:/root/ros2_ws/install/app_subscriber:/opt/ros/humble LD_LIBRARY_PATH=/root/ros2_ws/install/hardware_interface_testing/lib:/root/ros2_ws/install/controller_interface/lib:/root/ros2_ws/install/hardware_interface/lib:/root/ros2_ws/install/controller_manager_msgs/lib:/root/ros2_ws/install/ros2_control_test_assets/lib:/opt/ros/humble/lib/aarch64-linux-gnu:/opt/ros/humble/lib PYTHONPATH=/root/ros2_ws/install/controller_manager_msgs/local/lib/python3.10/dist-packages:${PYTHONPATH} /usr/bin/cmake --build /root/ros2_ws/build/controller_manager -- -j4 -l4
[56.210s] Invoking command in '/root/ros2_ws/build/controller_manager': AMENT_PREFIX_PATH=/root/ros2_ws/install/hardware_interface_testing:/root/ros2_ws/install/controller_manager_msgs:${AMENT_PREFIX_PATH} CMAKE_PREFIX_PATH=/root/ros2_ws/install/hardware_interface_testing:/root/ros2_ws/install/controller_interface:/root/ros2_ws/install/hardware_interface:/root/ros2_ws/install/ros2_control_test_assets:/root/ros2_ws/install/controller_manager_msgs:/root/ros2_ws/install/app_subscriber:/opt/ros/humble LD_LIBRARY_PATH=/root/ros2_ws/install/hardware_interface_testing/lib:/root/ros2_ws/install/controller_interface/lib:/root/ros2_ws/install/hardware_interface/lib:/root/ros2_ws/install/controller_manager_msgs/lib:/root/ros2_ws/install/ros2_control_test_assets/lib:/opt/ros/humble/lib/aarch64-linux-gnu:/opt/ros/humble/lib PYTHONPATH=/root/ros2_ws/install/controller_manager_msgs/local/lib/python3.10/dist-packages:${PYTHONPATH} /usr/bin/cmake --install /root/ros2_ws/build/controller_manager
[56.224s] -- Install configuration: "Release"
[56.224s] -- Execute custom install script
[56.225s] -- Symlinking: /root/ros2_ws/install/controller_manager/include/controller_manager/controller_manager/controller_manager.hpp
[56.241s] -- Symlinking: /root/ros2_ws/install/controller_manager/include/controller_manager/controller_manager/controller_spec.hpp
[56.258s] -- Symlinking: /root/ros2_ws/install/controller_manager/include/controller_manager/controller_manager/visibility_control.h
[56.274s] -- Symlinking: /root/ros2_ws/install/controller_manager/lib/controller_manager/ros2_control_node
[56.291s] -- Symlinking: /root/ros2_ws/install/controller_manager/share/controller_manager/environment/pythonpath.sh
[56.307s] -- Symlinking: /root/ros2_ws/install/controller_manager/share/controller_manager/environment/pythonpath.dsv
[56.324s] -- Symlinking: /root/ros2_ws/install/controller_manager/local/lib/python3.10/dist-packages/controller_manager-2.52.2-py3.10.egg-info/PKG-INFO
[56.340s] -- Symlinking: /root/ros2_ws/install/controller_manager/local/lib/python3.10/dist-packages/controller_manager-2.52.2-py3.10.egg-info/SOURCES.txt
[56.356s] -- Symlinking: /root/ros2_ws/install/controller_manager/local/lib/python3.10/dist-packages/controller_manager-2.52.2-py3.10.egg-info/dependency_links.txt
[56.372s] -- Symlinking: /root/ros2_ws/install/controller_manager/local/lib/python3.10/dist-packages/controller_manager-2.52.2-py3.10.egg-info/entry_points.txt
[56.388s] -- Symlinking: /root/ros2_ws/install/controller_manager/local/lib/python3.10/dist-packages/controller_manager-2.52.2-py3.10.egg-info/top_level.txt
[56.404s] -- Symlinking: /root/ros2_ws/install/controller_manager/lib/controller_manager//hardware_spawner
[56.420s] -- Symlinking: /root/ros2_ws/install/controller_manager/lib/controller_manager//spawner
[56.436s] -- Symlinking: /root/ros2_ws/install/controller_manager/lib/controller_manager//unspawner
[56.452s] -- Symlinking: /root/ros2_ws/install/controller_manager/local/lib/python3.10/dist-packages/controller_manager/__init__.py
[56.469s] -- Symlinking: /root/ros2_ws/install/controller_manager/local/lib/python3.10/dist-packages/controller_manager/controller_manager_services.py
[56.484s] -- Symlinking: /root/ros2_ws/install/controller_manager/local/lib/python3.10/dist-packages/controller_manager/hardware_spawner.py
[56.502s] -- Symlinking: /root/ros2_ws/install/controller_manager/local/lib/python3.10/dist-packages/controller_manager/launch_utils.py
[56.518s] -- Symlinking: /root/ros2_ws/install/controller_manager/local/lib/python3.10/dist-packages/controller_manager/spawner.py
[56.534s] -- Symlinking: /root/ros2_ws/install/controller_manager/local/lib/python3.10/dist-packages/controller_manager/test_utils.py
[56.550s] -- Symlinking: /root/ros2_ws/install/controller_manager/local/lib/python3.10/dist-packages/controller_manager/unspawner.py
[56.566s] -- Symlinking: /root/ros2_ws/install/controller_manager/share/controller_manager/environment/library_path.sh
[56.581s] -- Symlinking: /root/ros2_ws/install/controller_manager/share/controller_manager/environment/library_path.dsv
[56.597s] -- Symlinking: /root/ros2_ws/install/controller_manager/share/ament_index/resource_index/package_run_dependencies/controller_manager
[56.614s] -- Symlinking: /root/ros2_ws/install/controller_manager/share/ament_index/resource_index/parent_prefix_path/controller_manager
[56.630s] -- Symlinking: /root/ros2_ws/install/controller_manager/share/controller_manager/environment/ament_prefix_path.sh
[56.647s] -- Symlinking: /root/ros2_ws/install/controller_manager/share/controller_manager/environment/ament_prefix_path.dsv
[56.663s] -- Symlinking: /root/ros2_ws/install/controller_manager/share/controller_manager/environment/path.sh
[56.680s] -- Symlinking: /root/ros2_ws/install/controller_manager/share/controller_manager/environment/path.dsv
[56.696s] -- Symlinking: /root/ros2_ws/install/controller_manager/share/controller_manager/local_setup.bash
[56.712s] -- Symlinking: /root/ros2_ws/install/controller_manager/share/controller_manager/local_setup.sh
[56.728s] -- Symlinking: /root/ros2_ws/install/controller_manager/share/controller_manager/local_setup.zsh
[56.745s] -- Symlinking: /root/ros2_ws/install/controller_manager/share/controller_manager/local_setup.dsv
[56.762s] -- Symlinking: /root/ros2_ws/install/controller_manager/share/controller_manager/package.dsv
[56.778s] -- Symlinking: /root/ros2_ws/install/controller_manager/share/ament_index/resource_index/packages/controller_manager
[56.794s] -- Symlinking: /root/ros2_ws/install/controller_manager/share/controller_manager/cmake/ament_cmake_export_targets-extras.cmake
[56.810s] -- Symlinking: /root/ros2_ws/install/controller_manager/share/controller_manager/cmake/ament_cmake_export_dependencies-extras.cmake
[56.826s] -- Symlinking: /root/ros2_ws/install/controller_manager/share/controller_manager/cmake/controller_managerConfig.cmake
[56.842s] -- Symlinking: /root/ros2_ws/install/controller_manager/share/controller_manager/cmake/controller_managerConfig-version.cmake
[56.860s] -- Symlinking: /root/ros2_ws/install/controller_manager/share/controller_manager/package.xml
[56.876s] -- Symlinking: /root/ros2_ws/install/controller_manager/include/controller_manager/controller_manager/version.h
[56.892s] -- Installing: /root/ros2_ws/install/controller_manager/lib/libcontroller_manager.so
[56.897s] -- Set runtime path of "/root/ros2_ws/install/controller_manager/lib/libcontroller_manager.so" to ""
[56.951s] Listing '/root/ros2_ws/install/controller_manager/local/lib/python3.10/dist-packages/controller_manager'...
[56.952s] Compiling '/root/ros2_ws/install/controller_manager/local/lib/python3.10/dist-packages/controller_manager/__init__.py'...
[56.952s] Compiling '/root/ros2_ws/install/controller_manager/local/lib/python3.10/dist-packages/controller_manager/controller_manager_services.py'...
[56.952s] Compiling '/root/ros2_ws/install/controller_manager/local/lib/python3.10/dist-packages/controller_manager/hardware_spawner.py'...
[56.952s] Compiling '/root/ros2_ws/install/controller_manager/local/lib/python3.10/dist-packages/controller_manager/launch_utils.py'...
[56.952s] Compiling '/root/ros2_ws/install/controller_manager/local/lib/python3.10/dist-packages/controller_manager/spawner.py'...
[56.952s] Compiling '/root/ros2_ws/install/controller_manager/local/lib/python3.10/dist-packages/controller_manager/test_utils.py'...
[56.952s] Compiling '/root/ros2_ws/install/controller_manager/local/lib/python3.10/dist-packages/controller_manager/unspawner.py'...
[56.962s] -- Installing: /root/ros2_ws/install/controller_manager/share/controller_manager/cmake/export_controller_managerExport.cmake
[56.962s] -- Installing: /root/ros2_ws/install/controller_manager/share/controller_manager/cmake/export_controller_managerExport-release.cmake
[56.966s] Invoked command in '/root/ros2_ws/build/controller_manager' returned '0': AMENT_PREFIX_PATH=/root/ros2_ws/install/hardware_interface_testing:/root/ros2_ws/install/controller_manager_msgs:${AMENT_PREFIX_PATH} CMAKE_PREFIX_PATH=/root/ros2_ws/install/hardware_interface_testing:/root/ros2_ws/install/controller_interface:/root/ros2_ws/install/hardware_interface:/root/ros2_ws/install/ros2_control_test_assets:/root/ros2_ws/install/controller_manager_msgs:/root/ros2_ws/install/app_subscriber:/opt/ros/humble LD_LIBRARY_PATH=/root/ros2_ws/install/hardware_interface_testing/lib:/root/ros2_ws/install/controller_interface/lib:/root/ros2_ws/install/hardware_interface/lib:/root/ros2_ws/install/controller_manager_msgs/lib:/root/ros2_ws/install/ros2_control_test_assets/lib:/opt/ros/humble/lib/aarch64-linux-gnu:/opt/ros/humble/lib PYTHONPATH=/root/ros2_ws/install/controller_manager_msgs/local/lib/python3.10/dist-packages:${PYTHONPATH} /usr/bin/cmake --install /root/ros2_ws/build/controller_manager
