[0.841s] Invoking command in '/root/ros2_ws/build/ros2controlcli': AMENT_PREFIX_PATH=/root/ros2_ws/install/controller_manager:/root/ros2_ws/install/hardware_interface_testing:/root/ros2_ws/install/controller_manager_msgs:${AMENT_PREFIX_PATH} CMAKE_PREFIX_PATH=/root/ros2_ws/install/controller_manager:/root/ros2_ws/install/hardware_interface_testing:/root/ros2_ws/install/controller_interface:/root/ros2_ws/install/hardware_interface:/root/ros2_ws/install/ros2_control_test_assets:/root/ros2_ws/install/controller_manager_msgs LD_LIBRARY_PATH=/root/ros2_ws/install/controller_manager/lib:/root/ros2_ws/install/hardware_interface_testing/lib:/root/ros2_ws/install/controller_interface/lib:/root/ros2_ws/install/hardware_interface/lib:/root/ros2_ws/install/controller_manager_msgs/lib:/root/ros2_ws/install/ros2_control_test_assets/lib:/opt/ros/humble/lib/aarch64-linux-gnu:/opt/ros/humble/lib PYTHONPATH=/root/ros2_ws/build/ros2controlcli/prefix_override:/usr/lib/python3/dist-packages/colcon_core/task/python/colcon_distutils_commands:/root/ros2_ws/install/ros2controlcli/lib/python3.10/site-packages:/root/ros2_ws/install/controller_manager/local/lib/python3.10/dist-packages:/root/ros2_ws/install/controller_manager_msgs/local/lib/python3.10/dist-packages:${PYTHONPATH} /usr/bin/python3 -W ignore:setup.py install is deprecated -W ignore:easy_install command is deprecated setup.py develop --editable --build-directory /root/ros2_ws/build/ros2controlcli/build --no-deps symlink_data
[1.131s] running develop
[1.265s] running egg_info
[1.265s] creating ros2controlcli.egg-info
[1.265s] writing ros2controlcli.egg-info/PKG-INFO
[1.265s] writing dependency_links to ros2controlcli.egg-info/dependency_links.txt
[1.265s] writing entry points to ros2controlcli.egg-info/entry_points.txt
[1.266s] writing requirements to ros2controlcli.egg-info/requires.txt
[1.266s] writing top-level names to ros2controlcli.egg-info/top_level.txt
[1.266s] writing manifest file 'ros2controlcli.egg-info/SOURCES.txt'
[1.269s] reading manifest file 'ros2controlcli.egg-info/SOURCES.txt'
[1.270s] writing manifest file 'ros2controlcli.egg-info/SOURCES.txt'
[1.271s] running build_ext
[1.272s] Creating /root/ros2_ws/install/ros2controlcli/lib/python3.10/site-packages/ros2controlcli.egg-link (link to .)
[1.273s] 
[1.273s] Installed /root/ros2_ws/build/ros2controlcli
[1.273s] running symlink_data
[1.273s] symbolically linking /root/ros2_ws/build/ros2controlcli/package.xml -> /root/ros2_ws/install/ros2controlcli/share/ros2controlcli
[1.273s] creating /root/ros2_ws/install/ros2controlcli/share/ament_index
[1.273s] creating /root/ros2_ws/install/ros2controlcli/share/ament_index/resource_index
[1.274s] creating /root/ros2_ws/install/ros2controlcli/share/ament_index/resource_index/packages
[1.274s] symbolically linking /root/ros2_ws/build/ros2controlcli/resource/ros2controlcli -> /root/ros2_ws/install/ros2controlcli/share/ament_index/resource_index/packages
[1.341s] Invoked command in '/root/ros2_ws/build/ros2controlcli' returned '0': AMENT_PREFIX_PATH=/root/ros2_ws/install/controller_manager:/root/ros2_ws/install/hardware_interface_testing:/root/ros2_ws/install/controller_manager_msgs:${AMENT_PREFIX_PATH} CMAKE_PREFIX_PATH=/root/ros2_ws/install/controller_manager:/root/ros2_ws/install/hardware_interface_testing:/root/ros2_ws/install/controller_interface:/root/ros2_ws/install/hardware_interface:/root/ros2_ws/install/ros2_control_test_assets:/root/ros2_ws/install/controller_manager_msgs LD_LIBRARY_PATH=/root/ros2_ws/install/controller_manager/lib:/root/ros2_ws/install/hardware_interface_testing/lib:/root/ros2_ws/install/controller_interface/lib:/root/ros2_ws/install/hardware_interface/lib:/root/ros2_ws/install/controller_manager_msgs/lib:/root/ros2_ws/install/ros2_control_test_assets/lib:/opt/ros/humble/lib/aarch64-linux-gnu:/opt/ros/humble/lib PYTHONPATH=/root/ros2_ws/build/ros2controlcli/prefix_override:/usr/lib/python3/dist-packages/colcon_core/task/python/colcon_distutils_commands:/root/ros2_ws/install/ros2controlcli/lib/python3.10/site-packages:/root/ros2_ws/install/controller_manager/local/lib/python3.10/dist-packages:/root/ros2_ws/install/controller_manager_msgs/local/lib/python3.10/dist-packages:${PYTHONPATH} /usr/bin/python3 -W ignore:setup.py install is deprecated -W ignore:easy_install command is deprecated setup.py develop --editable --build-directory /root/ros2_ws/build/ros2controlcli/build --no-deps symlink_data
