[0.997s] Invoking command in '/root/ros2_ws/src/build/mecanum_hardware': CMAKE_PREFIX_PATH=${CMAKE_PREFIX_PATH}:/root/ros2_ws/install/mecanum_bot:/root/ros2_ws/install/distance_pid:/root/ros2_ws/install/app_subscriber:/opt/ros/humble /usr/bin/cmake --build /root/ros2_ws/src/build/mecanum_hardware -- -j4 -l4
[1.107s] [35m[1mConsolidate compiler generated dependencies of target mecanum_hardware[0m
[1.137s] [ 50%] [32mBuilding CXX object CMakeFiles/mecanum_hardware.dir/src/mecanum_system.cpp.o[0m
[5.158s] [01m[K/root/ros2_ws/src/mecanum_hardware/src/mecanum_system.cpp:[m[K In member function ‘[01m[Kvirtual hardware_interface::CallbackReturn mecanum_hardware::MecanumSystem::on_configure(const rclcpp_lifecycle::State&)[m[K’:
[5.158s] [01m[K/root/ros2_ws/src/mecanum_hardware/src/mecanum_system.cpp:47:96:[m[K [01;35m[Kwarning: [m[Kunused parameter ‘[01m[Kprevious_state[m[K’ [[01;35m[K-Wunused-parameter[m[K]
[5.159s]    47 | hardware_interface::CallbackReturn MecanumSystem::on_configure([01;35m[Kconst rclcpp_lifecycle::State & previous_state[m[K)
[5.159s]       |                                                                [01;35m[K~~~~~~~~~~~~~~~~~~~~~~~~~~~~~~~~^~~~~~~~~~~~~~[m[K
[5.159s] [01m[K/root/ros2_ws/src/mecanum_hardware/src/mecanum_system.cpp:[m[K In member function ‘[01m[Kvirtual hardware_interface::CallbackReturn mecanum_hardware::MecanumSystem::on_deactivate(const rclcpp_lifecycle::State&)[m[K’:
[5.159s] [01m[K/root/ros2_ws/src/mecanum_hardware/src/mecanum_system.cpp:85:97:[m[K [01;35m[Kwarning: [m[Kunused parameter ‘[01m[Kprevious_state[m[K’ [[01;35m[K-Wunused-parameter[m[K]
[5.159s]    85 | hardware_interface::CallbackReturn MecanumSystem::on_deactivate([01;35m[Kconst rclcpp_lifecycle::State & previous_state[m[K)
[5.159s]       |                                                                 [01;35m[K~~~~~~~~~~~~~~~~~~~~~~~~~~~~~~~~^~~~~~~~~~~~~~[m[K
[5.164s] [01m[K/root/ros2_ws/src/mecanum_hardware/src/mecanum_system.cpp:[m[K In member function ‘[01m[Kvirtual hardware_interface::return_type mecanum_hardware::MecanumSystem::read(const rclcpp::Time&, const rclcpp::Duration&)[m[K’:
[5.164s] [01m[K/root/ros2_ws/src/mecanum_hardware/src/mecanum_system.cpp:92:24:[m[K [01;35m[Kwarning: [m[Kunused parameter ‘[01m[Ktime[m[K’ [[01;35m[K-Wunused-parameter[m[K]
[5.164s]    92 |   [01;35m[Kconst rclcpp::Time & time[m[K,
[5.164s]       |   [01;35m[K~~~~~~~~~~~~~~~~~~~~~^~~~[m[K
[5.164s] [01m[K/root/ros2_ws/src/mecanum_hardware/src/mecanum_system.cpp:93:28:[m[K [01;35m[Kwarning: [m[Kunused parameter ‘[01m[Kperiod[m[K’ [[01;35m[K-Wunused-parameter[m[K]
[5.164s]    93 |   [01;35m[Kconst rclcpp::Duration & period[m[K)
[5.164s]       |   [01;35m[K~~~~~~~~~~~~~~~~~~~~~~~~~^~~~~~[m[K
[5.166s] [01m[K/root/ros2_ws/src/mecanum_hardware/src/mecanum_system.cpp:[m[K In member function ‘[01m[Kvirtual hardware_interface::return_type mecanum_hardware::MecanumSystem::write(const rclcpp::Time&, const rclcpp::Duration&)[m[K’:
[5.166s] [01m[K/root/ros2_ws/src/mecanum_hardware/src/mecanum_system.cpp:214:24:[m[K [01;35m[Kwarning: [m[Kunused parameter ‘[01m[Ktime[m[K’ [[01;35m[K-Wunused-parameter[m[K]
[5.166s]   214 |   [01;35m[Kconst rclcpp::Time & time[m[K,
[5.166s]       |   [01;35m[K~~~~~~~~~~~~~~~~~~~~~^~~~[m[K
[5.166s] [01m[K/root/ros2_ws/src/mecanum_hardware/src/mecanum_system.cpp:215:28:[m[K [01;35m[Kwarning: [m[Kunused parameter ‘[01m[Kperiod[m[K’ [[01;35m[K-Wunused-parameter[m[K]
[5.166s]   215 |   [01;35m[Kconst rclcpp::Duration & period[m[K)
[5.166s]       |   [01;35m[K~~~~~~~~~~~~~~~~~~~~~~~~~^~~~~~[m[K
[8.935s] [100%] [32m[1mLinking CXX shared library libmecanum_hardware.so[0m
[9.576s] [100%] Built target mecanum_hardware
[9.596s] Invoked command in '/root/ros2_ws/src/build/mecanum_hardware' returned '0': CMAKE_PREFIX_PATH=${CMAKE_PREFIX_PATH}:/root/ros2_ws/install/mecanum_bot:/root/ros2_ws/install/distance_pid:/root/ros2_ws/install/app_subscriber:/opt/ros/humble /usr/bin/cmake --build /root/ros2_ws/src/build/mecanum_hardware -- -j4 -l4
[9.613s] Invoking command in '/root/ros2_ws/src/build/mecanum_hardware': CMAKE_PREFIX_PATH=${CMAKE_PREFIX_PATH}:/root/ros2_ws/install/mecanum_bot:/root/ros2_ws/install/distance_pid:/root/ros2_ws/install/app_subscriber:/opt/ros/humble /usr/bin/cmake --install /root/ros2_ws/src/build/mecanum_hardware
[9.626s] -- Install configuration: ""
[9.627s] -- Up-to-date: /root/ros2_ws/src/install/mecanum_hardware/share/mecanum_hardware/mecanum_hardware.xml
[9.629s] -- Installing: /root/ros2_ws/src/install/mecanum_hardware/lib/libmecanum_hardware.so
[9.636s] -- Set runtime path of "/root/ros2_ws/src/install/mecanum_hardware/lib/libmecanum_hardware.so" to ""
[9.636s] -- Up-to-date: /root/ros2_ws/src/install/mecanum_hardware/include
[9.636s] -- Up-to-date: /root/ros2_ws/src/install/mecanum_hardware/include/mecanum_hardware
[9.636s] -- Installing: /root/ros2_ws/src/install/mecanum_hardware/include/mecanum_hardware/mecanum_system.hpp
[9.636s] -- Up-to-date: /root/ros2_ws/src/install/mecanum_hardware/share/mecanum_hardware/mecanum_hardware.xml
[9.636s] -- Up-to-date: /root/ros2_ws/src/install/mecanum_hardware/share/ament_index/resource_index/package_run_dependencies/mecanum_hardware
[9.636s] -- Up-to-date: /root/ros2_ws/src/install/mecanum_hardware/share/ament_index/resource_index/parent_prefix_path/mecanum_hardware
[9.637s] -- Up-to-date: /root/ros2_ws/src/install/mecanum_hardware/share/mecanum_hardware/environment/ament_prefix_path.sh
[9.637s] -- Up-to-date: /root/ros2_ws/src/install/mecanum_hardware/share/mecanum_hardware/environment/ament_prefix_path.dsv
[9.637s] -- Up-to-date: /root/ros2_ws/src/install/mecanum_hardware/share/mecanum_hardware/environment/path.sh
[9.637s] -- Up-to-date: /root/ros2_ws/src/install/mecanum_hardware/share/mecanum_hardware/environment/path.dsv
[9.637s] -- Up-to-date: /root/ros2_ws/src/install/mecanum_hardware/share/mecanum_hardware/local_setup.bash
[9.637s] -- Up-to-date: /root/ros2_ws/src/install/mecanum_hardware/share/mecanum_hardware/local_setup.sh
[9.637s] -- Up-to-date: /root/ros2_ws/src/install/mecanum_hardware/share/mecanum_hardware/local_setup.zsh
[9.637s] -- Up-to-date: /root/ros2_ws/src/install/mecanum_hardware/share/mecanum_hardware/local_setup.dsv
[9.637s] -- Installing: /root/ros2_ws/src/install/mecanum_hardware/share/mecanum_hardware/package.dsv
[9.638s] -- Up-to-date: /root/ros2_ws/src/install/mecanum_hardware/share/ament_index/resource_index/packages/mecanum_hardware
[9.638s] -- Up-to-date: /root/ros2_ws/src/install/mecanum_hardware/share/ament_index/resource_index/hardware_interface__pluginlib__plugin/mecanum_hardware
[9.638s] -- Up-to-date: /root/ros2_ws/src/install/mecanum_hardware/share/mecanum_hardware/cmake/mecanum_hardwareConfig.cmake
[9.638s] -- Up-to-date: /root/ros2_ws/src/install/mecanum_hardware/share/mecanum_hardware/cmake/mecanum_hardwareConfig-version.cmake
[9.638s] -- Up-to-date: /root/ros2_ws/src/install/mecanum_hardware/share/mecanum_hardware/package.xml
[9.645s] Invoked command in '/root/ros2_ws/src/build/mecanum_hardware' returned '0': CMAKE_PREFIX_PATH=${CMAKE_PREFIX_PATH}:/root/ros2_ws/install/mecanum_bot:/root/ros2_ws/install/distance_pid:/root/ros2_ws/install/app_subscriber:/opt/ros/humble /usr/bin/cmake --install /root/ros2_ws/src/build/mecanum_hardware
