[2.710s] Invoking command in '/root/ros2_ws/src/mecanum_bot': PYTHONPATH=/root/ros2_ws/build/mecanum_bot/prefix_override:/usr/lib/python3/dist-packages/colcon_core/task/python/colcon_distutils_commands:/root/ros2_ws/install/mecanum_bot/lib/python3.10/site-packages:${PYTHONPATH} /usr/bin/python3 -W ignore:setup.py install is deprecated -W ignore:easy_install command is deprecated setup.py egg_info --egg-base ../../build/mecanum_bot build --build-base /root/ros2_ws/build/mecanum_bot/build install --record /root/ros2_ws/build/mecanum_bot/install.log --single-version-externally-managed install_data
[3.206s] running egg_info
[3.208s] writing ../../build/mecanum_bot/mecanum_bot.egg-info/PKG-INFO
[3.209s] writing dependency_links to ../../build/mecanum_bot/mecanum_bot.egg-info/dependency_links.txt
[3.210s] writing entry points to ../../build/mecanum_bot/mecanum_bot.egg-info/entry_points.txt
[3.211s] writing requirements to ../../build/mecanum_bot/mecanum_bot.egg-info/requires.txt
[3.213s] writing top-level names to ../../build/mecanum_bot/mecanum_bot.egg-info/top_level.txt
[3.217s] reading manifest file '../../build/mecanum_bot/mecanum_bot.egg-info/SOURCES.txt'
[3.220s] writing manifest file '../../build/mecanum_bot/mecanum_bot.egg-info/SOURCES.txt'
[3.220s] running build
[3.221s] running build_py
[3.222s] running install
[3.225s] running install_lib
[3.227s] running install_data
[3.227s] copying launch/bringup.launch.py -> /root/ros2_ws/install/mecanum_bot/share/mecanum_bot/launch
[3.230s] copying description/robot.urdf.xacro -> /root/ros2_ws/install/mecanum_bot/share/mecanum_bot/description
[3.231s] running install_egg_info
[3.235s] removing '/root/ros2_ws/install/mecanum_bot/lib/python3.10/site-packages/mecanum_bot-0.0.0-py3.10.egg-info' (and everything under it)
[3.237s] Copying ../../build/mecanum_bot/mecanum_bot.egg-info to /root/ros2_ws/install/mecanum_bot/lib/python3.10/site-packages/mecanum_bot-0.0.0-py3.10.egg-info
[3.242s] running install_scripts
[3.294s] Installing data_controller script to /root/ros2_ws/install/mecanum_bot/lib/mecanum_bot
[3.296s] Installing hardware_driver script to /root/ros2_ws/install/mecanum_bot/lib/mecanum_bot
[3.298s] Installing pid script to /root/ros2_ws/install/mecanum_bot/lib/mecanum_bot
[3.299s] writing list of installed files to '/root/ros2_ws/build/mecanum_bot/install.log'
[3.408s] Invoked command in '/root/ros2_ws/src/mecanum_bot' returned '0': PYTHONPATH=/root/ros2_ws/build/mecanum_bot/prefix_override:/usr/lib/python3/dist-packages/colcon_core/task/python/colcon_distutils_commands:/root/ros2_ws/install/mecanum_bot/lib/python3.10/site-packages:${PYTHONPATH} /usr/bin/python3 -W ignore:setup.py install is deprecated -W ignore:easy_install command is deprecated setup.py egg_info --egg-base ../../build/mecanum_bot build --build-base /root/ros2_ws/build/mecanum_bot/build install --record /root/ros2_ws/build/mecanum_bot/install.log --single-version-externally-managed install_data
