[2.641s] Invoking command in '/root/ros2_ws/src/distance_pid': PYTHONPATH=/root/ros2_ws/src/build/distance_pid/prefix_override:/usr/lib/python3/dist-packages/colcon_core/task/python/colcon_distutils_commands:/root/ros2_ws/src/install/distance_pid/lib/python3.10/site-packages:${PYTHONPATH} /usr/bin/python3 -W ignore:setup.py install is deprecated -W ignore:easy_install command is deprecated setup.py egg_info --egg-base ../build/distance_pid build --build-base /root/ros2_ws/src/build/distance_pid/build install --record /root/ros2_ws/src/build/distance_pid/install.log --single-version-externally-managed install_data
[3.045s] running egg_info
[3.047s] writing ../build/distance_pid/distance_pid.egg-info/PKG-INFO
[3.052s] writing dependency_links to ../build/distance_pid/distance_pid.egg-info/dependency_links.txt
[3.054s] writing entry points to ../build/distance_pid/distance_pid.egg-info/entry_points.txt
[3.055s] writing requirements to ../build/distance_pid/distance_pid.egg-info/requires.txt
[3.057s] writing top-level names to ../build/distance_pid/distance_pid.egg-info/top_level.txt
[3.064s] reading manifest file '../build/distance_pid/distance_pid.egg-info/SOURCES.txt'
[3.068s] writing manifest file '../build/distance_pid/distance_pid.egg-info/SOURCES.txt'
[3.069s] running build
[3.070s] running build_py
[3.077s] running install
[3.078s] running install_lib
[3.088s] running install_data
[3.092s] running install_egg_info
[3.099s] removing '/root/ros2_ws/src/install/distance_pid/lib/python3.10/site-packages/distance_pid-0.0.0-py3.10.egg-info' (and everything under it)
[3.102s] Copying ../build/distance_pid/distance_pid.egg-info to /root/ros2_ws/src/install/distance_pid/lib/python3.10/site-packages/distance_pid-0.0.0-py3.10.egg-info
[3.104s] running install_scripts
[3.178s] writing list of installed files to '/root/ros2_ws/src/build/distance_pid/install.log'
[3.398s] Invoked command in '/root/ros2_ws/src/distance_pid' returned '0': PYTHONPATH=/root/ros2_ws/src/build/distance_pid/prefix_override:/usr/lib/python3/dist-packages/colcon_core/task/python/colcon_distutils_commands:/root/ros2_ws/src/install/distance_pid/lib/python3.10/site-packages:${PYTHONPATH} /usr/bin/python3 -W ignore:setup.py install is deprecated -W ignore:easy_install command is deprecated setup.py egg_info --egg-base ../build/distance_pid build --build-base /root/ros2_ws/src/build/distance_pid/build install --record /root/ros2_ws/src/build/distance_pid/install.log --single-version-externally-managed install_data
