[2.603s] Invoking command in '/root/ros2_ws/src/distance_pid': PYTHONPATH=/root/ros2_ws/build/distance_pid/prefix_override:/usr/lib/python3/dist-packages/colcon_core/task/python/colcon_distutils_commands:/root/ros2_ws/install/distance_pid/lib/python3.10/site-packages:${PYTHONPATH} /usr/bin/python3 -W ignore:setup.py install is deprecated -W ignore:easy_install command is deprecated setup.py egg_info --egg-base ../../build/distance_pid build --build-base /root/ros2_ws/build/distance_pid/build install --record /root/ros2_ws/build/distance_pid/install.log --single-version-externally-managed install_data
[2.991s] running egg_info
[2.991s] creating ../../build/distance_pid/distance_pid.egg-info
[2.993s] writing ../../build/distance_pid/distance_pid.egg-info/PKG-INFO
[2.993s] writing dependency_links to ../../build/distance_pid/distance_pid.egg-info/dependency_links.txt
[2.994s] writing entry points to ../../build/distance_pid/distance_pid.egg-info/entry_points.txt
[2.994s] writing requirements to ../../build/distance_pid/distance_pid.egg-info/requires.txt
[2.995s] writing top-level names to ../../build/distance_pid/distance_pid.egg-info/top_level.txt
[2.996s] writing manifest file '../../build/distance_pid/distance_pid.egg-info/SOURCES.txt'
[3.001s] reading manifest file '../../build/distance_pid/distance_pid.egg-info/SOURCES.txt'
[3.002s] writing manifest file '../../build/distance_pid/distance_pid.egg-info/SOURCES.txt'
[3.002s] running build
[3.002s] running build_py
[3.002s] creating /root/ros2_ws/build/distance_pid/build
[3.002s] creating /root/ros2_ws/build/distance_pid/build/lib
[3.006s] creating /root/ros2_ws/build/distance_pid/build/lib/distance_pid
[3.006s] copying distance_pid/__init__.py -> /root/ros2_ws/build/distance_pid/build/lib/distance_pid
[3.007s] running install
[3.007s] running install_lib
[3.007s] creating /root/ros2_ws/install/distance_pid/lib/python3.10/site-packages/distance_pid
[3.007s] copying /root/ros2_ws/build/distance_pid/build/lib/distance_pid/__init__.py -> /root/ros2_ws/install/distance_pid/lib/python3.10/site-packages/distance_pid
[3.007s] byte-compiling /root/ros2_ws/install/distance_pid/lib/python3.10/site-packages/distance_pid/__init__.py to __init__.cpython-310.pyc
[3.008s] running install_data
[3.008s] creating /root/ros2_ws/install/distance_pid/share/ament_index
[3.008s] creating /root/ros2_ws/install/distance_pid/share/ament_index/resource_index
[3.008s] creating /root/ros2_ws/install/distance_pid/share/ament_index/resource_index/packages
[3.008s] copying resource/distance_pid -> /root/ros2_ws/install/distance_pid/share/ament_index/resource_index/packages
[3.008s] copying package.xml -> /root/ros2_ws/install/distance_pid/share/distance_pid
[3.009s] running install_egg_info
[3.011s] Copying ../../build/distance_pid/distance_pid.egg-info to /root/ros2_ws/install/distance_pid/lib/python3.10/site-packages/distance_pid-0.0.0-py3.10.egg-info
[3.012s] running install_scripts
[3.060s] writing list of installed files to '/root/ros2_ws/build/distance_pid/install.log'
[3.200s] Invoked command in '/root/ros2_ws/src/distance_pid' returned '0': PYTHONPATH=/root/ros2_ws/build/distance_pid/prefix_override:/usr/lib/python3/dist-packages/colcon_core/task/python/colcon_distutils_commands:/root/ros2_ws/install/distance_pid/lib/python3.10/site-packages:${PYTHONPATH} /usr/bin/python3 -W ignore:setup.py install is deprecated -W ignore:easy_install command is deprecated setup.py egg_info --egg-base ../../build/distance_pid build --build-base /root/ros2_ws/build/distance_pid/build install --record /root/ros2_ws/build/distance_pid/install.log --single-version-externally-managed install_data
