[2.403s] Invoking command in '/root/ros2_ws/src/mecanum_bot': PYTHONPATH=/root/ros2_ws/src/build/mecanum_bot/prefix_override:/usr/lib/python3/dist-packages/colcon_core/task/python/colcon_distutils_commands:/root/ros2_ws/src/install/mecanum_bot/lib/python3.10/site-packages:${PYTHONPATH} /usr/bin/python3 -W ignore:setup.py install is deprecated -W ignore:easy_install command is deprecated setup.py egg_info --egg-base ../build/mecanum_bot build --build-base /root/ros2_ws/src/build/mecanum_bot/build install --record /root/ros2_ws/src/build/mecanum_bot/install.log --single-version-externally-managed install_data
[2.842s] running egg_info
[2.842s] creating ../build/mecanum_bot/mecanum_bot.egg-info
[2.842s] writing ../build/mecanum_bot/mecanum_bot.egg-info/PKG-INFO
[2.843s] writing dependency_links to ../build/mecanum_bot/mecanum_bot.egg-info/dependency_links.txt
[2.844s] writing entry points to ../build/mecanum_bot/mecanum_bot.egg-info/entry_points.txt
[2.844s] writing requirements to ../build/mecanum_bot/mecanum_bot.egg-info/requires.txt
[2.845s] writing top-level names to ../build/mecanum_bot/mecanum_bot.egg-info/top_level.txt
[2.846s] writing manifest file '../build/mecanum_bot/mecanum_bot.egg-info/SOURCES.txt'
[2.850s] reading manifest file '../build/mecanum_bot/mecanum_bot.egg-info/SOURCES.txt'
[2.853s] writing manifest file '../build/mecanum_bot/mecanum_bot.egg-info/SOURCES.txt'
[2.854s] running build
[2.855s] running build_py
[2.856s] creating /root/ros2_ws/src/build/mecanum_bot/build
[2.857s] creating /root/ros2_ws/src/build/mecanum_bot/build/lib
[2.857s] creating /root/ros2_ws/src/build/mecanum_bot/build/lib/mecanum_bot
[2.857s] copying mecanum_bot/data_controller_node.py -> /root/ros2_ws/src/build/mecanum_bot/build/lib/mecanum_bot
[2.857s] copying mecanum_bot/pid.py -> /root/ros2_ws/src/build/mecanum_bot/build/lib/mecanum_bot
[2.857s] copying mecanum_bot/__init__.py -> /root/ros2_ws/src/build/mecanum_bot/build/lib/mecanum_bot
[2.857s] running install
[2.859s] running install_lib
[2.859s] creating /root/ros2_ws/src/install/mecanum_bot/lib/python3.10/site-packages/mecanum_bot
[2.859s] copying /root/ros2_ws/src/build/mecanum_bot/build/lib/mecanum_bot/data_controller_node.py -> /root/ros2_ws/src/install/mecanum_bot/lib/python3.10/site-packages/mecanum_bot
[2.859s] copying /root/ros2_ws/src/build/mecanum_bot/build/lib/mecanum_bot/pid.py -> /root/ros2_ws/src/install/mecanum_bot/lib/python3.10/site-packages/mecanum_bot
[2.859s] copying /root/ros2_ws/src/build/mecanum_bot/build/lib/mecanum_bot/__init__.py -> /root/ros2_ws/src/install/mecanum_bot/lib/python3.10/site-packages/mecanum_bot
[2.860s] byte-compiling /root/ros2_ws/src/install/mecanum_bot/lib/python3.10/site-packages/mecanum_bot/data_controller_node.py to data_controller_node.cpython-310.pyc
[2.863s] byte-compiling /root/ros2_ws/src/install/mecanum_bot/lib/python3.10/site-packages/mecanum_bot/pid.py to pid.cpython-310.pyc
[2.866s] byte-compiling /root/ros2_ws/src/install/mecanum_bot/lib/python3.10/site-packages/mecanum_bot/__init__.py to __init__.cpython-310.pyc
[2.866s] running install_data
[2.867s] creating /root/ros2_ws/src/install/mecanum_bot/share/ament_index
[2.867s] creating /root/ros2_ws/src/install/mecanum_bot/share/ament_index/resource_index
[2.868s] creating /root/ros2_ws/src/install/mecanum_bot/share/ament_index/resource_index/packages
[2.868s] copying resource/mecanum_bot -> /root/ros2_ws/src/install/mecanum_bot/share/ament_index/resource_index/packages
[2.868s] copying package.xml -> /root/ros2_ws/src/install/mecanum_bot/share/mecanum_bot
[2.868s] running install_egg_info
[2.874s] Copying ../build/mecanum_bot/mecanum_bot.egg-info to /root/ros2_ws/src/install/mecanum_bot/lib/python3.10/site-packages/mecanum_bot-0.0.0-py3.10.egg-info
[2.880s] running install_scripts
[2.939s] Installing data_controller script to /root/ros2_ws/src/install/mecanum_bot/lib/mecanum_bot
[2.941s] Installing hardware_driver script to /root/ros2_ws/src/install/mecanum_bot/lib/mecanum_bot
[2.943s] Installing pid script to /root/ros2_ws/src/install/mecanum_bot/lib/mecanum_bot
[2.944s] writing list of installed files to '/root/ros2_ws/src/build/mecanum_bot/install.log'
[3.068s] Invoked command in '/root/ros2_ws/src/mecanum_bot' returned '0': PYTHONPATH=/root/ros2_ws/src/build/mecanum_bot/prefix_override:/usr/lib/python3/dist-packages/colcon_core/task/python/colcon_distutils_commands:/root/ros2_ws/src/install/mecanum_bot/lib/python3.10/site-packages:${PYTHONPATH} /usr/bin/python3 -W ignore:setup.py install is deprecated -W ignore:easy_install command is deprecated setup.py egg_info --egg-base ../build/mecanum_bot build --build-base /root/ros2_ws/src/build/mecanum_bot/build install --record /root/ros2_ws/src/build/mecanum_bot/install.log --single-version-externally-managed install_data
