[0.924s] Invoking command in '/root/ros2_ws/build/mecanum_hardware': CMAKE_PREFIX_PATH=${CMAKE_PREFIX_PATH}:/root/ros2_ws/install/mecanum_bot:/root/ros2_ws/install/distance_pid:/root/ros2_ws/install/app_subscriber:/opt/ros/humble /usr/bin/cmake --build /root/ros2_ws/build/mecanum_hardware -- -j4 -l4
[1.033s] [35m[1mConsolidate compiler generated dependencies of target mecanum_hardware[0m
[1.070s] [ 50%] [32mBuilding CXX object CMakeFiles/mecanum_hardware.dir/src/mecanum_system.cpp.o[0m
[8.780s] [100%] [32m[1mLinking CXX shared library libmecanum_hardware.so[0m
[9.349s] [100%] Built target mecanum_hardware
[9.369s] Invoked command in '/root/ros2_ws/build/mecanum_hardware' returned '0': CMAKE_PREFIX_PATH=${CMAKE_PREFIX_PATH}:/root/ros2_ws/install/mecanum_bot:/root/ros2_ws/install/distance_pid:/root/ros2_ws/install/app_subscriber:/opt/ros/humble /usr/bin/cmake --build /root/ros2_ws/build/mecanum_hardware -- -j4 -l4
[9.386s] Invoking command in '/root/ros2_ws/build/mecanum_hardware': CMAKE_PREFIX_PATH=${CMAKE_PREFIX_PATH}:/root/ros2_ws/install/mecanum_bot:/root/ros2_ws/install/distance_pid:/root/ros2_ws/install/app_subscriber:/opt/ros/humble /usr/bin/cmake --install /root/ros2_ws/build/mecanum_hardware
[9.398s] -- Install configuration: ""
[9.398s] -- Up-to-date: /root/ros2_ws/install/mecanum_hardware/share/mecanum_hardware/mecanum_hardware.xml
[9.398s] -- Installing: /root/ros2_ws/install/mecanum_hardware/lib/libmecanum_hardware.so
[9.403s] -- Set runtime path of "/root/ros2_ws/install/mecanum_hardware/lib/libmecanum_hardware.so" to ""
[9.403s] -- Up-to-date: /root/ros2_ws/install/mecanum_hardware/include
[9.403s] -- Up-to-date: /root/ros2_ws/install/mecanum_hardware/include/mecanum_hardware
[9.403s] -- Up-to-date: /root/ros2_ws/install/mecanum_hardware/include/mecanum_hardware/mecanum_system.hpp
[9.403s] -- Up-to-date: /root/ros2_ws/install/mecanum_hardware/share/mecanum_hardware/mecanum_hardware.xml
[9.403s] -- Up-to-date: /root/ros2_ws/install/mecanum_hardware/share/ament_index/resource_index/package_run_dependencies/mecanum_hardware
[9.403s] -- Up-to-date: /root/ros2_ws/install/mecanum_hardware/share/ament_index/resource_index/parent_prefix_path/mecanum_hardware
[9.403s] -- Up-to-date: /root/ros2_ws/install/mecanum_hardware/share/mecanum_hardware/environment/ament_prefix_path.sh
[9.404s] -- Up-to-date: /root/ros2_ws/install/mecanum_hardware/share/mecanum_hardware/environment/ament_prefix_path.dsv
[9.404s] -- Up-to-date: /root/ros2_ws/install/mecanum_hardware/share/mecanum_hardware/environment/path.sh
[9.404s] -- Up-to-date: /root/ros2_ws/install/mecanum_hardware/share/mecanum_hardware/environment/path.dsv
[9.404s] -- Up-to-date: /root/ros2_ws/install/mecanum_hardware/share/mecanum_hardware/local_setup.bash
[9.404s] -- Up-to-date: /root/ros2_ws/install/mecanum_hardware/share/mecanum_hardware/local_setup.sh
[9.404s] -- Up-to-date: /root/ros2_ws/install/mecanum_hardware/share/mecanum_hardware/local_setup.zsh
[9.404s] -- Up-to-date: /root/ros2_ws/install/mecanum_hardware/share/mecanum_hardware/local_setup.dsv
[9.404s] -- Installing: /root/ros2_ws/install/mecanum_hardware/share/mecanum_hardware/package.dsv
[9.404s] -- Up-to-date: /root/ros2_ws/install/mecanum_hardware/share/ament_index/resource_index/packages/mecanum_hardware
[9.404s] -- Up-to-date: /root/ros2_ws/install/mecanum_hardware/share/ament_index/resource_index/hardware_interface__pluginlib__plugin/mecanum_hardware
[9.404s] -- Up-to-date: /root/ros2_ws/install/mecanum_hardware/share/mecanum_hardware/cmake/mecanum_hardwareConfig.cmake
[9.405s] -- Up-to-date: /root/ros2_ws/install/mecanum_hardware/share/mecanum_hardware/cmake/mecanum_hardwareConfig-version.cmake
[9.405s] -- Up-to-date: /root/ros2_ws/install/mecanum_hardware/share/mecanum_hardware/package.xml
[9.408s] Invoked command in '/root/ros2_ws/build/mecanum_hardware' returned '0': CMAKE_PREFIX_PATH=${CMAKE_PREFIX_PATH}:/root/ros2_ws/install/mecanum_bot:/root/ros2_ws/install/distance_pid:/root/ros2_ws/install/app_subscriber:/opt/ros/humble /usr/bin/cmake --install /root/ros2_ws/build/mecanum_hardware
