[1.701s] Invoking command in '/root/ros2_ws/src/mecanum_bot': PYTHONPATH=/root/ros2_ws/build/mecanum_bot/prefix_override:/usr/lib/python3/dist-packages/colcon_core/task/python/colcon_distutils_commands:/root/ros2_ws/install/mecanum_bot/lib/python3.10/site-packages:${PYTHONPATH} /usr/bin/python3 -W ignore:setup.py install is deprecated -W ignore:easy_install command is deprecated setup.py egg_info --egg-base ../../build/mecanum_bot build --build-base /root/ros2_ws/build/mecanum_bot/build install --record /root/ros2_ws/build/mecanum_bot/install.log --single-version-externally-managed install_data
[2.070s] running egg_info
[2.070s] writing ../../build/mecanum_bot/mecanum_bot.egg-info/PKG-INFO
[2.072s] writing dependency_links to ../../build/mecanum_bot/mecanum_bot.egg-info/dependency_links.txt
[2.074s] writing entry points to ../../build/mecanum_bot/mecanum_bot.egg-info/entry_points.txt
[2.076s] writing requirements to ../../build/mecanum_bot/mecanum_bot.egg-info/requires.txt
[2.077s] writing top-level names to ../../build/mecanum_bot/mecanum_bot.egg-info/top_level.txt
[2.085s] reading manifest file '../../build/mecanum_bot/mecanum_bot.egg-info/SOURCES.txt'
[2.090s] writing manifest file '../../build/mecanum_bot/mecanum_bot.egg-info/SOURCES.txt'
[2.090s] running build
[2.090s] running build_py
[2.092s] running install
[2.093s] running install_lib
[2.096s] running install_data
[2.097s] running install_egg_info
[2.106s] removing '/root/ros2_ws/install/mecanum_bot/lib/python3.10/site-packages/mecanum_bot-0.0.0-py3.10.egg-info' (and everything under it)
[2.112s] Copying ../../build/mecanum_bot/mecanum_bot.egg-info to /root/ros2_ws/install/mecanum_bot/lib/python3.10/site-packages/mecanum_bot-0.0.0-py3.10.egg-info
[2.125s] running install_scripts
[2.198s] Installing data_controller script to /root/ros2_ws/install/mecanum_bot/lib/mecanum_bot
[2.201s] Installing hardware_driver script to /root/ros2_ws/install/mecanum_bot/lib/mecanum_bot
[2.204s] Installing pid script to /root/ros2_ws/install/mecanum_bot/lib/mecanum_bot
[2.206s] writing list of installed files to '/root/ros2_ws/build/mecanum_bot/install.log'
[2.297s] Invoked command in '/root/ros2_ws/src/mecanum_bot' returned '0': PYTHONPATH=/root/ros2_ws/build/mecanum_bot/prefix_override:/usr/lib/python3/dist-packages/colcon_core/task/python/colcon_distutils_commands:/root/ros2_ws/install/mecanum_bot/lib/python3.10/site-packages:${PYTHONPATH} /usr/bin/python3 -W ignore:setup.py install is deprecated -W ignore:easy_install command is deprecated setup.py egg_info --egg-base ../../build/mecanum_bot build --build-base /root/ros2_ws/build/mecanum_bot/build install --record /root/ros2_ws/build/mecanum_bot/install.log --single-version-externally-managed install_data
