[1.016s] Invoking command in '/root/ros2_ws/src/build/mecanum_hardware': CMAKE_PREFIX_PATH=${CMAKE_PREFIX_PATH}:/opt/ros/humble /usr/bin/cmake /root/ros2_ws/src/mecanum_hardware -DCMAKE_INSTALL_PREFIX=/root/ros2_ws/src/install/mecanum_hardware
[1.050s] -- Found ament_cmake: 1.3.12 (/opt/ros/humble/share/ament_cmake/cmake)
[1.390s] -- Found rclcpp: 16.0.14 (/opt/ros/humble/share/rclcpp/cmake)
[1.432s] -- Found rosidl_generator_c: 3.1.7 (/opt/ros/humble/share/rosidl_generator_c/cmake)
[1.436s] -- Found rosidl_adapter: 3.1.7 (/opt/ros/humble/share/rosidl_adapter/cmake)
[1.449s] -- Found rosidl_generator_cpp: 3.1.7 (/opt/ros/humble/share/rosidl_generator_cpp/cmake)
[1.477s] -- Using all available rosidl_typesupport_c: rosidl_typesupport_fastrtps_c;rosidl_typesupport_introspection_c
[1.503s] -- Using all available rosidl_typesupport_cpp: rosidl_typesupport_fastrtps_cpp;rosidl_typesupport_introspection_cpp
[1.573s] -- Found rmw_implementation_cmake: 6.1.2 (/opt/ros/humble/share/rmw_implementation_cmake/cmake)
[1.579s] -- Found rmw_fastrtps_cpp: 6.2.8 (/opt/ros/humble/share/rmw_fastrtps_cpp/cmake)
[1.755s] -- Using RMW implementation 'rmw_fastrtps_cpp' as default
[1.916s] -- Found rclcpp_lifecycle: 16.0.14 (/opt/ros/humble/share/rclcpp_lifecycle/cmake)
[1.969s] -- Found hardware_interface: 2.52.2 (/opt/ros/humble/share/hardware_interface/cmake)
[2.242s] -- LibSerial include dir: /usr/include/libserial
[2.242s] -- LibSerial library: /usr/lib/aarch64-linux-gnu/libserial.so
[2.434s] -- Configuring done
[2.476s] -- Generating done
[2.491s] -- Build files have been written to: /root/ros2_ws/src/build/mecanum_hardware
[2.530s] Invoked command in '/root/ros2_ws/src/build/mecanum_hardware' returned '0': CMAKE_PREFIX_PATH=${CMAKE_PREFIX_PATH}:/opt/ros/humble /usr/bin/cmake /root/ros2_ws/src/mecanum_hardware -DCMAKE_INSTALL_PREFIX=/root/ros2_ws/src/install/mecanum_hardware
[2.533s] Invoking command in '/root/ros2_ws/src/build/mecanum_hardware': CMAKE_PREFIX_PATH=${CMAKE_PREFIX_PATH}:/opt/ros/humble /usr/bin/cmake --build /root/ros2_ws/src/build/mecanum_hardware -- -j4 -l4
[2.725s] [ 50%] [32mBuilding CXX object CMakeFiles/mecanum_hardware.dir/src/mecanum_system.cpp.o[0m
[10.159s] [100%] [32m[1mLinking CXX shared library libmecanum_hardware.so[0m
[10.846s] [100%] Built target mecanum_hardware
[10.867s] Invoked command in '/root/ros2_ws/src/build/mecanum_hardware' returned '0': CMAKE_PREFIX_PATH=${CMAKE_PREFIX_PATH}:/opt/ros/humble /usr/bin/cmake --build /root/ros2_ws/src/build/mecanum_hardware -- -j4 -l4
[10.885s] Invoking command in '/root/ros2_ws/src/build/mecanum_hardware': CMAKE_PREFIX_PATH=${CMAKE_PREFIX_PATH}:/opt/ros/humble /usr/bin/cmake --install /root/ros2_ws/src/build/mecanum_hardware
[10.898s] -- Install configuration: ""
[10.898s] -- Installing: /root/ros2_ws/src/install/mecanum_hardware/share/mecanum_hardware/mecanum_hardware.xml
[10.903s] -- Installing: /root/ros2_ws/src/install/mecanum_hardware/lib/libmecanum_hardware.so
[10.906s] -- Set runtime path of "/root/ros2_ws/src/install/mecanum_hardware/lib/libmecanum_hardware.so" to ""
[10.906s] -- Installing: /root/ros2_ws/src/install/mecanum_hardware/include
[10.906s] -- Installing: /root/ros2_ws/src/install/mecanum_hardware/include/mecanum_hardware
[10.906s] -- Installing: /root/ros2_ws/src/install/mecanum_hardware/include/mecanum_hardware/mecanum_system.hpp
[10.906s] -- Up-to-date: /root/ros2_ws/src/install/mecanum_hardware/share/mecanum_hardware/mecanum_hardware.xml
[10.907s] -- Installing: /root/ros2_ws/src/install/mecanum_hardware/share/ament_index/resource_index/package_run_dependencies/mecanum_hardware
[10.907s] -- Installing: /root/ros2_ws/src/install/mecanum_hardware/share/ament_index/resource_index/parent_prefix_path/mecanum_hardware
[10.907s] -- Installing: /root/ros2_ws/src/install/mecanum_hardware/share/mecanum_hardware/environment/ament_prefix_path.sh
[10.907s] -- Installing: /root/ros2_ws/src/install/mecanum_hardware/share/mecanum_hardware/environment/ament_prefix_path.dsv
[10.908s] -- Installing: /root/ros2_ws/src/install/mecanum_hardware/share/mecanum_hardware/environment/path.sh
[10.908s] -- Installing: /root/ros2_ws/src/install/mecanum_hardware/share/mecanum_hardware/environment/path.dsv
[10.908s] -- Installing: /root/ros2_ws/src/install/mecanum_hardware/share/mecanum_hardware/local_setup.bash
[10.908s] -- Installing: /root/ros2_ws/src/install/mecanum_hardware/share/mecanum_hardware/local_setup.sh
[10.908s] -- Installing: /root/ros2_ws/src/install/mecanum_hardware/share/mecanum_hardware/local_setup.zsh
[10.909s] -- Installing: /root/ros2_ws/src/install/mecanum_hardware/share/mecanum_hardware/local_setup.dsv
[10.909s] -- Installing: /root/ros2_ws/src/install/mecanum_hardware/share/mecanum_hardware/package.dsv
[10.909s] -- Installing: /root/ros2_ws/src/install/mecanum_hardware/share/ament_index/resource_index/packages/mecanum_hardware
[10.909s] -- Installing: /root/ros2_ws/src/install/mecanum_hardware/share/ament_index/resource_index/hardware_interface__pluginlib__plugin/mecanum_hardware
[10.910s] -- Installing: /root/ros2_ws/src/install/mecanum_hardware/share/mecanum_hardware/cmake/mecanum_hardwareConfig.cmake
[10.910s] -- Installing: /root/ros2_ws/src/install/mecanum_hardware/share/mecanum_hardware/cmake/mecanum_hardwareConfig-version.cmake
[10.911s] -- Installing: /root/ros2_ws/src/install/mecanum_hardware/share/mecanum_hardware/package.xml
[10.914s] Invoked command in '/root/ros2_ws/src/build/mecanum_hardware' returned '0': CMAKE_PREFIX_PATH=${CMAKE_PREFIX_PATH}:/opt/ros/humble /usr/bin/cmake --install /root/ros2_ws/src/build/mecanum_hardware
