-- The CXX compiler identification is GNU 11.4.0
-- Detecting CXX compiler ABI info
-- Detecting CXX compiler ABI info - done
-- Check for working CXX compiler: /usr/bin/c++ - skipped
-- Detecting CXX compile features
-- Detecting CXX compile features - done
-- Found ament_cmake: 1.3.12 (/opt/ros/humble/share/ament_cmake/cmake)
-- Found Python3: /usr/bin/python3 (found version "3.10.12") found components: Interpreter 
-- Override CMake install command with custom implementation using symlinks instead of copying resources
-- Found hardware_interface: 2.52.2 (/root/ros2_ws/install/hardware_interface/share/hardware_interface/cmake)
-- Found rosidl_generator_c: 3.1.7 (/opt/ros/humble/share/rosidl_generator_c/cmake)
-- Found rosidl_adapter: 3.1.7 (/opt/ros/humble/share/rosidl_adapter/cmake)
-- Found rosidl_generator_cpp: 3.1.7 (/opt/ros/humble/share/rosidl_generator_cpp/cmake)
-- Using all available rosidl_typesupport_c: rosidl_typesupport_fastrtps_c;rosidl_typesupport_introspection_c
-- Using all available rosidl_typesupport_cpp: rosidl_typesupport_fastrtps_cpp;rosidl_typesupport_introspection_cpp
-- Found rmw_implementation_cmake: 6.1.2 (/opt/ros/humble/share/rmw_implementation_cmake/cmake)
-- Found rmw_fastrtps_cpp: 6.2.8 (/opt/ros/humble/share/rmw_fastrtps_cpp/cmake)
-- Found TinyXML2 via Config file: TinyXML2_DIR-NOTFOUND
-- Found OpenSSL: /usr/lib/aarch64-linux-gnu/libcrypto.so (found version "3.0.2")  
-- Found TinyXML2 via Config file: TinyXML2_DIR-NOTFOUND
-- Found FastRTPS: /opt/ros/humble/include  
-- Found TinyXML2 via Config file: TinyXML2_DIR-NOTFOUND
-- Found TinyXML2 via Config file: TinyXML2_DIR-NOTFOUND
-- Using RMW implementation 'rmw_fastrtps_cpp' as default
-- Looking for C++ include pthread.h
-- Looking for C++ include pthread.h - found
-- Performing Test CMAKE_HAVE_LIBC_PTHREAD
-- Performing Test CMAKE_HAVE_LIBC_PTHREAD - Success
-- Found Threads: TRUE  
-- Configuring done
-- Generating done
-- Build files have been written to: /root/ros2_ws/build/controller_interface
[ 20%] [34m[1mGenerating controller_interface/version.h[0m
[ 20%] Built target ament_generate_version_header__controller_interface
[ 60%] [32mBuilding CXX object CMakeFiles/controller_interface.dir/src/controller_interface_base.cpp.o[0m
[ 60%] [32mBuilding CXX object CMakeFiles/controller_interface.dir/src/chainable_controller_interface.cpp.o[0m
[ 80%] [32mBuilding CXX object CMakeFiles/controller_interface.dir/src/controller_interface.cpp.o[0m
[100%] [32m[1mLinking CXX shared library libcontroller_interface.so[0m
[100%] Built target controller_interface
-- Install configuration: "Release"
-- Execute custom install script
-- Symlinking: /root/ros2_ws/install/controller_interface/include/controller_interface/controller_interface/chainable_controller_interface.hpp
-- Symlinking: /root/ros2_ws/install/controller_interface/include/controller_interface/controller_interface/controller_interface.hpp
-- Symlinking: /root/ros2_ws/install/controller_interface/include/controller_interface/controller_interface/controller_interface_base.hpp
-- Symlinking: /root/ros2_ws/install/controller_interface/include/controller_interface/controller_interface/helpers.hpp
-- Symlinking: /root/ros2_ws/install/controller_interface/include/controller_interface/controller_interface/visibility_control.h
-- Symlinking: /root/ros2_ws/install/controller_interface/include/controller_interface/semantic_components/force_torque_sensor.hpp
-- Symlinking: /root/ros2_ws/install/controller_interface/include/controller_interface/semantic_components/imu_sensor.hpp
-- Symlinking: /root/ros2_ws/install/controller_interface/include/controller_interface/semantic_components/pose_sensor.hpp
-- Symlinking: /root/ros2_ws/install/controller_interface/include/controller_interface/semantic_components/range_sensor.hpp
-- Symlinking: /root/ros2_ws/install/controller_interface/include/controller_interface/semantic_components/semantic_component_interface.hpp
-- Symlinking: /root/ros2_ws/install/controller_interface/share/controller_interface/environment/library_path.sh
-- Symlinking: /root/ros2_ws/install/controller_interface/share/controller_interface/environment/library_path.dsv
-- Symlinking: /root/ros2_ws/install/controller_interface/share/ament_index/resource_index/package_run_dependencies/controller_interface
-- Symlinking: /root/ros2_ws/install/controller_interface/share/ament_index/resource_index/parent_prefix_path/controller_interface
-- Symlinking: /root/ros2_ws/install/controller_interface/share/controller_interface/environment/ament_prefix_path.sh
-- Symlinking: /root/ros2_ws/install/controller_interface/share/controller_interface/environment/ament_prefix_path.dsv
-- Symlinking: /root/ros2_ws/install/controller_interface/share/controller_interface/environment/path.sh
-- Symlinking: /root/ros2_ws/install/controller_interface/share/controller_interface/environment/path.dsv
-- Symlinking: /root/ros2_ws/install/controller_interface/share/controller_interface/local_setup.bash
-- Symlinking: /root/ros2_ws/install/controller_interface/share/controller_interface/local_setup.sh
-- Symlinking: /root/ros2_ws/install/controller_interface/share/controller_interface/local_setup.zsh
-- Symlinking: /root/ros2_ws/install/controller_interface/share/controller_interface/local_setup.dsv
-- Symlinking: /root/ros2_ws/install/controller_interface/share/controller_interface/package.dsv
-- Symlinking: /root/ros2_ws/install/controller_interface/share/ament_index/resource_index/packages/controller_interface
-- Symlinking: /root/ros2_ws/install/controller_interface/share/controller_interface/cmake/ament_cmake_export_targets-extras.cmake
-- Symlinking: /root/ros2_ws/install/controller_interface/share/controller_interface/cmake/ament_cmake_export_dependencies-extras.cmake
-- Symlinking: /root/ros2_ws/install/controller_interface/share/controller_interface/cmake/controller_interfaceConfig.cmake
-- Symlinking: /root/ros2_ws/install/controller_interface/share/controller_interface/cmake/controller_interfaceConfig-version.cmake
-- Symlinking: /root/ros2_ws/install/controller_interface/share/controller_interface/package.xml
-- Symlinking: /root/ros2_ws/install/controller_interface/include/controller_interface/controller_interface/version.h
-- Installing: /root/ros2_ws/install/controller_interface/lib/libcontroller_interface.so
-- Set runtime path of "/root/ros2_ws/install/controller_interface/lib/libcontroller_interface.so" to ""
-- Installing: /root/ros2_ws/install/controller_interface/share/controller_interface/cmake/export_controller_interfaceExport.cmake
-- Installing: /root/ros2_ws/install/controller_interface/share/controller_interface/cmake/export_controller_interfaceExport-release.cmake
