[0.018s] Invoking command in '/root/ros2_ws/build/controller_interface': CMAKE_PREFIX_PATH=/root/ros2_ws/install/hardware_interface:/root/ros2_ws/install/ros2_control_test_assets:/root/ros2_ws/install/controller_interface:/root/ros2_ws/install/app_subscriber:/opt/ros/humble LD_LIBRARY_PATH=/root/ros2_ws/install/hardware_interface/lib:/root/ros2_ws/install/ros2_control_test_assets/lib:/root/ros2_ws/install/controller_interface/lib:/opt/ros/humble/lib/aarch64-linux-gnu:/opt/ros/humble/lib /usr/bin/cmake /root/ros2_ws/src/ros2_control/controller_interface -DBUILD_TESTING=OFF -DCMAKE_BUILD_TYPE=Release -DAMENT_CMAKE_SYMLINK_INSTALL=1 -DCMAKE_INSTALL_PREFIX=/root/ros2_ws/install/controller_interface
[0.128s] -- The CXX compiler identification is GNU 11.4.0
[0.140s] -- Detecting CXX compiler ABI info
[0.274s] -- Detecting CXX compiler ABI info - done
[0.284s] -- Check for working CXX compiler: /usr/bin/c++ - skipped
[0.285s] -- Detecting CXX compile features
[0.285s] -- Detecting CXX compile features - done
[0.289s] -- Found ament_cmake: 1.3.12 (/opt/ros/humble/share/ament_cmake/cmake)
[0.505s] -- Found Python3: /usr/bin/python3 (found version "3.10.12") found components: Interpreter 
[0.603s] -- Override CMake install command with custom implementation using symlinks instead of copying resources
[0.636s] -- Found hardware_interface: 2.52.2 (/root/ros2_ws/install/hardware_interface/share/hardware_interface/cmake)
[0.685s] -- Found rosidl_generator_c: 3.1.7 (/opt/ros/humble/share/rosidl_generator_c/cmake)
[0.692s] -- Found rosidl_adapter: 3.1.7 (/opt/ros/humble/share/rosidl_adapter/cmake)
[0.703s] -- Found rosidl_generator_cpp: 3.1.7 (/opt/ros/humble/share/rosidl_generator_cpp/cmake)
[0.721s] -- Using all available rosidl_typesupport_c: rosidl_typesupport_fastrtps_c;rosidl_typesupport_introspection_c
[0.743s] -- Using all available rosidl_typesupport_cpp: rosidl_typesupport_fastrtps_cpp;rosidl_typesupport_introspection_cpp
[1.024s] -- Found rmw_implementation_cmake: 6.1.2 (/opt/ros/humble/share/rmw_implementation_cmake/cmake)
[1.027s] -- Found rmw_fastrtps_cpp: 6.2.8 (/opt/ros/humble/share/rmw_fastrtps_cpp/cmake)
[1.062s] -- Found TinyXML2 via Config file: TinyXML2_DIR-NOTFOUND
[1.158s] -- Found OpenSSL: /usr/lib/aarch64-linux-gnu/libcrypto.so (found version "3.0.2")  
[1.163s] -- Found TinyXML2 via Config file: TinyXML2_DIR-NOTFOUND
[1.178s] -- Found FastRTPS: /opt/ros/humble/include  
[1.183s] -- Found TinyXML2 via Config file: TinyXML2_DIR-NOTFOUND
[1.196s] -- Found TinyXML2 via Config file: TinyXML2_DIR-NOTFOUND
[1.210s] -- Using RMW implementation 'rmw_fastrtps_cpp' as default
[1.223s] -- Looking for C++ include pthread.h
[1.383s] -- Looking for C++ include pthread.h - found
[1.383s] -- Performing Test CMAKE_HAVE_LIBC_PTHREAD
[1.526s] -- Performing Test CMAKE_HAVE_LIBC_PTHREAD - Success
[1.528s] -- Found Threads: TRUE  
[1.701s] -- Configuring done
[1.722s] -- Generating done
[1.729s] -- Build files have been written to: /root/ros2_ws/build/controller_interface
[1.745s] Invoked command in '/root/ros2_ws/build/controller_interface' returned '0': CMAKE_PREFIX_PATH=/root/ros2_ws/install/hardware_interface:/root/ros2_ws/install/ros2_control_test_assets:/root/ros2_ws/install/controller_interface:/root/ros2_ws/install/app_subscriber:/opt/ros/humble LD_LIBRARY_PATH=/root/ros2_ws/install/hardware_interface/lib:/root/ros2_ws/install/ros2_control_test_assets/lib:/root/ros2_ws/install/controller_interface/lib:/opt/ros/humble/lib/aarch64-linux-gnu:/opt/ros/humble/lib /usr/bin/cmake /root/ros2_ws/src/ros2_control/controller_interface -DBUILD_TESTING=OFF -DCMAKE_BUILD_TYPE=Release -DAMENT_CMAKE_SYMLINK_INSTALL=1 -DCMAKE_INSTALL_PREFIX=/root/ros2_ws/install/controller_interface
[1.748s] Invoking command in '/root/ros2_ws/build/controller_interface': CMAKE_PREFIX_PATH=/root/ros2_ws/install/hardware_interface:/root/ros2_ws/install/ros2_control_test_assets:/root/ros2_ws/install/controller_interface:/root/ros2_ws/install/app_subscriber:/opt/ros/humble LD_LIBRARY_PATH=/root/ros2_ws/install/hardware_interface/lib:/root/ros2_ws/install/ros2_control_test_assets/lib:/root/ros2_ws/install/controller_interface/lib:/opt/ros/humble/lib/aarch64-linux-gnu:/opt/ros/humble/lib /usr/bin/cmake --build /root/ros2_ws/build/controller_interface -- -j4 -l4
[1.836s] [ 20%] [34m[1mGenerating controller_interface/version.h[0m
[1.866s] [ 20%] Built target ament_generate_version_header__controller_interface
[1.903s] [ 60%] [32mBuilding CXX object CMakeFiles/controller_interface.dir/src/controller_interface_base.cpp.o[0m
[1.903s] [ 60%] [32mBuilding CXX object CMakeFiles/controller_interface.dir/src/chainable_controller_interface.cpp.o[0m
[1.903s] [ 80%] [32mBuilding CXX object CMakeFiles/controller_interface.dir/src/controller_interface.cpp.o[0m
[7.966s] [100%] [32m[1mLinking CXX shared library libcontroller_interface.so[0m
[8.187s] [100%] Built target controller_interface
[8.207s] Invoked command in '/root/ros2_ws/build/controller_interface' returned '0': CMAKE_PREFIX_PATH=/root/ros2_ws/install/hardware_interface:/root/ros2_ws/install/ros2_control_test_assets:/root/ros2_ws/install/controller_interface:/root/ros2_ws/install/app_subscriber:/opt/ros/humble LD_LIBRARY_PATH=/root/ros2_ws/install/hardware_interface/lib:/root/ros2_ws/install/ros2_control_test_assets/lib:/root/ros2_ws/install/controller_interface/lib:/opt/ros/humble/lib/aarch64-linux-gnu:/opt/ros/humble/lib /usr/bin/cmake --build /root/ros2_ws/build/controller_interface -- -j4 -l4
[8.209s] Invoking command in '/root/ros2_ws/build/controller_interface': CMAKE_PREFIX_PATH=/root/ros2_ws/install/hardware_interface:/root/ros2_ws/install/ros2_control_test_assets:/root/ros2_ws/install/controller_interface:/root/ros2_ws/install/app_subscriber:/opt/ros/humble LD_LIBRARY_PATH=/root/ros2_ws/install/hardware_interface/lib:/root/ros2_ws/install/ros2_control_test_assets/lib:/root/ros2_ws/install/controller_interface/lib:/opt/ros/humble/lib/aarch64-linux-gnu:/opt/ros/humble/lib /usr/bin/cmake --install /root/ros2_ws/build/controller_interface
[8.222s] -- Install configuration: "Release"
[8.223s] -- Execute custom install script
[8.224s] -- Symlinking: /root/ros2_ws/install/controller_interface/include/controller_interface/controller_interface/chainable_controller_interface.hpp
[8.240s] -- Symlinking: /root/ros2_ws/install/controller_interface/include/controller_interface/controller_interface/controller_interface.hpp
[8.256s] -- Symlinking: /root/ros2_ws/install/controller_interface/include/controller_interface/controller_interface/controller_interface_base.hpp
[8.271s] -- Symlinking: /root/ros2_ws/install/controller_interface/include/controller_interface/controller_interface/helpers.hpp
[8.287s] -- Symlinking: /root/ros2_ws/install/controller_interface/include/controller_interface/controller_interface/visibility_control.h
[8.303s] -- Symlinking: /root/ros2_ws/install/controller_interface/include/controller_interface/semantic_components/force_torque_sensor.hpp
[8.320s] -- Symlinking: /root/ros2_ws/install/controller_interface/include/controller_interface/semantic_components/imu_sensor.hpp
[8.334s] -- Symlinking: /root/ros2_ws/install/controller_interface/include/controller_interface/semantic_components/pose_sensor.hpp
[8.350s] -- Symlinking: /root/ros2_ws/install/controller_interface/include/controller_interface/semantic_components/range_sensor.hpp
[8.365s] -- Symlinking: /root/ros2_ws/install/controller_interface/include/controller_interface/semantic_components/semantic_component_interface.hpp
[8.381s] -- Symlinking: /root/ros2_ws/install/controller_interface/share/controller_interface/environment/library_path.sh
[8.398s] -- Symlinking: /root/ros2_ws/install/controller_interface/share/controller_interface/environment/library_path.dsv
[8.414s] -- Symlinking: /root/ros2_ws/install/controller_interface/share/ament_index/resource_index/package_run_dependencies/controller_interface
[8.429s] -- Symlinking: /root/ros2_ws/install/controller_interface/share/ament_index/resource_index/parent_prefix_path/controller_interface
[8.446s] -- Symlinking: /root/ros2_ws/install/controller_interface/share/controller_interface/environment/ament_prefix_path.sh
[8.461s] -- Symlinking: /root/ros2_ws/install/controller_interface/share/controller_interface/environment/ament_prefix_path.dsv
[8.478s] -- Symlinking: /root/ros2_ws/install/controller_interface/share/controller_interface/environment/path.sh
[8.493s] -- Symlinking: /root/ros2_ws/install/controller_interface/share/controller_interface/environment/path.dsv
[8.509s] -- Symlinking: /root/ros2_ws/install/controller_interface/share/controller_interface/local_setup.bash
[8.525s] -- Symlinking: /root/ros2_ws/install/controller_interface/share/controller_interface/local_setup.sh
[8.540s] -- Symlinking: /root/ros2_ws/install/controller_interface/share/controller_interface/local_setup.zsh
[8.556s] -- Symlinking: /root/ros2_ws/install/controller_interface/share/controller_interface/local_setup.dsv
[8.571s] -- Symlinking: /root/ros2_ws/install/controller_interface/share/controller_interface/package.dsv
[8.586s] -- Symlinking: /root/ros2_ws/install/controller_interface/share/ament_index/resource_index/packages/controller_interface
[8.602s] -- Symlinking: /root/ros2_ws/install/controller_interface/share/controller_interface/cmake/ament_cmake_export_targets-extras.cmake
[8.618s] -- Symlinking: /root/ros2_ws/install/controller_interface/share/controller_interface/cmake/ament_cmake_export_dependencies-extras.cmake
[8.634s] -- Symlinking: /root/ros2_ws/install/controller_interface/share/controller_interface/cmake/controller_interfaceConfig.cmake
[8.649s] -- Symlinking: /root/ros2_ws/install/controller_interface/share/controller_interface/cmake/controller_interfaceConfig-version.cmake
[8.666s] -- Symlinking: /root/ros2_ws/install/controller_interface/share/controller_interface/package.xml
[8.681s] -- Symlinking: /root/ros2_ws/install/controller_interface/include/controller_interface/controller_interface/version.h
[8.697s] -- Installing: /root/ros2_ws/install/controller_interface/lib/libcontroller_interface.so
[8.697s] -- Set runtime path of "/root/ros2_ws/install/controller_interface/lib/libcontroller_interface.so" to ""
[8.698s] -- Installing: /root/ros2_ws/install/controller_interface/share/controller_interface/cmake/export_controller_interfaceExport.cmake
[8.698s] -- Installing: /root/ros2_ws/install/controller_interface/share/controller_interface/cmake/export_controller_interfaceExport-release.cmake
[8.702s] Invoked command in '/root/ros2_ws/build/controller_interface' returned '0': CMAKE_PREFIX_PATH=/root/ros2_ws/install/hardware_interface:/root/ros2_ws/install/ros2_control_test_assets:/root/ros2_ws/install/controller_interface:/root/ros2_ws/install/app_subscriber:/opt/ros/humble LD_LIBRARY_PATH=/root/ros2_ws/install/hardware_interface/lib:/root/ros2_ws/install/ros2_control_test_assets/lib:/root/ros2_ws/install/controller_interface/lib:/opt/ros/humble/lib/aarch64-linux-gnu:/opt/ros/humble/lib /usr/bin/cmake --install /root/ros2_ws/build/controller_interface
