[0.157s] DEBUG:colcon:Command line arguments: ['/usr/bin/colcon', 'build']
[0.157s] DEBUG:colcon:Parsed command line arguments: Namespace(log_base=None, log_level=None, verb_name='build', build_base='build', install_base='install', merge_install=False, symlink_install=False, test_result_base=None, continue_on_error=False, executor='parallel', parallel_workers=4, event_handlers=None, ignore_user_meta=False, metas=['./colcon.meta'], base_paths=['.'], packages_ignore=None, packages_ignore_regex=None, paths=None, packages_up_to=None, packages_up_to_regex=None, packages_above=None, packages_above_and_dependencies=None, packages_above_depth=None, packages_select_by_dep=None, packages_skip_by_dep=None, packages_skip_up_to=None, packages_select_build_failed=False, packages_skip_build_finished=False, packages_select_test_failures=False, packages_skip_test_passed=False, packages_select=None, packages_skip=None, packages_select_regex=None, packages_skip_regex=None, packages_start=None, packages_end=None, cmake_args=None, cmake_target=None, cmake_target_skip_unavailable=False, cmake_clean_cache=False, cmake_clean_first=False, cmake_force_configure=False, ament_cmake_args=None, catkin_cmake_args=None, catkin_skip_building_tests=False, mixin_files=None, mixin=None, verb_parser=<colcon_mixin.mixin.mixin_argument.MixinArgumentDecorator object at 0xffffa7e38160>, verb_extension=<colcon_core.verb.build.BuildVerb object at 0xffffa7fd0790>, main=<bound method BuildVerb.main of <colcon_core.verb.build.BuildVerb object at 0xffffa7fd0790>>, mixin_verb=('build',))
[0.329s] Level 1:colcon.colcon_core.package_discovery:discover_packages(colcon_meta) check parameters
[0.330s] INFO:colcon.colcon_metadata.package_discovery.colcon_meta:Using configuration from '/root/.colcon/metadata/default/Gazebo.meta'
[0.330s] INFO:colcon.colcon_metadata.package_discovery.colcon_meta:Using configuration from '/root/.colcon/metadata/default/fastdds.meta'
[0.331s] INFO:colcon.colcon_metadata.package_discovery.colcon_meta:Using configuration from '/root/.colcon/metadata/default/fastrtps.meta'
[0.331s] Level 1:colcon.colcon_core.package_discovery:discover_packages(recursive) check parameters
[0.331s] Level 1:colcon.colcon_core.package_discovery:discover_packages(ignore) check parameters
[0.331s] Level 1:colcon.colcon_core.package_discovery:discover_packages(path) check parameters
[0.331s] Level 1:colcon.colcon_core.package_discovery:discover_packages(colcon_meta) discover
[0.331s] Level 1:colcon.colcon_core.package_discovery:discover_packages(recursive) discover
[0.331s] INFO:colcon.colcon_core.package_discovery:Crawling recursively for packages in '/root/ros2_ws'
[0.331s] Level 1:colcon.colcon_core.package_identification:_identify(.) by extensions ['ignore', 'ignore_ament_install']
[0.332s] Level 1:colcon.colcon_core.package_identification:_identify(.) by extension 'ignore'
[0.332s] Level 1:colcon.colcon_core.package_identification:_identify(.) by extension 'ignore_ament_install'
[0.332s] Level 1:colcon.colcon_core.package_identification:_identify(.) by extensions ['colcon_pkg']
[0.332s] Level 1:colcon.colcon_core.package_identification:_identify(.) by extension 'colcon_pkg'
[0.332s] Level 1:colcon.colcon_core.package_identification:_identify(.) by extensions ['colcon_meta']
[0.332s] Level 1:colcon.colcon_core.package_identification:_identify(.) by extension 'colcon_meta'
[0.332s] Level 1:colcon.colcon_core.package_identification:_identify(.) by extensions ['ros']
[0.332s] Level 1:colcon.colcon_core.package_identification:_identify(.) by extension 'ros'
[0.347s] Level 1:colcon.colcon_core.package_identification:_identify(.) by extensions ['cmake', 'python']
[0.347s] Level 1:colcon.colcon_core.package_identification:_identify(.) by extension 'cmake'
[0.347s] Level 1:colcon.colcon_core.package_identification:_identify(.) by extension 'python'
[0.347s] Level 1:colcon.colcon_core.package_identification:_identify(.) by extensions ['python_setup_py']
[0.347s] Level 1:colcon.colcon_core.package_identification:_identify(.) by extension 'python_setup_py'
[0.347s] Level 1:colcon.colcon_core.package_identification:_identify(build) by extensions ['ignore', 'ignore_ament_install']
[0.347s] Level 1:colcon.colcon_core.package_identification:_identify(build) by extension 'ignore'
[0.347s] Level 1:colcon.colcon_core.package_identification:_identify(build) ignored
[0.347s] Level 1:colcon.colcon_core.package_identification:_identify(install) by extensions ['ignore', 'ignore_ament_install']
[0.348s] Level 1:colcon.colcon_core.package_identification:_identify(install) by extension 'ignore'
[0.348s] Level 1:colcon.colcon_core.package_identification:_identify(install) ignored
[0.348s] Level 1:colcon.colcon_core.package_identification:_identify(log) by extensions ['ignore', 'ignore_ament_install']
[0.348s] Level 1:colcon.colcon_core.package_identification:_identify(log) by extension 'ignore'
[0.348s] Level 1:colcon.colcon_core.package_identification:_identify(log) ignored
[0.348s] Level 1:colcon.colcon_core.package_identification:_identify(src) by extensions ['ignore', 'ignore_ament_install']
[0.348s] Level 1:colcon.colcon_core.package_identification:_identify(src) by extension 'ignore'
[0.348s] Level 1:colcon.colcon_core.package_identification:_identify(src) by extension 'ignore_ament_install'
[0.348s] Level 1:colcon.colcon_core.package_identification:_identify(src) by extensions ['colcon_pkg']
[0.348s] Level 1:colcon.colcon_core.package_identification:_identify(src) by extension 'colcon_pkg'
[0.348s] Level 1:colcon.colcon_core.package_identification:_identify(src) by extensions ['colcon_meta']
[0.348s] Level 1:colcon.colcon_core.package_identification:_identify(src) by extension 'colcon_meta'
[0.348s] Level 1:colcon.colcon_core.package_identification:_identify(src) by extensions ['ros']
[0.348s] Level 1:colcon.colcon_core.package_identification:_identify(src) by extension 'ros'
[0.348s] Level 1:colcon.colcon_core.package_identification:_identify(src) by extensions ['cmake', 'python']
[0.348s] Level 1:colcon.colcon_core.package_identification:_identify(src) by extension 'cmake'
[0.348s] Level 1:colcon.colcon_core.package_identification:_identify(src) by extension 'python'
[0.349s] Level 1:colcon.colcon_core.package_identification:_identify(src) by extensions ['python_setup_py']
[0.349s] Level 1:colcon.colcon_core.package_identification:_identify(src) by extension 'python_setup_py'
[0.349s] Level 1:colcon.colcon_core.package_identification:_identify(src/app_subscriber) by extensions ['ignore', 'ignore_ament_install']
[0.349s] Level 1:colcon.colcon_core.package_identification:_identify(src/app_subscriber) by extension 'ignore'
[0.349s] Level 1:colcon.colcon_core.package_identification:_identify(src/app_subscriber) by extension 'ignore_ament_install'
[0.349s] Level 1:colcon.colcon_core.package_identification:_identify(src/app_subscriber) by extensions ['colcon_pkg']
[0.349s] Level 1:colcon.colcon_core.package_identification:_identify(src/app_subscriber) by extension 'colcon_pkg'
[0.349s] Level 1:colcon.colcon_core.package_identification:_identify(src/app_subscriber) by extensions ['colcon_meta']
[0.349s] Level 1:colcon.colcon_core.package_identification:_identify(src/app_subscriber) by extension 'colcon_meta'
[0.349s] Level 1:colcon.colcon_core.package_identification:_identify(src/app_subscriber) by extensions ['ros']
[0.349s] Level 1:colcon.colcon_core.package_identification:_identify(src/app_subscriber) by extension 'ros'
[0.352s] DEBUG:colcon.colcon_core.package_identification:Package 'src/app_subscriber' with type 'ros.ament_python' and name 'app_subscriber'
[0.352s] Level 1:colcon.colcon_core.package_identification:_identify(src/build) by extensions ['ignore', 'ignore_ament_install']
[0.352s] Level 1:colcon.colcon_core.package_identification:_identify(src/build) by extension 'ignore'
[0.352s] Level 1:colcon.colcon_core.package_identification:_identify(src/build) ignored
[0.353s] Level 1:colcon.colcon_core.package_identification:_identify(src/distance_pid) by extensions ['ignore', 'ignore_ament_install']
[0.353s] Level 1:colcon.colcon_core.package_identification:_identify(src/distance_pid) by extension 'ignore'
[0.353s] Level 1:colcon.colcon_core.package_identification:_identify(src/distance_pid) by extension 'ignore_ament_install'
[0.353s] Level 1:colcon.colcon_core.package_identification:_identify(src/distance_pid) by extensions ['colcon_pkg']
[0.353s] Level 1:colcon.colcon_core.package_identification:_identify(src/distance_pid) by extension 'colcon_pkg'
[0.353s] Level 1:colcon.colcon_core.package_identification:_identify(src/distance_pid) by extensions ['colcon_meta']
[0.353s] Level 1:colcon.colcon_core.package_identification:_identify(src/distance_pid) by extension 'colcon_meta'
[0.353s] Level 1:colcon.colcon_core.package_identification:_identify(src/distance_pid) by extensions ['ros']
[0.353s] Level 1:colcon.colcon_core.package_identification:_identify(src/distance_pid) by extension 'ros'
[0.354s] DEBUG:colcon.colcon_core.package_identification:Package 'src/distance_pid' with type 'ros.ament_python' and name 'distance_pid'
[0.354s] Level 1:colcon.colcon_core.package_identification:_identify(src/install) by extensions ['ignore', 'ignore_ament_install']
[0.357s] Level 1:colcon.colcon_core.package_identification:_identify(src/install) by extension 'ignore'
[0.357s] Level 1:colcon.colcon_core.package_identification:_identify(src/install) ignored
[0.357s] Level 1:colcon.colcon_core.package_identification:_identify(src/log) by extensions ['ignore', 'ignore_ament_install']
[0.357s] Level 1:colcon.colcon_core.package_identification:_identify(src/log) by extension 'ignore'
[0.357s] Level 1:colcon.colcon_core.package_identification:_identify(src/log) ignored
[0.357s] Level 1:colcon.colcon_core.package_identification:_identify(src/mecanum_bot) by extensions ['ignore', 'ignore_ament_install']
[0.357s] Level 1:colcon.colcon_core.package_identification:_identify(src/mecanum_bot) by extension 'ignore'
[0.357s] Level 1:colcon.colcon_core.package_identification:_identify(src/mecanum_bot) by extension 'ignore_ament_install'
[0.358s] Level 1:colcon.colcon_core.package_identification:_identify(src/mecanum_bot) by extensions ['colcon_pkg']
[0.358s] Level 1:colcon.colcon_core.package_identification:_identify(src/mecanum_bot) by extension 'colcon_pkg'
[0.358s] Level 1:colcon.colcon_core.package_identification:_identify(src/mecanum_bot) by extensions ['colcon_meta']
[0.358s] Level 1:colcon.colcon_core.package_identification:_identify(src/mecanum_bot) by extension 'colcon_meta'
[0.358s] Level 1:colcon.colcon_core.package_identification:_identify(src/mecanum_bot) by extensions ['ros']
[0.358s] Level 1:colcon.colcon_core.package_identification:_identify(src/mecanum_bot) by extension 'ros'
[0.358s] DEBUG:colcon.colcon_core.package_identification:Package 'src/mecanum_bot' with type 'ros.ament_python' and name 'mecanum_bot'
[0.359s] Level 1:colcon.colcon_core.package_identification:_identify(src/mecanum_hardware) by extensions ['ignore', 'ignore_ament_install']
[0.359s] Level 1:colcon.colcon_core.package_identification:_identify(src/mecanum_hardware) by extension 'ignore'
[0.359s] Level 1:colcon.colcon_core.package_identification:_identify(src/mecanum_hardware) by extension 'ignore_ament_install'
[0.359s] Level 1:colcon.colcon_core.package_identification:_identify(src/mecanum_hardware) by extensions ['colcon_pkg']
[0.359s] Level 1:colcon.colcon_core.package_identification:_identify(src/mecanum_hardware) by extension 'colcon_pkg'
[0.359s] Level 1:colcon.colcon_core.package_identification:_identify(src/mecanum_hardware) by extensions ['colcon_meta']
[0.359s] Level 1:colcon.colcon_core.package_identification:_identify(src/mecanum_hardware) by extension 'colcon_meta'
[0.359s] Level 1:colcon.colcon_core.package_identification:_identify(src/mecanum_hardware) by extensions ['ros']
[0.359s] Level 1:colcon.colcon_core.package_identification:_identify(src/mecanum_hardware) by extension 'ros'
[0.360s] DEBUG:colcon.colcon_core.package_identification:Package 'src/mecanum_hardware' with type 'ros.ament_cmake' and name 'mecanum_hardware'
[0.360s] Level 1:colcon.colcon_core.package_discovery:discover_packages(recursive) using defaults
[0.360s] Level 1:colcon.colcon_core.package_discovery:discover_packages(ignore) discover
[0.360s] Level 1:colcon.colcon_core.package_discovery:discover_packages(ignore) using defaults
[0.360s] Level 1:colcon.colcon_core.package_discovery:discover_packages(path) discover
[0.360s] Level 1:colcon.colcon_core.package_discovery:discover_packages(path) using defaults
[0.386s] Level 5:colcon.colcon_core.verb:set package 'app_subscriber' build argument 'cmake_args' from command line to 'None'
[0.386s] Level 5:colcon.colcon_core.verb:set package 'app_subscriber' build argument 'cmake_target' from command line to 'None'
[0.386s] Level 5:colcon.colcon_core.verb:set package 'app_subscriber' build argument 'cmake_target_skip_unavailable' from command line to 'False'
[0.386s] Level 5:colcon.colcon_core.verb:set package 'app_subscriber' build argument 'cmake_clean_cache' from command line to 'False'
[0.386s] Level 5:colcon.colcon_core.verb:set package 'app_subscriber' build argument 'cmake_clean_first' from command line to 'False'
[0.386s] Level 5:colcon.colcon_core.verb:set package 'app_subscriber' build argument 'cmake_force_configure' from command line to 'False'
[0.386s] Level 5:colcon.colcon_core.verb:set package 'app_subscriber' build argument 'ament_cmake_args' from command line to 'None'
[0.386s] Level 5:colcon.colcon_core.verb:set package 'app_subscriber' build argument 'catkin_cmake_args' from command line to 'None'
[0.386s] Level 5:colcon.colcon_core.verb:set package 'app_subscriber' build argument 'catkin_skip_building_tests' from command line to 'False'
[0.386s] DEBUG:colcon.colcon_core.verb:Building package 'app_subscriber' with the following arguments: {'ament_cmake_args': None, 'build_base': '/root/ros2_ws/build/app_subscriber', 'catkin_cmake_args': None, 'catkin_skip_building_tests': False, 'cmake_args': None, 'cmake_clean_cache': False, 'cmake_clean_first': False, 'cmake_force_configure': False, 'cmake_target': None, 'cmake_target_skip_unavailable': False, 'install_base': '/root/ros2_ws/install/app_subscriber', 'merge_install': False, 'path': '/root/ros2_ws/src/app_subscriber', 'symlink_install': False, 'test_result_base': None}
[0.386s] Level 5:colcon.colcon_core.verb:set package 'distance_pid' build argument 'cmake_args' from command line to 'None'
[0.386s] Level 5:colcon.colcon_core.verb:set package 'distance_pid' build argument 'cmake_target' from command line to 'None'
[0.386s] Level 5:colcon.colcon_core.verb:set package 'distance_pid' build argument 'cmake_target_skip_unavailable' from command line to 'False'
[0.386s] Level 5:colcon.colcon_core.verb:set package 'distance_pid' build argument 'cmake_clean_cache' from command line to 'False'
[0.386s] Level 5:colcon.colcon_core.verb:set package 'distance_pid' build argument 'cmake_clean_first' from command line to 'False'
[0.386s] Level 5:colcon.colcon_core.verb:set package 'distance_pid' build argument 'cmake_force_configure' from command line to 'False'
[0.386s] Level 5:colcon.colcon_core.verb:set package 'distance_pid' build argument 'ament_cmake_args' from command line to 'None'
[0.387s] Level 5:colcon.colcon_core.verb:set package 'distance_pid' build argument 'catkin_cmake_args' from command line to 'None'
[0.387s] Level 5:colcon.colcon_core.verb:set package 'distance_pid' build argument 'catkin_skip_building_tests' from command line to 'False'
[0.387s] DEBUG:colcon.colcon_core.verb:Building package 'distance_pid' with the following arguments: {'ament_cmake_args': None, 'build_base': '/root/ros2_ws/build/distance_pid', 'catkin_cmake_args': None, 'catkin_skip_building_tests': False, 'cmake_args': None, 'cmake_clean_cache': False, 'cmake_clean_first': False, 'cmake_force_configure': False, 'cmake_target': None, 'cmake_target_skip_unavailable': False, 'install_base': '/root/ros2_ws/install/distance_pid', 'merge_install': False, 'path': '/root/ros2_ws/src/distance_pid', 'symlink_install': False, 'test_result_base': None}
[0.387s] Level 5:colcon.colcon_core.verb:set package 'mecanum_bot' build argument 'cmake_args' from command line to 'None'
[0.387s] Level 5:colcon.colcon_core.verb:set package 'mecanum_bot' build argument 'cmake_target' from command line to 'None'
[0.387s] Level 5:colcon.colcon_core.verb:set package 'mecanum_bot' build argument 'cmake_target_skip_unavailable' from command line to 'False'
[0.387s] Level 5:colcon.colcon_core.verb:set package 'mecanum_bot' build argument 'cmake_clean_cache' from command line to 'False'
[0.387s] Level 5:colcon.colcon_core.verb:set package 'mecanum_bot' build argument 'cmake_clean_first' from command line to 'False'
[0.387s] Level 5:colcon.colcon_core.verb:set package 'mecanum_bot' build argument 'cmake_force_configure' from command line to 'False'
[0.387s] Level 5:colcon.colcon_core.verb:set package 'mecanum_bot' build argument 'ament_cmake_args' from command line to 'None'
[0.387s] Level 5:colcon.colcon_core.verb:set package 'mecanum_bot' build argument 'catkin_cmake_args' from command line to 'None'
[0.387s] Level 5:colcon.colcon_core.verb:set package 'mecanum_bot' build argument 'catkin_skip_building_tests' from command line to 'False'
[0.387s] DEBUG:colcon.colcon_core.verb:Building package 'mecanum_bot' with the following arguments: {'ament_cmake_args': None, 'build_base': '/root/ros2_ws/build/mecanum_bot', 'catkin_cmake_args': None, 'catkin_skip_building_tests': False, 'cmake_args': None, 'cmake_clean_cache': False, 'cmake_clean_first': False, 'cmake_force_configure': False, 'cmake_target': None, 'cmake_target_skip_unavailable': False, 'install_base': '/root/ros2_ws/install/mecanum_bot', 'merge_install': False, 'path': '/root/ros2_ws/src/mecanum_bot', 'symlink_install': False, 'test_result_base': None}
[0.388s] Level 5:colcon.colcon_core.verb:set package 'mecanum_hardware' build argument 'cmake_args' from command line to 'None'
[0.388s] Level 5:colcon.colcon_core.verb:set package 'mecanum_hardware' build argument 'cmake_target' from command line to 'None'
[0.388s] Level 5:colcon.colcon_core.verb:set package 'mecanum_hardware' build argument 'cmake_target_skip_unavailable' from command line to 'False'
[0.388s] Level 5:colcon.colcon_core.verb:set package 'mecanum_hardware' build argument 'cmake_clean_cache' from command line to 'False'
[0.388s] Level 5:colcon.colcon_core.verb:set package 'mecanum_hardware' build argument 'cmake_clean_first' from command line to 'False'
[0.388s] Level 5:colcon.colcon_core.verb:set package 'mecanum_hardware' build argument 'cmake_force_configure' from command line to 'False'
[0.388s] Level 5:colcon.colcon_core.verb:set package 'mecanum_hardware' build argument 'ament_cmake_args' from command line to 'None'
[0.388s] Level 5:colcon.colcon_core.verb:set package 'mecanum_hardware' build argument 'catkin_cmake_args' from command line to 'None'
[0.388s] Level 5:colcon.colcon_core.verb:set package 'mecanum_hardware' build argument 'catkin_skip_building_tests' from command line to 'False'
[0.388s] DEBUG:colcon.colcon_core.verb:Building package 'mecanum_hardware' with the following arguments: {'ament_cmake_args': None, 'build_base': '/root/ros2_ws/build/mecanum_hardware', 'catkin_cmake_args': None, 'catkin_skip_building_tests': False, 'cmake_args': None, 'cmake_clean_cache': False, 'cmake_clean_first': False, 'cmake_force_configure': False, 'cmake_target': None, 'cmake_target_skip_unavailable': False, 'install_base': '/root/ros2_ws/install/mecanum_hardware', 'merge_install': False, 'path': '/root/ros2_ws/src/mecanum_hardware', 'symlink_install': False, 'test_result_base': None}
[0.388s] INFO:colcon.colcon_core.executor:Executing jobs using 'parallel' executor
[0.389s] DEBUG:colcon.colcon_parallel_executor.executor.parallel:run_until_complete
[0.390s] INFO:colcon.colcon_ros.task.ament_python.build:Building ROS package in '/root/ros2_ws/src/app_subscriber' with build type 'ament_python'
[0.390s] Level 1:colcon.colcon_core.shell:create_environment_hook('app_subscriber', 'ament_prefix_path')
[0.393s] INFO:colcon.colcon_core.plugin_system:Skipping extension 'colcon_core.shell.bat': Not used on non-Windows systems
[0.393s] INFO:colcon.colcon_core.shell:Creating environment hook '/root/ros2_ws/install/app_subscriber/share/app_subscriber/hook/ament_prefix_path.ps1'
[0.394s] INFO:colcon.colcon_core.shell:Creating environment descriptor '/root/ros2_ws/install/app_subscriber/share/app_subscriber/hook/ament_prefix_path.dsv'
[0.395s] INFO:colcon.colcon_core.shell:Creating environment hook '/root/ros2_ws/install/app_subscriber/share/app_subscriber/hook/ament_prefix_path.sh'
[0.396s] INFO:colcon.colcon_core.shell:Skip shell extension 'powershell' for command environment: Not usable outside of PowerShell
[0.396s] DEBUG:colcon.colcon_core.shell:Skip shell extension 'dsv' for command environment
[0.397s] WARNING:colcon.colcon_ros.prefix_path.ament:The path '/root/ros2_ws/install/ros2_controllers_test_nodes' in the environment variable AMENT_PREFIX_PATH doesn't exist
[0.398s] WARNING:colcon.colcon_ros.prefix_path.ament:The path '/root/ros2_ws/install/ros2_control_test_assets' in the environment variable AMENT_PREFIX_PATH doesn't exist
[0.398s] WARNING:colcon.colcon_ros.prefix_path.ament:The path '/root/ros2_ws/install/mecanum_bot' in the environment variable AMENT_PREFIX_PATH doesn't exist
[0.398s] WARNING:colcon.colcon_ros.prefix_path.ament:The path '/root/ros2_ws/install/distance_pid' in the environment variable AMENT_PREFIX_PATH doesn't exist
[0.398s] WARNING:colcon.colcon_ros.prefix_path.ament:The path '/root/ros2_ws/install/mecanum_hardware' in the environment variable AMENT_PREFIX_PATH doesn't exist
[0.398s] WARNING:colcon.colcon_ros.prefix_path.catkin:The path '/root/ros2_ws/install/ros2_control_test_assets' in the environment variable CMAKE_PREFIX_PATH doesn't exist
[0.398s] WARNING:colcon.colcon_ros.prefix_path.catkin:The path '/root/ros2_ws/install/mecanum_hardware' in the environment variable CMAKE_PREFIX_PATH doesn't exist
[0.402s] INFO:colcon.colcon_ros.task.ament_python.build:Building ROS package in '/root/ros2_ws/src/distance_pid' with build type 'ament_python'
[0.403s] Level 1:colcon.colcon_core.shell:create_environment_hook('distance_pid', 'ament_prefix_path')
[0.403s] INFO:colcon.colcon_core.shell:Creating environment hook '/root/ros2_ws/install/distance_pid/share/distance_pid/hook/ament_prefix_path.ps1'
[0.405s] INFO:colcon.colcon_core.shell:Creating environment descriptor '/root/ros2_ws/install/distance_pid/share/distance_pid/hook/ament_prefix_path.dsv'
[0.405s] INFO:colcon.colcon_core.shell:Creating environment hook '/root/ros2_ws/install/distance_pid/share/distance_pid/hook/ament_prefix_path.sh'
[0.406s] INFO:colcon.colcon_core.shell:Skip shell extension 'powershell' for command environment: Not usable outside of PowerShell
[0.406s] DEBUG:colcon.colcon_core.shell:Skip shell extension 'dsv' for command environment
[0.410s] INFO:colcon.colcon_ros.task.ament_python.build:Building ROS package in '/root/ros2_ws/src/mecanum_bot' with build type 'ament_python'
[0.411s] Level 1:colcon.colcon_core.shell:create_environment_hook('mecanum_bot', 'ament_prefix_path')
[0.411s] INFO:colcon.colcon_core.shell:Creating environment hook '/root/ros2_ws/install/mecanum_bot/share/mecanum_bot/hook/ament_prefix_path.ps1'
[0.412s] INFO:colcon.colcon_core.shell:Creating environment descriptor '/root/ros2_ws/install/mecanum_bot/share/mecanum_bot/hook/ament_prefix_path.dsv'
[0.413s] INFO:colcon.colcon_core.shell:Creating environment hook '/root/ros2_ws/install/mecanum_bot/share/mecanum_bot/hook/ament_prefix_path.sh'
[0.414s] INFO:colcon.colcon_core.shell:Skip shell extension 'powershell' for command environment: Not usable outside of PowerShell
[0.414s] DEBUG:colcon.colcon_core.shell:Skip shell extension 'dsv' for command environment
[0.418s] INFO:colcon.colcon_ros.task.ament_cmake.build:Building ROS package in '/root/ros2_ws/src/mecanum_hardware' with build type 'ament_cmake'
[0.419s] INFO:colcon.colcon_cmake.task.cmake.build:Building CMake package in '/root/ros2_ws/src/mecanum_hardware'
[0.419s] INFO:colcon.colcon_core.shell:Skip shell extension 'powershell' for command environment: Not usable outside of PowerShell
[0.419s] DEBUG:colcon.colcon_core.shell:Skip shell extension 'dsv' for command environment
[0.769s] INFO:colcon.colcon_core.task.python.build:Building Python package in '/root/ros2_ws/src/app_subscriber'
[0.770s] INFO:colcon.colcon_core.shell:Skip shell extension 'powershell' for command environment: Not usable outside of PowerShell
[0.770s] DEBUG:colcon.colcon_core.shell:Skip shell extension 'dsv' for command environment
[1.121s] INFO:colcon.colcon_core.task.python.build:Building Python package in '/root/ros2_ws/src/distance_pid'
[1.122s] INFO:colcon.colcon_core.shell:Skip shell extension 'powershell' for command environment: Not usable outside of PowerShell
[1.122s] DEBUG:colcon.colcon_core.shell:Skip shell extension 'dsv' for command environment
[1.447s] INFO:colcon.colcon_core.task.python.build:Building Python package in '/root/ros2_ws/src/mecanum_bot'
[1.448s] INFO:colcon.colcon_core.shell:Skip shell extension 'powershell' for command environment: Not usable outside of PowerShell
[1.448s] DEBUG:colcon.colcon_core.shell:Skip shell extension 'dsv' for command environment
[1.457s] DEBUG:colcon.colcon_core.event_handler.log_command:Invoking command in '/root/ros2_ws/build/mecanum_hardware': CMAKE_PREFIX_PATH=${CMAKE_PREFIX_PATH}:/root/ros2_ws/install/ros2_controllers_test_nodes:/root/ros2_ws/install/mecanum_bot:/root/ros2_ws/install/distance_pid:/root/ros2_ws/install/app_subscriber:/opt/ros/humble /usr/bin/cmake /root/ros2_ws/src/mecanum_hardware -DCMAKE_INSTALL_PREFIX=/root/ros2_ws/install/mecanum_hardware
[2.393s] DEBUG:colcon.colcon_core.event_handler.log_command:Invoking command in '/root/ros2_ws/src/app_subscriber': PYTHONPATH=/root/ros2_ws/build/app_subscriber/prefix_override:/usr/lib/python3/dist-packages/colcon_core/task/python/colcon_distutils_commands:/root/ros2_ws/install/app_subscriber/lib/python3.10/site-packages:${PYTHONPATH} /usr/bin/python3 -W ignore:setup.py install is deprecated -W ignore:easy_install command is deprecated setup.py egg_info --egg-base ../../build/app_subscriber build --build-base /root/ros2_ws/build/app_subscriber/build install --record /root/ros2_ws/build/app_subscriber/install.log --single-version-externally-managed install_data
[2.472s] DEBUG:colcon.colcon_core.event_handler.log_command:Invoking command in '/root/ros2_ws/src/mecanum_bot': PYTHONPATH=/root/ros2_ws/build/mecanum_bot/prefix_override:/usr/lib/python3/dist-packages/colcon_core/task/python/colcon_distutils_commands:/root/ros2_ws/install/mecanum_bot/lib/python3.10/site-packages:${PYTHONPATH} /usr/bin/python3 -W ignore:setup.py install is deprecated -W ignore:easy_install command is deprecated setup.py egg_info --egg-base ../../build/mecanum_bot build --build-base /root/ros2_ws/build/mecanum_bot/build install --record /root/ros2_ws/build/mecanum_bot/install.log --single-version-externally-managed install_data
[2.641s] DEBUG:colcon.colcon_core.event_handler.log_command:Invoking command in '/root/ros2_ws/src/distance_pid': PYTHONPATH=/root/ros2_ws/build/distance_pid/prefix_override:/usr/lib/python3/dist-packages/colcon_core/task/python/colcon_distutils_commands:/root/ros2_ws/install/distance_pid/lib/python3.10/site-packages:${PYTHONPATH} /usr/bin/python3 -W ignore:setup.py install is deprecated -W ignore:easy_install command is deprecated setup.py egg_info --egg-base ../../build/distance_pid build --build-base /root/ros2_ws/build/distance_pid/build install --record /root/ros2_ws/build/distance_pid/install.log --single-version-externally-managed install_data
[3.207s] DEBUG:colcon.colcon_core.event_handler.log_command:Invoked command in '/root/ros2_ws/src/app_subscriber' returned '0': PYTHONPATH=/root/ros2_ws/build/app_subscriber/prefix_override:/usr/lib/python3/dist-packages/colcon_core/task/python/colcon_distutils_commands:/root/ros2_ws/install/app_subscriber/lib/python3.10/site-packages:${PYTHONPATH} /usr/bin/python3 -W ignore:setup.py install is deprecated -W ignore:easy_install command is deprecated setup.py egg_info --egg-base ../../build/app_subscriber build --build-base /root/ros2_ws/build/app_subscriber/build install --record /root/ros2_ws/build/app_subscriber/install.log --single-version-externally-managed install_data
[3.219s] Level 1:colcon.colcon_core.environment:checking '/root/ros2_ws/install/app_subscriber' for CMake module files
[3.221s] Level 1:colcon.colcon_core.environment:checking '/root/ros2_ws/install/app_subscriber' for CMake config files
[3.223s] Level 1:colcon.colcon_core.environment:checking '/root/ros2_ws/install/app_subscriber/lib'
[3.224s] Level 1:colcon.colcon_core.environment:checking '/root/ros2_ws/install/app_subscriber/bin'
[3.224s] Level 1:colcon.colcon_core.environment:checking '/root/ros2_ws/install/app_subscriber/lib/pkgconfig/app_subscriber.pc'
[3.225s] Level 1:colcon.colcon_core.environment:checking '/root/ros2_ws/install/app_subscriber/lib/python3.10/site-packages'
[3.225s] Level 1:colcon.colcon_core.shell:create_environment_hook('app_subscriber', 'pythonpath')
[3.228s] INFO:colcon.colcon_core.shell:Creating environment hook '/root/ros2_ws/install/app_subscriber/share/app_subscriber/hook/pythonpath.ps1'
[3.233s] INFO:colcon.colcon_core.shell:Creating environment descriptor '/root/ros2_ws/install/app_subscriber/share/app_subscriber/hook/pythonpath.dsv'
[3.235s] INFO:colcon.colcon_core.shell:Creating environment hook '/root/ros2_ws/install/app_subscriber/share/app_subscriber/hook/pythonpath.sh'
[3.238s] Level 1:colcon.colcon_core.environment:checking '/root/ros2_ws/install/app_subscriber/bin'
[3.239s] Level 1:colcon.colcon_core.environment:create_environment_scripts_only(app_subscriber)
[3.240s] INFO:colcon.colcon_core.shell:Creating package script '/root/ros2_ws/install/app_subscriber/share/app_subscriber/package.ps1'
[3.244s] INFO:colcon.colcon_core.shell:Creating package descriptor '/root/ros2_ws/install/app_subscriber/share/app_subscriber/package.dsv'
[3.246s] INFO:colcon.colcon_core.shell:Creating package script '/root/ros2_ws/install/app_subscriber/share/app_subscriber/package.sh'
[3.249s] INFO:colcon.colcon_core.shell:Creating package script '/root/ros2_ws/install/app_subscriber/share/app_subscriber/package.bash'
[3.252s] INFO:colcon.colcon_core.shell:Creating package script '/root/ros2_ws/install/app_subscriber/share/app_subscriber/package.zsh'
[3.254s] Level 1:colcon.colcon_core.environment:create_file_with_runtime_dependencies(/root/ros2_ws/install/app_subscriber/share/colcon-core/packages/app_subscriber)
[3.341s] Level 1:colcon.colcon_core.environment:checking '/root/ros2_ws/install/mecanum_bot' for CMake module files
[3.342s] Level 1:colcon.colcon_core.environment:checking '/root/ros2_ws/install/mecanum_bot' for CMake config files
[3.342s] DEBUG:colcon.colcon_core.event_handler.log_command:Invoked command in '/root/ros2_ws/src/mecanum_bot' returned '0': PYTHONPATH=/root/ros2_ws/build/mecanum_bot/prefix_override:/usr/lib/python3/dist-packages/colcon_core/task/python/colcon_distutils_commands:/root/ros2_ws/install/mecanum_bot/lib/python3.10/site-packages:${PYTHONPATH} /usr/bin/python3 -W ignore:setup.py install is deprecated -W ignore:easy_install command is deprecated setup.py egg_info --egg-base ../../build/mecanum_bot build --build-base /root/ros2_ws/build/mecanum_bot/build install --record /root/ros2_ws/build/mecanum_bot/install.log --single-version-externally-managed install_data
[3.344s] Level 1:colcon.colcon_core.environment:checking '/root/ros2_ws/install/mecanum_bot/lib'
[3.344s] Level 1:colcon.colcon_core.environment:checking '/root/ros2_ws/install/mecanum_bot/bin'
[3.344s] Level 1:colcon.colcon_core.environment:checking '/root/ros2_ws/install/mecanum_bot/lib/pkgconfig/mecanum_bot.pc'
[3.345s] Level 1:colcon.colcon_core.environment:checking '/root/ros2_ws/install/mecanum_bot/lib/python3.10/site-packages'
[3.345s] Level 1:colcon.colcon_core.shell:create_environment_hook('mecanum_bot', 'pythonpath')
[3.346s] INFO:colcon.colcon_core.shell:Creating environment hook '/root/ros2_ws/install/mecanum_bot/share/mecanum_bot/hook/pythonpath.ps1'
[3.349s] INFO:colcon.colcon_core.shell:Creating environment descriptor '/root/ros2_ws/install/mecanum_bot/share/mecanum_bot/hook/pythonpath.dsv'
[3.351s] INFO:colcon.colcon_core.shell:Creating environment hook '/root/ros2_ws/install/mecanum_bot/share/mecanum_bot/hook/pythonpath.sh'
[3.353s] Level 1:colcon.colcon_core.environment:checking '/root/ros2_ws/install/mecanum_bot/bin'
[3.353s] Level 1:colcon.colcon_core.environment:create_environment_scripts_only(mecanum_bot)
[3.354s] INFO:colcon.colcon_core.shell:Creating package script '/root/ros2_ws/install/mecanum_bot/share/mecanum_bot/package.ps1'
[3.356s] INFO:colcon.colcon_core.shell:Creating package descriptor '/root/ros2_ws/install/mecanum_bot/share/mecanum_bot/package.dsv'
[3.357s] INFO:colcon.colcon_core.shell:Creating package script '/root/ros2_ws/install/mecanum_bot/share/mecanum_bot/package.sh'
[3.358s] INFO:colcon.colcon_core.shell:Creating package script '/root/ros2_ws/install/mecanum_bot/share/mecanum_bot/package.bash'
[3.359s] INFO:colcon.colcon_core.shell:Creating package script '/root/ros2_ws/install/mecanum_bot/share/mecanum_bot/package.zsh'
[3.360s] Level 1:colcon.colcon_core.environment:create_file_with_runtime_dependencies(/root/ros2_ws/install/mecanum_bot/share/colcon-core/packages/mecanum_bot)
[3.425s] Level 1:colcon.colcon_core.environment:checking '/root/ros2_ws/install/distance_pid' for CMake module files
[3.426s] DEBUG:colcon.colcon_core.event_handler.log_command:Invoked command in '/root/ros2_ws/src/distance_pid' returned '0': PYTHONPATH=/root/ros2_ws/build/distance_pid/prefix_override:/usr/lib/python3/dist-packages/colcon_core/task/python/colcon_distutils_commands:/root/ros2_ws/install/distance_pid/lib/python3.10/site-packages:${PYTHONPATH} /usr/bin/python3 -W ignore:setup.py install is deprecated -W ignore:easy_install command is deprecated setup.py egg_info --egg-base ../../build/distance_pid build --build-base /root/ros2_ws/build/distance_pid/build install --record /root/ros2_ws/build/distance_pid/install.log --single-version-externally-managed install_data
[3.426s] Level 1:colcon.colcon_core.environment:checking '/root/ros2_ws/install/distance_pid' for CMake config files
[3.427s] Level 1:colcon.colcon_core.environment:checking '/root/ros2_ws/install/distance_pid/lib'
[3.427s] Level 1:colcon.colcon_core.environment:checking '/root/ros2_ws/install/distance_pid/bin'
[3.427s] Level 1:colcon.colcon_core.environment:checking '/root/ros2_ws/install/distance_pid/lib/pkgconfig/distance_pid.pc'
[3.427s] Level 1:colcon.colcon_core.environment:checking '/root/ros2_ws/install/distance_pid/lib/python3.10/site-packages'
[3.427s] Level 1:colcon.colcon_core.shell:create_environment_hook('distance_pid', 'pythonpath')
[3.428s] INFO:colcon.colcon_core.shell:Creating environment hook '/root/ros2_ws/install/distance_pid/share/distance_pid/hook/pythonpath.ps1'
[3.429s] INFO:colcon.colcon_core.shell:Creating environment descriptor '/root/ros2_ws/install/distance_pid/share/distance_pid/hook/pythonpath.dsv'
[3.429s] INFO:colcon.colcon_core.shell:Creating environment hook '/root/ros2_ws/install/distance_pid/share/distance_pid/hook/pythonpath.sh'
[3.430s] Level 1:colcon.colcon_core.environment:checking '/root/ros2_ws/install/distance_pid/bin'
[3.430s] Level 1:colcon.colcon_core.environment:create_environment_scripts_only(distance_pid)
[3.430s] INFO:colcon.colcon_core.shell:Creating package script '/root/ros2_ws/install/distance_pid/share/distance_pid/package.ps1'
[3.431s] INFO:colcon.colcon_core.shell:Creating package descriptor '/root/ros2_ws/install/distance_pid/share/distance_pid/package.dsv'
[3.432s] INFO:colcon.colcon_core.shell:Creating package script '/root/ros2_ws/install/distance_pid/share/distance_pid/package.sh'
[3.432s] INFO:colcon.colcon_core.shell:Creating package script '/root/ros2_ws/install/distance_pid/share/distance_pid/package.bash'
[3.432s] INFO:colcon.colcon_core.shell:Creating package script '/root/ros2_ws/install/distance_pid/share/distance_pid/package.zsh'
[3.433s] Level 1:colcon.colcon_core.environment:create_file_with_runtime_dependencies(/root/ros2_ws/install/distance_pid/share/colcon-core/packages/distance_pid)
[4.475s] DEBUG:colcon.colcon_core.event_handler.log_command:Invoked command in '/root/ros2_ws/build/mecanum_hardware' returned '0': CMAKE_PREFIX_PATH=${CMAKE_PREFIX_PATH}:/root/ros2_ws/install/ros2_controllers_test_nodes:/root/ros2_ws/install/mecanum_bot:/root/ros2_ws/install/distance_pid:/root/ros2_ws/install/app_subscriber:/opt/ros/humble /usr/bin/cmake /root/ros2_ws/src/mecanum_hardware -DCMAKE_INSTALL_PREFIX=/root/ros2_ws/install/mecanum_hardware
[4.478s] DEBUG:colcon.colcon_core.event_handler.log_command:Invoking command in '/root/ros2_ws/build/mecanum_hardware': CMAKE_PREFIX_PATH=${CMAKE_PREFIX_PATH}:/root/ros2_ws/install/ros2_controllers_test_nodes:/root/ros2_ws/install/mecanum_bot:/root/ros2_ws/install/distance_pid:/root/ros2_ws/install/app_subscriber:/opt/ros/humble /usr/bin/cmake --build /root/ros2_ws/build/mecanum_hardware -- -j4 -l4
[12.595s] DEBUG:colcon.colcon_core.event_handler.log_command:Invoked command in '/root/ros2_ws/build/mecanum_hardware' returned '0': CMAKE_PREFIX_PATH=${CMAKE_PREFIX_PATH}:/root/ros2_ws/install/ros2_controllers_test_nodes:/root/ros2_ws/install/mecanum_bot:/root/ros2_ws/install/distance_pid:/root/ros2_ws/install/app_subscriber:/opt/ros/humble /usr/bin/cmake --build /root/ros2_ws/build/mecanum_hardware -- -j4 -l4
[12.614s] DEBUG:colcon.colcon_core.event_handler.log_command:Invoking command in '/root/ros2_ws/build/mecanum_hardware': CMAKE_PREFIX_PATH=${CMAKE_PREFIX_PATH}:/root/ros2_ws/install/ros2_controllers_test_nodes:/root/ros2_ws/install/mecanum_bot:/root/ros2_ws/install/distance_pid:/root/ros2_ws/install/app_subscriber:/opt/ros/humble /usr/bin/cmake --install /root/ros2_ws/build/mecanum_hardware
[12.641s] Level 1:colcon.colcon_core.environment:create_environment_scripts_only(mecanum_hardware)
[12.641s] Level 1:colcon.colcon_core.environment:checking '/root/ros2_ws/install/mecanum_hardware' for CMake module files
[12.642s] DEBUG:colcon.colcon_core.event_handler.log_command:Invoked command in '/root/ros2_ws/build/mecanum_hardware' returned '0': CMAKE_PREFIX_PATH=${CMAKE_PREFIX_PATH}:/root/ros2_ws/install/ros2_controllers_test_nodes:/root/ros2_ws/install/mecanum_bot:/root/ros2_ws/install/distance_pid:/root/ros2_ws/install/app_subscriber:/opt/ros/humble /usr/bin/cmake --install /root/ros2_ws/build/mecanum_hardware
[12.642s] Level 1:colcon.colcon_core.environment:checking '/root/ros2_ws/install/mecanum_hardware' for CMake config files
[12.643s] Level 1:colcon.colcon_core.shell:create_environment_hook('mecanum_hardware', 'cmake_prefix_path')
[12.643s] INFO:colcon.colcon_core.shell:Creating environment hook '/root/ros2_ws/install/mecanum_hardware/share/mecanum_hardware/hook/cmake_prefix_path.ps1'
[12.644s] INFO:colcon.colcon_core.shell:Creating environment descriptor '/root/ros2_ws/install/mecanum_hardware/share/mecanum_hardware/hook/cmake_prefix_path.dsv'
[12.644s] INFO:colcon.colcon_core.shell:Creating environment hook '/root/ros2_ws/install/mecanum_hardware/share/mecanum_hardware/hook/cmake_prefix_path.sh'
[12.645s] Level 1:colcon.colcon_core.environment:checking '/root/ros2_ws/install/mecanum_hardware/lib'
[12.645s] Level 1:colcon.colcon_core.shell:create_environment_hook('mecanum_hardware', 'ld_library_path_lib')
[12.645s] INFO:colcon.colcon_core.shell:Creating environment hook '/root/ros2_ws/install/mecanum_hardware/share/mecanum_hardware/hook/ld_library_path_lib.ps1'
[12.646s] INFO:colcon.colcon_core.shell:Creating environment descriptor '/root/ros2_ws/install/mecanum_hardware/share/mecanum_hardware/hook/ld_library_path_lib.dsv'
[12.646s] INFO:colcon.colcon_core.shell:Creating environment hook '/root/ros2_ws/install/mecanum_hardware/share/mecanum_hardware/hook/ld_library_path_lib.sh'
[12.647s] Level 1:colcon.colcon_core.environment:checking '/root/ros2_ws/install/mecanum_hardware/bin'
[12.647s] Level 1:colcon.colcon_core.environment:checking '/root/ros2_ws/install/mecanum_hardware/lib/pkgconfig/mecanum_hardware.pc'
[12.647s] Level 1:colcon.colcon_core.environment:checking '/root/ros2_ws/install/mecanum_hardware/lib/python3.10/site-packages'
[12.647s] Level 1:colcon.colcon_core.environment:checking '/root/ros2_ws/install/mecanum_hardware/bin'
[12.648s] INFO:colcon.colcon_core.shell:Creating package script '/root/ros2_ws/install/mecanum_hardware/share/mecanum_hardware/package.ps1'
[12.649s] INFO:colcon.colcon_core.shell:Creating package descriptor '/root/ros2_ws/install/mecanum_hardware/share/mecanum_hardware/package.dsv'
[12.649s] INFO:colcon.colcon_core.shell:Creating package script '/root/ros2_ws/install/mecanum_hardware/share/mecanum_hardware/package.sh'
[12.650s] INFO:colcon.colcon_core.shell:Creating package script '/root/ros2_ws/install/mecanum_hardware/share/mecanum_hardware/package.bash'
[12.651s] INFO:colcon.colcon_core.shell:Creating package script '/root/ros2_ws/install/mecanum_hardware/share/mecanum_hardware/package.zsh'
[12.651s] Level 1:colcon.colcon_core.environment:create_file_with_runtime_dependencies(/root/ros2_ws/install/mecanum_hardware/share/colcon-core/packages/mecanum_hardware)
[12.652s] Level 1:colcon.colcon_core.environment:create_environment_scripts_only(mecanum_hardware)
[12.653s] Level 1:colcon.colcon_core.environment:checking '/root/ros2_ws/install/mecanum_hardware' for CMake module files
[12.653s] Level 1:colcon.colcon_core.environment:checking '/root/ros2_ws/install/mecanum_hardware' for CMake config files
[12.654s] Level 1:colcon.colcon_core.shell:create_environment_hook('mecanum_hardware', 'cmake_prefix_path')
[12.654s] INFO:colcon.colcon_core.shell:Creating environment hook '/root/ros2_ws/install/mecanum_hardware/share/mecanum_hardware/hook/cmake_prefix_path.ps1'
[12.655s] INFO:colcon.colcon_core.shell:Creating environment descriptor '/root/ros2_ws/install/mecanum_hardware/share/mecanum_hardware/hook/cmake_prefix_path.dsv'
[12.656s] INFO:colcon.colcon_core.shell:Creating environment hook '/root/ros2_ws/install/mecanum_hardware/share/mecanum_hardware/hook/cmake_prefix_path.sh'
[12.657s] Level 1:colcon.colcon_core.environment:checking '/root/ros2_ws/install/mecanum_hardware/lib'
[12.657s] Level 1:colcon.colcon_core.shell:create_environment_hook('mecanum_hardware', 'ld_library_path_lib')
[12.657s] INFO:colcon.colcon_core.shell:Creating environment hook '/root/ros2_ws/install/mecanum_hardware/share/mecanum_hardware/hook/ld_library_path_lib.ps1'
[12.658s] INFO:colcon.colcon_core.shell:Creating environment descriptor '/root/ros2_ws/install/mecanum_hardware/share/mecanum_hardware/hook/ld_library_path_lib.dsv'
[12.658s] INFO:colcon.colcon_core.shell:Creating environment hook '/root/ros2_ws/install/mecanum_hardware/share/mecanum_hardware/hook/ld_library_path_lib.sh'
[12.659s] Level 1:colcon.colcon_core.environment:checking '/root/ros2_ws/install/mecanum_hardware/bin'
[12.659s] Level 1:colcon.colcon_core.environment:checking '/root/ros2_ws/install/mecanum_hardware/lib/pkgconfig/mecanum_hardware.pc'
[12.660s] Level 1:colcon.colcon_core.environment:checking '/root/ros2_ws/install/mecanum_hardware/lib/python3.10/site-packages'
[12.660s] Level 1:colcon.colcon_core.environment:checking '/root/ros2_ws/install/mecanum_hardware/bin'
[12.660s] INFO:colcon.colcon_core.shell:Creating package script '/root/ros2_ws/install/mecanum_hardware/share/mecanum_hardware/package.ps1'
[12.663s] INFO:colcon.colcon_core.shell:Creating package descriptor '/root/ros2_ws/install/mecanum_hardware/share/mecanum_hardware/package.dsv'
[12.664s] INFO:colcon.colcon_core.shell:Creating package script '/root/ros2_ws/install/mecanum_hardware/share/mecanum_hardware/package.sh'
[12.665s] INFO:colcon.colcon_core.shell:Creating package script '/root/ros2_ws/install/mecanum_hardware/share/mecanum_hardware/package.bash'
[12.666s] INFO:colcon.colcon_core.shell:Creating package script '/root/ros2_ws/install/mecanum_hardware/share/mecanum_hardware/package.zsh'
[12.668s] Level 1:colcon.colcon_core.environment:create_file_with_runtime_dependencies(/root/ros2_ws/install/mecanum_hardware/share/colcon-core/packages/mecanum_hardware)
[12.668s] DEBUG:colcon.colcon_parallel_executor.executor.parallel:closing loop
[12.669s] DEBUG:colcon.colcon_parallel_executor.executor.parallel:loop closed
[12.669s] DEBUG:colcon.colcon_parallel_executor.executor.parallel:run_until_complete finished with '0'
[12.669s] DEBUG:colcon.colcon_core.event_reactor:joining thread
[12.703s] INFO:colcon.colcon_core.plugin_system:Skipping extension 'colcon_notification.desktop_notification.notify_send': Could not find 'notify-send'
[12.703s] INFO:colcon.colcon_core.plugin_system:Skipping extension 'colcon_notification.desktop_notification.terminal_notifier': Not used on non-Darwin systems
[12.703s] INFO:colcon.colcon_core.plugin_system:Skipping extension 'colcon_notification.desktop_notification.win32': Not used on non-Windows systems
[12.703s] INFO:colcon.colcon_notification.desktop_notification:Sending desktop notification using 'notify2'
[12.708s] DEBUG:colcon.colcon_notification.desktop_notification.notify2:Failed to initialize notify2: org.freedesktop.DBus.Error.Spawn.ExecFailed: /usr/bin/dbus-launch terminated abnormally without any error message
[12.708s] DEBUG:colcon.colcon_core.event_reactor:joined thread
[12.709s] INFO:colcon.colcon_core.shell:Creating prefix script '/root/ros2_ws/install/local_setup.ps1'
[12.711s] INFO:colcon.colcon_core.shell:Creating prefix util module '/root/ros2_ws/install/_local_setup_util_ps1.py'
[12.713s] INFO:colcon.colcon_core.shell:Creating prefix chain script '/root/ros2_ws/install/setup.ps1'
[12.714s] INFO:colcon.colcon_core.shell:Creating prefix script '/root/ros2_ws/install/local_setup.sh'
[12.715s] INFO:colcon.colcon_core.shell:Creating prefix util module '/root/ros2_ws/install/_local_setup_util_sh.py'
[12.716s] INFO:colcon.colcon_core.shell:Creating prefix chain script '/root/ros2_ws/install/setup.sh'
[12.718s] INFO:colcon.colcon_core.shell:Creating prefix script '/root/ros2_ws/install/local_setup.bash'
[12.719s] INFO:colcon.colcon_core.shell:Creating prefix chain script '/root/ros2_ws/install/setup.bash'
[12.720s] INFO:colcon.colcon_core.shell:Creating prefix script '/root/ros2_ws/install/local_setup.zsh'
[12.721s] INFO:colcon.colcon_core.shell:Creating prefix chain script '/root/ros2_ws/install/setup.zsh'
