-- The CXX compiler identification is GNU 11.4.0
-- Detecting CXX compiler ABI info
-- Detecting CXX compiler ABI info - done
-- Check for working CXX compiler: /usr/bin/c++ - skipped
-- Detecting CXX compile features
-- Detecting CXX compile features - done
-- Found ament_cmake: 1.3.12 (/opt/ros/humble/share/ament_cmake/cmake)
-- Found Python3: /usr/bin/python3 (found version "3.10.12") found components: Interpreter 
-- Override CMake install command with custom implementation using symlinks instead of copying resources
-- Found angles: 1.15.0 (/opt/ros/humble/share/angles/cmake)
-- Found control_msgs: 4.8.0 (/opt/ros/humble/share/control_msgs/cmake)
-- Found rosidl_generator_c: 3.1.7 (/opt/ros/humble/share/rosidl_generator_c/cmake)
-- Found rosidl_adapter: 3.1.7 (/opt/ros/humble/share/rosidl_adapter/cmake)
-- Found rosidl_generator_cpp: 3.1.7 (/opt/ros/humble/share/rosidl_generator_cpp/cmake)
-- Using all available rosidl_typesupport_c: rosidl_typesupport_fastrtps_c;rosidl_typesupport_introspection_c
-- Using all available rosidl_typesupport_cpp: rosidl_typesupport_fastrtps_cpp;rosidl_typesupport_introspection_cpp
-- Found control_toolbox: 3.6.2 (/opt/ros/humble/share/control_toolbox/cmake)
-- Found rmw_implementation_cmake: 6.1.2 (/opt/ros/humble/share/rmw_implementation_cmake/cmake)
-- Found rmw_fastrtps_cpp: 6.2.8 (/opt/ros/humble/share/rmw_fastrtps_cpp/cmake)
-- Found OpenSSL: /usr/lib/aarch64-linux-gnu/libcrypto.so (found version "3.0.2")  
-- Found FastRTPS: /opt/ros/humble/include  
-- Using RMW implementation 'rmw_fastrtps_cpp' as default
-- Looking for C++ include pthread.h
-- Looking for C++ include pthread.h - found
-- Performing Test CMAKE_HAVE_LIBC_PTHREAD
-- Performing Test CMAKE_HAVE_LIBC_PTHREAD - Success
-- Found Threads: TRUE  
-- Found controller_interface: 2.52.2 (/root/ros2_ws/install/controller_interface/share/controller_interface/cmake)
-- Found kinematics_interface: 0.4.1 (/opt/ros/humble/share/kinematics_interface/cmake)
-- Found tf2: 0.25.16 (/opt/ros/humble/share/tf2/cmake)
-- Found tf2_eigen: 0.25.16 (/opt/ros/humble/share/tf2_eigen/cmake)
-- Found tf2_geometry_msgs: 0.25.16 (/opt/ros/humble/share/tf2_geometry_msgs/cmake)
-- Found eigen3_cmake_module: 0.1.1 (/opt/ros/humble/share/eigen3_cmake_module/cmake)
-- Found Eigen3: TRUE (found version "3.4.0") 
-- Ensuring Eigen3 include directory is part of orocos-kdl CMake target
-- Found tf2_kdl: 0.25.16 (/opt/ros/humble/share/tf2_kdl/cmake)
-- Configuring done
-- Generating done
-- Build files have been written to: /root/ros2_ws/build/admittance_controller
[ 25%] [34m[1mRunning `/opt/ros/humble/bin/generate_parameter_library_cpp /root/ros2_ws/build/admittance_controller/include/admittance_controller/admittance_controller_parameters.hpp /root/ros2_ws/src/ros2_controllers/admittance_controller/src/admittance_controller_parameters.yaml `[0m
[ 50%] [34m[1mCreating deprecated header file /root/ros2_ws/build/admittance_controller/include/admittance_controller_parameters.hpp[0m
[ 50%] Built target admittance_controller_parameters
[ 75%] [32mBuilding CXX object CMakeFiles/admittance_controller.dir/src/admittance_controller.cpp.o[0m
[100%] [32m[1mLinking CXX shared library libadmittance_controller.so[0m
[100%] Built target admittance_controller
-- Install configuration: "Release"
-- Execute custom install script
-- Symlinking: /root/ros2_ws/install/admittance_controller/include/admittance_controller/admittance_controller_parameters.hpp
-- Symlinking: /root/ros2_ws/install/admittance_controller/share/admittance_controller//admittance_controller.xml
-- Symlinking: /root/ros2_ws/install/admittance_controller/include/admittance_controller/admittance_controller/admittance_controller.hpp
-- Symlinking: /root/ros2_ws/install/admittance_controller/include/admittance_controller/admittance_controller/admittance_rule.hpp
-- Symlinking: /root/ros2_ws/install/admittance_controller/include/admittance_controller/admittance_controller/admittance_rule_impl.hpp
-- Symlinking: /root/ros2_ws/install/admittance_controller/include/admittance_controller/admittance_controller/visibility_control.h
-- Symlinking: /root/ros2_ws/install/admittance_controller/share/admittance_controller/environment/library_path.sh
-- Symlinking: /root/ros2_ws/install/admittance_controller/share/admittance_controller/environment/library_path.dsv
-- Symlinking: /root/ros2_ws/install/admittance_controller/share/ament_index/resource_index/package_run_dependencies/admittance_controller
-- Symlinking: /root/ros2_ws/install/admittance_controller/share/ament_index/resource_index/parent_prefix_path/admittance_controller
-- Symlinking: /root/ros2_ws/install/admittance_controller/share/admittance_controller/environment/ament_prefix_path.sh
-- Symlinking: /root/ros2_ws/install/admittance_controller/share/admittance_controller/environment/ament_prefix_path.dsv
-- Symlinking: /root/ros2_ws/install/admittance_controller/share/admittance_controller/environment/path.sh
-- Symlinking: /root/ros2_ws/install/admittance_controller/share/admittance_controller/environment/path.dsv
-- Symlinking: /root/ros2_ws/install/admittance_controller/share/admittance_controller/local_setup.bash
-- Symlinking: /root/ros2_ws/install/admittance_controller/share/admittance_controller/local_setup.sh
-- Symlinking: /root/ros2_ws/install/admittance_controller/share/admittance_controller/local_setup.zsh
-- Symlinking: /root/ros2_ws/install/admittance_controller/share/admittance_controller/local_setup.dsv
-- Symlinking: /root/ros2_ws/install/admittance_controller/share/admittance_controller/package.dsv
-- Symlinking: /root/ros2_ws/install/admittance_controller/share/ament_index/resource_index/packages/admittance_controller
-- Symlinking: /root/ros2_ws/install/admittance_controller/share/ament_index/resource_index/controller_interface__pluginlib__plugin/admittance_controller
-- Symlinking: /root/ros2_ws/install/admittance_controller/share/admittance_controller/cmake/ament_cmake_export_dependencies-extras.cmake
-- Symlinking: /root/ros2_ws/install/admittance_controller/share/admittance_controller/cmake/ament_cmake_export_targets-extras.cmake
-- Symlinking: /root/ros2_ws/install/admittance_controller/share/admittance_controller/cmake/admittance_controllerConfig.cmake
-- Symlinking: /root/ros2_ws/install/admittance_controller/share/admittance_controller/cmake/admittance_controllerConfig-version.cmake
-- Symlinking: /root/ros2_ws/install/admittance_controller/share/admittance_controller/package.xml
-- Installing: /root/ros2_ws/install/admittance_controller/lib/libadmittance_controller.so
-- Set runtime path of "/root/ros2_ws/install/admittance_controller/lib/libadmittance_controller.so" to ""
-- Installing: /root/ros2_ws/install/admittance_controller/share/admittance_controller/cmake/export_admittance_controllerExport.cmake
-- Installing: /root/ros2_ws/install/admittance_controller/share/admittance_controller/cmake/export_admittance_controllerExport-release.cmake
