[0.030s] Invoking command in '/root/ros2_ws/build/admittance_controller': AMENT_PREFIX_PATH=/root/ros2_ws/install/controller_manager:/root/ros2_ws/install/hardware_interface_testing:/root/ros2_ws/install/controller_manager_msgs:${AMENT_PREFIX_PATH} CMAKE_PREFIX_PATH=/root/ros2_ws/install/controller_manager:/root/ros2_ws/install/hardware_interface_testing:/root/ros2_ws/install/controller_interface:/root/ros2_ws/install/hardware_interface:/root/ros2_ws/install/ros2_control_test_assets:/root/ros2_ws/install/controller_manager_msgs:/root/ros2_ws/install/app_subscriber:/opt/ros/humble LD_LIBRARY_PATH=/root/ros2_ws/install/controller_manager/lib:/root/ros2_ws/install/hardware_interface_testing/lib:/root/ros2_ws/install/controller_interface/lib:/root/ros2_ws/install/hardware_interface/lib:/root/ros2_ws/install/controller_manager_msgs/lib:/root/ros2_ws/install/ros2_control_test_assets/lib:/opt/ros/humble/lib/aarch64-linux-gnu:/opt/ros/humble/lib PYTHONPATH=/root/ros2_ws/install/controller_manager/local/lib/python3.10/dist-packages:/root/ros2_ws/install/controller_manager_msgs/local/lib/python3.10/dist-packages:${PYTHONPATH} /usr/bin/cmake /root/ros2_ws/src/ros2_controllers/admittance_controller -DBUILD_TESTING=OFF -DCMAKE_BUILD_TYPE=Release -DAMENT_CMAKE_SYMLINK_INSTALL=1 -DCMAKE_INSTALL_PREFIX=/root/ros2_ws/install/admittance_controller
[0.142s] -- The CXX compiler identification is GNU 11.4.0
[0.154s] -- Detecting CXX compiler ABI info
[0.290s] -- Detecting CXX compiler ABI info - done
[0.302s] -- Check for working CXX compiler: /usr/bin/c++ - skipped
[0.302s] -- Detecting CXX compile features
[0.302s] -- Detecting CXX compile features - done
[0.307s] -- Found ament_cmake: 1.3.12 (/opt/ros/humble/share/ament_cmake/cmake)
[0.533s] -- Found Python3: /usr/bin/python3 (found version "3.10.12") found components: Interpreter 
[0.633s] -- Override CMake install command with custom implementation using symlinks instead of copying resources
[0.679s] -- Found angles: 1.15.0 (/opt/ros/humble/share/angles/cmake)
[0.683s] -- Found control_msgs: 4.8.0 (/opt/ros/humble/share/control_msgs/cmake)
[0.734s] -- Found rosidl_generator_c: 3.1.7 (/opt/ros/humble/share/rosidl_generator_c/cmake)
[0.743s] -- Found rosidl_adapter: 3.1.7 (/opt/ros/humble/share/rosidl_adapter/cmake)
[0.756s] -- Found rosidl_generator_cpp: 3.1.7 (/opt/ros/humble/share/rosidl_generator_cpp/cmake)
[0.775s] -- Using all available rosidl_typesupport_c: rosidl_typesupport_fastrtps_c;rosidl_typesupport_introspection_c
[0.799s] -- Using all available rosidl_typesupport_cpp: rosidl_typesupport_fastrtps_cpp;rosidl_typesupport_introspection_cpp
[0.992s] -- Found control_toolbox: 3.6.2 (/opt/ros/humble/share/control_toolbox/cmake)
[1.063s] -- Found rmw_implementation_cmake: 6.1.2 (/opt/ros/humble/share/rmw_implementation_cmake/cmake)
[1.067s] -- Found rmw_fastrtps_cpp: 6.2.8 (/opt/ros/humble/share/rmw_fastrtps_cpp/cmake)
[1.216s] -- Found OpenSSL: /usr/lib/aarch64-linux-gnu/libcrypto.so (found version "3.0.2")  
[1.247s] -- Found FastRTPS: /opt/ros/humble/include  
[1.296s] -- Using RMW implementation 'rmw_fastrtps_cpp' as default
[1.312s] -- Looking for C++ include pthread.h
[1.517s] -- Looking for C++ include pthread.h - found
[1.517s] -- Performing Test CMAKE_HAVE_LIBC_PTHREAD
[1.723s] -- Performing Test CMAKE_HAVE_LIBC_PTHREAD - Success
[1.724s] -- Found Threads: TRUE  
[1.926s] -- Found controller_interface: 2.52.2 (/root/ros2_ws/install/controller_interface/share/controller_interface/cmake)
[1.942s] -- Found kinematics_interface: 0.4.1 (/opt/ros/humble/share/kinematics_interface/cmake)
[1.948s] -- Found tf2: 0.25.16 (/opt/ros/humble/share/tf2/cmake)
[1.955s] -- Found tf2_eigen: 0.25.16 (/opt/ros/humble/share/tf2_eigen/cmake)
[2.041s] -- Found tf2_geometry_msgs: 0.25.16 (/opt/ros/humble/share/tf2_geometry_msgs/cmake)
[2.054s] -- Found eigen3_cmake_module: 0.1.1 (/opt/ros/humble/share/eigen3_cmake_module/cmake)
[2.055s] -- Found Eigen3: TRUE (found version "3.4.0") 
[2.056s] -- Ensuring Eigen3 include directory is part of orocos-kdl CMake target
[2.060s] -- Found tf2_kdl: 0.25.16 (/opt/ros/humble/share/tf2_kdl/cmake)
[2.184s] -- Configuring done
[2.210s] -- Generating done
[2.218s] -- Build files have been written to: /root/ros2_ws/build/admittance_controller
[2.238s] Invoked command in '/root/ros2_ws/build/admittance_controller' returned '0': AMENT_PREFIX_PATH=/root/ros2_ws/install/controller_manager:/root/ros2_ws/install/hardware_interface_testing:/root/ros2_ws/install/controller_manager_msgs:${AMENT_PREFIX_PATH} CMAKE_PREFIX_PATH=/root/ros2_ws/install/controller_manager:/root/ros2_ws/install/hardware_interface_testing:/root/ros2_ws/install/controller_interface:/root/ros2_ws/install/hardware_interface:/root/ros2_ws/install/ros2_control_test_assets:/root/ros2_ws/install/controller_manager_msgs:/root/ros2_ws/install/app_subscriber:/opt/ros/humble LD_LIBRARY_PATH=/root/ros2_ws/install/controller_manager/lib:/root/ros2_ws/install/hardware_interface_testing/lib:/root/ros2_ws/install/controller_interface/lib:/root/ros2_ws/install/hardware_interface/lib:/root/ros2_ws/install/controller_manager_msgs/lib:/root/ros2_ws/install/ros2_control_test_assets/lib:/opt/ros/humble/lib/aarch64-linux-gnu:/opt/ros/humble/lib PYTHONPATH=/root/ros2_ws/install/controller_manager/local/lib/python3.10/dist-packages:/root/ros2_ws/install/controller_manager_msgs/local/lib/python3.10/dist-packages:${PYTHONPATH} /usr/bin/cmake /root/ros2_ws/src/ros2_controllers/admittance_controller -DBUILD_TESTING=OFF -DCMAKE_BUILD_TYPE=Release -DAMENT_CMAKE_SYMLINK_INSTALL=1 -DCMAKE_INSTALL_PREFIX=/root/ros2_ws/install/admittance_controller
[2.240s] Invoking command in '/root/ros2_ws/build/admittance_controller': AMENT_PREFIX_PATH=/root/ros2_ws/install/controller_manager:/root/ros2_ws/install/hardware_interface_testing:/root/ros2_ws/install/controller_manager_msgs:${AMENT_PREFIX_PATH} CMAKE_PREFIX_PATH=/root/ros2_ws/install/controller_manager:/root/ros2_ws/install/hardware_interface_testing:/root/ros2_ws/install/controller_interface:/root/ros2_ws/install/hardware_interface:/root/ros2_ws/install/ros2_control_test_assets:/root/ros2_ws/install/controller_manager_msgs:/root/ros2_ws/install/app_subscriber:/opt/ros/humble LD_LIBRARY_PATH=/root/ros2_ws/install/controller_manager/lib:/root/ros2_ws/install/hardware_interface_testing/lib:/root/ros2_ws/install/controller_interface/lib:/root/ros2_ws/install/hardware_interface/lib:/root/ros2_ws/install/controller_manager_msgs/lib:/root/ros2_ws/install/ros2_control_test_assets/lib:/opt/ros/humble/lib/aarch64-linux-gnu:/opt/ros/humble/lib PYTHONPATH=/root/ros2_ws/install/controller_manager/local/lib/python3.10/dist-packages:/root/ros2_ws/install/controller_manager_msgs/local/lib/python3.10/dist-packages:${PYTHONPATH} /usr/bin/cmake --build /root/ros2_ws/build/admittance_controller -- -j4 -l4
[2.334s] [ 25%] [34m[1mRunning `/opt/ros/humble/bin/generate_parameter_library_cpp /root/ros2_ws/build/admittance_controller/include/admittance_controller/admittance_controller_parameters.hpp /root/ros2_ws/src/ros2_controllers/admittance_controller/src/admittance_controller_parameters.yaml `[0m
[3.113s] [ 50%] [34m[1mCreating deprecated header file /root/ros2_ws/build/admittance_controller/include/admittance_controller_parameters.hpp[0m
[3.145s] [ 50%] Built target admittance_controller_parameters
[3.184s] [ 75%] [32mBuilding CXX object CMakeFiles/admittance_controller.dir/src/admittance_controller.cpp.o[0m
[43.255s] [100%] [32m[1mLinking CXX shared library libadmittance_controller.so[0m
[43.653s] [100%] Built target admittance_controller
[43.674s] Invoked command in '/root/ros2_ws/build/admittance_controller' returned '0': AMENT_PREFIX_PATH=/root/ros2_ws/install/controller_manager:/root/ros2_ws/install/hardware_interface_testing:/root/ros2_ws/install/controller_manager_msgs:${AMENT_PREFIX_PATH} CMAKE_PREFIX_PATH=/root/ros2_ws/install/controller_manager:/root/ros2_ws/install/hardware_interface_testing:/root/ros2_ws/install/controller_interface:/root/ros2_ws/install/hardware_interface:/root/ros2_ws/install/ros2_control_test_assets:/root/ros2_ws/install/controller_manager_msgs:/root/ros2_ws/install/app_subscriber:/opt/ros/humble LD_LIBRARY_PATH=/root/ros2_ws/install/controller_manager/lib:/root/ros2_ws/install/hardware_interface_testing/lib:/root/ros2_ws/install/controller_interface/lib:/root/ros2_ws/install/hardware_interface/lib:/root/ros2_ws/install/controller_manager_msgs/lib:/root/ros2_ws/install/ros2_control_test_assets/lib:/opt/ros/humble/lib/aarch64-linux-gnu:/opt/ros/humble/lib PYTHONPATH=/root/ros2_ws/install/controller_manager/local/lib/python3.10/dist-packages:/root/ros2_ws/install/controller_manager_msgs/local/lib/python3.10/dist-packages:${PYTHONPATH} /usr/bin/cmake --build /root/ros2_ws/build/admittance_controller -- -j4 -l4
[43.676s] Invoking command in '/root/ros2_ws/build/admittance_controller': AMENT_PREFIX_PATH=/root/ros2_ws/install/controller_manager:/root/ros2_ws/install/hardware_interface_testing:/root/ros2_ws/install/controller_manager_msgs:${AMENT_PREFIX_PATH} CMAKE_PREFIX_PATH=/root/ros2_ws/install/controller_manager:/root/ros2_ws/install/hardware_interface_testing:/root/ros2_ws/install/controller_interface:/root/ros2_ws/install/hardware_interface:/root/ros2_ws/install/ros2_control_test_assets:/root/ros2_ws/install/controller_manager_msgs:/root/ros2_ws/install/app_subscriber:/opt/ros/humble LD_LIBRARY_PATH=/root/ros2_ws/install/controller_manager/lib:/root/ros2_ws/install/hardware_interface_testing/lib:/root/ros2_ws/install/controller_interface/lib:/root/ros2_ws/install/hardware_interface/lib:/root/ros2_ws/install/controller_manager_msgs/lib:/root/ros2_ws/install/ros2_control_test_assets/lib:/opt/ros/humble/lib/aarch64-linux-gnu:/opt/ros/humble/lib PYTHONPATH=/root/ros2_ws/install/controller_manager/local/lib/python3.10/dist-packages:/root/ros2_ws/install/controller_manager_msgs/local/lib/python3.10/dist-packages:${PYTHONPATH} /usr/bin/cmake --install /root/ros2_ws/build/admittance_controller
[43.690s] -- Install configuration: "Release"
[43.690s] -- Execute custom install script
[43.691s] -- Symlinking: /root/ros2_ws/install/admittance_controller/include/admittance_controller/admittance_controller_parameters.hpp
[43.709s] -- Symlinking: /root/ros2_ws/install/admittance_controller/share/admittance_controller//admittance_controller.xml
[43.725s] -- Symlinking: /root/ros2_ws/install/admittance_controller/include/admittance_controller/admittance_controller/admittance_controller.hpp
[43.743s] -- Symlinking: /root/ros2_ws/install/admittance_controller/include/admittance_controller/admittance_controller/admittance_rule.hpp
[43.759s] -- Symlinking: /root/ros2_ws/install/admittance_controller/include/admittance_controller/admittance_controller/admittance_rule_impl.hpp
[43.776s] -- Symlinking: /root/ros2_ws/install/admittance_controller/include/admittance_controller/admittance_controller/visibility_control.h
[43.792s] -- Symlinking: /root/ros2_ws/install/admittance_controller/share/admittance_controller/environment/library_path.sh
[43.809s] -- Symlinking: /root/ros2_ws/install/admittance_controller/share/admittance_controller/environment/library_path.dsv
[43.826s] -- Symlinking: /root/ros2_ws/install/admittance_controller/share/ament_index/resource_index/package_run_dependencies/admittance_controller
[43.842s] -- Symlinking: /root/ros2_ws/install/admittance_controller/share/ament_index/resource_index/parent_prefix_path/admittance_controller
[43.860s] -- Symlinking: /root/ros2_ws/install/admittance_controller/share/admittance_controller/environment/ament_prefix_path.sh
[43.877s] -- Symlinking: /root/ros2_ws/install/admittance_controller/share/admittance_controller/environment/ament_prefix_path.dsv
[43.892s] -- Symlinking: /root/ros2_ws/install/admittance_controller/share/admittance_controller/environment/path.sh
[43.908s] -- Symlinking: /root/ros2_ws/install/admittance_controller/share/admittance_controller/environment/path.dsv
[43.924s] -- Symlinking: /root/ros2_ws/install/admittance_controller/share/admittance_controller/local_setup.bash
[43.941s] -- Symlinking: /root/ros2_ws/install/admittance_controller/share/admittance_controller/local_setup.sh
[43.958s] -- Symlinking: /root/ros2_ws/install/admittance_controller/share/admittance_controller/local_setup.zsh
[43.974s] -- Symlinking: /root/ros2_ws/install/admittance_controller/share/admittance_controller/local_setup.dsv
[43.990s] -- Symlinking: /root/ros2_ws/install/admittance_controller/share/admittance_controller/package.dsv
[44.007s] -- Symlinking: /root/ros2_ws/install/admittance_controller/share/ament_index/resource_index/packages/admittance_controller
[44.023s] -- Symlinking: /root/ros2_ws/install/admittance_controller/share/ament_index/resource_index/controller_interface__pluginlib__plugin/admittance_controller
[44.040s] -- Symlinking: /root/ros2_ws/install/admittance_controller/share/admittance_controller/cmake/ament_cmake_export_dependencies-extras.cmake
[44.057s] -- Symlinking: /root/ros2_ws/install/admittance_controller/share/admittance_controller/cmake/ament_cmake_export_targets-extras.cmake
[44.073s] -- Symlinking: /root/ros2_ws/install/admittance_controller/share/admittance_controller/cmake/admittance_controllerConfig.cmake
[44.089s] -- Symlinking: /root/ros2_ws/install/admittance_controller/share/admittance_controller/cmake/admittance_controllerConfig-version.cmake
[44.105s] -- Symlinking: /root/ros2_ws/install/admittance_controller/share/admittance_controller/package.xml
[44.121s] -- Installing: /root/ros2_ws/install/admittance_controller/lib/libadmittance_controller.so
[44.125s] -- Set runtime path of "/root/ros2_ws/install/admittance_controller/lib/libadmittance_controller.so" to ""
[44.125s] -- Installing: /root/ros2_ws/install/admittance_controller/share/admittance_controller/cmake/export_admittance_controllerExport.cmake
[44.125s] -- Installing: /root/ros2_ws/install/admittance_controller/share/admittance_controller/cmake/export_admittance_controllerExport-release.cmake
[44.129s] Invoked command in '/root/ros2_ws/build/admittance_controller' returned '0': AMENT_PREFIX_PATH=/root/ros2_ws/install/controller_manager:/root/ros2_ws/install/hardware_interface_testing:/root/ros2_ws/install/controller_manager_msgs:${AMENT_PREFIX_PATH} CMAKE_PREFIX_PATH=/root/ros2_ws/install/controller_manager:/root/ros2_ws/install/hardware_interface_testing:/root/ros2_ws/install/controller_interface:/root/ros2_ws/install/hardware_interface:/root/ros2_ws/install/ros2_control_test_assets:/root/ros2_ws/install/controller_manager_msgs:/root/ros2_ws/install/app_subscriber:/opt/ros/humble LD_LIBRARY_PATH=/root/ros2_ws/install/controller_manager/lib:/root/ros2_ws/install/hardware_interface_testing/lib:/root/ros2_ws/install/controller_interface/lib:/root/ros2_ws/install/hardware_interface/lib:/root/ros2_ws/install/controller_manager_msgs/lib:/root/ros2_ws/install/ros2_control_test_assets/lib:/opt/ros/humble/lib/aarch64-linux-gnu:/opt/ros/humble/lib PYTHONPATH=/root/ros2_ws/install/controller_manager/local/lib/python3.10/dist-packages:/root/ros2_ws/install/controller_manager_msgs/local/lib/python3.10/dist-packages:${PYTHONPATH} /usr/bin/cmake --install /root/ros2_ws/build/admittance_controller
