[0.037s] Invoking command in '/root/ros2_ws/build/bicycle_steering_controller': AMENT_PREFIX_PATH=/root/ros2_ws/install/steering_controllers_library:/root/ros2_ws/install/controller_manager:/root/ros2_ws/install/hardware_interface_testing:/root/ros2_ws/install/controller_manager_msgs:${AMENT_PREFIX_PATH} CMAKE_PREFIX_PATH=/root/ros2_ws/install/steering_controllers_library:/root/ros2_ws/install/controller_manager:/root/ros2_ws/install/hardware_interface_testing:/root/ros2_ws/install/controller_interface:/root/ros2_ws/install/hardware_interface:/root/ros2_ws/install/ros2_control_test_assets:/root/ros2_ws/install/controller_manager_msgs:/root/ros2_ws/install/app_subscriber:/opt/ros/humble LD_LIBRARY_PATH=/root/ros2_ws/install/steering_controllers_library/lib:/root/ros2_ws/install/controller_manager/lib:/root/ros2_ws/install/hardware_interface_testing/lib:/root/ros2_ws/install/controller_interface/lib:/root/ros2_ws/install/hardware_interface/lib:/root/ros2_ws/install/controller_manager_msgs/lib:/root/ros2_ws/install/ros2_control_test_assets/lib:/opt/ros/humble/lib/aarch64-linux-gnu:/opt/ros/humble/lib PYTHONPATH=/root/ros2_ws/install/controller_manager/local/lib/python3.10/dist-packages:/root/ros2_ws/install/controller_manager_msgs/local/lib/python3.10/dist-packages:${PYTHONPATH} /usr/bin/cmake /root/ros2_ws/src/ros2_controllers/bicycle_steering_controller -DBUILD_TESTING=OFF -DCMAKE_BUILD_TYPE=Release -DAMENT_CMAKE_SYMLINK_INSTALL=1 -DCMAKE_INSTALL_PREFIX=/root/ros2_ws/install/bicycle_steering_controller
[0.148s] -- The CXX compiler identification is GNU 11.4.0
[0.160s] -- Detecting CXX compiler ABI info
[0.296s] -- Detecting CXX compiler ABI info - done
[0.308s] -- Check for working CXX compiler: /usr/bin/c++ - skipped
[0.308s] -- Detecting CXX compile features
[0.309s] -- Detecting CXX compile features - done
[0.313s] -- Found ament_cmake: 1.3.12 (/opt/ros/humble/share/ament_cmake/cmake)
[0.538s] -- Found Python3: /usr/bin/python3 (found version "3.10.12") found components: Interpreter 
[0.641s] -- Override CMake install command with custom implementation using symlinks instead of copying resources
[0.690s] -- Found controller_interface: 2.52.2 (/root/ros2_ws/install/controller_interface/share/controller_interface/cmake)
[0.751s] -- Found rosidl_generator_c: 3.1.7 (/opt/ros/humble/share/rosidl_generator_c/cmake)
[0.760s] -- Found rosidl_adapter: 3.1.7 (/opt/ros/humble/share/rosidl_adapter/cmake)
[0.773s] -- Found rosidl_generator_cpp: 3.1.7 (/opt/ros/humble/share/rosidl_generator_cpp/cmake)
[0.793s] -- Using all available rosidl_typesupport_c: rosidl_typesupport_fastrtps_c;rosidl_typesupport_introspection_c
[0.819s] -- Using all available rosidl_typesupport_cpp: rosidl_typesupport_fastrtps_cpp;rosidl_typesupport_introspection_cpp
[1.126s] -- Found rmw_implementation_cmake: 6.1.2 (/opt/ros/humble/share/rmw_implementation_cmake/cmake)
[1.131s] -- Found rmw_fastrtps_cpp: 6.2.8 (/opt/ros/humble/share/rmw_fastrtps_cpp/cmake)
[1.170s] -- Found TinyXML2 via Config file: TinyXML2_DIR-NOTFOUND
[1.277s] -- Found OpenSSL: /usr/lib/aarch64-linux-gnu/libcrypto.so (found version "3.0.2")  
[1.285s] -- Found TinyXML2 via Config file: TinyXML2_DIR-NOTFOUND
[1.299s] -- Found FastRTPS: /opt/ros/humble/include  
[1.304s] -- Found TinyXML2 via Config file: TinyXML2_DIR-NOTFOUND
[1.317s] -- Found TinyXML2 via Config file: TinyXML2_DIR-NOTFOUND
[1.332s] -- Using RMW implementation 'rmw_fastrtps_cpp' as default
[1.348s] -- Looking for C++ include pthread.h
[1.550s] -- Looking for C++ include pthread.h - found
[1.550s] -- Performing Test CMAKE_HAVE_LIBC_PTHREAD
[1.754s] -- Performing Test CMAKE_HAVE_LIBC_PTHREAD - Success
[1.756s] -- Found Threads: TRUE  
[1.832s] -- Found generate_parameter_library: 0.5.0 (/opt/ros/humble/share/generate_parameter_library/cmake)
[1.835s] -- Found parameter_traits: 0.5.0 (/opt/ros/humble/share/parameter_traits/cmake)
[1.862s] -- Found realtime_tools: 2.14.1 (/opt/ros/humble/share/realtime_tools/cmake)
[1.885s] -- Found std_srvs: 4.9.0 (/opt/ros/humble/share/std_srvs/cmake)
[1.898s] -- Found steering_controllers_library: 2.50.2 (/root/ros2_ws/install/steering_controllers_library/share/steering_controllers_library/cmake)
[1.997s] -- Found eigen3_cmake_module: 0.1.1 (/opt/ros/humble/share/eigen3_cmake_module/cmake)
[1.999s] -- Found Eigen3: TRUE (found version "3.4.0") 
[1.999s] -- Ensuring Eigen3 include directory is part of orocos-kdl CMake target
[2.168s] -- Configuring done
[2.195s] -- Generating done
[2.203s] -- Build files have been written to: /root/ros2_ws/build/bicycle_steering_controller
[2.222s] Invoked command in '/root/ros2_ws/build/bicycle_steering_controller' returned '0': AMENT_PREFIX_PATH=/root/ros2_ws/install/steering_controllers_library:/root/ros2_ws/install/controller_manager:/root/ros2_ws/install/hardware_interface_testing:/root/ros2_ws/install/controller_manager_msgs:${AMENT_PREFIX_PATH} CMAKE_PREFIX_PATH=/root/ros2_ws/install/steering_controllers_library:/root/ros2_ws/install/controller_manager:/root/ros2_ws/install/hardware_interface_testing:/root/ros2_ws/install/controller_interface:/root/ros2_ws/install/hardware_interface:/root/ros2_ws/install/ros2_control_test_assets:/root/ros2_ws/install/controller_manager_msgs:/root/ros2_ws/install/app_subscriber:/opt/ros/humble LD_LIBRARY_PATH=/root/ros2_ws/install/steering_controllers_library/lib:/root/ros2_ws/install/controller_manager/lib:/root/ros2_ws/install/hardware_interface_testing/lib:/root/ros2_ws/install/controller_interface/lib:/root/ros2_ws/install/hardware_interface/lib:/root/ros2_ws/install/controller_manager_msgs/lib:/root/ros2_ws/install/ros2_control_test_assets/lib:/opt/ros/humble/lib/aarch64-linux-gnu:/opt/ros/humble/lib PYTHONPATH=/root/ros2_ws/install/controller_manager/local/lib/python3.10/dist-packages:/root/ros2_ws/install/controller_manager_msgs/local/lib/python3.10/dist-packages:${PYTHONPATH} /usr/bin/cmake /root/ros2_ws/src/ros2_controllers/bicycle_steering_controller -DBUILD_TESTING=OFF -DCMAKE_BUILD_TYPE=Release -DAMENT_CMAKE_SYMLINK_INSTALL=1 -DCMAKE_INSTALL_PREFIX=/root/ros2_ws/install/bicycle_steering_controller
[2.224s] Invoking command in '/root/ros2_ws/build/bicycle_steering_controller': AMENT_PREFIX_PATH=/root/ros2_ws/install/steering_controllers_library:/root/ros2_ws/install/controller_manager:/root/ros2_ws/install/hardware_interface_testing:/root/ros2_ws/install/controller_manager_msgs:${AMENT_PREFIX_PATH} CMAKE_PREFIX_PATH=/root/ros2_ws/install/steering_controllers_library:/root/ros2_ws/install/controller_manager:/root/ros2_ws/install/hardware_interface_testing:/root/ros2_ws/install/controller_interface:/root/ros2_ws/install/hardware_interface:/root/ros2_ws/install/ros2_control_test_assets:/root/ros2_ws/install/controller_manager_msgs:/root/ros2_ws/install/app_subscriber:/opt/ros/humble LD_LIBRARY_PATH=/root/ros2_ws/install/steering_controllers_library/lib:/root/ros2_ws/install/controller_manager/lib:/root/ros2_ws/install/hardware_interface_testing/lib:/root/ros2_ws/install/controller_interface/lib:/root/ros2_ws/install/hardware_interface/lib:/root/ros2_ws/install/controller_manager_msgs/lib:/root/ros2_ws/install/ros2_control_test_assets/lib:/opt/ros/humble/lib/aarch64-linux-gnu:/opt/ros/humble/lib PYTHONPATH=/root/ros2_ws/install/controller_manager/local/lib/python3.10/dist-packages:/root/ros2_ws/install/controller_manager_msgs/local/lib/python3.10/dist-packages:${PYTHONPATH} /usr/bin/cmake --build /root/ros2_ws/build/bicycle_steering_controller -- -j4 -l4
[2.320s] [ 25%] [34m[1mRunning `/opt/ros/humble/bin/generate_parameter_library_cpp /root/ros2_ws/build/bicycle_steering_controller/include/bicycle_steering_controller/bicycle_steering_controller_parameters.hpp /root/ros2_ws/src/ros2_controllers/bicycle_steering_controller/src/bicycle_steering_controller.yaml `[0m
[2.598s] [ 50%] [34m[1mCreating deprecated header file /root/ros2_ws/build/bicycle_steering_controller/include/bicycle_steering_controller_parameters.hpp[0m
[2.631s] [ 50%] Built target bicycle_steering_controller_parameters
[2.671s] [ 75%] [32mBuilding CXX object CMakeFiles/bicycle_steering_controller.dir/src/bicycle_steering_controller.cpp.o[0m
[9.963s] [100%] [32m[1mLinking CXX shared library libbicycle_steering_controller.so[0m
[10.244s] [100%] Built target bicycle_steering_controller
[10.264s] Invoked command in '/root/ros2_ws/build/bicycle_steering_controller' returned '0': AMENT_PREFIX_PATH=/root/ros2_ws/install/steering_controllers_library:/root/ros2_ws/install/controller_manager:/root/ros2_ws/install/hardware_interface_testing:/root/ros2_ws/install/controller_manager_msgs:${AMENT_PREFIX_PATH} CMAKE_PREFIX_PATH=/root/ros2_ws/install/steering_controllers_library:/root/ros2_ws/install/controller_manager:/root/ros2_ws/install/hardware_interface_testing:/root/ros2_ws/install/controller_interface:/root/ros2_ws/install/hardware_interface:/root/ros2_ws/install/ros2_control_test_assets:/root/ros2_ws/install/controller_manager_msgs:/root/ros2_ws/install/app_subscriber:/opt/ros/humble LD_LIBRARY_PATH=/root/ros2_ws/install/steering_controllers_library/lib:/root/ros2_ws/install/controller_manager/lib:/root/ros2_ws/install/hardware_interface_testing/lib:/root/ros2_ws/install/controller_interface/lib:/root/ros2_ws/install/hardware_interface/lib:/root/ros2_ws/install/controller_manager_msgs/lib:/root/ros2_ws/install/ros2_control_test_assets/lib:/opt/ros/humble/lib/aarch64-linux-gnu:/opt/ros/humble/lib PYTHONPATH=/root/ros2_ws/install/controller_manager/local/lib/python3.10/dist-packages:/root/ros2_ws/install/controller_manager_msgs/local/lib/python3.10/dist-packages:${PYTHONPATH} /usr/bin/cmake --build /root/ros2_ws/build/bicycle_steering_controller -- -j4 -l4
[10.267s] Invoking command in '/root/ros2_ws/build/bicycle_steering_controller': AMENT_PREFIX_PATH=/root/ros2_ws/install/steering_controllers_library:/root/ros2_ws/install/controller_manager:/root/ros2_ws/install/hardware_interface_testing:/root/ros2_ws/install/controller_manager_msgs:${AMENT_PREFIX_PATH} CMAKE_PREFIX_PATH=/root/ros2_ws/install/steering_controllers_library:/root/ros2_ws/install/controller_manager:/root/ros2_ws/install/hardware_interface_testing:/root/ros2_ws/install/controller_interface:/root/ros2_ws/install/hardware_interface:/root/ros2_ws/install/ros2_control_test_assets:/root/ros2_ws/install/controller_manager_msgs:/root/ros2_ws/install/app_subscriber:/opt/ros/humble LD_LIBRARY_PATH=/root/ros2_ws/install/steering_controllers_library/lib:/root/ros2_ws/install/controller_manager/lib:/root/ros2_ws/install/hardware_interface_testing/lib:/root/ros2_ws/install/controller_interface/lib:/root/ros2_ws/install/hardware_interface/lib:/root/ros2_ws/install/controller_manager_msgs/lib:/root/ros2_ws/install/ros2_control_test_assets/lib:/opt/ros/humble/lib/aarch64-linux-gnu:/opt/ros/humble/lib PYTHONPATH=/root/ros2_ws/install/controller_manager/local/lib/python3.10/dist-packages:/root/ros2_ws/install/controller_manager_msgs/local/lib/python3.10/dist-packages:${PYTHONPATH} /usr/bin/cmake --install /root/ros2_ws/build/bicycle_steering_controller
[10.282s] -- Install configuration: "Release"
[10.282s] -- Execute custom install script
[10.283s] -- Symlinking: /root/ros2_ws/install/bicycle_steering_controller/include/bicycle_steering_controller/bicycle_steering_controller_parameters.hpp
[10.300s] -- Symlinking: /root/ros2_ws/install/bicycle_steering_controller/share/bicycle_steering_controller//bicycle_steering_controller.xml
[10.317s] -- Symlinking: /root/ros2_ws/install/bicycle_steering_controller/include/bicycle_steering_controller/bicycle_steering_controller/bicycle_steering_controller.hpp
[10.334s] -- Symlinking: /root/ros2_ws/install/bicycle_steering_controller/include/bicycle_steering_controller/bicycle_steering_controller/visibility_control.h
[10.350s] -- Symlinking: /root/ros2_ws/install/bicycle_steering_controller/share/bicycle_steering_controller/environment/library_path.sh
[10.367s] -- Symlinking: /root/ros2_ws/install/bicycle_steering_controller/share/bicycle_steering_controller/environment/library_path.dsv
[10.383s] -- Symlinking: /root/ros2_ws/install/bicycle_steering_controller/share/ament_index/resource_index/package_run_dependencies/bicycle_steering_controller
[10.400s] -- Symlinking: /root/ros2_ws/install/bicycle_steering_controller/share/ament_index/resource_index/parent_prefix_path/bicycle_steering_controller
[10.417s] -- Symlinking: /root/ros2_ws/install/bicycle_steering_controller/share/bicycle_steering_controller/environment/ament_prefix_path.sh
[10.434s] -- Symlinking: /root/ros2_ws/install/bicycle_steering_controller/share/bicycle_steering_controller/environment/ament_prefix_path.dsv
[10.450s] -- Symlinking: /root/ros2_ws/install/bicycle_steering_controller/share/bicycle_steering_controller/environment/path.sh
[10.467s] -- Symlinking: /root/ros2_ws/install/bicycle_steering_controller/share/bicycle_steering_controller/environment/path.dsv
[10.484s] -- Symlinking: /root/ros2_ws/install/bicycle_steering_controller/share/bicycle_steering_controller/local_setup.bash
[10.501s] -- Symlinking: /root/ros2_ws/install/bicycle_steering_controller/share/bicycle_steering_controller/local_setup.sh
[10.517s] -- Symlinking: /root/ros2_ws/install/bicycle_steering_controller/share/bicycle_steering_controller/local_setup.zsh
[10.536s] -- Symlinking: /root/ros2_ws/install/bicycle_steering_controller/share/bicycle_steering_controller/local_setup.dsv
[10.552s] -- Symlinking: /root/ros2_ws/install/bicycle_steering_controller/share/bicycle_steering_controller/package.dsv
[10.568s] -- Symlinking: /root/ros2_ws/install/bicycle_steering_controller/share/ament_index/resource_index/packages/bicycle_steering_controller
[10.586s] -- Symlinking: /root/ros2_ws/install/bicycle_steering_controller/share/ament_index/resource_index/controller_interface__pluginlib__plugin/bicycle_steering_controller
[10.603s] -- Symlinking: /root/ros2_ws/install/bicycle_steering_controller/share/bicycle_steering_controller/cmake/ament_cmake_export_dependencies-extras.cmake
[10.621s] -- Symlinking: /root/ros2_ws/install/bicycle_steering_controller/share/bicycle_steering_controller/cmake/ament_cmake_export_targets-extras.cmake
[10.638s] -- Symlinking: /root/ros2_ws/install/bicycle_steering_controller/share/bicycle_steering_controller/cmake/bicycle_steering_controllerConfig.cmake
[10.655s] -- Symlinking: /root/ros2_ws/install/bicycle_steering_controller/share/bicycle_steering_controller/cmake/bicycle_steering_controllerConfig-version.cmake
[10.672s] -- Symlinking: /root/ros2_ws/install/bicycle_steering_controller/share/bicycle_steering_controller/package.xml
[10.688s] -- Installing: /root/ros2_ws/install/bicycle_steering_controller/lib/libbicycle_steering_controller.so
[10.689s] -- Set runtime path of "/root/ros2_ws/install/bicycle_steering_controller/lib/libbicycle_steering_controller.so" to ""
[10.689s] -- Installing: /root/ros2_ws/install/bicycle_steering_controller/share/bicycle_steering_controller/cmake/export_bicycle_steering_controllerExport.cmake
[10.689s] -- Installing: /root/ros2_ws/install/bicycle_steering_controller/share/bicycle_steering_controller/cmake/export_bicycle_steering_controllerExport-release.cmake
[10.693s] Invoked command in '/root/ros2_ws/build/bicycle_steering_controller' returned '0': AMENT_PREFIX_PATH=/root/ros2_ws/install/steering_controllers_library:/root/ros2_ws/install/controller_manager:/root/ros2_ws/install/hardware_interface_testing:/root/ros2_ws/install/controller_manager_msgs:${AMENT_PREFIX_PATH} CMAKE_PREFIX_PATH=/root/ros2_ws/install/steering_controllers_library:/root/ros2_ws/install/controller_manager:/root/ros2_ws/install/hardware_interface_testing:/root/ros2_ws/install/controller_interface:/root/ros2_ws/install/hardware_interface:/root/ros2_ws/install/ros2_control_test_assets:/root/ros2_ws/install/controller_manager_msgs:/root/ros2_ws/install/app_subscriber:/opt/ros/humble LD_LIBRARY_PATH=/root/ros2_ws/install/steering_controllers_library/lib:/root/ros2_ws/install/controller_manager/lib:/root/ros2_ws/install/hardware_interface_testing/lib:/root/ros2_ws/install/controller_interface/lib:/root/ros2_ws/install/hardware_interface/lib:/root/ros2_ws/install/controller_manager_msgs/lib:/root/ros2_ws/install/ros2_control_test_assets/lib:/opt/ros/humble/lib/aarch64-linux-gnu:/opt/ros/humble/lib PYTHONPATH=/root/ros2_ws/install/controller_manager/local/lib/python3.10/dist-packages:/root/ros2_ws/install/controller_manager_msgs/local/lib/python3.10/dist-packages:${PYTHONPATH} /usr/bin/cmake --install /root/ros2_ws/build/bicycle_steering_controller
