[1.665s] Invoking command in '/root/ros2_ws/src/distance_pid': PYTHONPATH=/root/ros2_ws/build/distance_pid/prefix_override:/usr/lib/python3/dist-packages/colcon_core/task/python/colcon_distutils_commands:/root/ros2_ws/install/distance_pid/lib/python3.10/site-packages:${PYTHONPATH} /usr/bin/python3 -W ignore:setup.py install is deprecated -W ignore:easy_install command is deprecated setup.py egg_info --egg-base ../../build/distance_pid build --build-base /root/ros2_ws/build/distance_pid/build install --record /root/ros2_ws/build/distance_pid/install.log --single-version-externally-managed install_data
[1.979s] running egg_info
[1.980s] writing ../../build/distance_pid/distance_pid.egg-info/PKG-INFO
[1.980s] writing dependency_links to ../../build/distance_pid/distance_pid.egg-info/dependency_links.txt
[1.981s] writing entry points to ../../build/distance_pid/distance_pid.egg-info/entry_points.txt
[1.982s] writing requirements to ../../build/distance_pid/distance_pid.egg-info/requires.txt
[1.983s] writing top-level names to ../../build/distance_pid/distance_pid.egg-info/top_level.txt
[1.987s] reading manifest file '../../build/distance_pid/distance_pid.egg-info/SOURCES.txt'
[1.988s] writing manifest file '../../build/distance_pid/distance_pid.egg-info/SOURCES.txt'
[1.988s] running build
[1.988s] running build_py
[1.988s] running install
[1.989s] running install_lib
[1.991s] running install_data
[1.992s] running install_egg_info
[1.996s] removing '/root/ros2_ws/install/distance_pid/lib/python3.10/site-packages/distance_pid-0.0.0-py3.10.egg-info' (and everything under it)
[1.996s] Copying ../../build/distance_pid/distance_pid.egg-info to /root/ros2_ws/install/distance_pid/lib/python3.10/site-packages/distance_pid-0.0.0-py3.10.egg-info
[1.997s] running install_scripts
[2.036s] writing list of installed files to '/root/ros2_ws/build/distance_pid/install.log'
[2.164s] Invoked command in '/root/ros2_ws/src/distance_pid' returned '0': PYTHONPATH=/root/ros2_ws/build/distance_pid/prefix_override:/usr/lib/python3/dist-packages/colcon_core/task/python/colcon_distutils_commands:/root/ros2_ws/install/distance_pid/lib/python3.10/site-packages:${PYTHONPATH} /usr/bin/python3 -W ignore:setup.py install is deprecated -W ignore:easy_install command is deprecated setup.py egg_info --egg-base ../../build/distance_pid build --build-base /root/ros2_ws/build/distance_pid/build install --record /root/ros2_ws/build/distance_pid/install.log --single-version-externally-managed install_data
