/root/ros2_ws/src/install/mecanum_bot/lib/python3.10/site-packages/mecanum_bot/data_controller_node.py
/root/ros2_ws/src/install/mecanum_bot/lib/python3.10/site-packages/mecanum_bot/pid.py
/root/ros2_ws/src/install/mecanum_bot/lib/python3.10/site-packages/mecanum_bot/__init__.py
/root/ros2_ws/src/install/mecanum_bot/lib/python3.10/site-packages/mecanum_bot/__pycache__/data_controller_node.cpython-310.pyc
/root/ros2_ws/src/install/mecanum_bot/lib/python3.10/site-packages/mecanum_bot/__pycache__/pid.cpython-310.pyc
/root/ros2_ws/src/install/mecanum_bot/lib/python3.10/site-packages/mecanum_bot/__pycache__/__init__.cpython-310.pyc
/root/ros2_ws/src/install/mecanum_bot/share/ament_index/resource_index/packages/mecanum_bot
/root/ros2_ws/src/install/mecanum_bot/share/mecanum_bot/package.xml
/root/ros2_ws/src/install/mecanum_bot/share/mecanum_bot/launch/bringup.launch.py
/root/ros2_ws/src/install/mecanum_bot/share/mecanum_bot/config/controllers.yaml
/root/ros2_ws/src/install/mecanum_bot/share/mecanum_bot/config/ekf.yaml
/root/ros2_ws/src/install/mecanum_bot/share/mecanum_bot/description/robot.urdf.xacro
/root/ros2_ws/src/install/mecanum_bot/lib/python3.10/site-packages/mecanum_bot-0.0.0-py3.10.egg-info/dependency_links.txt
/root/ros2_ws/src/install/mecanum_bot/lib/python3.10/site-packages/mecanum_bot-0.0.0-py3.10.egg-info/PKG-INFO
/root/ros2_ws/src/install/mecanum_bot/lib/python3.10/site-packages/mecanum_bot-0.0.0-py3.10.egg-info/entry_points.txt
/root/ros2_ws/src/install/mecanum_bot/lib/python3.10/site-packages/mecanum_bot-0.0.0-py3.10.egg-info/top_level.txt
/root/ros2_ws/src/install/mecanum_bot/lib/python3.10/site-packages/mecanum_bot-0.0.0-py3.10.egg-info/requires.txt
/root/ros2_ws/src/install/mecanum_bot/lib/python3.10/site-packages/mecanum_bot-0.0.0-py3.10.egg-info/zip-safe
/root/ros2_ws/src/install/mecanum_bot/lib/python3.10/site-packages/mecanum_bot-0.0.0-py3.10.egg-info/SOURCES.txt
/root/ros2_ws/src/install/mecanum_bot/lib/mecanum_bot/data_controller
/root/ros2_ws/src/install/mecanum_bot/lib/mecanum_bot/hardware_driver
/root/ros2_ws/src/install/mecanum_bot/lib/mecanum_bot/pid
