[0.159s] DEBUG:colcon:Command line arguments: ['/usr/bin/colcon', 'build']
[0.159s] DEBUG:colcon:Parsed command line arguments: Namespace(log_base=None, log_level=None, verb_name='build', build_base='build', install_base='install', merge_install=False, symlink_install=False, test_result_base=None, continue_on_error=False, executor='parallel', parallel_workers=4, event_handlers=None, ignore_user_meta=False, metas=['./colcon.meta'], base_paths=['.'], packages_ignore=None, packages_ignore_regex=None, paths=None, packages_up_to=None, packages_up_to_regex=None, packages_above=None, packages_above_and_dependencies=None, packages_above_depth=None, packages_select_by_dep=None, packages_skip_by_dep=None, packages_skip_up_to=None, packages_select_build_failed=False, packages_skip_build_finished=False, packages_select_test_failures=False, packages_skip_test_passed=False, packages_select=None, packages_skip=None, packages_select_regex=None, packages_skip_regex=None, packages_start=None, packages_end=None, cmake_args=None, cmake_target=None, cmake_target_skip_unavailable=False, cmake_clean_cache=False, cmake_clean_first=False, cmake_force_configure=False, ament_cmake_args=None, catkin_cmake_args=None, catkin_skip_building_tests=False, mixin_files=None, mixin=None, verb_parser=<colcon_mixin.mixin.mixin_argument.MixinArgumentDecorator object at 0xffffa646e8c0>, verb_extension=<colcon_core.verb.build.BuildVerb object at 0xffffa646e410>, main=<bound method BuildVerb.main of <colcon_core.verb.build.BuildVerb object at 0xffffa646e410>>, mixin_verb=('build',))
[0.316s] Level 1:colcon.colcon_core.package_discovery:discover_packages(colcon_meta) check parameters
[0.317s] INFO:colcon.colcon_metadata.package_discovery.colcon_meta:Using configuration from '/root/.colcon/metadata/default/Gazebo.meta'
[0.318s] INFO:colcon.colcon_metadata.package_discovery.colcon_meta:Using configuration from '/root/.colcon/metadata/default/fastdds.meta'
[0.319s] INFO:colcon.colcon_metadata.package_discovery.colcon_meta:Using configuration from '/root/.colcon/metadata/default/fastrtps.meta'
[0.319s] Level 1:colcon.colcon_core.package_discovery:discover_packages(recursive) check parameters
[0.319s] Level 1:colcon.colcon_core.package_discovery:discover_packages(ignore) check parameters
[0.319s] Level 1:colcon.colcon_core.package_discovery:discover_packages(path) check parameters
[0.319s] Level 1:colcon.colcon_core.package_discovery:discover_packages(colcon_meta) discover
[0.319s] Level 1:colcon.colcon_core.package_discovery:discover_packages(recursive) discover
[0.319s] INFO:colcon.colcon_core.package_discovery:Crawling recursively for packages in '/root/ros2_ws'
[0.319s] Level 1:colcon.colcon_core.package_identification:_identify(.) by extensions ['ignore', 'ignore_ament_install']
[0.319s] Level 1:colcon.colcon_core.package_identification:_identify(.) by extension 'ignore'
[0.319s] Level 1:colcon.colcon_core.package_identification:_identify(.) by extension 'ignore_ament_install'
[0.319s] Level 1:colcon.colcon_core.package_identification:_identify(.) by extensions ['colcon_pkg']
[0.319s] Level 1:colcon.colcon_core.package_identification:_identify(.) by extension 'colcon_pkg'
[0.319s] Level 1:colcon.colcon_core.package_identification:_identify(.) by extensions ['colcon_meta']
[0.319s] Level 1:colcon.colcon_core.package_identification:_identify(.) by extension 'colcon_meta'
[0.319s] Level 1:colcon.colcon_core.package_identification:_identify(.) by extensions ['ros']
[0.320s] Level 1:colcon.colcon_core.package_identification:_identify(.) by extension 'ros'
[0.335s] Level 1:colcon.colcon_core.package_identification:_identify(.) by extensions ['cmake', 'python']
[0.335s] Level 1:colcon.colcon_core.package_identification:_identify(.) by extension 'cmake'
[0.335s] Level 1:colcon.colcon_core.package_identification:_identify(.) by extension 'python'
[0.335s] Level 1:colcon.colcon_core.package_identification:_identify(.) by extensions ['python_setup_py']
[0.335s] Level 1:colcon.colcon_core.package_identification:_identify(.) by extension 'python_setup_py'
[0.335s] Level 1:colcon.colcon_core.package_identification:_identify(build) by extensions ['ignore', 'ignore_ament_install']
[0.335s] Level 1:colcon.colcon_core.package_identification:_identify(build) by extension 'ignore'
[0.335s] Level 1:colcon.colcon_core.package_identification:_identify(build) ignored
[0.335s] Level 1:colcon.colcon_core.package_identification:_identify(install) by extensions ['ignore', 'ignore_ament_install']
[0.335s] Level 1:colcon.colcon_core.package_identification:_identify(install) by extension 'ignore'
[0.336s] Level 1:colcon.colcon_core.package_identification:_identify(install) ignored
[0.336s] Level 1:colcon.colcon_core.package_identification:_identify(log) by extensions ['ignore', 'ignore_ament_install']
[0.336s] Level 1:colcon.colcon_core.package_identification:_identify(log) by extension 'ignore'
[0.336s] Level 1:colcon.colcon_core.package_identification:_identify(log) ignored
[0.336s] Level 1:colcon.colcon_core.package_identification:_identify(src) by extensions ['ignore', 'ignore_ament_install']
[0.336s] Level 1:colcon.colcon_core.package_identification:_identify(src) by extension 'ignore'
[0.336s] Level 1:colcon.colcon_core.package_identification:_identify(src) by extension 'ignore_ament_install'
[0.336s] Level 1:colcon.colcon_core.package_identification:_identify(src) by extensions ['colcon_pkg']
[0.336s] Level 1:colcon.colcon_core.package_identification:_identify(src) by extension 'colcon_pkg'
[0.336s] Level 1:colcon.colcon_core.package_identification:_identify(src) by extensions ['colcon_meta']
[0.336s] Level 1:colcon.colcon_core.package_identification:_identify(src) by extension 'colcon_meta'
[0.336s] Level 1:colcon.colcon_core.package_identification:_identify(src) by extensions ['ros']
[0.336s] Level 1:colcon.colcon_core.package_identification:_identify(src) by extension 'ros'
[0.336s] Level 1:colcon.colcon_core.package_identification:_identify(src) by extensions ['cmake', 'python']
[0.336s] Level 1:colcon.colcon_core.package_identification:_identify(src) by extension 'cmake'
[0.336s] Level 1:colcon.colcon_core.package_identification:_identify(src) by extension 'python'
[0.337s] Level 1:colcon.colcon_core.package_identification:_identify(src) by extensions ['python_setup_py']
[0.337s] Level 1:colcon.colcon_core.package_identification:_identify(src) by extension 'python_setup_py'
[0.337s] Level 1:colcon.colcon_core.package_identification:_identify(src/app_subscriber) by extensions ['ignore', 'ignore_ament_install']
[0.337s] Level 1:colcon.colcon_core.package_identification:_identify(src/app_subscriber) by extension 'ignore'
[0.337s] Level 1:colcon.colcon_core.package_identification:_identify(src/app_subscriber) by extension 'ignore_ament_install'
[0.337s] Level 1:colcon.colcon_core.package_identification:_identify(src/app_subscriber) by extensions ['colcon_pkg']
[0.337s] Level 1:colcon.colcon_core.package_identification:_identify(src/app_subscriber) by extension 'colcon_pkg'
[0.337s] Level 1:colcon.colcon_core.package_identification:_identify(src/app_subscriber) by extensions ['colcon_meta']
[0.337s] Level 1:colcon.colcon_core.package_identification:_identify(src/app_subscriber) by extension 'colcon_meta'
[0.337s] Level 1:colcon.colcon_core.package_identification:_identify(src/app_subscriber) by extensions ['ros']
[0.337s] Level 1:colcon.colcon_core.package_identification:_identify(src/app_subscriber) by extension 'ros'
[0.340s] DEBUG:colcon.colcon_core.package_identification:Package 'src/app_subscriber' with type 'ros.ament_python' and name 'app_subscriber'
[0.340s] Level 1:colcon.colcon_core.package_identification:_identify(src/build) by extensions ['ignore', 'ignore_ament_install']
[0.340s] Level 1:colcon.colcon_core.package_identification:_identify(src/build) by extension 'ignore'
[0.340s] Level 1:colcon.colcon_core.package_identification:_identify(src/build) ignored
[0.341s] Level 1:colcon.colcon_core.package_identification:_identify(src/distance_pid) by extensions ['ignore', 'ignore_ament_install']
[0.341s] Level 1:colcon.colcon_core.package_identification:_identify(src/distance_pid) by extension 'ignore'
[0.341s] Level 1:colcon.colcon_core.package_identification:_identify(src/distance_pid) by extension 'ignore_ament_install'
[0.341s] Level 1:colcon.colcon_core.package_identification:_identify(src/distance_pid) by extensions ['colcon_pkg']
[0.341s] Level 1:colcon.colcon_core.package_identification:_identify(src/distance_pid) by extension 'colcon_pkg'
[0.341s] Level 1:colcon.colcon_core.package_identification:_identify(src/distance_pid) by extensions ['colcon_meta']
[0.341s] Level 1:colcon.colcon_core.package_identification:_identify(src/distance_pid) by extension 'colcon_meta'
[0.341s] Level 1:colcon.colcon_core.package_identification:_identify(src/distance_pid) by extensions ['ros']
[0.341s] Level 1:colcon.colcon_core.package_identification:_identify(src/distance_pid) by extension 'ros'
[0.342s] DEBUG:colcon.colcon_core.package_identification:Package 'src/distance_pid' with type 'ros.ament_python' and name 'distance_pid'
[0.342s] Level 1:colcon.colcon_core.package_identification:_identify(src/install) by extensions ['ignore', 'ignore_ament_install']
[0.342s] Level 1:colcon.colcon_core.package_identification:_identify(src/install) by extension 'ignore'
[0.342s] Level 1:colcon.colcon_core.package_identification:_identify(src/install) ignored
[0.342s] Level 1:colcon.colcon_core.package_identification:_identify(src/log) by extensions ['ignore', 'ignore_ament_install']
[0.345s] Level 1:colcon.colcon_core.package_identification:_identify(src/log) by extension 'ignore'
[0.345s] Level 1:colcon.colcon_core.package_identification:_identify(src/log) ignored
[0.345s] Level 1:colcon.colcon_core.package_identification:_identify(src/mecanum_bot) by extensions ['ignore', 'ignore_ament_install']
[0.345s] Level 1:colcon.colcon_core.package_identification:_identify(src/mecanum_bot) by extension 'ignore'
[0.345s] Level 1:colcon.colcon_core.package_identification:_identify(src/mecanum_bot) by extension 'ignore_ament_install'
[0.345s] Level 1:colcon.colcon_core.package_identification:_identify(src/mecanum_bot) by extensions ['colcon_pkg']
[0.345s] Level 1:colcon.colcon_core.package_identification:_identify(src/mecanum_bot) by extension 'colcon_pkg'
[0.345s] Level 1:colcon.colcon_core.package_identification:_identify(src/mecanum_bot) by extensions ['colcon_meta']
[0.345s] Level 1:colcon.colcon_core.package_identification:_identify(src/mecanum_bot) by extension 'colcon_meta'
[0.345s] Level 1:colcon.colcon_core.package_identification:_identify(src/mecanum_bot) by extensions ['ros']
[0.346s] Level 1:colcon.colcon_core.package_identification:_identify(src/mecanum_bot) by extension 'ros'
[0.346s] DEBUG:colcon.colcon_core.package_identification:Package 'src/mecanum_bot' with type 'ros.ament_python' and name 'mecanum_bot'
[0.346s] Level 1:colcon.colcon_core.package_identification:_identify(src/mecanum_hardware) by extensions ['ignore', 'ignore_ament_install']
[0.346s] Level 1:colcon.colcon_core.package_identification:_identify(src/mecanum_hardware) by extension 'ignore'
[0.347s] Level 1:colcon.colcon_core.package_identification:_identify(src/mecanum_hardware) by extension 'ignore_ament_install'
[0.347s] Level 1:colcon.colcon_core.package_identification:_identify(src/mecanum_hardware) by extensions ['colcon_pkg']
[0.347s] Level 1:colcon.colcon_core.package_identification:_identify(src/mecanum_hardware) by extension 'colcon_pkg'
[0.347s] Level 1:colcon.colcon_core.package_identification:_identify(src/mecanum_hardware) by extensions ['colcon_meta']
[0.347s] Level 1:colcon.colcon_core.package_identification:_identify(src/mecanum_hardware) by extension 'colcon_meta'
[0.347s] Level 1:colcon.colcon_core.package_identification:_identify(src/mecanum_hardware) by extensions ['ros']
[0.347s] Level 1:colcon.colcon_core.package_identification:_identify(src/mecanum_hardware) by extension 'ros'
[0.347s] DEBUG:colcon.colcon_core.package_identification:Package 'src/mecanum_hardware' with type 'ros.ament_cmake' and name 'mecanum_hardware'
[0.347s] Level 1:colcon.colcon_core.package_discovery:discover_packages(recursive) using defaults
[0.347s] Level 1:colcon.colcon_core.package_discovery:discover_packages(ignore) discover
[0.348s] Level 1:colcon.colcon_core.package_discovery:discover_packages(ignore) using defaults
[0.348s] Level 1:colcon.colcon_core.package_discovery:discover_packages(path) discover
[0.348s] Level 1:colcon.colcon_core.package_discovery:discover_packages(path) using defaults
[0.373s] Level 5:colcon.colcon_core.verb:set package 'app_subscriber' build argument 'cmake_args' from command line to 'None'
[0.373s] Level 5:colcon.colcon_core.verb:set package 'app_subscriber' build argument 'cmake_target' from command line to 'None'
[0.373s] Level 5:colcon.colcon_core.verb:set package 'app_subscriber' build argument 'cmake_target_skip_unavailable' from command line to 'False'
[0.374s] Level 5:colcon.colcon_core.verb:set package 'app_subscriber' build argument 'cmake_clean_cache' from command line to 'False'
[0.374s] Level 5:colcon.colcon_core.verb:set package 'app_subscriber' build argument 'cmake_clean_first' from command line to 'False'
[0.374s] Level 5:colcon.colcon_core.verb:set package 'app_subscriber' build argument 'cmake_force_configure' from command line to 'False'
[0.374s] Level 5:colcon.colcon_core.verb:set package 'app_subscriber' build argument 'ament_cmake_args' from command line to 'None'
[0.374s] Level 5:colcon.colcon_core.verb:set package 'app_subscriber' build argument 'catkin_cmake_args' from command line to 'None'
[0.374s] Level 5:colcon.colcon_core.verb:set package 'app_subscriber' build argument 'catkin_skip_building_tests' from command line to 'False'
[0.374s] DEBUG:colcon.colcon_core.verb:Building package 'app_subscriber' with the following arguments: {'ament_cmake_args': None, 'build_base': '/root/ros2_ws/build/app_subscriber', 'catkin_cmake_args': None, 'catkin_skip_building_tests': False, 'cmake_args': None, 'cmake_clean_cache': False, 'cmake_clean_first': False, 'cmake_force_configure': False, 'cmake_target': None, 'cmake_target_skip_unavailable': False, 'install_base': '/root/ros2_ws/install/app_subscriber', 'merge_install': False, 'path': '/root/ros2_ws/src/app_subscriber', 'symlink_install': False, 'test_result_base': None}
[0.374s] Level 5:colcon.colcon_core.verb:set package 'distance_pid' build argument 'cmake_args' from command line to 'None'
[0.374s] Level 5:colcon.colcon_core.verb:set package 'distance_pid' build argument 'cmake_target' from command line to 'None'
[0.374s] Level 5:colcon.colcon_core.verb:set package 'distance_pid' build argument 'cmake_target_skip_unavailable' from command line to 'False'
[0.374s] Level 5:colcon.colcon_core.verb:set package 'distance_pid' build argument 'cmake_clean_cache' from command line to 'False'
[0.374s] Level 5:colcon.colcon_core.verb:set package 'distance_pid' build argument 'cmake_clean_first' from command line to 'False'
[0.374s] Level 5:colcon.colcon_core.verb:set package 'distance_pid' build argument 'cmake_force_configure' from command line to 'False'
[0.374s] Level 5:colcon.colcon_core.verb:set package 'distance_pid' build argument 'ament_cmake_args' from command line to 'None'
[0.374s] Level 5:colcon.colcon_core.verb:set package 'distance_pid' build argument 'catkin_cmake_args' from command line to 'None'
[0.374s] Level 5:colcon.colcon_core.verb:set package 'distance_pid' build argument 'catkin_skip_building_tests' from command line to 'False'
[0.374s] DEBUG:colcon.colcon_core.verb:Building package 'distance_pid' with the following arguments: {'ament_cmake_args': None, 'build_base': '/root/ros2_ws/build/distance_pid', 'catkin_cmake_args': None, 'catkin_skip_building_tests': False, 'cmake_args': None, 'cmake_clean_cache': False, 'cmake_clean_first': False, 'cmake_force_configure': False, 'cmake_target': None, 'cmake_target_skip_unavailable': False, 'install_base': '/root/ros2_ws/install/distance_pid', 'merge_install': False, 'path': '/root/ros2_ws/src/distance_pid', 'symlink_install': False, 'test_result_base': None}
[0.375s] Level 5:colcon.colcon_core.verb:set package 'mecanum_bot' build argument 'cmake_args' from command line to 'None'
[0.375s] Level 5:colcon.colcon_core.verb:set package 'mecanum_bot' build argument 'cmake_target' from command line to 'None'
[0.375s] Level 5:colcon.colcon_core.verb:set package 'mecanum_bot' build argument 'cmake_target_skip_unavailable' from command line to 'False'
[0.375s] Level 5:colcon.colcon_core.verb:set package 'mecanum_bot' build argument 'cmake_clean_cache' from command line to 'False'
[0.375s] Level 5:colcon.colcon_core.verb:set package 'mecanum_bot' build argument 'cmake_clean_first' from command line to 'False'
[0.375s] Level 5:colcon.colcon_core.verb:set package 'mecanum_bot' build argument 'cmake_force_configure' from command line to 'False'
[0.375s] Level 5:colcon.colcon_core.verb:set package 'mecanum_bot' build argument 'ament_cmake_args' from command line to 'None'
[0.375s] Level 5:colcon.colcon_core.verb:set package 'mecanum_bot' build argument 'catkin_cmake_args' from command line to 'None'
[0.375s] Level 5:colcon.colcon_core.verb:set package 'mecanum_bot' build argument 'catkin_skip_building_tests' from command line to 'False'
[0.375s] DEBUG:colcon.colcon_core.verb:Building package 'mecanum_bot' with the following arguments: {'ament_cmake_args': None, 'build_base': '/root/ros2_ws/build/mecanum_bot', 'catkin_cmake_args': None, 'catkin_skip_building_tests': False, 'cmake_args': None, 'cmake_clean_cache': False, 'cmake_clean_first': False, 'cmake_force_configure': False, 'cmake_target': None, 'cmake_target_skip_unavailable': False, 'install_base': '/root/ros2_ws/install/mecanum_bot', 'merge_install': False, 'path': '/root/ros2_ws/src/mecanum_bot', 'symlink_install': False, 'test_result_base': None}
[0.375s] Level 5:colcon.colcon_core.verb:set package 'mecanum_hardware' build argument 'cmake_args' from command line to 'None'
[0.376s] Level 5:colcon.colcon_core.verb:set package 'mecanum_hardware' build argument 'cmake_target' from command line to 'None'
[0.376s] Level 5:colcon.colcon_core.verb:set package 'mecanum_hardware' build argument 'cmake_target_skip_unavailable' from command line to 'False'
[0.376s] Level 5:colcon.colcon_core.verb:set package 'mecanum_hardware' build argument 'cmake_clean_cache' from command line to 'False'
[0.376s] Level 5:colcon.colcon_core.verb:set package 'mecanum_hardware' build argument 'cmake_clean_first' from command line to 'False'
[0.376s] Level 5:colcon.colcon_core.verb:set package 'mecanum_hardware' build argument 'cmake_force_configure' from command line to 'False'
[0.376s] Level 5:colcon.colcon_core.verb:set package 'mecanum_hardware' build argument 'ament_cmake_args' from command line to 'None'
[0.376s] Level 5:colcon.colcon_core.verb:set package 'mecanum_hardware' build argument 'catkin_cmake_args' from command line to 'None'
[0.376s] Level 5:colcon.colcon_core.verb:set package 'mecanum_hardware' build argument 'catkin_skip_building_tests' from command line to 'False'
[0.376s] DEBUG:colcon.colcon_core.verb:Building package 'mecanum_hardware' with the following arguments: {'ament_cmake_args': None, 'build_base': '/root/ros2_ws/build/mecanum_hardware', 'catkin_cmake_args': None, 'catkin_skip_building_tests': False, 'cmake_args': None, 'cmake_clean_cache': False, 'cmake_clean_first': False, 'cmake_force_configure': False, 'cmake_target': None, 'cmake_target_skip_unavailable': False, 'install_base': '/root/ros2_ws/install/mecanum_hardware', 'merge_install': False, 'path': '/root/ros2_ws/src/mecanum_hardware', 'symlink_install': False, 'test_result_base': None}
[0.376s] INFO:colcon.colcon_core.executor:Executing jobs using 'parallel' executor
[0.377s] DEBUG:colcon.colcon_parallel_executor.executor.parallel:run_until_complete
[0.378s] INFO:colcon.colcon_ros.task.ament_python.build:Building ROS package in '/root/ros2_ws/src/app_subscriber' with build type 'ament_python'
[0.378s] Level 1:colcon.colcon_core.shell:create_environment_hook('app_subscriber', 'ament_prefix_path')
[0.381s] INFO:colcon.colcon_core.plugin_system:Skipping extension 'colcon_core.shell.bat': Not used on non-Windows systems
[0.381s] INFO:colcon.colcon_core.shell:Creating environment hook '/root/ros2_ws/install/app_subscriber/share/app_subscriber/hook/ament_prefix_path.ps1'
[0.382s] INFO:colcon.colcon_core.shell:Creating environment descriptor '/root/ros2_ws/install/app_subscriber/share/app_subscriber/hook/ament_prefix_path.dsv'
[0.383s] INFO:colcon.colcon_core.shell:Creating environment hook '/root/ros2_ws/install/app_subscriber/share/app_subscriber/hook/ament_prefix_path.sh'
[0.384s] INFO:colcon.colcon_core.shell:Skip shell extension 'powershell' for command environment: Not usable outside of PowerShell
[0.385s] DEBUG:colcon.colcon_core.shell:Skip shell extension 'dsv' for command environment
[0.390s] INFO:colcon.colcon_ros.task.ament_python.build:Building ROS package in '/root/ros2_ws/src/distance_pid' with build type 'ament_python'
[0.390s] Level 1:colcon.colcon_core.shell:create_environment_hook('distance_pid', 'ament_prefix_path')
[0.391s] INFO:colcon.colcon_core.shell:Creating environment hook '/root/ros2_ws/install/distance_pid/share/distance_pid/hook/ament_prefix_path.ps1'
[0.392s] INFO:colcon.colcon_core.shell:Creating environment descriptor '/root/ros2_ws/install/distance_pid/share/distance_pid/hook/ament_prefix_path.dsv'
[0.392s] INFO:colcon.colcon_core.shell:Creating environment hook '/root/ros2_ws/install/distance_pid/share/distance_pid/hook/ament_prefix_path.sh'
[0.393s] INFO:colcon.colcon_core.shell:Skip shell extension 'powershell' for command environment: Not usable outside of PowerShell
[0.393s] DEBUG:colcon.colcon_core.shell:Skip shell extension 'dsv' for command environment
[0.397s] INFO:colcon.colcon_ros.task.ament_python.build:Building ROS package in '/root/ros2_ws/src/mecanum_bot' with build type 'ament_python'
[0.397s] Level 1:colcon.colcon_core.shell:create_environment_hook('mecanum_bot', 'ament_prefix_path')
[0.398s] INFO:colcon.colcon_core.shell:Creating environment hook '/root/ros2_ws/install/mecanum_bot/share/mecanum_bot/hook/ament_prefix_path.ps1'
[0.399s] INFO:colcon.colcon_core.shell:Creating environment descriptor '/root/ros2_ws/install/mecanum_bot/share/mecanum_bot/hook/ament_prefix_path.dsv'
[0.400s] INFO:colcon.colcon_core.shell:Creating environment hook '/root/ros2_ws/install/mecanum_bot/share/mecanum_bot/hook/ament_prefix_path.sh'
[0.402s] INFO:colcon.colcon_core.shell:Skip shell extension 'powershell' for command environment: Not usable outside of PowerShell
[0.402s] DEBUG:colcon.colcon_core.shell:Skip shell extension 'dsv' for command environment
[0.406s] INFO:colcon.colcon_ros.task.ament_cmake.build:Building ROS package in '/root/ros2_ws/src/mecanum_hardware' with build type 'ament_cmake'
[0.406s] INFO:colcon.colcon_cmake.task.cmake.build:Building CMake package in '/root/ros2_ws/src/mecanum_hardware'
[0.407s] INFO:colcon.colcon_core.shell:Skip shell extension 'powershell' for command environment: Not usable outside of PowerShell
[0.407s] DEBUG:colcon.colcon_core.shell:Skip shell extension 'dsv' for command environment
[0.698s] INFO:colcon.colcon_core.task.python.build:Building Python package in '/root/ros2_ws/src/app_subscriber'
[0.699s] INFO:colcon.colcon_core.shell:Skip shell extension 'powershell' for command environment: Not usable outside of PowerShell
[0.699s] DEBUG:colcon.colcon_core.shell:Skip shell extension 'dsv' for command environment
[1.000s] INFO:colcon.colcon_core.task.python.build:Building Python package in '/root/ros2_ws/src/distance_pid'
[1.001s] INFO:colcon.colcon_core.shell:Skip shell extension 'powershell' for command environment: Not usable outside of PowerShell
[1.001s] DEBUG:colcon.colcon_core.shell:Skip shell extension 'dsv' for command environment
[1.295s] INFO:colcon.colcon_core.task.python.build:Building Python package in '/root/ros2_ws/src/mecanum_bot'
[1.295s] INFO:colcon.colcon_core.shell:Skip shell extension 'powershell' for command environment: Not usable outside of PowerShell
[1.295s] DEBUG:colcon.colcon_core.shell:Skip shell extension 'dsv' for command environment
[1.306s] DEBUG:colcon.colcon_core.event_handler.log_command:Invoking command in '/root/ros2_ws/build/mecanum_hardware': CMAKE_PREFIX_PATH=/opt/ros/humble /usr/bin/cmake --build /root/ros2_ws/build/mecanum_hardware -- -j4 -l4
[1.971s] DEBUG:colcon.colcon_core.event_handler.log_command:Invoking command in '/root/ros2_ws/src/app_subscriber': PYTHONPATH=/root/ros2_ws/build/app_subscriber/prefix_override:/usr/lib/python3/dist-packages/colcon_core/task/python/colcon_distutils_commands:/root/ros2_ws/install/app_subscriber/lib/python3.10/site-packages:${PYTHONPATH} /usr/bin/python3 -W ignore:setup.py install is deprecated -W ignore:easy_install command is deprecated setup.py egg_info --egg-base ../../build/app_subscriber build --build-base /root/ros2_ws/build/app_subscriber/build install --record /root/ros2_ws/build/app_subscriber/install.log --single-version-externally-managed install_data
[1.987s] DEBUG:colcon.colcon_core.event_handler.log_command:Invoking command in '/root/ros2_ws/src/distance_pid': PYTHONPATH=/root/ros2_ws/build/distance_pid/prefix_override:/usr/lib/python3/dist-packages/colcon_core/task/python/colcon_distutils_commands:/root/ros2_ws/install/distance_pid/lib/python3.10/site-packages:${PYTHONPATH} /usr/bin/python3 -W ignore:setup.py install is deprecated -W ignore:easy_install command is deprecated setup.py egg_info --egg-base ../../build/distance_pid build --build-base /root/ros2_ws/build/distance_pid/build install --record /root/ros2_ws/build/distance_pid/install.log --single-version-externally-managed install_data
[2.037s] DEBUG:colcon.colcon_core.event_handler.log_command:Invoking command in '/root/ros2_ws/src/mecanum_bot': PYTHONPATH=/root/ros2_ws/build/mecanum_bot/prefix_override:/usr/lib/python3/dist-packages/colcon_core/task/python/colcon_distutils_commands:/root/ros2_ws/install/mecanum_bot/lib/python3.10/site-packages:${PYTHONPATH} /usr/bin/python3 -W ignore:setup.py install is deprecated -W ignore:easy_install command is deprecated setup.py egg_info --egg-base ../../build/mecanum_bot build --build-base /root/ros2_ws/build/mecanum_bot/build install --record /root/ros2_ws/build/mecanum_bot/install.log --single-version-externally-managed install_data
[2.562s] DEBUG:colcon.colcon_core.event_handler.log_command:Invoked command in '/root/ros2_ws/src/app_subscriber' returned '0': PYTHONPATH=/root/ros2_ws/build/app_subscriber/prefix_override:/usr/lib/python3/dist-packages/colcon_core/task/python/colcon_distutils_commands:/root/ros2_ws/install/app_subscriber/lib/python3.10/site-packages:${PYTHONPATH} /usr/bin/python3 -W ignore:setup.py install is deprecated -W ignore:easy_install command is deprecated setup.py egg_info --egg-base ../../build/app_subscriber build --build-base /root/ros2_ws/build/app_subscriber/build install --record /root/ros2_ws/build/app_subscriber/install.log --single-version-externally-managed install_data
[2.571s] Level 1:colcon.colcon_core.environment:checking '/root/ros2_ws/install/app_subscriber' for CMake module files
[2.574s] Level 1:colcon.colcon_core.environment:checking '/root/ros2_ws/install/app_subscriber' for CMake config files
[2.576s] Level 1:colcon.colcon_core.environment:checking '/root/ros2_ws/install/app_subscriber/lib'
[2.577s] Level 1:colcon.colcon_core.environment:checking '/root/ros2_ws/install/app_subscriber/bin'
[2.578s] Level 1:colcon.colcon_core.environment:checking '/root/ros2_ws/install/app_subscriber/lib/pkgconfig/app_subscriber.pc'
[2.579s] Level 1:colcon.colcon_core.environment:checking '/root/ros2_ws/install/app_subscriber/lib/python3.10/site-packages'
[2.580s] Level 1:colcon.colcon_core.shell:create_environment_hook('app_subscriber', 'pythonpath')
[2.581s] INFO:colcon.colcon_core.shell:Creating environment hook '/root/ros2_ws/install/app_subscriber/share/app_subscriber/hook/pythonpath.ps1'
[2.583s] INFO:colcon.colcon_core.shell:Creating environment descriptor '/root/ros2_ws/install/app_subscriber/share/app_subscriber/hook/pythonpath.dsv'
[2.584s] INFO:colcon.colcon_core.shell:Creating environment hook '/root/ros2_ws/install/app_subscriber/share/app_subscriber/hook/pythonpath.sh'
[2.586s] Level 1:colcon.colcon_core.environment:checking '/root/ros2_ws/install/app_subscriber/bin'
[2.586s] Level 1:colcon.colcon_core.environment:create_environment_scripts_only(app_subscriber)
[2.587s] INFO:colcon.colcon_core.shell:Creating package script '/root/ros2_ws/install/app_subscriber/share/app_subscriber/package.ps1'
[2.589s] INFO:colcon.colcon_core.shell:Creating package descriptor '/root/ros2_ws/install/app_subscriber/share/app_subscriber/package.dsv'
[2.590s] INFO:colcon.colcon_core.shell:Creating package script '/root/ros2_ws/install/app_subscriber/share/app_subscriber/package.sh'
[2.592s] INFO:colcon.colcon_core.shell:Creating package script '/root/ros2_ws/install/app_subscriber/share/app_subscriber/package.bash'
[2.597s] INFO:colcon.colcon_core.shell:Creating package script '/root/ros2_ws/install/app_subscriber/share/app_subscriber/package.zsh'
[2.599s] Level 1:colcon.colcon_core.environment:create_file_with_runtime_dependencies(/root/ros2_ws/install/app_subscriber/share/colcon-core/packages/app_subscriber)
[2.602s] Level 1:colcon.colcon_core.environment:checking '/root/ros2_ws/install/distance_pid' for CMake module files
[2.605s] Level 1:colcon.colcon_core.environment:checking '/root/ros2_ws/install/distance_pid' for CMake config files
[2.606s] Level 1:colcon.colcon_core.environment:checking '/root/ros2_ws/install/distance_pid/lib'
[2.607s] Level 1:colcon.colcon_core.environment:checking '/root/ros2_ws/install/distance_pid/bin'
[2.607s] Level 1:colcon.colcon_core.environment:checking '/root/ros2_ws/install/distance_pid/lib/pkgconfig/distance_pid.pc'
[2.608s] Level 1:colcon.colcon_core.environment:checking '/root/ros2_ws/install/distance_pid/lib/python3.10/site-packages'
[2.609s] Level 1:colcon.colcon_core.shell:create_environment_hook('distance_pid', 'pythonpath')
[2.609s] DEBUG:colcon.colcon_core.event_handler.log_command:Invoked command in '/root/ros2_ws/src/distance_pid' returned '0': PYTHONPATH=/root/ros2_ws/build/distance_pid/prefix_override:/usr/lib/python3/dist-packages/colcon_core/task/python/colcon_distutils_commands:/root/ros2_ws/install/distance_pid/lib/python3.10/site-packages:${PYTHONPATH} /usr/bin/python3 -W ignore:setup.py install is deprecated -W ignore:easy_install command is deprecated setup.py egg_info --egg-base ../../build/distance_pid build --build-base /root/ros2_ws/build/distance_pid/build install --record /root/ros2_ws/build/distance_pid/install.log --single-version-externally-managed install_data
[2.609s] INFO:colcon.colcon_core.shell:Creating environment hook '/root/ros2_ws/install/distance_pid/share/distance_pid/hook/pythonpath.ps1'
[2.611s] INFO:colcon.colcon_core.shell:Creating environment descriptor '/root/ros2_ws/install/distance_pid/share/distance_pid/hook/pythonpath.dsv'
[2.612s] INFO:colcon.colcon_core.shell:Creating environment hook '/root/ros2_ws/install/distance_pid/share/distance_pid/hook/pythonpath.sh'
[2.614s] Level 1:colcon.colcon_core.environment:checking '/root/ros2_ws/install/distance_pid/bin'
[2.615s] Level 1:colcon.colcon_core.environment:create_environment_scripts_only(distance_pid)
[2.616s] INFO:colcon.colcon_core.shell:Creating package script '/root/ros2_ws/install/distance_pid/share/distance_pid/package.ps1'
[2.617s] INFO:colcon.colcon_core.shell:Creating package descriptor '/root/ros2_ws/install/distance_pid/share/distance_pid/package.dsv'
[2.619s] INFO:colcon.colcon_core.shell:Creating package script '/root/ros2_ws/install/distance_pid/share/distance_pid/package.sh'
[2.620s] INFO:colcon.colcon_core.shell:Creating package script '/root/ros2_ws/install/distance_pid/share/distance_pid/package.bash'
[2.621s] INFO:colcon.colcon_core.shell:Creating package script '/root/ros2_ws/install/distance_pid/share/distance_pid/package.zsh'
[2.623s] Level 1:colcon.colcon_core.environment:create_file_with_runtime_dependencies(/root/ros2_ws/install/distance_pid/share/colcon-core/packages/distance_pid)
[2.635s] Level 1:colcon.colcon_core.environment:checking '/root/ros2_ws/install/mecanum_bot' for CMake module files
[2.635s] DEBUG:colcon.colcon_core.event_handler.log_command:Invoked command in '/root/ros2_ws/src/mecanum_bot' returned '0': PYTHONPATH=/root/ros2_ws/build/mecanum_bot/prefix_override:/usr/lib/python3/dist-packages/colcon_core/task/python/colcon_distutils_commands:/root/ros2_ws/install/mecanum_bot/lib/python3.10/site-packages:${PYTHONPATH} /usr/bin/python3 -W ignore:setup.py install is deprecated -W ignore:easy_install command is deprecated setup.py egg_info --egg-base ../../build/mecanum_bot build --build-base /root/ros2_ws/build/mecanum_bot/build install --record /root/ros2_ws/build/mecanum_bot/install.log --single-version-externally-managed install_data
[2.636s] Level 1:colcon.colcon_core.environment:checking '/root/ros2_ws/install/mecanum_bot' for CMake config files
[2.637s] Level 1:colcon.colcon_core.environment:checking '/root/ros2_ws/install/mecanum_bot/lib'
[2.637s] Level 1:colcon.colcon_core.environment:checking '/root/ros2_ws/install/mecanum_bot/bin'
[2.637s] Level 1:colcon.colcon_core.environment:checking '/root/ros2_ws/install/mecanum_bot/lib/pkgconfig/mecanum_bot.pc'
[2.637s] Level 1:colcon.colcon_core.environment:checking '/root/ros2_ws/install/mecanum_bot/lib/python3.10/site-packages'
[2.637s] Level 1:colcon.colcon_core.shell:create_environment_hook('mecanum_bot', 'pythonpath')
[2.638s] INFO:colcon.colcon_core.shell:Creating environment hook '/root/ros2_ws/install/mecanum_bot/share/mecanum_bot/hook/pythonpath.ps1'
[2.638s] INFO:colcon.colcon_core.shell:Creating environment descriptor '/root/ros2_ws/install/mecanum_bot/share/mecanum_bot/hook/pythonpath.dsv'
[2.640s] INFO:colcon.colcon_core.shell:Creating environment hook '/root/ros2_ws/install/mecanum_bot/share/mecanum_bot/hook/pythonpath.sh'
[2.643s] Level 1:colcon.colcon_core.environment:checking '/root/ros2_ws/install/mecanum_bot/bin'
[2.643s] Level 1:colcon.colcon_core.environment:create_environment_scripts_only(mecanum_bot)
[2.644s] INFO:colcon.colcon_core.shell:Creating package script '/root/ros2_ws/install/mecanum_bot/share/mecanum_bot/package.ps1'
[2.645s] INFO:colcon.colcon_core.shell:Creating package descriptor '/root/ros2_ws/install/mecanum_bot/share/mecanum_bot/package.dsv'
[2.646s] INFO:colcon.colcon_core.shell:Creating package script '/root/ros2_ws/install/mecanum_bot/share/mecanum_bot/package.sh'
[2.647s] INFO:colcon.colcon_core.shell:Creating package script '/root/ros2_ws/install/mecanum_bot/share/mecanum_bot/package.bash'
[2.650s] INFO:colcon.colcon_core.shell:Creating package script '/root/ros2_ws/install/mecanum_bot/share/mecanum_bot/package.zsh'
[2.651s] Level 1:colcon.colcon_core.environment:create_file_with_runtime_dependencies(/root/ros2_ws/install/mecanum_bot/share/colcon-core/packages/mecanum_bot)
[9.529s] DEBUG:colcon.colcon_core.event_handler.log_command:Invoked command in '/root/ros2_ws/build/mecanum_hardware' returned '0': CMAKE_PREFIX_PATH=/opt/ros/humble /usr/bin/cmake --build /root/ros2_ws/build/mecanum_hardware -- -j4 -l4
[9.547s] DEBUG:colcon.colcon_core.event_handler.log_command:Invoking command in '/root/ros2_ws/build/mecanum_hardware': CMAKE_PREFIX_PATH=/opt/ros/humble /usr/bin/cmake --install /root/ros2_ws/build/mecanum_hardware
[9.571s] Level 1:colcon.colcon_core.environment:create_environment_scripts_only(mecanum_hardware)
[9.572s] Level 1:colcon.colcon_core.environment:checking '/root/ros2_ws/install/mecanum_hardware' for CMake module files
[9.572s] DEBUG:colcon.colcon_core.event_handler.log_command:Invoked command in '/root/ros2_ws/build/mecanum_hardware' returned '0': CMAKE_PREFIX_PATH=/opt/ros/humble /usr/bin/cmake --install /root/ros2_ws/build/mecanum_hardware
[9.572s] Level 1:colcon.colcon_core.environment:checking '/root/ros2_ws/install/mecanum_hardware' for CMake config files
[9.573s] Level 1:colcon.colcon_core.shell:create_environment_hook('mecanum_hardware', 'cmake_prefix_path')
[9.573s] INFO:colcon.colcon_core.shell:Creating environment hook '/root/ros2_ws/install/mecanum_hardware/share/mecanum_hardware/hook/cmake_prefix_path.ps1'
[9.574s] INFO:colcon.colcon_core.shell:Creating environment descriptor '/root/ros2_ws/install/mecanum_hardware/share/mecanum_hardware/hook/cmake_prefix_path.dsv'
[9.575s] INFO:colcon.colcon_core.shell:Creating environment hook '/root/ros2_ws/install/mecanum_hardware/share/mecanum_hardware/hook/cmake_prefix_path.sh'
[9.576s] Level 1:colcon.colcon_core.environment:checking '/root/ros2_ws/install/mecanum_hardware/lib'
[9.576s] Level 1:colcon.colcon_core.shell:create_environment_hook('mecanum_hardware', 'ld_library_path_lib')
[9.576s] INFO:colcon.colcon_core.shell:Creating environment hook '/root/ros2_ws/install/mecanum_hardware/share/mecanum_hardware/hook/ld_library_path_lib.ps1'
[9.576s] INFO:colcon.colcon_core.shell:Creating environment descriptor '/root/ros2_ws/install/mecanum_hardware/share/mecanum_hardware/hook/ld_library_path_lib.dsv'
[9.577s] INFO:colcon.colcon_core.shell:Creating environment hook '/root/ros2_ws/install/mecanum_hardware/share/mecanum_hardware/hook/ld_library_path_lib.sh'
[9.578s] Level 1:colcon.colcon_core.environment:checking '/root/ros2_ws/install/mecanum_hardware/bin'
[9.578s] Level 1:colcon.colcon_core.environment:checking '/root/ros2_ws/install/mecanum_hardware/lib/pkgconfig/mecanum_hardware.pc'
[9.579s] Level 1:colcon.colcon_core.environment:checking '/root/ros2_ws/install/mecanum_hardware/lib/python3.10/site-packages'
[9.579s] Level 1:colcon.colcon_core.environment:checking '/root/ros2_ws/install/mecanum_hardware/bin'
[9.579s] INFO:colcon.colcon_core.shell:Creating package script '/root/ros2_ws/install/mecanum_hardware/share/mecanum_hardware/package.ps1'
[9.580s] INFO:colcon.colcon_core.shell:Creating package descriptor '/root/ros2_ws/install/mecanum_hardware/share/mecanum_hardware/package.dsv'
[9.581s] INFO:colcon.colcon_core.shell:Creating package script '/root/ros2_ws/install/mecanum_hardware/share/mecanum_hardware/package.sh'
[9.582s] INFO:colcon.colcon_core.shell:Creating package script '/root/ros2_ws/install/mecanum_hardware/share/mecanum_hardware/package.bash'
[9.583s] INFO:colcon.colcon_core.shell:Creating package script '/root/ros2_ws/install/mecanum_hardware/share/mecanum_hardware/package.zsh'
[9.586s] Level 1:colcon.colcon_core.environment:create_file_with_runtime_dependencies(/root/ros2_ws/install/mecanum_hardware/share/colcon-core/packages/mecanum_hardware)
[9.586s] Level 1:colcon.colcon_core.environment:create_environment_scripts_only(mecanum_hardware)
[9.587s] Level 1:colcon.colcon_core.environment:checking '/root/ros2_ws/install/mecanum_hardware' for CMake module files
[9.587s] Level 1:colcon.colcon_core.environment:checking '/root/ros2_ws/install/mecanum_hardware' for CMake config files
[9.588s] Level 1:colcon.colcon_core.shell:create_environment_hook('mecanum_hardware', 'cmake_prefix_path')
[9.588s] INFO:colcon.colcon_core.shell:Creating environment hook '/root/ros2_ws/install/mecanum_hardware/share/mecanum_hardware/hook/cmake_prefix_path.ps1'
[9.588s] INFO:colcon.colcon_core.shell:Creating environment descriptor '/root/ros2_ws/install/mecanum_hardware/share/mecanum_hardware/hook/cmake_prefix_path.dsv'
[9.590s] INFO:colcon.colcon_core.shell:Creating environment hook '/root/ros2_ws/install/mecanum_hardware/share/mecanum_hardware/hook/cmake_prefix_path.sh'
[9.591s] Level 1:colcon.colcon_core.environment:checking '/root/ros2_ws/install/mecanum_hardware/lib'
[9.592s] Level 1:colcon.colcon_core.shell:create_environment_hook('mecanum_hardware', 'ld_library_path_lib')
[9.592s] INFO:colcon.colcon_core.shell:Creating environment hook '/root/ros2_ws/install/mecanum_hardware/share/mecanum_hardware/hook/ld_library_path_lib.ps1'
[9.594s] INFO:colcon.colcon_core.shell:Creating environment descriptor '/root/ros2_ws/install/mecanum_hardware/share/mecanum_hardware/hook/ld_library_path_lib.dsv'
[9.594s] INFO:colcon.colcon_core.shell:Creating environment hook '/root/ros2_ws/install/mecanum_hardware/share/mecanum_hardware/hook/ld_library_path_lib.sh'
[9.595s] Level 1:colcon.colcon_core.environment:checking '/root/ros2_ws/install/mecanum_hardware/bin'
[9.595s] Level 1:colcon.colcon_core.environment:checking '/root/ros2_ws/install/mecanum_hardware/lib/pkgconfig/mecanum_hardware.pc'
[9.596s] Level 1:colcon.colcon_core.environment:checking '/root/ros2_ws/install/mecanum_hardware/lib/python3.10/site-packages'
[9.596s] Level 1:colcon.colcon_core.environment:checking '/root/ros2_ws/install/mecanum_hardware/bin'
[9.597s] INFO:colcon.colcon_core.shell:Creating package script '/root/ros2_ws/install/mecanum_hardware/share/mecanum_hardware/package.ps1'
[9.598s] INFO:colcon.colcon_core.shell:Creating package descriptor '/root/ros2_ws/install/mecanum_hardware/share/mecanum_hardware/package.dsv'
[9.598s] INFO:colcon.colcon_core.shell:Creating package script '/root/ros2_ws/install/mecanum_hardware/share/mecanum_hardware/package.sh'
[9.599s] INFO:colcon.colcon_core.shell:Creating package script '/root/ros2_ws/install/mecanum_hardware/share/mecanum_hardware/package.bash'
[9.600s] INFO:colcon.colcon_core.shell:Creating package script '/root/ros2_ws/install/mecanum_hardware/share/mecanum_hardware/package.zsh'
[9.601s] Level 1:colcon.colcon_core.environment:create_file_with_runtime_dependencies(/root/ros2_ws/install/mecanum_hardware/share/colcon-core/packages/mecanum_hardware)
[9.601s] DEBUG:colcon.colcon_parallel_executor.executor.parallel:closing loop
[9.601s] DEBUG:colcon.colcon_parallel_executor.executor.parallel:loop closed
[9.602s] DEBUG:colcon.colcon_parallel_executor.executor.parallel:run_until_complete finished with '0'
[9.602s] DEBUG:colcon.colcon_core.event_reactor:joining thread
[9.635s] INFO:colcon.colcon_core.plugin_system:Skipping extension 'colcon_notification.desktop_notification.notify_send': Could not find 'notify-send'
[9.635s] INFO:colcon.colcon_core.plugin_system:Skipping extension 'colcon_notification.desktop_notification.terminal_notifier': Not used on non-Darwin systems
[9.636s] INFO:colcon.colcon_core.plugin_system:Skipping extension 'colcon_notification.desktop_notification.win32': Not used on non-Windows systems
[9.636s] INFO:colcon.colcon_notification.desktop_notification:Sending desktop notification using 'notify2'
[9.636s] DEBUG:colcon.colcon_notification.desktop_notification.notify2:Failed to initialize notify2: org.freedesktop.DBus.Error.NotSupported: Unable to autolaunch a dbus-daemon without a $DISPLAY for X11
[9.636s] DEBUG:colcon.colcon_core.event_reactor:joined thread
[9.636s] INFO:colcon.colcon_core.shell:Creating prefix script '/root/ros2_ws/install/local_setup.ps1'
[9.638s] INFO:colcon.colcon_core.shell:Creating prefix util module '/root/ros2_ws/install/_local_setup_util_ps1.py'
[9.640s] INFO:colcon.colcon_core.shell:Creating prefix chain script '/root/ros2_ws/install/setup.ps1'
[9.641s] INFO:colcon.colcon_core.shell:Creating prefix script '/root/ros2_ws/install/local_setup.sh'
[9.642s] INFO:colcon.colcon_core.shell:Creating prefix util module '/root/ros2_ws/install/_local_setup_util_sh.py'
[9.643s] INFO:colcon.colcon_core.shell:Creating prefix chain script '/root/ros2_ws/install/setup.sh'
[9.646s] INFO:colcon.colcon_core.shell:Creating prefix script '/root/ros2_ws/install/local_setup.bash'
[9.647s] INFO:colcon.colcon_core.shell:Creating prefix chain script '/root/ros2_ws/install/setup.bash'
[9.649s] INFO:colcon.colcon_core.shell:Creating prefix script '/root/ros2_ws/install/local_setup.zsh'
[9.650s] INFO:colcon.colcon_core.shell:Creating prefix chain script '/root/ros2_ws/install/setup.zsh'
