[0.886s] Invoking command in '/root/ros2_ws/build/mecanum_bot': PYTHONPATH=/root/ros2_ws/build/mecanum_bot/prefix_override:/usr/lib/python3/dist-packages/colcon_core/task/python/colcon_distutils_commands:/root/ros2_ws/install/mecanum_bot/lib/python3.10/site-packages:${PYTHONPATH} /usr/bin/python3 -W ignore:setup.py install is deprecated -W ignore:easy_install command is deprecated setup.py develop --editable --build-directory /root/ros2_ws/build/mecanum_bot/build --no-deps symlink_data --force
[1.203s] running develop
[1.349s] running egg_info
[1.350s] writing mecanum_bot.egg-info/PKG-INFO
[1.350s] writing dependency_links to mecanum_bot.egg-info/dependency_links.txt
[1.351s] writing entry points to mecanum_bot.egg-info/entry_points.txt
[1.352s] writing requirements to mecanum_bot.egg-info/requires.txt
[1.352s] writing top-level names to mecanum_bot.egg-info/top_level.txt
[1.356s] reading manifest file 'mecanum_bot.egg-info/SOURCES.txt'
[1.358s] writing manifest file 'mecanum_bot.egg-info/SOURCES.txt'
[1.361s] running build_ext
[1.361s] Creating /root/ros2_ws/install/mecanum_bot/lib/python3.10/site-packages/mecanum-bot.egg-link (link to .)
[1.362s] Installing data_controller script to /root/ros2_ws/install/mecanum_bot/lib/mecanum_bot
[1.364s] Installing hardware_driver script to /root/ros2_ws/install/mecanum_bot/lib/mecanum_bot
[1.364s] Installing pid script to /root/ros2_ws/install/mecanum_bot/lib/mecanum_bot
[1.364s] 
[1.364s] Installed /root/ros2_ws/build/mecanum_bot
[1.364s] running symlink_data
[1.364s] symbolically linking /root/ros2_ws/build/mecanum_bot/resource/mecanum_bot -> /root/ros2_ws/install/mecanum_bot/share/ament_index/resource_index/packages
[1.366s] symbolically linking /root/ros2_ws/build/mecanum_bot/package.xml -> /root/ros2_ws/install/mecanum_bot/share/mecanum_bot
[1.366s] symbolically linking /root/ros2_ws/build/mecanum_bot/launch/bringup.launch.py -> /root/ros2_ws/install/mecanum_bot/share/mecanum_bot/launch
[1.366s] symbolically linking /root/ros2_ws/build/mecanum_bot/config/controllers.yaml -> /root/ros2_ws/install/mecanum_bot/share/mecanum_bot/config
[1.366s] symbolically linking /root/ros2_ws/build/mecanum_bot/config/ekf.yaml -> /root/ros2_ws/install/mecanum_bot/share/mecanum_bot/config
[1.366s] creating /root/ros2_ws/install/mecanum_bot/share/mecanum_bot/description
[1.444s] Invoked command in '/root/ros2_ws/build/mecanum_bot' returned '0': PYTHONPATH=/root/ros2_ws/build/mecanum_bot/prefix_override:/usr/lib/python3/dist-packages/colcon_core/task/python/colcon_distutils_commands:/root/ros2_ws/install/mecanum_bot/lib/python3.10/site-packages:${PYTHONPATH} /usr/bin/python3 -W ignore:setup.py install is deprecated -W ignore:easy_install command is deprecated setup.py develop --editable --build-directory /root/ros2_ws/build/mecanum_bot/build --no-deps symlink_data --force
