[0.899s] Invoking command in '/root/ros2_ws/build/mecanum_hardware': CMAKE_PREFIX_PATH=${CMAKE_PREFIX_PATH}:/root/ros2_ws/install/mecanum_bot:/root/ros2_ws/install/distance_pid:/root/ros2_ws/install/app_subscriber:/opt/ros/humble /usr/bin/cmake /root/ros2_ws/src/mecanum_hardware -DCMAKE_INSTALL_PREFIX=/root/ros2_ws/install/mecanum_hardware
[1.052s] -- The C compiler identification is GNU 11.4.0
[1.198s] -- The CXX compiler identification is GNU 11.4.0
[1.212s] -- Detecting C compiler ABI info
[1.372s] -- Detecting C compiler ABI info - done
[1.388s] -- Check for working C compiler: /usr/bin/cc - skipped
[1.389s] -- Detecting C compile features
[1.391s] -- Detecting C compile features - done
[1.398s] -- Detecting CXX compiler ABI info
[1.625s] -- Detecting CXX compiler ABI info - done
[1.644s] -- Check for working CXX compiler: /usr/bin/c++ - skipped
[1.648s] -- Detecting CXX compile features
[1.650s] -- Detecting CXX compile features - done
[1.659s] -- Found ament_cmake: 1.3.12 (/opt/ros/humble/share/ament_cmake/cmake)
[2.064s] -- Found Python3: /usr/bin/python3 (found version "3.10.12") found components: Interpreter 
[2.297s] -- Found rclcpp: 16.0.15 (/opt/ros/humble/share/rclcpp/cmake)
[2.422s] -- Found rosidl_generator_c: 3.1.7 (/opt/ros/humble/share/rosidl_generator_c/cmake)
[2.437s] -- Found rosidl_adapter: 3.1.7 (/opt/ros/humble/share/rosidl_adapter/cmake)
[2.465s] -- Found rosidl_generator_cpp: 3.1.7 (/opt/ros/humble/share/rosidl_generator_cpp/cmake)
[2.489s] -- Using all available rosidl_typesupport_c: rosidl_typesupport_fastrtps_c;rosidl_typesupport_introspection_c
[2.521s] -- Using all available rosidl_typesupport_cpp: rosidl_typesupport_fastrtps_cpp;rosidl_typesupport_introspection_cpp
[2.585s] -- Found rmw_implementation_cmake: 6.1.2 (/opt/ros/humble/share/rmw_implementation_cmake/cmake)
[2.588s] -- Found rmw_fastrtps_cpp: 6.2.9 (/opt/ros/humble/share/rmw_fastrtps_cpp/cmake)
[2.724s] -- Found OpenSSL: /usr/lib/aarch64-linux-gnu/libcrypto.so (found version "3.0.2")  
[2.750s] -- Found FastRTPS: /opt/ros/humble/include  
[2.794s] -- Using RMW implementation 'rmw_fastrtps_cpp' as default
[2.807s] -- Looking for pthread.h
[2.927s] -- Looking for pthread.h - found
[2.928s] -- Performing Test CMAKE_HAVE_LIBC_PTHREAD
[3.046s] -- Performing Test CMAKE_HAVE_LIBC_PTHREAD - Success
[3.048s] -- Found Threads: TRUE  
[3.125s] -- Found rclcpp_lifecycle: 16.0.15 (/opt/ros/humble/share/rclcpp_lifecycle/cmake)
[3.152s] -- Found hardware_interface: 2.52.2 (/opt/ros/humble/share/hardware_interface/cmake)
[3.328s] -- LibSerial include dir: /usr/include/libserial
[3.328s] -- LibSerial library: /usr/lib/aarch64-linux-gnu/libserial.so
[3.429s] -- Configuring done
[3.447s] -- Generating done
[3.453s] -- Build files have been written to: /root/ros2_ws/build/mecanum_hardware
[3.470s] Invoked command in '/root/ros2_ws/build/mecanum_hardware' returned '0': CMAKE_PREFIX_PATH=${CMAKE_PREFIX_PATH}:/root/ros2_ws/install/mecanum_bot:/root/ros2_ws/install/distance_pid:/root/ros2_ws/install/app_subscriber:/opt/ros/humble /usr/bin/cmake /root/ros2_ws/src/mecanum_hardware -DCMAKE_INSTALL_PREFIX=/root/ros2_ws/install/mecanum_hardware
[3.473s] Invoking command in '/root/ros2_ws/build/mecanum_hardware': CMAKE_PREFIX_PATH=${CMAKE_PREFIX_PATH}:/root/ros2_ws/install/mecanum_bot:/root/ros2_ws/install/distance_pid:/root/ros2_ws/install/app_subscriber:/opt/ros/humble /usr/bin/cmake --build /root/ros2_ws/build/mecanum_hardware -- -j4 -l4
[3.559s] [ 50%] [32mBuilding CXX object CMakeFiles/mecanum_hardware.dir/src/mecanum_system.cpp.o[0m
[10.710s] [100%] [32m[1mLinking CXX shared library libmecanum_hardware.so[0m
[11.334s] [100%] Built target mecanum_hardware
[11.353s] Invoked command in '/root/ros2_ws/build/mecanum_hardware' returned '0': CMAKE_PREFIX_PATH=${CMAKE_PREFIX_PATH}:/root/ros2_ws/install/mecanum_bot:/root/ros2_ws/install/distance_pid:/root/ros2_ws/install/app_subscriber:/opt/ros/humble /usr/bin/cmake --build /root/ros2_ws/build/mecanum_hardware -- -j4 -l4
[11.371s] Invoking command in '/root/ros2_ws/build/mecanum_hardware': CMAKE_PREFIX_PATH=${CMAKE_PREFIX_PATH}:/root/ros2_ws/install/mecanum_bot:/root/ros2_ws/install/distance_pid:/root/ros2_ws/install/app_subscriber:/opt/ros/humble /usr/bin/cmake --install /root/ros2_ws/build/mecanum_hardware
[11.384s] -- Install configuration: ""
[11.384s] -- Installing: /root/ros2_ws/install/mecanum_hardware/share/mecanum_hardware/mecanum_hardware.xml
[11.384s] -- Installing: /root/ros2_ws/install/mecanum_hardware/lib/libmecanum_hardware.so
[11.388s] -- Set runtime path of "/root/ros2_ws/install/mecanum_hardware/lib/libmecanum_hardware.so" to ""
[11.389s] -- Installing: /root/ros2_ws/install/mecanum_hardware/include
[11.389s] -- Installing: /root/ros2_ws/install/mecanum_hardware/include/mecanum_hardware
[11.389s] -- Installing: /root/ros2_ws/install/mecanum_hardware/include/mecanum_hardware/mecanum_system.hpp
[11.389s] -- Up-to-date: /root/ros2_ws/install/mecanum_hardware/share/mecanum_hardware/mecanum_hardware.xml
[11.389s] -- Installing: /root/ros2_ws/install/mecanum_hardware/share/ament_index/resource_index/package_run_dependencies/mecanum_hardware
[11.389s] -- Installing: /root/ros2_ws/install/mecanum_hardware/share/ament_index/resource_index/parent_prefix_path/mecanum_hardware
[11.389s] -- Installing: /root/ros2_ws/install/mecanum_hardware/share/mecanum_hardware/environment/ament_prefix_path.sh
[11.390s] -- Installing: /root/ros2_ws/install/mecanum_hardware/share/mecanum_hardware/environment/ament_prefix_path.dsv
[11.390s] -- Installing: /root/ros2_ws/install/mecanum_hardware/share/mecanum_hardware/environment/path.sh
[11.390s] -- Installing: /root/ros2_ws/install/mecanum_hardware/share/mecanum_hardware/environment/path.dsv
[11.390s] -- Installing: /root/ros2_ws/install/mecanum_hardware/share/mecanum_hardware/local_setup.bash
[11.390s] -- Installing: /root/ros2_ws/install/mecanum_hardware/share/mecanum_hardware/local_setup.sh
[11.390s] -- Installing: /root/ros2_ws/install/mecanum_hardware/share/mecanum_hardware/local_setup.zsh
[11.391s] -- Installing: /root/ros2_ws/install/mecanum_hardware/share/mecanum_hardware/local_setup.dsv
[11.391s] -- Installing: /root/ros2_ws/install/mecanum_hardware/share/mecanum_hardware/package.dsv
[11.391s] -- Installing: /root/ros2_ws/install/mecanum_hardware/share/ament_index/resource_index/packages/mecanum_hardware
[11.391s] -- Installing: /root/ros2_ws/install/mecanum_hardware/share/ament_index/resource_index/hardware_interface__pluginlib__plugin/mecanum_hardware
[11.391s] -- Installing: /root/ros2_ws/install/mecanum_hardware/share/mecanum_hardware/cmake/mecanum_hardwareConfig.cmake
[11.392s] -- Installing: /root/ros2_ws/install/mecanum_hardware/share/mecanum_hardware/cmake/mecanum_hardwareConfig-version.cmake
[11.392s] -- Installing: /root/ros2_ws/install/mecanum_hardware/share/mecanum_hardware/package.xml
[11.395s] Invoked command in '/root/ros2_ws/build/mecanum_hardware' returned '0': CMAKE_PREFIX_PATH=${CMAKE_PREFIX_PATH}:/root/ros2_ws/install/mecanum_bot:/root/ros2_ws/install/distance_pid:/root/ros2_ws/install/app_subscriber:/opt/ros/humble /usr/bin/cmake --install /root/ros2_ws/build/mecanum_hardware
