[0.294s] DEBUG:colcon:Command line arguments: ['/usr/bin/colcon', 'build']
[0.294s] DEBUG:colcon:Parsed command line arguments: Namespace(log_base=None, log_level=None, verb_name='build', build_base='build', install_base='install', merge_install=False, symlink_install=False, test_result_base=None, continue_on_error=False, executor='parallel', parallel_workers=4, event_handlers=None, ignore_user_meta=False, metas=['./colcon.meta'], base_paths=['.'], packages_ignore=None, packages_ignore_regex=None, paths=None, packages_up_to=None, packages_up_to_regex=None, packages_above=None, packages_above_and_dependencies=None, packages_above_depth=None, packages_select_by_dep=None, packages_skip_by_dep=None, packages_skip_up_to=None, packages_select_build_failed=False, packages_skip_build_finished=False, packages_select_test_failures=False, packages_skip_test_passed=False, packages_select=None, packages_skip=None, packages_select_regex=None, packages_skip_regex=None, packages_start=None, packages_end=None, cmake_args=None, cmake_target=None, cmake_target_skip_unavailable=False, cmake_clean_cache=False, cmake_clean_first=False, cmake_force_configure=False, ament_cmake_args=None, catkin_cmake_args=None, catkin_skip_building_tests=False, mixin_files=None, mixin=None, verb_parser=<colcon_mixin.mixin.mixin_argument.MixinArgumentDecorator object at 0xffff7f83b190>, verb_extension=<colcon_core.verb.build.BuildVerb object at 0xffff7f83ace0>, main=<bound method BuildVerb.main of <colcon_core.verb.build.BuildVerb object at 0xffff7f83ace0>>, mixin_verb=('build',))
[0.627s] Level 1:colcon.colcon_core.package_discovery:discover_packages(colcon_meta) check parameters
[0.629s] INFO:colcon.colcon_metadata.package_discovery.colcon_meta:Using configuration from '/root/.colcon/metadata/default/Gazebo.meta'
[0.631s] INFO:colcon.colcon_metadata.package_discovery.colcon_meta:Using configuration from '/root/.colcon/metadata/default/fastdds.meta'
[0.632s] INFO:colcon.colcon_metadata.package_discovery.colcon_meta:Using configuration from '/root/.colcon/metadata/default/fastrtps.meta'
[0.632s] Level 1:colcon.colcon_core.package_discovery:discover_packages(recursive) check parameters
[0.632s] Level 1:colcon.colcon_core.package_discovery:discover_packages(ignore) check parameters
[0.632s] Level 1:colcon.colcon_core.package_discovery:discover_packages(path) check parameters
[0.632s] Level 1:colcon.colcon_core.package_discovery:discover_packages(colcon_meta) discover
[0.632s] Level 1:colcon.colcon_core.package_discovery:discover_packages(recursive) discover
[0.632s] INFO:colcon.colcon_core.package_discovery:Crawling recursively for packages in '/root/ros2_ws/src'
[0.632s] Level 1:colcon.colcon_core.package_identification:_identify(.) by extensions ['ignore', 'ignore_ament_install']
[0.632s] Level 1:colcon.colcon_core.package_identification:_identify(.) by extension 'ignore'
[0.632s] Level 1:colcon.colcon_core.package_identification:_identify(.) by extension 'ignore_ament_install'
[0.632s] Level 1:colcon.colcon_core.package_identification:_identify(.) by extensions ['colcon_pkg']
[0.632s] Level 1:colcon.colcon_core.package_identification:_identify(.) by extension 'colcon_pkg'
[0.633s] Level 1:colcon.colcon_core.package_identification:_identify(.) by extensions ['colcon_meta']
[0.633s] Level 1:colcon.colcon_core.package_identification:_identify(.) by extension 'colcon_meta'
[0.633s] Level 1:colcon.colcon_core.package_identification:_identify(.) by extensions ['ros']
[0.633s] Level 1:colcon.colcon_core.package_identification:_identify(.) by extension 'ros'
[0.658s] Level 1:colcon.colcon_core.package_identification:_identify(.) by extensions ['cmake', 'python']
[0.658s] Level 1:colcon.colcon_core.package_identification:_identify(.) by extension 'cmake'
[0.658s] Level 1:colcon.colcon_core.package_identification:_identify(.) by extension 'python'
[0.658s] Level 1:colcon.colcon_core.package_identification:_identify(.) by extensions ['python_setup_py']
[0.658s] Level 1:colcon.colcon_core.package_identification:_identify(.) by extension 'python_setup_py'
[0.659s] Level 1:colcon.colcon_core.package_identification:_identify(app_subscriber) by extensions ['ignore', 'ignore_ament_install']
[0.660s] Level 1:colcon.colcon_core.package_identification:_identify(app_subscriber) by extension 'ignore'
[0.660s] Level 1:colcon.colcon_core.package_identification:_identify(app_subscriber) by extension 'ignore_ament_install'
[0.660s] Level 1:colcon.colcon_core.package_identification:_identify(app_subscriber) by extensions ['colcon_pkg']
[0.660s] Level 1:colcon.colcon_core.package_identification:_identify(app_subscriber) by extension 'colcon_pkg'
[0.660s] Level 1:colcon.colcon_core.package_identification:_identify(app_subscriber) by extensions ['colcon_meta']
[0.660s] Level 1:colcon.colcon_core.package_identification:_identify(app_subscriber) by extension 'colcon_meta'
[0.660s] Level 1:colcon.colcon_core.package_identification:_identify(app_subscriber) by extensions ['ros']
[0.660s] Level 1:colcon.colcon_core.package_identification:_identify(app_subscriber) by extension 'ros'
[0.665s] DEBUG:colcon.colcon_core.package_identification:Package 'app_subscriber' with type 'ros.ament_python' and name 'app_subscriber'
[0.665s] Level 1:colcon.colcon_core.package_identification:_identify(build) by extensions ['ignore', 'ignore_ament_install']
[0.665s] Level 1:colcon.colcon_core.package_identification:_identify(build) by extension 'ignore'
[0.665s] Level 1:colcon.colcon_core.package_identification:_identify(build) ignored
[0.666s] Level 1:colcon.colcon_core.package_identification:_identify(distance_pid) by extensions ['ignore', 'ignore_ament_install']
[0.666s] Level 1:colcon.colcon_core.package_identification:_identify(distance_pid) by extension 'ignore'
[0.666s] Level 1:colcon.colcon_core.package_identification:_identify(distance_pid) by extension 'ignore_ament_install'
[0.666s] Level 1:colcon.colcon_core.package_identification:_identify(distance_pid) by extensions ['colcon_pkg']
[0.666s] Level 1:colcon.colcon_core.package_identification:_identify(distance_pid) by extension 'colcon_pkg'
[0.666s] Level 1:colcon.colcon_core.package_identification:_identify(distance_pid) by extensions ['colcon_meta']
[0.666s] Level 1:colcon.colcon_core.package_identification:_identify(distance_pid) by extension 'colcon_meta'
[0.666s] Level 1:colcon.colcon_core.package_identification:_identify(distance_pid) by extensions ['ros']
[0.666s] Level 1:colcon.colcon_core.package_identification:_identify(distance_pid) by extension 'ros'
[0.668s] DEBUG:colcon.colcon_core.package_identification:Package 'distance_pid' with type 'ros.ament_python' and name 'distance_pid'
[0.668s] Level 1:colcon.colcon_core.package_identification:_identify(install) by extensions ['ignore', 'ignore_ament_install']
[0.668s] Level 1:colcon.colcon_core.package_identification:_identify(install) by extension 'ignore'
[0.668s] Level 1:colcon.colcon_core.package_identification:_identify(install) ignored
[0.668s] Level 1:colcon.colcon_core.package_identification:_identify(log) by extensions ['ignore', 'ignore_ament_install']
[0.668s] Level 1:colcon.colcon_core.package_identification:_identify(log) by extension 'ignore'
[0.668s] Level 1:colcon.colcon_core.package_identification:_identify(log) ignored
[0.668s] Level 1:colcon.colcon_core.package_identification:_identify(mecanum_bot) by extensions ['ignore', 'ignore_ament_install']
[0.669s] Level 1:colcon.colcon_core.package_identification:_identify(mecanum_bot) by extension 'ignore'
[0.669s] Level 1:colcon.colcon_core.package_identification:_identify(mecanum_bot) by extension 'ignore_ament_install'
[0.669s] Level 1:colcon.colcon_core.package_identification:_identify(mecanum_bot) by extensions ['colcon_pkg']
[0.669s] Level 1:colcon.colcon_core.package_identification:_identify(mecanum_bot) by extension 'colcon_pkg'
[0.669s] Level 1:colcon.colcon_core.package_identification:_identify(mecanum_bot) by extensions ['colcon_meta']
[0.669s] Level 1:colcon.colcon_core.package_identification:_identify(mecanum_bot) by extension 'colcon_meta'
[0.669s] Level 1:colcon.colcon_core.package_identification:_identify(mecanum_bot) by extensions ['ros']
[0.669s] Level 1:colcon.colcon_core.package_identification:_identify(mecanum_bot) by extension 'ros'
[0.673s] DEBUG:colcon.colcon_core.package_identification:Package 'mecanum_bot' with type 'ros.ament_python' and name 'mecanum_bot'
[0.673s] Level 1:colcon.colcon_core.package_identification:_identify(mecanum_hardware) by extensions ['ignore', 'ignore_ament_install']
[0.673s] Level 1:colcon.colcon_core.package_identification:_identify(mecanum_hardware) by extension 'ignore'
[0.673s] Level 1:colcon.colcon_core.package_identification:_identify(mecanum_hardware) by extension 'ignore_ament_install'
[0.673s] Level 1:colcon.colcon_core.package_identification:_identify(mecanum_hardware) by extensions ['colcon_pkg']
[0.673s] Level 1:colcon.colcon_core.package_identification:_identify(mecanum_hardware) by extension 'colcon_pkg'
[0.673s] Level 1:colcon.colcon_core.package_identification:_identify(mecanum_hardware) by extensions ['colcon_meta']
[0.674s] Level 1:colcon.colcon_core.package_identification:_identify(mecanum_hardware) by extension 'colcon_meta'
[0.674s] Level 1:colcon.colcon_core.package_identification:_identify(mecanum_hardware) by extensions ['ros']
[0.674s] Level 1:colcon.colcon_core.package_identification:_identify(mecanum_hardware) by extension 'ros'
[0.675s] DEBUG:colcon.colcon_core.package_identification:Package 'mecanum_hardware' with type 'ros.ament_cmake' and name 'mecanum_hardware'
[0.675s] Level 1:colcon.colcon_core.package_discovery:discover_packages(recursive) using defaults
[0.675s] Level 1:colcon.colcon_core.package_discovery:discover_packages(ignore) discover
[0.675s] Level 1:colcon.colcon_core.package_discovery:discover_packages(ignore) using defaults
[0.675s] Level 1:colcon.colcon_core.package_discovery:discover_packages(path) discover
[0.675s] Level 1:colcon.colcon_core.package_discovery:discover_packages(path) using defaults
[0.723s] Level 5:colcon.colcon_core.verb:set package 'app_subscriber' build argument 'cmake_args' from command line to 'None'
[0.723s] Level 5:colcon.colcon_core.verb:set package 'app_subscriber' build argument 'cmake_target' from command line to 'None'
[0.723s] Level 5:colcon.colcon_core.verb:set package 'app_subscriber' build argument 'cmake_target_skip_unavailable' from command line to 'False'
[0.723s] Level 5:colcon.colcon_core.verb:set package 'app_subscriber' build argument 'cmake_clean_cache' from command line to 'False'
[0.723s] Level 5:colcon.colcon_core.verb:set package 'app_subscriber' build argument 'cmake_clean_first' from command line to 'False'
[0.723s] Level 5:colcon.colcon_core.verb:set package 'app_subscriber' build argument 'cmake_force_configure' from command line to 'False'
[0.723s] Level 5:colcon.colcon_core.verb:set package 'app_subscriber' build argument 'ament_cmake_args' from command line to 'None'
[0.723s] Level 5:colcon.colcon_core.verb:set package 'app_subscriber' build argument 'catkin_cmake_args' from command line to 'None'
[0.723s] Level 5:colcon.colcon_core.verb:set package 'app_subscriber' build argument 'catkin_skip_building_tests' from command line to 'False'
[0.723s] DEBUG:colcon.colcon_core.verb:Building package 'app_subscriber' with the following arguments: {'ament_cmake_args': None, 'build_base': '/root/ros2_ws/src/build/app_subscriber', 'catkin_cmake_args': None, 'catkin_skip_building_tests': False, 'cmake_args': None, 'cmake_clean_cache': False, 'cmake_clean_first': False, 'cmake_force_configure': False, 'cmake_target': None, 'cmake_target_skip_unavailable': False, 'install_base': '/root/ros2_ws/src/install/app_subscriber', 'merge_install': False, 'path': '/root/ros2_ws/src/app_subscriber', 'symlink_install': False, 'test_result_base': None}
[0.724s] Level 5:colcon.colcon_core.verb:set package 'distance_pid' build argument 'cmake_args' from command line to 'None'
[0.724s] Level 5:colcon.colcon_core.verb:set package 'distance_pid' build argument 'cmake_target' from command line to 'None'
[0.724s] Level 5:colcon.colcon_core.verb:set package 'distance_pid' build argument 'cmake_target_skip_unavailable' from command line to 'False'
[0.724s] Level 5:colcon.colcon_core.verb:set package 'distance_pid' build argument 'cmake_clean_cache' from command line to 'False'
[0.724s] Level 5:colcon.colcon_core.verb:set package 'distance_pid' build argument 'cmake_clean_first' from command line to 'False'
[0.724s] Level 5:colcon.colcon_core.verb:set package 'distance_pid' build argument 'cmake_force_configure' from command line to 'False'
[0.724s] Level 5:colcon.colcon_core.verb:set package 'distance_pid' build argument 'ament_cmake_args' from command line to 'None'
[0.724s] Level 5:colcon.colcon_core.verb:set package 'distance_pid' build argument 'catkin_cmake_args' from command line to 'None'
[0.724s] Level 5:colcon.colcon_core.verb:set package 'distance_pid' build argument 'catkin_skip_building_tests' from command line to 'False'
[0.724s] DEBUG:colcon.colcon_core.verb:Building package 'distance_pid' with the following arguments: {'ament_cmake_args': None, 'build_base': '/root/ros2_ws/src/build/distance_pid', 'catkin_cmake_args': None, 'catkin_skip_building_tests': False, 'cmake_args': None, 'cmake_clean_cache': False, 'cmake_clean_first': False, 'cmake_force_configure': False, 'cmake_target': None, 'cmake_target_skip_unavailable': False, 'install_base': '/root/ros2_ws/src/install/distance_pid', 'merge_install': False, 'path': '/root/ros2_ws/src/distance_pid', 'symlink_install': False, 'test_result_base': None}
[0.725s] Level 5:colcon.colcon_core.verb:set package 'mecanum_bot' build argument 'cmake_args' from command line to 'None'
[0.725s] Level 5:colcon.colcon_core.verb:set package 'mecanum_bot' build argument 'cmake_target' from command line to 'None'
[0.725s] Level 5:colcon.colcon_core.verb:set package 'mecanum_bot' build argument 'cmake_target_skip_unavailable' from command line to 'False'
[0.725s] Level 5:colcon.colcon_core.verb:set package 'mecanum_bot' build argument 'cmake_clean_cache' from command line to 'False'
[0.725s] Level 5:colcon.colcon_core.verb:set package 'mecanum_bot' build argument 'cmake_clean_first' from command line to 'False'
[0.725s] Level 5:colcon.colcon_core.verb:set package 'mecanum_bot' build argument 'cmake_force_configure' from command line to 'False'
[0.725s] Level 5:colcon.colcon_core.verb:set package 'mecanum_bot' build argument 'ament_cmake_args' from command line to 'None'
[0.725s] Level 5:colcon.colcon_core.verb:set package 'mecanum_bot' build argument 'catkin_cmake_args' from command line to 'None'
[0.725s] Level 5:colcon.colcon_core.verb:set package 'mecanum_bot' build argument 'catkin_skip_building_tests' from command line to 'False'
[0.725s] DEBUG:colcon.colcon_core.verb:Building package 'mecanum_bot' with the following arguments: {'ament_cmake_args': None, 'build_base': '/root/ros2_ws/src/build/mecanum_bot', 'catkin_cmake_args': None, 'catkin_skip_building_tests': False, 'cmake_args': None, 'cmake_clean_cache': False, 'cmake_clean_first': False, 'cmake_force_configure': False, 'cmake_target': None, 'cmake_target_skip_unavailable': False, 'install_base': '/root/ros2_ws/src/install/mecanum_bot', 'merge_install': False, 'path': '/root/ros2_ws/src/mecanum_bot', 'symlink_install': False, 'test_result_base': None}
[0.725s] Level 5:colcon.colcon_core.verb:set package 'mecanum_hardware' build argument 'cmake_args' from command line to 'None'
[0.725s] Level 5:colcon.colcon_core.verb:set package 'mecanum_hardware' build argument 'cmake_target' from command line to 'None'
[0.725s] Level 5:colcon.colcon_core.verb:set package 'mecanum_hardware' build argument 'cmake_target_skip_unavailable' from command line to 'False'
[0.725s] Level 5:colcon.colcon_core.verb:set package 'mecanum_hardware' build argument 'cmake_clean_cache' from command line to 'False'
[0.725s] Level 5:colcon.colcon_core.verb:set package 'mecanum_hardware' build argument 'cmake_clean_first' from command line to 'False'
[0.725s] Level 5:colcon.colcon_core.verb:set package 'mecanum_hardware' build argument 'cmake_force_configure' from command line to 'False'
[0.726s] Level 5:colcon.colcon_core.verb:set package 'mecanum_hardware' build argument 'ament_cmake_args' from command line to 'None'
[0.726s] Level 5:colcon.colcon_core.verb:set package 'mecanum_hardware' build argument 'catkin_cmake_args' from command line to 'None'
[0.726s] Level 5:colcon.colcon_core.verb:set package 'mecanum_hardware' build argument 'catkin_skip_building_tests' from command line to 'False'
[0.726s] DEBUG:colcon.colcon_core.verb:Building package 'mecanum_hardware' with the following arguments: {'ament_cmake_args': None, 'build_base': '/root/ros2_ws/src/build/mecanum_hardware', 'catkin_cmake_args': None, 'catkin_skip_building_tests': False, 'cmake_args': None, 'cmake_clean_cache': False, 'cmake_clean_first': False, 'cmake_force_configure': False, 'cmake_target': None, 'cmake_target_skip_unavailable': False, 'install_base': '/root/ros2_ws/src/install/mecanum_hardware', 'merge_install': False, 'path': '/root/ros2_ws/src/mecanum_hardware', 'symlink_install': False, 'test_result_base': None}
[0.726s] INFO:colcon.colcon_core.executor:Executing jobs using 'parallel' executor
[0.727s] DEBUG:colcon.colcon_parallel_executor.executor.parallel:run_until_complete
[0.728s] INFO:colcon.colcon_ros.task.ament_python.build:Building ROS package in '/root/ros2_ws/src/app_subscriber' with build type 'ament_python'
[0.728s] Level 1:colcon.colcon_core.shell:create_environment_hook('app_subscriber', 'ament_prefix_path')
[0.739s] INFO:colcon.colcon_core.plugin_system:Skipping extension 'colcon_core.shell.bat': Not used on non-Windows systems
[0.740s] INFO:colcon.colcon_core.shell:Creating environment hook '/root/ros2_ws/src/install/app_subscriber/share/app_subscriber/hook/ament_prefix_path.ps1'
[0.742s] INFO:colcon.colcon_core.shell:Creating environment descriptor '/root/ros2_ws/src/install/app_subscriber/share/app_subscriber/hook/ament_prefix_path.dsv'
[0.744s] INFO:colcon.colcon_core.shell:Creating environment hook '/root/ros2_ws/src/install/app_subscriber/share/app_subscriber/hook/ament_prefix_path.sh'
[0.746s] INFO:colcon.colcon_core.shell:Skip shell extension 'powershell' for command environment: Not usable outside of PowerShell
[0.746s] DEBUG:colcon.colcon_core.shell:Skip shell extension 'dsv' for command environment
[0.757s] INFO:colcon.colcon_ros.task.ament_python.build:Building ROS package in '/root/ros2_ws/src/distance_pid' with build type 'ament_python'
[0.758s] Level 1:colcon.colcon_core.shell:create_environment_hook('distance_pid', 'ament_prefix_path')
[0.758s] INFO:colcon.colcon_core.shell:Creating environment hook '/root/ros2_ws/src/install/distance_pid/share/distance_pid/hook/ament_prefix_path.ps1'
[0.759s] INFO:colcon.colcon_core.shell:Creating environment descriptor '/root/ros2_ws/src/install/distance_pid/share/distance_pid/hook/ament_prefix_path.dsv'
[0.760s] INFO:colcon.colcon_core.shell:Creating environment hook '/root/ros2_ws/src/install/distance_pid/share/distance_pid/hook/ament_prefix_path.sh'
[0.761s] INFO:colcon.colcon_core.shell:Skip shell extension 'powershell' for command environment: Not usable outside of PowerShell
[0.762s] DEBUG:colcon.colcon_core.shell:Skip shell extension 'dsv' for command environment
[0.767s] INFO:colcon.colcon_ros.task.ament_python.build:Building ROS package in '/root/ros2_ws/src/mecanum_bot' with build type 'ament_python'
[0.767s] Level 1:colcon.colcon_core.shell:create_environment_hook('mecanum_bot', 'ament_prefix_path')
[0.767s] INFO:colcon.colcon_core.shell:Creating environment hook '/root/ros2_ws/src/install/mecanum_bot/share/mecanum_bot/hook/ament_prefix_path.ps1'
[0.768s] INFO:colcon.colcon_core.shell:Creating environment descriptor '/root/ros2_ws/src/install/mecanum_bot/share/mecanum_bot/hook/ament_prefix_path.dsv'
[0.769s] INFO:colcon.colcon_core.shell:Creating environment hook '/root/ros2_ws/src/install/mecanum_bot/share/mecanum_bot/hook/ament_prefix_path.sh'
[0.770s] INFO:colcon.colcon_core.shell:Skip shell extension 'powershell' for command environment: Not usable outside of PowerShell
[0.770s] DEBUG:colcon.colcon_core.shell:Skip shell extension 'dsv' for command environment
[0.775s] INFO:colcon.colcon_ros.task.ament_cmake.build:Building ROS package in '/root/ros2_ws/src/mecanum_hardware' with build type 'ament_cmake'
[0.775s] INFO:colcon.colcon_cmake.task.cmake.build:Building CMake package in '/root/ros2_ws/src/mecanum_hardware'
[0.776s] INFO:colcon.colcon_core.shell:Skip shell extension 'powershell' for command environment: Not usable outside of PowerShell
[0.776s] DEBUG:colcon.colcon_core.shell:Skip shell extension 'dsv' for command environment
[1.104s] INFO:colcon.colcon_core.task.python.build:Building Python package in '/root/ros2_ws/src/app_subscriber'
[1.105s] INFO:colcon.colcon_core.shell:Skip shell extension 'powershell' for command environment: Not usable outside of PowerShell
[1.105s] DEBUG:colcon.colcon_core.shell:Skip shell extension 'dsv' for command environment
[1.417s] INFO:colcon.colcon_core.task.python.build:Building Python package in '/root/ros2_ws/src/distance_pid'
[1.417s] INFO:colcon.colcon_core.shell:Skip shell extension 'powershell' for command environment: Not usable outside of PowerShell
[1.417s] DEBUG:colcon.colcon_core.shell:Skip shell extension 'dsv' for command environment
[1.731s] INFO:colcon.colcon_core.task.python.build:Building Python package in '/root/ros2_ws/src/mecanum_bot'
[1.732s] INFO:colcon.colcon_core.shell:Skip shell extension 'powershell' for command environment: Not usable outside of PowerShell
[1.732s] DEBUG:colcon.colcon_core.shell:Skip shell extension 'dsv' for command environment
[1.744s] DEBUG:colcon.colcon_core.event_handler.log_command:Invoking command in '/root/ros2_ws/src/build/mecanum_hardware': CMAKE_PREFIX_PATH=${CMAKE_PREFIX_PATH}:/root/ros2_ws/src/install/mecanum_bot:/root/ros2_ws/src/install/distance_pid:/root/ros2_ws/src/install/app_subscriber:/opt/ros/humble /usr/bin/cmake --build /root/ros2_ws/src/build/mecanum_hardware -- -j4 -l4
[3.429s] DEBUG:colcon.colcon_core.event_handler.log_command:Invoking command in '/root/ros2_ws/src/mecanum_bot': PYTHONPATH=/root/ros2_ws/src/build/mecanum_bot/prefix_override:/usr/lib/python3/dist-packages/colcon_core/task/python/colcon_distutils_commands:/root/ros2_ws/src/install/mecanum_bot/lib/python3.10/site-packages:${PYTHONPATH} /usr/bin/python3 -W ignore:setup.py install is deprecated -W ignore:easy_install command is deprecated setup.py egg_info --egg-base ../build/mecanum_bot build --build-base /root/ros2_ws/src/build/mecanum_bot/build install --record /root/ros2_ws/src/build/mecanum_bot/install.log --single-version-externally-managed install_data
[3.437s] DEBUG:colcon.colcon_core.event_handler.log_command:Invoking command in '/root/ros2_ws/src/distance_pid': PYTHONPATH=/root/ros2_ws/src/build/distance_pid/prefix_override:/usr/lib/python3/dist-packages/colcon_core/task/python/colcon_distutils_commands:/root/ros2_ws/src/install/distance_pid/lib/python3.10/site-packages:${PYTHONPATH} /usr/bin/python3 -W ignore:setup.py install is deprecated -W ignore:easy_install command is deprecated setup.py egg_info --egg-base ../build/distance_pid build --build-base /root/ros2_ws/src/build/distance_pid/build install --record /root/ros2_ws/src/build/distance_pid/install.log --single-version-externally-managed install_data
[3.444s] DEBUG:colcon.colcon_core.event_handler.log_command:Invoking command in '/root/ros2_ws/src/app_subscriber': PYTHONPATH=/root/ros2_ws/src/build/app_subscriber/prefix_override:/usr/lib/python3/dist-packages/colcon_core/task/python/colcon_distutils_commands:/root/ros2_ws/src/install/app_subscriber/lib/python3.10/site-packages:${PYTHONPATH} /usr/bin/python3 -W ignore:setup.py install is deprecated -W ignore:easy_install command is deprecated setup.py egg_info --egg-base ../build/app_subscriber build --build-base /root/ros2_ws/src/build/app_subscriber/build install --record /root/ros2_ws/src/build/app_subscriber/install.log --single-version-externally-managed install_data
[4.102s] DEBUG:colcon.colcon_core.event_handler.log_command:Invoked command in '/root/ros2_ws/src/distance_pid' returned '0': PYTHONPATH=/root/ros2_ws/src/build/distance_pid/prefix_override:/usr/lib/python3/dist-packages/colcon_core/task/python/colcon_distutils_commands:/root/ros2_ws/src/install/distance_pid/lib/python3.10/site-packages:${PYTHONPATH} /usr/bin/python3 -W ignore:setup.py install is deprecated -W ignore:easy_install command is deprecated setup.py egg_info --egg-base ../build/distance_pid build --build-base /root/ros2_ws/src/build/distance_pid/build install --record /root/ros2_ws/src/build/distance_pid/install.log --single-version-externally-managed install_data
[4.126s] Level 1:colcon.colcon_core.environment:checking '/root/ros2_ws/src/install/distance_pid' for CMake module files
[4.127s] Level 1:colcon.colcon_core.environment:checking '/root/ros2_ws/src/install/distance_pid' for CMake config files
[4.129s] Level 1:colcon.colcon_core.environment:checking '/root/ros2_ws/src/install/distance_pid/lib'
[4.129s] Level 1:colcon.colcon_core.environment:checking '/root/ros2_ws/src/install/distance_pid/bin'
[4.129s] Level 1:colcon.colcon_core.environment:checking '/root/ros2_ws/src/install/distance_pid/lib/pkgconfig/distance_pid.pc'
[4.130s] Level 1:colcon.colcon_core.environment:checking '/root/ros2_ws/src/install/distance_pid/lib/python3.10/site-packages'
[4.130s] Level 1:colcon.colcon_core.shell:create_environment_hook('distance_pid', 'pythonpath')
[4.131s] INFO:colcon.colcon_core.shell:Creating environment hook '/root/ros2_ws/src/install/distance_pid/share/distance_pid/hook/pythonpath.ps1'
[4.133s] INFO:colcon.colcon_core.shell:Creating environment descriptor '/root/ros2_ws/src/install/distance_pid/share/distance_pid/hook/pythonpath.dsv'
[4.135s] INFO:colcon.colcon_core.shell:Creating environment hook '/root/ros2_ws/src/install/distance_pid/share/distance_pid/hook/pythonpath.sh'
[4.136s] Level 1:colcon.colcon_core.environment:checking '/root/ros2_ws/src/install/distance_pid/bin'
[4.136s] Level 1:colcon.colcon_core.environment:create_environment_scripts_only(distance_pid)
[4.137s] INFO:colcon.colcon_core.shell:Creating package script '/root/ros2_ws/src/install/distance_pid/share/distance_pid/package.ps1'
[4.141s] INFO:colcon.colcon_core.shell:Creating package descriptor '/root/ros2_ws/src/install/distance_pid/share/distance_pid/package.dsv'
[4.146s] INFO:colcon.colcon_core.shell:Creating package script '/root/ros2_ws/src/install/distance_pid/share/distance_pid/package.sh'
[4.151s] INFO:colcon.colcon_core.shell:Creating package script '/root/ros2_ws/src/install/distance_pid/share/distance_pid/package.bash'
[4.158s] INFO:colcon.colcon_core.shell:Creating package script '/root/ros2_ws/src/install/distance_pid/share/distance_pid/package.zsh'
[4.165s] Level 1:colcon.colcon_core.environment:create_file_with_runtime_dependencies(/root/ros2_ws/src/install/distance_pid/share/colcon-core/packages/distance_pid)
[4.167s] Level 1:colcon.colcon_core.environment:checking '/root/ros2_ws/src/install/mecanum_bot' for CMake module files
[4.168s] DEBUG:colcon.colcon_core.event_handler.log_command:Invoked command in '/root/ros2_ws/src/mecanum_bot' returned '0': PYTHONPATH=/root/ros2_ws/src/build/mecanum_bot/prefix_override:/usr/lib/python3/dist-packages/colcon_core/task/python/colcon_distutils_commands:/root/ros2_ws/src/install/mecanum_bot/lib/python3.10/site-packages:${PYTHONPATH} /usr/bin/python3 -W ignore:setup.py install is deprecated -W ignore:easy_install command is deprecated setup.py egg_info --egg-base ../build/mecanum_bot build --build-base /root/ros2_ws/src/build/mecanum_bot/build install --record /root/ros2_ws/src/build/mecanum_bot/install.log --single-version-externally-managed install_data
[4.169s] Level 1:colcon.colcon_core.environment:checking '/root/ros2_ws/src/install/mecanum_bot' for CMake config files
[4.170s] Level 1:colcon.colcon_core.environment:checking '/root/ros2_ws/src/install/mecanum_bot/lib'
[4.170s] Level 1:colcon.colcon_core.environment:checking '/root/ros2_ws/src/install/mecanum_bot/bin'
[4.170s] Level 1:colcon.colcon_core.environment:checking '/root/ros2_ws/src/install/mecanum_bot/lib/pkgconfig/mecanum_bot.pc'
[4.171s] Level 1:colcon.colcon_core.environment:checking '/root/ros2_ws/src/install/mecanum_bot/lib/python3.10/site-packages'
[4.171s] Level 1:colcon.colcon_core.shell:create_environment_hook('mecanum_bot', 'pythonpath')
[4.171s] INFO:colcon.colcon_core.shell:Creating environment hook '/root/ros2_ws/src/install/mecanum_bot/share/mecanum_bot/hook/pythonpath.ps1'
[4.172s] INFO:colcon.colcon_core.shell:Creating environment descriptor '/root/ros2_ws/src/install/mecanum_bot/share/mecanum_bot/hook/pythonpath.dsv'
[4.172s] INFO:colcon.colcon_core.shell:Creating environment hook '/root/ros2_ws/src/install/mecanum_bot/share/mecanum_bot/hook/pythonpath.sh'
[4.174s] Level 1:colcon.colcon_core.environment:checking '/root/ros2_ws/src/install/mecanum_bot/bin'
[4.174s] Level 1:colcon.colcon_core.environment:create_environment_scripts_only(mecanum_bot)
[4.174s] INFO:colcon.colcon_core.shell:Creating package script '/root/ros2_ws/src/install/mecanum_bot/share/mecanum_bot/package.ps1'
[4.175s] INFO:colcon.colcon_core.shell:Creating package descriptor '/root/ros2_ws/src/install/mecanum_bot/share/mecanum_bot/package.dsv'
[4.176s] INFO:colcon.colcon_core.shell:Creating package script '/root/ros2_ws/src/install/mecanum_bot/share/mecanum_bot/package.sh'
[4.176s] INFO:colcon.colcon_core.shell:Creating package script '/root/ros2_ws/src/install/mecanum_bot/share/mecanum_bot/package.bash'
[4.177s] INFO:colcon.colcon_core.shell:Creating package script '/root/ros2_ws/src/install/mecanum_bot/share/mecanum_bot/package.zsh'
[4.177s] Level 1:colcon.colcon_core.environment:create_file_with_runtime_dependencies(/root/ros2_ws/src/install/mecanum_bot/share/colcon-core/packages/mecanum_bot)
[4.178s] Level 1:colcon.colcon_core.environment:checking '/root/ros2_ws/src/install/app_subscriber' for CMake module files
[4.180s] DEBUG:colcon.colcon_core.event_handler.log_command:Invoked command in '/root/ros2_ws/src/app_subscriber' returned '0': PYTHONPATH=/root/ros2_ws/src/build/app_subscriber/prefix_override:/usr/lib/python3/dist-packages/colcon_core/task/python/colcon_distutils_commands:/root/ros2_ws/src/install/app_subscriber/lib/python3.10/site-packages:${PYTHONPATH} /usr/bin/python3 -W ignore:setup.py install is deprecated -W ignore:easy_install command is deprecated setup.py egg_info --egg-base ../build/app_subscriber build --build-base /root/ros2_ws/src/build/app_subscriber/build install --record /root/ros2_ws/src/build/app_subscriber/install.log --single-version-externally-managed install_data
[4.180s] Level 1:colcon.colcon_core.environment:checking '/root/ros2_ws/src/install/app_subscriber' for CMake config files
[4.181s] Level 1:colcon.colcon_core.environment:checking '/root/ros2_ws/src/install/app_subscriber/lib'
[4.181s] Level 1:colcon.colcon_core.environment:checking '/root/ros2_ws/src/install/app_subscriber/bin'
[4.181s] Level 1:colcon.colcon_core.environment:checking '/root/ros2_ws/src/install/app_subscriber/lib/pkgconfig/app_subscriber.pc'
[4.182s] Level 1:colcon.colcon_core.environment:checking '/root/ros2_ws/src/install/app_subscriber/lib/python3.10/site-packages'
[4.182s] Level 1:colcon.colcon_core.shell:create_environment_hook('app_subscriber', 'pythonpath')
[4.182s] INFO:colcon.colcon_core.shell:Creating environment hook '/root/ros2_ws/src/install/app_subscriber/share/app_subscriber/hook/pythonpath.ps1'
[4.183s] INFO:colcon.colcon_core.shell:Creating environment descriptor '/root/ros2_ws/src/install/app_subscriber/share/app_subscriber/hook/pythonpath.dsv'
[4.183s] INFO:colcon.colcon_core.shell:Creating environment hook '/root/ros2_ws/src/install/app_subscriber/share/app_subscriber/hook/pythonpath.sh'
[4.184s] Level 1:colcon.colcon_core.environment:checking '/root/ros2_ws/src/install/app_subscriber/bin'
[4.184s] Level 1:colcon.colcon_core.environment:create_environment_scripts_only(app_subscriber)
[4.185s] INFO:colcon.colcon_core.shell:Creating package script '/root/ros2_ws/src/install/app_subscriber/share/app_subscriber/package.ps1'
[4.186s] INFO:colcon.colcon_core.shell:Creating package descriptor '/root/ros2_ws/src/install/app_subscriber/share/app_subscriber/package.dsv'
[4.186s] INFO:colcon.colcon_core.shell:Creating package script '/root/ros2_ws/src/install/app_subscriber/share/app_subscriber/package.sh'
[4.187s] INFO:colcon.colcon_core.shell:Creating package script '/root/ros2_ws/src/install/app_subscriber/share/app_subscriber/package.bash'
[4.187s] INFO:colcon.colcon_core.shell:Creating package script '/root/ros2_ws/src/install/app_subscriber/share/app_subscriber/package.zsh'
[4.188s] Level 1:colcon.colcon_core.environment:create_file_with_runtime_dependencies(/root/ros2_ws/src/install/app_subscriber/share/colcon-core/packages/app_subscriber)
[11.874s] DEBUG:colcon.colcon_core.event_handler.log_command:Invoked command in '/root/ros2_ws/src/build/mecanum_hardware' returned '0': CMAKE_PREFIX_PATH=${CMAKE_PREFIX_PATH}:/root/ros2_ws/src/install/mecanum_bot:/root/ros2_ws/src/install/distance_pid:/root/ros2_ws/src/install/app_subscriber:/opt/ros/humble /usr/bin/cmake --build /root/ros2_ws/src/build/mecanum_hardware -- -j4 -l4
[11.896s] DEBUG:colcon.colcon_core.event_handler.log_command:Invoking command in '/root/ros2_ws/src/build/mecanum_hardware': CMAKE_PREFIX_PATH=${CMAKE_PREFIX_PATH}:/root/ros2_ws/src/install/mecanum_bot:/root/ros2_ws/src/install/distance_pid:/root/ros2_ws/src/install/app_subscriber:/opt/ros/humble /usr/bin/cmake --install /root/ros2_ws/src/build/mecanum_hardware
[11.925s] Level 1:colcon.colcon_core.environment:create_environment_scripts_only(mecanum_hardware)
[11.925s] Level 1:colcon.colcon_core.environment:checking '/root/ros2_ws/src/install/mecanum_hardware' for CMake module files
[11.926s] DEBUG:colcon.colcon_core.event_handler.log_command:Invoked command in '/root/ros2_ws/src/build/mecanum_hardware' returned '0': CMAKE_PREFIX_PATH=${CMAKE_PREFIX_PATH}:/root/ros2_ws/src/install/mecanum_bot:/root/ros2_ws/src/install/distance_pid:/root/ros2_ws/src/install/app_subscriber:/opt/ros/humble /usr/bin/cmake --install /root/ros2_ws/src/build/mecanum_hardware
[11.926s] Level 1:colcon.colcon_core.environment:checking '/root/ros2_ws/src/install/mecanum_hardware' for CMake config files
[11.927s] Level 1:colcon.colcon_core.shell:create_environment_hook('mecanum_hardware', 'cmake_prefix_path')
[11.927s] INFO:colcon.colcon_core.shell:Creating environment hook '/root/ros2_ws/src/install/mecanum_hardware/share/mecanum_hardware/hook/cmake_prefix_path.ps1'
[11.928s] INFO:colcon.colcon_core.shell:Creating environment descriptor '/root/ros2_ws/src/install/mecanum_hardware/share/mecanum_hardware/hook/cmake_prefix_path.dsv'
[11.929s] INFO:colcon.colcon_core.shell:Creating environment hook '/root/ros2_ws/src/install/mecanum_hardware/share/mecanum_hardware/hook/cmake_prefix_path.sh'
[11.930s] Level 1:colcon.colcon_core.environment:checking '/root/ros2_ws/src/install/mecanum_hardware/lib'
[11.930s] Level 1:colcon.colcon_core.shell:create_environment_hook('mecanum_hardware', 'ld_library_path_lib')
[11.930s] INFO:colcon.colcon_core.shell:Creating environment hook '/root/ros2_ws/src/install/mecanum_hardware/share/mecanum_hardware/hook/ld_library_path_lib.ps1'
[11.931s] INFO:colcon.colcon_core.shell:Creating environment descriptor '/root/ros2_ws/src/install/mecanum_hardware/share/mecanum_hardware/hook/ld_library_path_lib.dsv'
[11.932s] INFO:colcon.colcon_core.shell:Creating environment hook '/root/ros2_ws/src/install/mecanum_hardware/share/mecanum_hardware/hook/ld_library_path_lib.sh'
[11.933s] Level 1:colcon.colcon_core.environment:checking '/root/ros2_ws/src/install/mecanum_hardware/bin'
[11.933s] Level 1:colcon.colcon_core.environment:checking '/root/ros2_ws/src/install/mecanum_hardware/lib/pkgconfig/mecanum_hardware.pc'
[11.933s] Level 1:colcon.colcon_core.environment:checking '/root/ros2_ws/src/install/mecanum_hardware/lib/python3.10/site-packages'
[11.934s] Level 1:colcon.colcon_core.environment:checking '/root/ros2_ws/src/install/mecanum_hardware/bin'
[11.934s] INFO:colcon.colcon_core.shell:Creating package script '/root/ros2_ws/src/install/mecanum_hardware/share/mecanum_hardware/package.ps1'
[11.935s] INFO:colcon.colcon_core.shell:Creating package descriptor '/root/ros2_ws/src/install/mecanum_hardware/share/mecanum_hardware/package.dsv'
[11.936s] INFO:colcon.colcon_core.shell:Creating package script '/root/ros2_ws/src/install/mecanum_hardware/share/mecanum_hardware/package.sh'
[11.937s] INFO:colcon.colcon_core.shell:Creating package script '/root/ros2_ws/src/install/mecanum_hardware/share/mecanum_hardware/package.bash'
[11.938s] INFO:colcon.colcon_core.shell:Creating package script '/root/ros2_ws/src/install/mecanum_hardware/share/mecanum_hardware/package.zsh'
[11.939s] Level 1:colcon.colcon_core.environment:create_file_with_runtime_dependencies(/root/ros2_ws/src/install/mecanum_hardware/share/colcon-core/packages/mecanum_hardware)
[11.940s] Level 1:colcon.colcon_core.environment:create_environment_scripts_only(mecanum_hardware)
[11.940s] Level 1:colcon.colcon_core.environment:checking '/root/ros2_ws/src/install/mecanum_hardware' for CMake module files
[11.941s] Level 1:colcon.colcon_core.environment:checking '/root/ros2_ws/src/install/mecanum_hardware' for CMake config files
[11.941s] Level 1:colcon.colcon_core.shell:create_environment_hook('mecanum_hardware', 'cmake_prefix_path')
[11.942s] INFO:colcon.colcon_core.shell:Creating environment hook '/root/ros2_ws/src/install/mecanum_hardware/share/mecanum_hardware/hook/cmake_prefix_path.ps1'
[11.942s] INFO:colcon.colcon_core.shell:Creating environment descriptor '/root/ros2_ws/src/install/mecanum_hardware/share/mecanum_hardware/hook/cmake_prefix_path.dsv'
[11.943s] INFO:colcon.colcon_core.shell:Creating environment hook '/root/ros2_ws/src/install/mecanum_hardware/share/mecanum_hardware/hook/cmake_prefix_path.sh'
[11.945s] Level 1:colcon.colcon_core.environment:checking '/root/ros2_ws/src/install/mecanum_hardware/lib'
[11.945s] Level 1:colcon.colcon_core.shell:create_environment_hook('mecanum_hardware', 'ld_library_path_lib')
[11.948s] INFO:colcon.colcon_core.shell:Creating environment hook '/root/ros2_ws/src/install/mecanum_hardware/share/mecanum_hardware/hook/ld_library_path_lib.ps1'
[11.948s] INFO:colcon.colcon_core.shell:Creating environment descriptor '/root/ros2_ws/src/install/mecanum_hardware/share/mecanum_hardware/hook/ld_library_path_lib.dsv'
[11.950s] INFO:colcon.colcon_core.shell:Creating environment hook '/root/ros2_ws/src/install/mecanum_hardware/share/mecanum_hardware/hook/ld_library_path_lib.sh'
[11.951s] Level 1:colcon.colcon_core.environment:checking '/root/ros2_ws/src/install/mecanum_hardware/bin'
[11.951s] Level 1:colcon.colcon_core.environment:checking '/root/ros2_ws/src/install/mecanum_hardware/lib/pkgconfig/mecanum_hardware.pc'
[11.951s] Level 1:colcon.colcon_core.environment:checking '/root/ros2_ws/src/install/mecanum_hardware/lib/python3.10/site-packages'
[11.952s] Level 1:colcon.colcon_core.environment:checking '/root/ros2_ws/src/install/mecanum_hardware/bin'
[11.952s] INFO:colcon.colcon_core.shell:Creating package script '/root/ros2_ws/src/install/mecanum_hardware/share/mecanum_hardware/package.ps1'
[11.953s] INFO:colcon.colcon_core.shell:Creating package descriptor '/root/ros2_ws/src/install/mecanum_hardware/share/mecanum_hardware/package.dsv'
[11.954s] INFO:colcon.colcon_core.shell:Creating package script '/root/ros2_ws/src/install/mecanum_hardware/share/mecanum_hardware/package.sh'
[11.955s] INFO:colcon.colcon_core.shell:Creating package script '/root/ros2_ws/src/install/mecanum_hardware/share/mecanum_hardware/package.bash'
[11.957s] INFO:colcon.colcon_core.shell:Creating package script '/root/ros2_ws/src/install/mecanum_hardware/share/mecanum_hardware/package.zsh'
[11.958s] Level 1:colcon.colcon_core.environment:create_file_with_runtime_dependencies(/root/ros2_ws/src/install/mecanum_hardware/share/colcon-core/packages/mecanum_hardware)
[11.959s] DEBUG:colcon.colcon_parallel_executor.executor.parallel:closing loop
[11.959s] DEBUG:colcon.colcon_parallel_executor.executor.parallel:loop closed
[11.959s] DEBUG:colcon.colcon_parallel_executor.executor.parallel:run_until_complete finished with '0'
[11.959s] DEBUG:colcon.colcon_core.event_reactor:joining thread
[12.034s] INFO:colcon.colcon_core.plugin_system:Skipping extension 'colcon_notification.desktop_notification.notify_send': Could not find 'notify-send'
[12.034s] INFO:colcon.colcon_core.plugin_system:Skipping extension 'colcon_notification.desktop_notification.terminal_notifier': Not used on non-Darwin systems
[12.034s] INFO:colcon.colcon_core.plugin_system:Skipping extension 'colcon_notification.desktop_notification.win32': Not used on non-Windows systems
[12.034s] INFO:colcon.colcon_notification.desktop_notification:Sending desktop notification using 'notify2'
[12.035s] DEBUG:colcon.colcon_notification.desktop_notification.notify2:Failed to initialize notify2: org.freedesktop.DBus.Error.NotSupported: Unable to autolaunch a dbus-daemon without a $DISPLAY for X11
[12.035s] DEBUG:colcon.colcon_core.event_reactor:joined thread
[12.035s] INFO:colcon.colcon_core.shell:Creating prefix script '/root/ros2_ws/src/install/local_setup.ps1'
[12.037s] INFO:colcon.colcon_core.shell:Creating prefix util module '/root/ros2_ws/src/install/_local_setup_util_ps1.py'
[12.040s] INFO:colcon.colcon_core.shell:Creating prefix chain script '/root/ros2_ws/src/install/setup.ps1'
[12.042s] INFO:colcon.colcon_core.shell:Creating prefix script '/root/ros2_ws/src/install/local_setup.sh'
[12.044s] INFO:colcon.colcon_core.shell:Creating prefix util module '/root/ros2_ws/src/install/_local_setup_util_sh.py'
[12.046s] INFO:colcon.colcon_core.shell:Creating prefix chain script '/root/ros2_ws/src/install/setup.sh'
[12.050s] INFO:colcon.colcon_core.shell:Creating prefix script '/root/ros2_ws/src/install/local_setup.bash'
[12.052s] INFO:colcon.colcon_core.shell:Creating prefix chain script '/root/ros2_ws/src/install/setup.bash'
[12.055s] INFO:colcon.colcon_core.shell:Creating prefix script '/root/ros2_ws/src/install/local_setup.zsh'
[12.058s] INFO:colcon.colcon_core.shell:Creating prefix chain script '/root/ros2_ws/src/install/setup.zsh'
