-- The C compiler identification is GNU 11.4.0
-- The CXX compiler identification is GNU 11.4.0
-- Detecting C compiler ABI info
-- Detecting C compiler ABI info - done
-- Check for working C compiler: /usr/bin/cc - skipped
-- Detecting C compile features
-- Detecting C compile features - done
-- Detecting CXX compiler ABI info
-- Detecting CXX compiler ABI info - done
-- Check for working CXX compiler: /usr/bin/c++ - skipped
-- Detecting CXX compile features
-- Detecting CXX compile features - done
-- Found ament_cmake: 1.3.12 (/opt/ros/humble/share/ament_cmake/cmake)
-- Found Python3: /usr/bin/python3 (found version "3.10.12") found components: Interpreter 
-- Found rclcpp: 16.0.15 (/opt/ros/humble/share/rclcpp/cmake)
-- Found rosidl_generator_c: 3.1.7 (/opt/ros/humble/share/rosidl_generator_c/cmake)
-- Found rosidl_adapter: 3.1.7 (/opt/ros/humble/share/rosidl_adapter/cmake)
-- Found rosidl_generator_cpp: 3.1.7 (/opt/ros/humble/share/rosidl_generator_cpp/cmake)
-- Using all available rosidl_typesupport_c: rosidl_typesupport_fastrtps_c;rosidl_typesupport_introspection_c
-- Using all available rosidl_typesupport_cpp: rosidl_typesupport_fastrtps_cpp;rosidl_typesupport_introspection_cpp
-- Found rmw_implementation_cmake: 6.1.2 (/opt/ros/humble/share/rmw_implementation_cmake/cmake)
-- Found rmw_fastrtps_cpp: 6.2.9 (/opt/ros/humble/share/rmw_fastrtps_cpp/cmake)
-- Found OpenSSL: /usr/lib/aarch64-linux-gnu/libcrypto.so (found version "3.0.2")  
-- Found FastRTPS: /opt/ros/humble/include  
-- Using RMW implementation 'rmw_fastrtps_cpp' as default
-- Looking for pthread.h
-- Looking for pthread.h - found
-- Performing Test CMAKE_HAVE_LIBC_PTHREAD
-- Performing Test CMAKE_HAVE_LIBC_PTHREAD - Success
-- Found Threads: TRUE  
-- Found rclcpp_lifecycle: 16.0.15 (/opt/ros/humble/share/rclcpp_lifecycle/cmake)
-- Found hardware_interface: 2.52.2 (/opt/ros/humble/share/hardware_interface/cmake)
-- LibSerial include dir: /usr/include/libserial
-- LibSerial library: /usr/lib/aarch64-linux-gnu/libserial.so
-- Configuring done
-- Generating done
-- Build files have been written to: /root/ros2_ws/src/build/mecanum_hardware
[ 50%] [32mBuilding CXX object CMakeFiles/mecanum_hardware.dir/src/mecanum_system.cpp.o[0m
[01m[K/root/ros2_ws/src/mecanum_hardware/src/mecanum_system.cpp:[m[K In member function ‘[01m[Kvirtual hardware_interface::CallbackReturn mecanum_hardware::MecanumSystem::on_configure(const rclcpp_lifecycle::State&)[m[K’:
[01m[K/root/ros2_ws/src/mecanum_hardware/src/mecanum_system.cpp:47:96:[m[K [01;35m[Kwarning: [m[Kunused parameter ‘[01m[Kprevious_state[m[K’ [[01;35m[K-Wunused-parameter[m[K]
   47 | [01;35m[Kpp_lifecycle::State & previous_state[m[K)
      | [01;35m[K~~~~~~~~~~~~~~~~~~~~~~^~~~~~~~~~~~~~[m[K

[01m[K/root/ros2_ws/src/mecanum_hardware/src/mecanum_system.cpp:[m[K In member function ‘[01m[Kvirtual hardware_interface::CallbackReturn mecanum_hardware::MecanumSystem::on_deactivate(const rclcpp_lifecycle::State&)[m[K’:
[01m[K/root/ros2_ws/src/mecanum_hardware/src/mecanum_system.cpp:85:97:[m[K [01;35m[Kwarning: [m[Kunused parameter ‘[01m[Kprevious_state[m[K’ [[01;35m[K-Wunused-parameter[m[K]
   85 | [01;35m[Kpp_lifecycle::State & previous_state[m[K)
      | [01;35m[K~~~~~~~~~~~~~~~~~~~~~~^~~~~~~~~~~~~~[m[K

[100%] [32m[1mLinking CXX shared library libmecanum_hardware.so[0m
[100%] Built target mecanum_hardware
-- Install configuration: ""
-- Installing: /root/ros2_ws/src/install/mecanum_hardware/share/mecanum_hardware/mecanum_hardware.xml
-- Installing: /root/ros2_ws/src/install/mecanum_hardware/lib/libmecanum_hardware.so
-- Set runtime path of "/root/ros2_ws/src/install/mecanum_hardware/lib/libmecanum_hardware.so" to ""
-- Installing: /root/ros2_ws/src/install/mecanum_hardware/include
-- Installing: /root/ros2_ws/src/install/mecanum_hardware/include/mecanum_hardware
-- Installing: /root/ros2_ws/src/install/mecanum_hardware/include/mecanum_hardware/mecanum_system.hpp
-- Up-to-date: /root/ros2_ws/src/install/mecanum_hardware/share/mecanum_hardware/mecanum_hardware.xml
-- Installing: /root/ros2_ws/src/install/mecanum_hardware/share/ament_index/resource_index/package_run_dependencies/mecanum_hardware
-- Installing: /root/ros2_ws/src/install/mecanum_hardware/share/ament_index/resource_index/parent_prefix_path/mecanum_hardware
-- Installing: /root/ros2_ws/src/install/mecanum_hardware/share/mecanum_hardware/environment/ament_prefix_path.sh
-- Installing: /root/ros2_ws/src/install/mecanum_hardware/share/mecanum_hardware/environment/ament_prefix_path.dsv
-- Installing: /root/ros2_ws/src/install/mecanum_hardware/share/mecanum_hardware/environment/path.sh
-- Installing: /root/ros2_ws/src/install/mecanum_hardware/share/mecanum_hardware/environment/path.dsv
-- Installing: /root/ros2_ws/src/install/mecanum_hardware/share/mecanum_hardware/local_setup.bash
-- Installing: /root/ros2_ws/src/install/mecanum_hardware/share/mecanum_hardware/local_setup.sh
-- Installing: /root/ros2_ws/src/install/mecanum_hardware/share/mecanum_hardware/local_setup.zsh
-- Installing: /root/ros2_ws/src/install/mecanum_hardware/share/mecanum_hardware/local_setup.dsv
-- Installing: /root/ros2_ws/src/install/mecanum_hardware/share/mecanum_hardware/package.dsv
-- Installing: /root/ros2_ws/src/install/mecanum_hardware/share/ament_index/resource_index/packages/mecanum_hardware
-- Installing: /root/ros2_ws/src/install/mecanum_hardware/share/ament_index/resource_index/hardware_interface__pluginlib__plugin/mecanum_hardware
-- Installing: /root/ros2_ws/src/install/mecanum_hardware/share/mecanum_hardware/cmake/mecanum_hardwareConfig.cmake
-- Installing: /root/ros2_ws/src/install/mecanum_hardware/share/mecanum_hardware/cmake/mecanum_hardwareConfig-version.cmake
-- Installing: /root/ros2_ws/src/install/mecanum_hardware/share/mecanum_hardware/package.xml
