[1.774s] Invoking command in '/root/ros2_ws/src/distance_pid': PYTHONPATH=/root/ros2_ws/build/distance_pid/prefix_override:/usr/lib/python3/dist-packages/colcon_core/task/python/colcon_distutils_commands:/root/ros2_ws/install/distance_pid/lib/python3.10/site-packages:${PYTHONPATH} /usr/bin/python3 -W ignore:setup.py install is deprecated -W ignore:easy_install command is deprecated setup.py egg_info --egg-base ../../build/distance_pid build --build-base /root/ros2_ws/build/distance_pid/build install --record /root/ros2_ws/build/distance_pid/install.log --single-version-externally-managed install_data
[2.211s] running egg_info
[2.213s] creating ../../build/distance_pid/distance_pid.egg-info
[2.214s] writing ../../build/distance_pid/distance_pid.egg-info/PKG-INFO
[2.214s] writing dependency_links to ../../build/distance_pid/distance_pid.egg-info/dependency_links.txt
[2.214s] writing entry points to ../../build/distance_pid/distance_pid.egg-info/entry_points.txt
[2.215s] writing requirements to ../../build/distance_pid/distance_pid.egg-info/requires.txt
[2.215s] writing top-level names to ../../build/distance_pid/distance_pid.egg-info/top_level.txt
[2.215s] writing manifest file '../../build/distance_pid/distance_pid.egg-info/SOURCES.txt'
[2.220s] reading manifest file '../../build/distance_pid/distance_pid.egg-info/SOURCES.txt'
[2.221s] writing manifest file '../../build/distance_pid/distance_pid.egg-info/SOURCES.txt'
[2.223s] running build
[2.223s] running build_py
[2.223s] creating /root/ros2_ws/build/distance_pid/build
[2.223s] creating /root/ros2_ws/build/distance_pid/build/lib
[2.223s] creating /root/ros2_ws/build/distance_pid/build/lib/distance_pid
[2.223s] copying distance_pid/__init__.py -> /root/ros2_ws/build/distance_pid/build/lib/distance_pid
[2.224s] running install
[2.225s] running install_lib
[2.225s] creating /root/ros2_ws/install/distance_pid/lib/python3.10/site-packages/distance_pid
[2.225s] copying /root/ros2_ws/build/distance_pid/build/lib/distance_pid/__init__.py -> /root/ros2_ws/install/distance_pid/lib/python3.10/site-packages/distance_pid
[2.228s] byte-compiling /root/ros2_ws/install/distance_pid/lib/python3.10/site-packages/distance_pid/__init__.py to __init__.cpython-310.pyc
[2.228s] running install_data
[2.228s] creating /root/ros2_ws/install/distance_pid/share/ament_index
[2.228s] creating /root/ros2_ws/install/distance_pid/share/ament_index/resource_index
[2.229s] creating /root/ros2_ws/install/distance_pid/share/ament_index/resource_index/packages
[2.229s] copying resource/distance_pid -> /root/ros2_ws/install/distance_pid/share/ament_index/resource_index/packages
[2.229s] copying package.xml -> /root/ros2_ws/install/distance_pid/share/distance_pid
[2.229s] running install_egg_info
[2.235s] Copying ../../build/distance_pid/distance_pid.egg-info to /root/ros2_ws/install/distance_pid/lib/python3.10/site-packages/distance_pid-0.0.0-py3.10.egg-info
[2.236s] running install_scripts
[2.295s] writing list of installed files to '/root/ros2_ws/build/distance_pid/install.log'
[2.474s] Invoked command in '/root/ros2_ws/src/distance_pid' returned '0': PYTHONPATH=/root/ros2_ws/build/distance_pid/prefix_override:/usr/lib/python3/dist-packages/colcon_core/task/python/colcon_distutils_commands:/root/ros2_ws/install/distance_pid/lib/python3.10/site-packages:${PYTHONPATH} /usr/bin/python3 -W ignore:setup.py install is deprecated -W ignore:easy_install command is deprecated setup.py egg_info --egg-base ../../build/distance_pid build --build-base /root/ros2_ws/build/distance_pid/build install --record /root/ros2_ws/build/distance_pid/install.log --single-version-externally-managed install_data
