-- The CXX compiler identification is GNU 11.4.0
-- Detecting CXX compiler ABI info
-- Detecting CXX compiler ABI info - done
-- Check for working CXX compiler: /usr/bin/c++ - skipped
-- Detecting CXX compile features
-- Detecting CXX compile features - done
-- Found ament_cmake: 1.3.12 (/opt/ros/humble/share/ament_cmake/cmake)
-- Found Python3: /usr/bin/python3 (found version "3.10.12") found components: Interpreter 
-- Override CMake install command with custom implementation using symlinks instead of copying resources
-- Found control_msgs: 4.8.0 (/opt/ros/humble/share/control_msgs/cmake)
-- Found rosidl_generator_c: 3.1.7 (/opt/ros/humble/share/rosidl_generator_c/cmake)
-- Found rosidl_adapter: 3.1.7 (/opt/ros/humble/share/rosidl_adapter/cmake)
-- Found rosidl_generator_cpp: 3.1.7 (/opt/ros/humble/share/rosidl_generator_cpp/cmake)
-- Using all available rosidl_typesupport_c: rosidl_typesupport_fastrtps_c;rosidl_typesupport_introspection_c
-- Using all available rosidl_typesupport_cpp: rosidl_typesupport_fastrtps_cpp;rosidl_typesupport_introspection_cpp
-- Found controller_interface: 2.52.2 (/root/ros2_ws/install/controller_interface/share/controller_interface/cmake)
-- Found rmw_implementation_cmake: 6.1.2 (/opt/ros/humble/share/rmw_implementation_cmake/cmake)
-- Found rmw_fastrtps_cpp: 6.2.8 (/opt/ros/humble/share/rmw_fastrtps_cpp/cmake)
-- Found TinyXML2 via Config file: TinyXML2_DIR-NOTFOUND
-- Found OpenSSL: /usr/lib/aarch64-linux-gnu/libcrypto.so (found version "3.0.2")  
-- Found TinyXML2 via Config file: TinyXML2_DIR-NOTFOUND
-- Found FastRTPS: /opt/ros/humble/include  
-- Found TinyXML2 via Config file: TinyXML2_DIR-NOTFOUND
-- Found TinyXML2 via Config file: TinyXML2_DIR-NOTFOUND
-- Using RMW implementation 'rmw_fastrtps_cpp' as default
-- Looking for C++ include pthread.h
-- Looking for C++ include pthread.h - found
-- Performing Test CMAKE_HAVE_LIBC_PTHREAD
-- Performing Test CMAKE_HAVE_LIBC_PTHREAD - Success
-- Found Threads: TRUE  
-- Found generate_parameter_library: 0.5.0 (/opt/ros/humble/share/generate_parameter_library/cmake)
-- Found parameter_traits: 0.5.0 (/opt/ros/humble/share/parameter_traits/cmake)
-- Found nav_msgs: 4.9.0 (/opt/ros/humble/share/nav_msgs/cmake)
-- Found realtime_tools: 2.14.1 (/opt/ros/humble/share/realtime_tools/cmake)
-- Found std_srvs: 4.9.0 (/opt/ros/humble/share/std_srvs/cmake)
-- Found tf2: 0.25.16 (/opt/ros/humble/share/tf2/cmake)
-- Found tf2_msgs: 0.25.16 (/opt/ros/humble/share/tf2_msgs/cmake)
-- Found tf2_geometry_msgs: 0.25.16 (/opt/ros/humble/share/tf2_geometry_msgs/cmake)
-- Found eigen3_cmake_module: 0.1.1 (/opt/ros/humble/share/eigen3_cmake_module/cmake)
-- Found Eigen3: TRUE (found version "3.4.0") 
-- Ensuring Eigen3 include directory is part of orocos-kdl CMake target
-- Configuring done
-- Generating done
-- Build files have been written to: /root/ros2_ws/build/steering_controllers_library
[ 20%] [34m[1mRunning `/opt/ros/humble/bin/generate_parameter_library_cpp /root/ros2_ws/build/steering_controllers_library/include/steering_controllers_library/steering_controllers_library_parameters.hpp /root/ros2_ws/src/ros2_controllers/steering_controllers_library/src/steering_controllers_library.yaml `[0m
[ 40%] [34m[1mCreating deprecated header file /root/ros2_ws/build/steering_controllers_library/include/steering_controllers_library_parameters.hpp[0m
[ 40%] Built target steering_controllers_library_parameters
[ 80%] [32mBuilding CXX object CMakeFiles/steering_controllers_library.dir/src/steering_controllers_library.cpp.o[0m
[ 80%] [32mBuilding CXX object CMakeFiles/steering_controllers_library.dir/src/steering_odometry.cpp.o[0m
[100%] [32m[1mLinking CXX shared library libsteering_controllers_library.so[0m
[100%] Built target steering_controllers_library
-- Install configuration: "Release"
-- Execute custom install script
-- Symlinking: /root/ros2_ws/install/steering_controllers_library/include/steering_controllers_library/steering_controllers_library_parameters.hpp
-- Symlinking: /root/ros2_ws/install/steering_controllers_library/include/steering_controllers_library/steering_controllers_library/steering_controllers_library.hpp
-- Symlinking: /root/ros2_ws/install/steering_controllers_library/include/steering_controllers_library/steering_controllers_library/steering_odometry.hpp
-- Symlinking: /root/ros2_ws/install/steering_controllers_library/include/steering_controllers_library/steering_controllers_library/visibility_control.h
-- Symlinking: /root/ros2_ws/install/steering_controllers_library/share/steering_controllers_library/environment/library_path.sh
-- Symlinking: /root/ros2_ws/install/steering_controllers_library/share/steering_controllers_library/environment/library_path.dsv
-- Symlinking: /root/ros2_ws/install/steering_controllers_library/share/ament_index/resource_index/package_run_dependencies/steering_controllers_library
-- Symlinking: /root/ros2_ws/install/steering_controllers_library/share/ament_index/resource_index/parent_prefix_path/steering_controllers_library
-- Symlinking: /root/ros2_ws/install/steering_controllers_library/share/steering_controllers_library/environment/ament_prefix_path.sh
-- Symlinking: /root/ros2_ws/install/steering_controllers_library/share/steering_controllers_library/environment/ament_prefix_path.dsv
-- Symlinking: /root/ros2_ws/install/steering_controllers_library/share/steering_controllers_library/environment/path.sh
-- Symlinking: /root/ros2_ws/install/steering_controllers_library/share/steering_controllers_library/environment/path.dsv
-- Symlinking: /root/ros2_ws/install/steering_controllers_library/share/steering_controllers_library/local_setup.bash
-- Symlinking: /root/ros2_ws/install/steering_controllers_library/share/steering_controllers_library/local_setup.sh
-- Symlinking: /root/ros2_ws/install/steering_controllers_library/share/steering_controllers_library/local_setup.zsh
-- Symlinking: /root/ros2_ws/install/steering_controllers_library/share/steering_controllers_library/local_setup.dsv
-- Symlinking: /root/ros2_ws/install/steering_controllers_library/share/steering_controllers_library/package.dsv
-- Symlinking: /root/ros2_ws/install/steering_controllers_library/share/ament_index/resource_index/packages/steering_controllers_library
-- Symlinking: /root/ros2_ws/install/steering_controllers_library/share/steering_controllers_library/cmake/ament_cmake_export_dependencies-extras.cmake
-- Symlinking: /root/ros2_ws/install/steering_controllers_library/share/steering_controllers_library/cmake/ament_cmake_export_targets-extras.cmake
-- Symlinking: /root/ros2_ws/install/steering_controllers_library/share/steering_controllers_library/cmake/steering_controllers_libraryConfig.cmake
-- Symlinking: /root/ros2_ws/install/steering_controllers_library/share/steering_controllers_library/cmake/steering_controllers_libraryConfig-version.cmake
-- Symlinking: /root/ros2_ws/install/steering_controllers_library/share/steering_controllers_library/package.xml
-- Installing: /root/ros2_ws/install/steering_controllers_library/lib/libsteering_controllers_library.so
-- Set runtime path of "/root/ros2_ws/install/steering_controllers_library/lib/libsteering_controllers_library.so" to ""
-- Installing: /root/ros2_ws/install/steering_controllers_library/share/steering_controllers_library/cmake/export_steering_controllers_libraryExport.cmake
-- Installing: /root/ros2_ws/install/steering_controllers_library/share/steering_controllers_library/cmake/export_steering_controllers_libraryExport-release.cmake
