[0.033s] Invoking command in '/root/ros2_ws/build/steering_controllers_library': AMENT_PREFIX_PATH=/root/ros2_ws/install/controller_manager:/root/ros2_ws/install/hardware_interface_testing:/root/ros2_ws/install/controller_manager_msgs:${AMENT_PREFIX_PATH} CMAKE_PREFIX_PATH=/root/ros2_ws/install/controller_manager:/root/ros2_ws/install/hardware_interface_testing:/root/ros2_ws/install/controller_interface:/root/ros2_ws/install/hardware_interface:/root/ros2_ws/install/ros2_control_test_assets:/root/ros2_ws/install/controller_manager_msgs:/root/ros2_ws/install/app_subscriber:/opt/ros/humble LD_LIBRARY_PATH=/root/ros2_ws/install/controller_manager/lib:/root/ros2_ws/install/hardware_interface_testing/lib:/root/ros2_ws/install/controller_interface/lib:/root/ros2_ws/install/hardware_interface/lib:/root/ros2_ws/install/controller_manager_msgs/lib:/root/ros2_ws/install/ros2_control_test_assets/lib:/opt/ros/humble/lib/aarch64-linux-gnu:/opt/ros/humble/lib PYTHONPATH=/root/ros2_ws/install/controller_manager/local/lib/python3.10/dist-packages:/root/ros2_ws/install/controller_manager_msgs/local/lib/python3.10/dist-packages:${PYTHONPATH} /usr/bin/cmake /root/ros2_ws/src/ros2_controllers/steering_controllers_library -DBUILD_TESTING=OFF -DCMAKE_BUILD_TYPE=Release -DAMENT_CMAKE_SYMLINK_INSTALL=1 -DCMAKE_INSTALL_PREFIX=/root/ros2_ws/install/steering_controllers_library
[0.145s] -- The CXX compiler identification is GNU 11.4.0
[0.157s] -- Detecting CXX compiler ABI info
[0.292s] -- Detecting CXX compiler ABI info - done
[0.303s] -- Check for working CXX compiler: /usr/bin/c++ - skipped
[0.303s] -- Detecting CXX compile features
[0.304s] -- Detecting CXX compile features - done
[0.309s] -- Found ament_cmake: 1.3.12 (/opt/ros/humble/share/ament_cmake/cmake)
[0.539s] -- Found Python3: /usr/bin/python3 (found version "3.10.12") found components: Interpreter 
[0.637s] -- Override CMake install command with custom implementation using symlinks instead of copying resources
[0.684s] -- Found control_msgs: 4.8.0 (/opt/ros/humble/share/control_msgs/cmake)
[0.736s] -- Found rosidl_generator_c: 3.1.7 (/opt/ros/humble/share/rosidl_generator_c/cmake)
[0.744s] -- Found rosidl_adapter: 3.1.7 (/opt/ros/humble/share/rosidl_adapter/cmake)
[0.758s] -- Found rosidl_generator_cpp: 3.1.7 (/opt/ros/humble/share/rosidl_generator_cpp/cmake)
[0.777s] -- Using all available rosidl_typesupport_c: rosidl_typesupport_fastrtps_c;rosidl_typesupport_introspection_c
[0.801s] -- Using all available rosidl_typesupport_cpp: rosidl_typesupport_fastrtps_cpp;rosidl_typesupport_introspection_cpp
[0.995s] -- Found controller_interface: 2.52.2 (/root/ros2_ws/install/controller_interface/share/controller_interface/cmake)
[1.113s] -- Found rmw_implementation_cmake: 6.1.2 (/opt/ros/humble/share/rmw_implementation_cmake/cmake)
[1.118s] -- Found rmw_fastrtps_cpp: 6.2.8 (/opt/ros/humble/share/rmw_fastrtps_cpp/cmake)
[1.157s] -- Found TinyXML2 via Config file: TinyXML2_DIR-NOTFOUND
[1.259s] -- Found OpenSSL: /usr/lib/aarch64-linux-gnu/libcrypto.so (found version "3.0.2")  
[1.264s] -- Found TinyXML2 via Config file: TinyXML2_DIR-NOTFOUND
[1.281s] -- Found FastRTPS: /opt/ros/humble/include  
[1.286s] -- Found TinyXML2 via Config file: TinyXML2_DIR-NOTFOUND
[1.300s] -- Found TinyXML2 via Config file: TinyXML2_DIR-NOTFOUND
[1.315s] -- Using RMW implementation 'rmw_fastrtps_cpp' as default
[1.331s] -- Looking for C++ include pthread.h
[1.530s] -- Looking for C++ include pthread.h - found
[1.530s] -- Performing Test CMAKE_HAVE_LIBC_PTHREAD
[1.731s] -- Performing Test CMAKE_HAVE_LIBC_PTHREAD - Success
[1.732s] -- Found Threads: TRUE  
[1.807s] -- Found generate_parameter_library: 0.5.0 (/opt/ros/humble/share/generate_parameter_library/cmake)
[1.811s] -- Found parameter_traits: 0.5.0 (/opt/ros/humble/share/parameter_traits/cmake)
[1.838s] -- Found nav_msgs: 4.9.0 (/opt/ros/humble/share/nav_msgs/cmake)
[1.865s] -- Found realtime_tools: 2.14.1 (/opt/ros/humble/share/realtime_tools/cmake)
[1.888s] -- Found std_srvs: 4.9.0 (/opt/ros/humble/share/std_srvs/cmake)
[1.903s] -- Found tf2: 0.25.16 (/opt/ros/humble/share/tf2/cmake)
[1.910s] -- Found tf2_msgs: 0.25.16 (/opt/ros/humble/share/tf2_msgs/cmake)
[1.943s] -- Found tf2_geometry_msgs: 0.25.16 (/opt/ros/humble/share/tf2_geometry_msgs/cmake)
[1.956s] -- Found eigen3_cmake_module: 0.1.1 (/opt/ros/humble/share/eigen3_cmake_module/cmake)
[1.957s] -- Found Eigen3: TRUE (found version "3.4.0") 
[1.958s] -- Ensuring Eigen3 include directory is part of orocos-kdl CMake target
[2.127s] -- Configuring done
[2.154s] -- Generating done
[2.162s] -- Build files have been written to: /root/ros2_ws/build/steering_controllers_library
[2.180s] Invoked command in '/root/ros2_ws/build/steering_controllers_library' returned '0': AMENT_PREFIX_PATH=/root/ros2_ws/install/controller_manager:/root/ros2_ws/install/hardware_interface_testing:/root/ros2_ws/install/controller_manager_msgs:${AMENT_PREFIX_PATH} CMAKE_PREFIX_PATH=/root/ros2_ws/install/controller_manager:/root/ros2_ws/install/hardware_interface_testing:/root/ros2_ws/install/controller_interface:/root/ros2_ws/install/hardware_interface:/root/ros2_ws/install/ros2_control_test_assets:/root/ros2_ws/install/controller_manager_msgs:/root/ros2_ws/install/app_subscriber:/opt/ros/humble LD_LIBRARY_PATH=/root/ros2_ws/install/controller_manager/lib:/root/ros2_ws/install/hardware_interface_testing/lib:/root/ros2_ws/install/controller_interface/lib:/root/ros2_ws/install/hardware_interface/lib:/root/ros2_ws/install/controller_manager_msgs/lib:/root/ros2_ws/install/ros2_control_test_assets/lib:/opt/ros/humble/lib/aarch64-linux-gnu:/opt/ros/humble/lib PYTHONPATH=/root/ros2_ws/install/controller_manager/local/lib/python3.10/dist-packages:/root/ros2_ws/install/controller_manager_msgs/local/lib/python3.10/dist-packages:${PYTHONPATH} /usr/bin/cmake /root/ros2_ws/src/ros2_controllers/steering_controllers_library -DBUILD_TESTING=OFF -DCMAKE_BUILD_TYPE=Release -DAMENT_CMAKE_SYMLINK_INSTALL=1 -DCMAKE_INSTALL_PREFIX=/root/ros2_ws/install/steering_controllers_library
[2.183s] Invoking command in '/root/ros2_ws/build/steering_controllers_library': AMENT_PREFIX_PATH=/root/ros2_ws/install/controller_manager:/root/ros2_ws/install/hardware_interface_testing:/root/ros2_ws/install/controller_manager_msgs:${AMENT_PREFIX_PATH} CMAKE_PREFIX_PATH=/root/ros2_ws/install/controller_manager:/root/ros2_ws/install/hardware_interface_testing:/root/ros2_ws/install/controller_interface:/root/ros2_ws/install/hardware_interface:/root/ros2_ws/install/ros2_control_test_assets:/root/ros2_ws/install/controller_manager_msgs:/root/ros2_ws/install/app_subscriber:/opt/ros/humble LD_LIBRARY_PATH=/root/ros2_ws/install/controller_manager/lib:/root/ros2_ws/install/hardware_interface_testing/lib:/root/ros2_ws/install/controller_interface/lib:/root/ros2_ws/install/hardware_interface/lib:/root/ros2_ws/install/controller_manager_msgs/lib:/root/ros2_ws/install/ros2_control_test_assets/lib:/opt/ros/humble/lib/aarch64-linux-gnu:/opt/ros/humble/lib PYTHONPATH=/root/ros2_ws/install/controller_manager/local/lib/python3.10/dist-packages:/root/ros2_ws/install/controller_manager_msgs/local/lib/python3.10/dist-packages:${PYTHONPATH} /usr/bin/cmake --build /root/ros2_ws/build/steering_controllers_library -- -j4 -l4
[2.278s] [ 20%] [34m[1mRunning `/opt/ros/humble/bin/generate_parameter_library_cpp /root/ros2_ws/build/steering_controllers_library/include/steering_controllers_library/steering_controllers_library_parameters.hpp /root/ros2_ws/src/ros2_controllers/steering_controllers_library/src/steering_controllers_library.yaml `[0m
[2.846s] [ 40%] [34m[1mCreating deprecated header file /root/ros2_ws/build/steering_controllers_library/include/steering_controllers_library_parameters.hpp[0m
[2.878s] [ 40%] Built target steering_controllers_library_parameters
[2.918s] [ 80%] [32mBuilding CXX object CMakeFiles/steering_controllers_library.dir/src/steering_controllers_library.cpp.o[0m
[2.918s] [ 80%] [32mBuilding CXX object CMakeFiles/steering_controllers_library.dir/src/steering_odometry.cpp.o[0m
[32.015s] [100%] [32m[1mLinking CXX shared library libsteering_controllers_library.so[0m
[32.434s] [100%] Built target steering_controllers_library
[32.455s] Invoked command in '/root/ros2_ws/build/steering_controllers_library' returned '0': AMENT_PREFIX_PATH=/root/ros2_ws/install/controller_manager:/root/ros2_ws/install/hardware_interface_testing:/root/ros2_ws/install/controller_manager_msgs:${AMENT_PREFIX_PATH} CMAKE_PREFIX_PATH=/root/ros2_ws/install/controller_manager:/root/ros2_ws/install/hardware_interface_testing:/root/ros2_ws/install/controller_interface:/root/ros2_ws/install/hardware_interface:/root/ros2_ws/install/ros2_control_test_assets:/root/ros2_ws/install/controller_manager_msgs:/root/ros2_ws/install/app_subscriber:/opt/ros/humble LD_LIBRARY_PATH=/root/ros2_ws/install/controller_manager/lib:/root/ros2_ws/install/hardware_interface_testing/lib:/root/ros2_ws/install/controller_interface/lib:/root/ros2_ws/install/hardware_interface/lib:/root/ros2_ws/install/controller_manager_msgs/lib:/root/ros2_ws/install/ros2_control_test_assets/lib:/opt/ros/humble/lib/aarch64-linux-gnu:/opt/ros/humble/lib PYTHONPATH=/root/ros2_ws/install/controller_manager/local/lib/python3.10/dist-packages:/root/ros2_ws/install/controller_manager_msgs/local/lib/python3.10/dist-packages:${PYTHONPATH} /usr/bin/cmake --build /root/ros2_ws/build/steering_controllers_library -- -j4 -l4
[32.457s] Invoking command in '/root/ros2_ws/build/steering_controllers_library': AMENT_PREFIX_PATH=/root/ros2_ws/install/controller_manager:/root/ros2_ws/install/hardware_interface_testing:/root/ros2_ws/install/controller_manager_msgs:${AMENT_PREFIX_PATH} CMAKE_PREFIX_PATH=/root/ros2_ws/install/controller_manager:/root/ros2_ws/install/hardware_interface_testing:/root/ros2_ws/install/controller_interface:/root/ros2_ws/install/hardware_interface:/root/ros2_ws/install/ros2_control_test_assets:/root/ros2_ws/install/controller_manager_msgs:/root/ros2_ws/install/app_subscriber:/opt/ros/humble LD_LIBRARY_PATH=/root/ros2_ws/install/controller_manager/lib:/root/ros2_ws/install/hardware_interface_testing/lib:/root/ros2_ws/install/controller_interface/lib:/root/ros2_ws/install/hardware_interface/lib:/root/ros2_ws/install/controller_manager_msgs/lib:/root/ros2_ws/install/ros2_control_test_assets/lib:/opt/ros/humble/lib/aarch64-linux-gnu:/opt/ros/humble/lib PYTHONPATH=/root/ros2_ws/install/controller_manager/local/lib/python3.10/dist-packages:/root/ros2_ws/install/controller_manager_msgs/local/lib/python3.10/dist-packages:${PYTHONPATH} /usr/bin/cmake --install /root/ros2_ws/build/steering_controllers_library
[32.473s] -- Install configuration: "Release"
[32.473s] -- Execute custom install script
[32.474s] -- Symlinking: /root/ros2_ws/install/steering_controllers_library/include/steering_controllers_library/steering_controllers_library_parameters.hpp
[32.492s] -- Symlinking: /root/ros2_ws/install/steering_controllers_library/include/steering_controllers_library/steering_controllers_library/steering_controllers_library.hpp
[32.508s] -- Symlinking: /root/ros2_ws/install/steering_controllers_library/include/steering_controllers_library/steering_controllers_library/steering_odometry.hpp
[32.526s] -- Symlinking: /root/ros2_ws/install/steering_controllers_library/include/steering_controllers_library/steering_controllers_library/visibility_control.h
[32.543s] -- Symlinking: /root/ros2_ws/install/steering_controllers_library/share/steering_controllers_library/environment/library_path.sh
[32.559s] -- Symlinking: /root/ros2_ws/install/steering_controllers_library/share/steering_controllers_library/environment/library_path.dsv
[32.576s] -- Symlinking: /root/ros2_ws/install/steering_controllers_library/share/ament_index/resource_index/package_run_dependencies/steering_controllers_library
[32.592s] -- Symlinking: /root/ros2_ws/install/steering_controllers_library/share/ament_index/resource_index/parent_prefix_path/steering_controllers_library
[32.608s] -- Symlinking: /root/ros2_ws/install/steering_controllers_library/share/steering_controllers_library/environment/ament_prefix_path.sh
[32.624s] -- Symlinking: /root/ros2_ws/install/steering_controllers_library/share/steering_controllers_library/environment/ament_prefix_path.dsv
[32.640s] -- Symlinking: /root/ros2_ws/install/steering_controllers_library/share/steering_controllers_library/environment/path.sh
[32.657s] -- Symlinking: /root/ros2_ws/install/steering_controllers_library/share/steering_controllers_library/environment/path.dsv
[32.673s] -- Symlinking: /root/ros2_ws/install/steering_controllers_library/share/steering_controllers_library/local_setup.bash
[32.690s] -- Symlinking: /root/ros2_ws/install/steering_controllers_library/share/steering_controllers_library/local_setup.sh
[32.706s] -- Symlinking: /root/ros2_ws/install/steering_controllers_library/share/steering_controllers_library/local_setup.zsh
[32.722s] -- Symlinking: /root/ros2_ws/install/steering_controllers_library/share/steering_controllers_library/local_setup.dsv
[32.738s] -- Symlinking: /root/ros2_ws/install/steering_controllers_library/share/steering_controllers_library/package.dsv
[32.755s] -- Symlinking: /root/ros2_ws/install/steering_controllers_library/share/ament_index/resource_index/packages/steering_controllers_library
[32.771s] -- Symlinking: /root/ros2_ws/install/steering_controllers_library/share/steering_controllers_library/cmake/ament_cmake_export_dependencies-extras.cmake
[32.788s] -- Symlinking: /root/ros2_ws/install/steering_controllers_library/share/steering_controllers_library/cmake/ament_cmake_export_targets-extras.cmake
[32.804s] -- Symlinking: /root/ros2_ws/install/steering_controllers_library/share/steering_controllers_library/cmake/steering_controllers_libraryConfig.cmake
[32.820s] -- Symlinking: /root/ros2_ws/install/steering_controllers_library/share/steering_controllers_library/cmake/steering_controllers_libraryConfig-version.cmake
[32.837s] -- Symlinking: /root/ros2_ws/install/steering_controllers_library/share/steering_controllers_library/package.xml
[32.853s] -- Installing: /root/ros2_ws/install/steering_controllers_library/lib/libsteering_controllers_library.so
[32.857s] -- Set runtime path of "/root/ros2_ws/install/steering_controllers_library/lib/libsteering_controllers_library.so" to ""
[32.857s] -- Installing: /root/ros2_ws/install/steering_controllers_library/share/steering_controllers_library/cmake/export_steering_controllers_libraryExport.cmake
[32.857s] -- Installing: /root/ros2_ws/install/steering_controllers_library/share/steering_controllers_library/cmake/export_steering_controllers_libraryExport-release.cmake
[32.861s] Invoked command in '/root/ros2_ws/build/steering_controllers_library' returned '0': AMENT_PREFIX_PATH=/root/ros2_ws/install/controller_manager:/root/ros2_ws/install/hardware_interface_testing:/root/ros2_ws/install/controller_manager_msgs:${AMENT_PREFIX_PATH} CMAKE_PREFIX_PATH=/root/ros2_ws/install/controller_manager:/root/ros2_ws/install/hardware_interface_testing:/root/ros2_ws/install/controller_interface:/root/ros2_ws/install/hardware_interface:/root/ros2_ws/install/ros2_control_test_assets:/root/ros2_ws/install/controller_manager_msgs:/root/ros2_ws/install/app_subscriber:/opt/ros/humble LD_LIBRARY_PATH=/root/ros2_ws/install/controller_manager/lib:/root/ros2_ws/install/hardware_interface_testing/lib:/root/ros2_ws/install/controller_interface/lib:/root/ros2_ws/install/hardware_interface/lib:/root/ros2_ws/install/controller_manager_msgs/lib:/root/ros2_ws/install/ros2_control_test_assets/lib:/opt/ros/humble/lib/aarch64-linux-gnu:/opt/ros/humble/lib PYTHONPATH=/root/ros2_ws/install/controller_manager/local/lib/python3.10/dist-packages:/root/ros2_ws/install/controller_manager_msgs/local/lib/python3.10/dist-packages:${PYTHONPATH} /usr/bin/cmake --install /root/ros2_ws/build/steering_controllers_library
