[1.745s] Invoking command in '/root/ros2_ws/src/mecanum_bot': PYTHONPATH=/root/ros2_ws/src/build/mecanum_bot/prefix_override:/usr/lib/python3/dist-packages/colcon_core/task/python/colcon_distutils_commands:/root/ros2_ws/src/install/mecanum_bot/lib/python3.10/site-packages:${PYTHONPATH} /usr/bin/python3 -W ignore:setup.py install is deprecated -W ignore:easy_install command is deprecated setup.py egg_info --egg-base ../build/mecanum_bot build --build-base /root/ros2_ws/src/build/mecanum_bot/build install --record /root/ros2_ws/src/build/mecanum_bot/install.log --single-version-externally-managed install_data
[2.100s] running egg_info
[2.101s] writing ../build/mecanum_bot/mecanum_bot.egg-info/PKG-INFO
[2.102s] writing dependency_links to ../build/mecanum_bot/mecanum_bot.egg-info/dependency_links.txt
[2.103s] writing entry points to ../build/mecanum_bot/mecanum_bot.egg-info/entry_points.txt
[2.104s] writing requirements to ../build/mecanum_bot/mecanum_bot.egg-info/requires.txt
[2.105s] writing top-level names to ../build/mecanum_bot/mecanum_bot.egg-info/top_level.txt
[2.108s] reading manifest file '../build/mecanum_bot/mecanum_bot.egg-info/SOURCES.txt'
[2.111s] writing manifest file '../build/mecanum_bot/mecanum_bot.egg-info/SOURCES.txt'
[2.112s] running build
[2.112s] running build_py
[2.112s] copying mecanum_bot/pid.py -> /root/ros2_ws/src/build/mecanum_bot/build/lib/mecanum_bot
[2.112s] running install
[2.113s] running install_lib
[2.115s] copying /root/ros2_ws/src/build/mecanum_bot/build/lib/mecanum_bot/pid.py -> /root/ros2_ws/src/install/mecanum_bot/lib/python3.10/site-packages/mecanum_bot
[2.115s] byte-compiling /root/ros2_ws/src/install/mecanum_bot/lib/python3.10/site-packages/mecanum_bot/pid.py to pid.cpython-310.pyc
[2.127s] running install_data
[2.127s] creating /root/ros2_ws/src/install/mecanum_bot/share/mecanum_bot/launch
[2.128s] copying launch/bringup.launch.py -> /root/ros2_ws/src/install/mecanum_bot/share/mecanum_bot/launch
[2.129s] creating /root/ros2_ws/src/install/mecanum_bot/share/mecanum_bot/config
[2.130s] copying config/controllers.yaml -> /root/ros2_ws/src/install/mecanum_bot/share/mecanum_bot/config
[2.130s] copying config/ekf.yaml -> /root/ros2_ws/src/install/mecanum_bot/share/mecanum_bot/config
[2.133s] creating /root/ros2_ws/src/install/mecanum_bot/share/mecanum_bot/description
[2.134s] copying description/robot.urdf.xacro -> /root/ros2_ws/src/install/mecanum_bot/share/mecanum_bot/description
[2.134s] running install_egg_info
[2.139s] removing '/root/ros2_ws/src/install/mecanum_bot/lib/python3.10/site-packages/mecanum_bot-0.0.0-py3.10.egg-info' (and everything under it)
[2.139s] Copying ../build/mecanum_bot/mecanum_bot.egg-info to /root/ros2_ws/src/install/mecanum_bot/lib/python3.10/site-packages/mecanum_bot-0.0.0-py3.10.egg-info
[2.140s] running install_scripts
[2.171s] Installing data_controller script to /root/ros2_ws/src/install/mecanum_bot/lib/mecanum_bot
[2.172s] Installing hardware_driver script to /root/ros2_ws/src/install/mecanum_bot/lib/mecanum_bot
[2.172s] Installing pid script to /root/ros2_ws/src/install/mecanum_bot/lib/mecanum_bot
[2.175s] writing list of installed files to '/root/ros2_ws/src/build/mecanum_bot/install.log'
[2.319s] Invoked command in '/root/ros2_ws/src/mecanum_bot' returned '0': PYTHONPATH=/root/ros2_ws/src/build/mecanum_bot/prefix_override:/usr/lib/python3/dist-packages/colcon_core/task/python/colcon_distutils_commands:/root/ros2_ws/src/install/mecanum_bot/lib/python3.10/site-packages:${PYTHONPATH} /usr/bin/python3 -W ignore:setup.py install is deprecated -W ignore:easy_install command is deprecated setup.py egg_info --egg-base ../build/mecanum_bot build --build-base /root/ros2_ws/src/build/mecanum_bot/build install --record /root/ros2_ws/src/build/mecanum_bot/install.log --single-version-externally-managed install_data
