[0.033s] Invoking command in '/root/ros2_ws/build/force_torque_sensor_broadcaster': AMENT_PREFIX_PATH=/root/ros2_ws/install/controller_manager:/root/ros2_ws/install/hardware_interface_testing:/root/ros2_ws/install/controller_manager_msgs:${AMENT_PREFIX_PATH} CMAKE_PREFIX_PATH=/root/ros2_ws/install/controller_manager:/root/ros2_ws/install/hardware_interface_testing:/root/ros2_ws/install/controller_interface:/root/ros2_ws/install/hardware_interface:/root/ros2_ws/install/ros2_control_test_assets:/root/ros2_ws/install/controller_manager_msgs:/root/ros2_ws/install/app_subscriber:/opt/ros/humble LD_LIBRARY_PATH=/root/ros2_ws/install/controller_manager/lib:/root/ros2_ws/install/hardware_interface_testing/lib:/root/ros2_ws/install/controller_interface/lib:/root/ros2_ws/install/hardware_interface/lib:/root/ros2_ws/install/controller_manager_msgs/lib:/root/ros2_ws/install/ros2_control_test_assets/lib:/opt/ros/humble/lib/aarch64-linux-gnu:/opt/ros/humble/lib PYTHONPATH=/root/ros2_ws/install/controller_manager/local/lib/python3.10/dist-packages:/root/ros2_ws/install/controller_manager_msgs/local/lib/python3.10/dist-packages:${PYTHONPATH} /usr/bin/cmake /root/ros2_ws/src/ros2_controllers/force_torque_sensor_broadcaster -DBUILD_TESTING=OFF -DCMAKE_BUILD_TYPE=Release -DAMENT_CMAKE_SYMLINK_INSTALL=1 -DCMAKE_INSTALL_PREFIX=/root/ros2_ws/install/force_torque_sensor_broadcaster
[0.146s] -- The CXX compiler identification is GNU 11.4.0
[0.158s] -- Detecting CXX compiler ABI info
[0.295s] -- Detecting CXX compiler ABI info - done
[0.306s] -- Check for working CXX compiler: /usr/bin/c++ - skipped
[0.306s] -- Detecting CXX compile features
[0.307s] -- Detecting CXX compile features - done
[0.312s] -- Found ament_cmake: 1.3.12 (/opt/ros/humble/share/ament_cmake/cmake)
[0.540s] -- Found Python3: /usr/bin/python3 (found version "3.10.12") found components: Interpreter 
[0.639s] -- Override CMake install command with custom implementation using symlinks instead of copying resources
[0.684s] -- Found controller_interface: 2.52.2 (/root/ros2_ws/install/controller_interface/share/controller_interface/cmake)
[0.743s] -- Found rosidl_generator_c: 3.1.7 (/opt/ros/humble/share/rosidl_generator_c/cmake)
[0.751s] -- Found rosidl_adapter: 3.1.7 (/opt/ros/humble/share/rosidl_adapter/cmake)
[0.765s] -- Found rosidl_generator_cpp: 3.1.7 (/opt/ros/humble/share/rosidl_generator_cpp/cmake)
[0.783s] -- Using all available rosidl_typesupport_c: rosidl_typesupport_fastrtps_c;rosidl_typesupport_introspection_c
[0.809s] -- Using all available rosidl_typesupport_cpp: rosidl_typesupport_fastrtps_cpp;rosidl_typesupport_introspection_cpp
[1.112s] -- Found rmw_implementation_cmake: 6.1.2 (/opt/ros/humble/share/rmw_implementation_cmake/cmake)
[1.116s] -- Found rmw_fastrtps_cpp: 6.2.8 (/opt/ros/humble/share/rmw_fastrtps_cpp/cmake)
[1.155s] -- Found TinyXML2 via Config file: TinyXML2_DIR-NOTFOUND
[1.242s] -- Found OpenSSL: /usr/lib/aarch64-linux-gnu/libcrypto.so (found version "3.0.2")  
[1.246s] -- Found TinyXML2 via Config file: TinyXML2_DIR-NOTFOUND
[1.262s] -- Found FastRTPS: /opt/ros/humble/include  
[1.266s] -- Found TinyXML2 via Config file: TinyXML2_DIR-NOTFOUND
[1.280s] -- Found TinyXML2 via Config file: TinyXML2_DIR-NOTFOUND
[1.297s] -- Using RMW implementation 'rmw_fastrtps_cpp' as default
[1.312s] -- Looking for C++ include pthread.h
[1.510s] -- Looking for C++ include pthread.h - found
[1.510s] -- Performing Test CMAKE_HAVE_LIBC_PTHREAD
[1.713s] -- Performing Test CMAKE_HAVE_LIBC_PTHREAD - Success
[1.715s] -- Found Threads: TRUE  
[1.789s] -- Found generate_parameter_library: 0.5.0 (/opt/ros/humble/share/generate_parameter_library/cmake)
[1.792s] -- Found parameter_traits: 0.5.0 (/opt/ros/humble/share/parameter_traits/cmake)
[1.819s] -- Found realtime_tools: 2.14.1 (/opt/ros/humble/share/realtime_tools/cmake)
[1.949s] -- Configuring done
[1.972s] -- Generating done
[1.979s] -- Build files have been written to: /root/ros2_ws/build/force_torque_sensor_broadcaster
[1.998s] Invoked command in '/root/ros2_ws/build/force_torque_sensor_broadcaster' returned '0': AMENT_PREFIX_PATH=/root/ros2_ws/install/controller_manager:/root/ros2_ws/install/hardware_interface_testing:/root/ros2_ws/install/controller_manager_msgs:${AMENT_PREFIX_PATH} CMAKE_PREFIX_PATH=/root/ros2_ws/install/controller_manager:/root/ros2_ws/install/hardware_interface_testing:/root/ros2_ws/install/controller_interface:/root/ros2_ws/install/hardware_interface:/root/ros2_ws/install/ros2_control_test_assets:/root/ros2_ws/install/controller_manager_msgs:/root/ros2_ws/install/app_subscriber:/opt/ros/humble LD_LIBRARY_PATH=/root/ros2_ws/install/controller_manager/lib:/root/ros2_ws/install/hardware_interface_testing/lib:/root/ros2_ws/install/controller_interface/lib:/root/ros2_ws/install/hardware_interface/lib:/root/ros2_ws/install/controller_manager_msgs/lib:/root/ros2_ws/install/ros2_control_test_assets/lib:/opt/ros/humble/lib/aarch64-linux-gnu:/opt/ros/humble/lib PYTHONPATH=/root/ros2_ws/install/controller_manager/local/lib/python3.10/dist-packages:/root/ros2_ws/install/controller_manager_msgs/local/lib/python3.10/dist-packages:${PYTHONPATH} /usr/bin/cmake /root/ros2_ws/src/ros2_controllers/force_torque_sensor_broadcaster -DBUILD_TESTING=OFF -DCMAKE_BUILD_TYPE=Release -DAMENT_CMAKE_SYMLINK_INSTALL=1 -DCMAKE_INSTALL_PREFIX=/root/ros2_ws/install/force_torque_sensor_broadcaster
[2.000s] Invoking command in '/root/ros2_ws/build/force_torque_sensor_broadcaster': AMENT_PREFIX_PATH=/root/ros2_ws/install/controller_manager:/root/ros2_ws/install/hardware_interface_testing:/root/ros2_ws/install/controller_manager_msgs:${AMENT_PREFIX_PATH} CMAKE_PREFIX_PATH=/root/ros2_ws/install/controller_manager:/root/ros2_ws/install/hardware_interface_testing:/root/ros2_ws/install/controller_interface:/root/ros2_ws/install/hardware_interface:/root/ros2_ws/install/ros2_control_test_assets:/root/ros2_ws/install/controller_manager_msgs:/root/ros2_ws/install/app_subscriber:/opt/ros/humble LD_LIBRARY_PATH=/root/ros2_ws/install/controller_manager/lib:/root/ros2_ws/install/hardware_interface_testing/lib:/root/ros2_ws/install/controller_interface/lib:/root/ros2_ws/install/hardware_interface/lib:/root/ros2_ws/install/controller_manager_msgs/lib:/root/ros2_ws/install/ros2_control_test_assets/lib:/opt/ros/humble/lib/aarch64-linux-gnu:/opt/ros/humble/lib PYTHONPATH=/root/ros2_ws/install/controller_manager/local/lib/python3.10/dist-packages:/root/ros2_ws/install/controller_manager_msgs/local/lib/python3.10/dist-packages:${PYTHONPATH} /usr/bin/cmake --build /root/ros2_ws/build/force_torque_sensor_broadcaster -- -j4 -l4
[2.094s] [ 25%] [34m[1mRunning `/opt/ros/humble/bin/generate_parameter_library_cpp /root/ros2_ws/build/force_torque_sensor_broadcaster/include/force_torque_sensor_broadcaster/force_torque_sensor_broadcaster_parameters.hpp /root/ros2_ws/src/ros2_controllers/force_torque_sensor_broadcaster/src/force_torque_sensor_broadcaster_parameters.yaml `[0m
[2.470s] [ 50%] [34m[1mCreating deprecated header file /root/ros2_ws/build/force_torque_sensor_broadcaster/include/force_torque_sensor_broadcaster_parameters.hpp[0m
[2.504s] [ 50%] Built target force_torque_sensor_broadcaster_parameters
[2.542s] [ 75%] [32mBuilding CXX object CMakeFiles/force_torque_sensor_broadcaster.dir/src/force_torque_sensor_broadcaster.cpp.o[0m
[13.455s] [100%] [32m[1mLinking CXX shared library libforce_torque_sensor_broadcaster.so[0m
[13.706s] [100%] Built target force_torque_sensor_broadcaster
[13.726s] Invoked command in '/root/ros2_ws/build/force_torque_sensor_broadcaster' returned '0': AMENT_PREFIX_PATH=/root/ros2_ws/install/controller_manager:/root/ros2_ws/install/hardware_interface_testing:/root/ros2_ws/install/controller_manager_msgs:${AMENT_PREFIX_PATH} CMAKE_PREFIX_PATH=/root/ros2_ws/install/controller_manager:/root/ros2_ws/install/hardware_interface_testing:/root/ros2_ws/install/controller_interface:/root/ros2_ws/install/hardware_interface:/root/ros2_ws/install/ros2_control_test_assets:/root/ros2_ws/install/controller_manager_msgs:/root/ros2_ws/install/app_subscriber:/opt/ros/humble LD_LIBRARY_PATH=/root/ros2_ws/install/controller_manager/lib:/root/ros2_ws/install/hardware_interface_testing/lib:/root/ros2_ws/install/controller_interface/lib:/root/ros2_ws/install/hardware_interface/lib:/root/ros2_ws/install/controller_manager_msgs/lib:/root/ros2_ws/install/ros2_control_test_assets/lib:/opt/ros/humble/lib/aarch64-linux-gnu:/opt/ros/humble/lib PYTHONPATH=/root/ros2_ws/install/controller_manager/local/lib/python3.10/dist-packages:/root/ros2_ws/install/controller_manager_msgs/local/lib/python3.10/dist-packages:${PYTHONPATH} /usr/bin/cmake --build /root/ros2_ws/build/force_torque_sensor_broadcaster -- -j4 -l4
[13.729s] Invoking command in '/root/ros2_ws/build/force_torque_sensor_broadcaster': AMENT_PREFIX_PATH=/root/ros2_ws/install/controller_manager:/root/ros2_ws/install/hardware_interface_testing:/root/ros2_ws/install/controller_manager_msgs:${AMENT_PREFIX_PATH} CMAKE_PREFIX_PATH=/root/ros2_ws/install/controller_manager:/root/ros2_ws/install/hardware_interface_testing:/root/ros2_ws/install/controller_interface:/root/ros2_ws/install/hardware_interface:/root/ros2_ws/install/ros2_control_test_assets:/root/ros2_ws/install/controller_manager_msgs:/root/ros2_ws/install/app_subscriber:/opt/ros/humble LD_LIBRARY_PATH=/root/ros2_ws/install/controller_manager/lib:/root/ros2_ws/install/hardware_interface_testing/lib:/root/ros2_ws/install/controller_interface/lib:/root/ros2_ws/install/hardware_interface/lib:/root/ros2_ws/install/controller_manager_msgs/lib:/root/ros2_ws/install/ros2_control_test_assets/lib:/opt/ros/humble/lib/aarch64-linux-gnu:/opt/ros/humble/lib PYTHONPATH=/root/ros2_ws/install/controller_manager/local/lib/python3.10/dist-packages:/root/ros2_ws/install/controller_manager_msgs/local/lib/python3.10/dist-packages:${PYTHONPATH} /usr/bin/cmake --install /root/ros2_ws/build/force_torque_sensor_broadcaster
[13.744s] -- Install configuration: "Release"
[13.744s] -- Execute custom install script
[13.745s] -- Symlinking: /root/ros2_ws/install/force_torque_sensor_broadcaster/include/force_torque_sensor_broadcaster/force_torque_sensor_broadcaster_parameters.hpp
[13.763s] -- Symlinking: /root/ros2_ws/install/force_torque_sensor_broadcaster/share/force_torque_sensor_broadcaster//force_torque_sensor_broadcaster.xml
[13.779s] -- Symlinking: /root/ros2_ws/install/force_torque_sensor_broadcaster/include/force_torque_sensor_broadcaster/force_torque_sensor_broadcaster/force_torque_sensor_broadcaster.hpp
[13.796s] -- Symlinking: /root/ros2_ws/install/force_torque_sensor_broadcaster/include/force_torque_sensor_broadcaster/force_torque_sensor_broadcaster/visibility_control.h
[13.817s] -- Symlinking: /root/ros2_ws/install/force_torque_sensor_broadcaster/share/force_torque_sensor_broadcaster/environment/library_path.sh
[13.834s] -- Symlinking: /root/ros2_ws/install/force_torque_sensor_broadcaster/share/force_torque_sensor_broadcaster/environment/library_path.dsv
[13.851s] -- Symlinking: /root/ros2_ws/install/force_torque_sensor_broadcaster/share/ament_index/resource_index/package_run_dependencies/force_torque_sensor_broadcaster
[13.868s] -- Symlinking: /root/ros2_ws/install/force_torque_sensor_broadcaster/share/ament_index/resource_index/parent_prefix_path/force_torque_sensor_broadcaster
[13.884s] -- Symlinking: /root/ros2_ws/install/force_torque_sensor_broadcaster/share/force_torque_sensor_broadcaster/environment/ament_prefix_path.sh
[13.901s] -- Symlinking: /root/ros2_ws/install/force_torque_sensor_broadcaster/share/force_torque_sensor_broadcaster/environment/ament_prefix_path.dsv
[13.918s] -- Symlinking: /root/ros2_ws/install/force_torque_sensor_broadcaster/share/force_torque_sensor_broadcaster/environment/path.sh
[13.934s] -- Symlinking: /root/ros2_ws/install/force_torque_sensor_broadcaster/share/force_torque_sensor_broadcaster/environment/path.dsv
[13.952s] -- Symlinking: /root/ros2_ws/install/force_torque_sensor_broadcaster/share/force_torque_sensor_broadcaster/local_setup.bash
[13.968s] -- Symlinking: /root/ros2_ws/install/force_torque_sensor_broadcaster/share/force_torque_sensor_broadcaster/local_setup.sh
[13.985s] -- Symlinking: /root/ros2_ws/install/force_torque_sensor_broadcaster/share/force_torque_sensor_broadcaster/local_setup.zsh
[14.002s] -- Symlinking: /root/ros2_ws/install/force_torque_sensor_broadcaster/share/force_torque_sensor_broadcaster/local_setup.dsv
[14.018s] -- Symlinking: /root/ros2_ws/install/force_torque_sensor_broadcaster/share/force_torque_sensor_broadcaster/package.dsv
[14.035s] -- Symlinking: /root/ros2_ws/install/force_torque_sensor_broadcaster/share/ament_index/resource_index/packages/force_torque_sensor_broadcaster
[14.054s] -- Symlinking: /root/ros2_ws/install/force_torque_sensor_broadcaster/share/ament_index/resource_index/controller_interface__pluginlib__plugin/force_torque_sensor_broadcaster
[14.072s] -- Symlinking: /root/ros2_ws/install/force_torque_sensor_broadcaster/share/force_torque_sensor_broadcaster/cmake/ament_cmake_export_dependencies-extras.cmake
[14.089s] -- Symlinking: /root/ros2_ws/install/force_torque_sensor_broadcaster/share/force_torque_sensor_broadcaster/cmake/ament_cmake_export_targets-extras.cmake
[14.105s] -- Symlinking: /root/ros2_ws/install/force_torque_sensor_broadcaster/share/force_torque_sensor_broadcaster/cmake/force_torque_sensor_broadcasterConfig.cmake
[14.121s] -- Symlinking: /root/ros2_ws/install/force_torque_sensor_broadcaster/share/force_torque_sensor_broadcaster/cmake/force_torque_sensor_broadcasterConfig-version.cmake
[14.138s] -- Symlinking: /root/ros2_ws/install/force_torque_sensor_broadcaster/share/force_torque_sensor_broadcaster/package.xml
[14.154s] -- Installing: /root/ros2_ws/install/force_torque_sensor_broadcaster/lib/libforce_torque_sensor_broadcaster.so
[14.155s] -- Set runtime path of "/root/ros2_ws/install/force_torque_sensor_broadcaster/lib/libforce_torque_sensor_broadcaster.so" to ""
[14.155s] -- Installing: /root/ros2_ws/install/force_torque_sensor_broadcaster/share/force_torque_sensor_broadcaster/cmake/export_force_torque_sensor_broadcasterExport.cmake
[14.156s] -- Installing: /root/ros2_ws/install/force_torque_sensor_broadcaster/share/force_torque_sensor_broadcaster/cmake/export_force_torque_sensor_broadcasterExport-release.cmake
[14.160s] Invoked command in '/root/ros2_ws/build/force_torque_sensor_broadcaster' returned '0': AMENT_PREFIX_PATH=/root/ros2_ws/install/controller_manager:/root/ros2_ws/install/hardware_interface_testing:/root/ros2_ws/install/controller_manager_msgs:${AMENT_PREFIX_PATH} CMAKE_PREFIX_PATH=/root/ros2_ws/install/controller_manager:/root/ros2_ws/install/hardware_interface_testing:/root/ros2_ws/install/controller_interface:/root/ros2_ws/install/hardware_interface:/root/ros2_ws/install/ros2_control_test_assets:/root/ros2_ws/install/controller_manager_msgs:/root/ros2_ws/install/app_subscriber:/opt/ros/humble LD_LIBRARY_PATH=/root/ros2_ws/install/controller_manager/lib:/root/ros2_ws/install/hardware_interface_testing/lib:/root/ros2_ws/install/controller_interface/lib:/root/ros2_ws/install/hardware_interface/lib:/root/ros2_ws/install/controller_manager_msgs/lib:/root/ros2_ws/install/ros2_control_test_assets/lib:/opt/ros/humble/lib/aarch64-linux-gnu:/opt/ros/humble/lib PYTHONPATH=/root/ros2_ws/install/controller_manager/local/lib/python3.10/dist-packages:/root/ros2_ws/install/controller_manager_msgs/local/lib/python3.10/dist-packages:${PYTHONPATH} /usr/bin/cmake --install /root/ros2_ws/build/force_torque_sensor_broadcaster
