[0.941s] Invoking command in '/root/ros2_ws/build/mecanum_hardware': CMAKE_PREFIX_PATH=${CMAKE_PREFIX_PATH}:/root/ros2_ws/install/mecanum_bot:/root/ros2_ws/install/distance_pid:/root/ros2_ws/install/app_subscriber:/opt/ros/humble /usr/bin/cmake --build /root/ros2_ws/build/mecanum_hardware -- -j4 -l4
[1.355s] [35m[1mConsolidate compiler generated dependencies of target mecanum_hardware[0m
[1.513s] [ 50%] [32mBuilding CXX object CMakeFiles/mecanum_hardware.dir/src/mecanum_system.cpp.o[0m
[10.044s] [100%] [32m[1mLinking CXX shared library libmecanum_hardware.so[0m
[10.715s] [100%] Built target mecanum_hardware
[10.733s] Invoked command in '/root/ros2_ws/build/mecanum_hardware' returned '0': CMAKE_PREFIX_PATH=${CMAKE_PREFIX_PATH}:/root/ros2_ws/install/mecanum_bot:/root/ros2_ws/install/distance_pid:/root/ros2_ws/install/app_subscriber:/opt/ros/humble /usr/bin/cmake --build /root/ros2_ws/build/mecanum_hardware -- -j4 -l4
[10.753s] Invoking command in '/root/ros2_ws/build/mecanum_hardware': CMAKE_PREFIX_PATH=${CMAKE_PREFIX_PATH}:/root/ros2_ws/install/mecanum_bot:/root/ros2_ws/install/distance_pid:/root/ros2_ws/install/app_subscriber:/opt/ros/humble /usr/bin/cmake --install /root/ros2_ws/build/mecanum_hardware
[10.766s] -- Install configuration: ""
[10.767s] -- Up-to-date: /root/ros2_ws/install/mecanum_hardware/share/mecanum_hardware/mecanum_hardware.xml
[10.768s] -- Installing: /root/ros2_ws/install/mecanum_hardware/lib/libmecanum_hardware.so
[10.772s] -- Set runtime path of "/root/ros2_ws/install/mecanum_hardware/lib/libmecanum_hardware.so" to ""
[10.773s] -- Up-to-date: /root/ros2_ws/install/mecanum_hardware/include
[10.773s] -- Up-to-date: /root/ros2_ws/install/mecanum_hardware/include/mecanum_hardware
[10.773s] -- Up-to-date: /root/ros2_ws/install/mecanum_hardware/include/mecanum_hardware/mecanum_system.hpp
[10.774s] -- Up-to-date: /root/ros2_ws/install/mecanum_hardware/share/mecanum_hardware/mecanum_hardware.xml
[10.774s] -- Up-to-date: /root/ros2_ws/install/mecanum_hardware/share/ament_index/resource_index/package_run_dependencies/mecanum_hardware
[10.774s] -- Up-to-date: /root/ros2_ws/install/mecanum_hardware/share/ament_index/resource_index/parent_prefix_path/mecanum_hardware
[10.774s] -- Up-to-date: /root/ros2_ws/install/mecanum_hardware/share/mecanum_hardware/environment/ament_prefix_path.sh
[10.774s] -- Up-to-date: /root/ros2_ws/install/mecanum_hardware/share/mecanum_hardware/environment/ament_prefix_path.dsv
[10.774s] -- Up-to-date: /root/ros2_ws/install/mecanum_hardware/share/mecanum_hardware/environment/path.sh
[10.775s] -- Up-to-date: /root/ros2_ws/install/mecanum_hardware/share/mecanum_hardware/environment/path.dsv
[10.775s] -- Up-to-date: /root/ros2_ws/install/mecanum_hardware/share/mecanum_hardware/local_setup.bash
[10.775s] -- Up-to-date: /root/ros2_ws/install/mecanum_hardware/share/mecanum_hardware/local_setup.sh
[10.775s] -- Up-to-date: /root/ros2_ws/install/mecanum_hardware/share/mecanum_hardware/local_setup.zsh
[10.775s] -- Up-to-date: /root/ros2_ws/install/mecanum_hardware/share/mecanum_hardware/local_setup.dsv
[10.775s] -- Installing: /root/ros2_ws/install/mecanum_hardware/share/mecanum_hardware/package.dsv
[10.775s] -- Up-to-date: /root/ros2_ws/install/mecanum_hardware/share/ament_index/resource_index/packages/mecanum_hardware
[10.775s] -- Up-to-date: /root/ros2_ws/install/mecanum_hardware/share/ament_index/resource_index/hardware_interface__pluginlib__plugin/mecanum_hardware
[10.776s] -- Up-to-date: /root/ros2_ws/install/mecanum_hardware/share/mecanum_hardware/cmake/mecanum_hardwareConfig.cmake
[10.776s] -- Up-to-date: /root/ros2_ws/install/mecanum_hardware/share/mecanum_hardware/cmake/mecanum_hardwareConfig-version.cmake
[10.776s] -- Up-to-date: /root/ros2_ws/install/mecanum_hardware/share/mecanum_hardware/package.xml
[10.782s] Invoked command in '/root/ros2_ws/build/mecanum_hardware' returned '0': CMAKE_PREFIX_PATH=${CMAKE_PREFIX_PATH}:/root/ros2_ws/install/mecanum_bot:/root/ros2_ws/install/distance_pid:/root/ros2_ws/install/app_subscriber:/opt/ros/humble /usr/bin/cmake --install /root/ros2_ws/build/mecanum_hardware
