[0.373s] DEBUG:colcon:Command line arguments: ['/usr/bin/colcon', 'build']
[0.374s] DEBUG:colcon:Parsed command line arguments: Namespace(log_base=None, log_level=None, verb_name='build', build_base='build', install_base='install', merge_install=False, symlink_install=False, test_result_base=None, continue_on_error=False, executor='parallel', parallel_workers=4, event_handlers=None, ignore_user_meta=False, metas=['./colcon.meta'], base_paths=['.'], packages_ignore=None, packages_ignore_regex=None, paths=None, packages_up_to=None, packages_up_to_regex=None, packages_above=None, packages_above_and_dependencies=None, packages_above_depth=None, packages_select_by_dep=None, packages_skip_by_dep=None, packages_skip_up_to=None, packages_select_build_failed=False, packages_skip_build_finished=False, packages_select_test_failures=False, packages_skip_test_passed=False, packages_select=None, packages_skip=None, packages_select_regex=None, packages_skip_regex=None, packages_start=None, packages_end=None, cmake_args=None, cmake_target=None, cmake_target_skip_unavailable=False, cmake_clean_cache=False, cmake_clean_first=False, cmake_force_configure=False, ament_cmake_args=None, catkin_cmake_args=None, catkin_skip_building_tests=False, mixin_files=None, mixin=None, verb_parser=<colcon_mixin.mixin.mixin_argument.MixinArgumentDecorator object at 0xffff9034f1c0>, verb_extension=<colcon_core.verb.build.BuildVerb object at 0xffff9034ed10>, main=<bound method BuildVerb.main of <colcon_core.verb.build.BuildVerb object at 0xffff9034ed10>>, mixin_verb=('build',))
[0.765s] Level 1:colcon.colcon_core.package_discovery:discover_packages(colcon_meta) check parameters
[0.768s] INFO:colcon.colcon_metadata.package_discovery.colcon_meta:Using configuration from '/root/.colcon/metadata/default/Gazebo.meta'
[0.770s] INFO:colcon.colcon_metadata.package_discovery.colcon_meta:Using configuration from '/root/.colcon/metadata/default/fastdds.meta'
[0.771s] INFO:colcon.colcon_metadata.package_discovery.colcon_meta:Using configuration from '/root/.colcon/metadata/default/fastrtps.meta'
[0.771s] Level 1:colcon.colcon_core.package_discovery:discover_packages(recursive) check parameters
[0.771s] Level 1:colcon.colcon_core.package_discovery:discover_packages(ignore) check parameters
[0.772s] Level 1:colcon.colcon_core.package_discovery:discover_packages(path) check parameters
[0.772s] Level 1:colcon.colcon_core.package_discovery:discover_packages(colcon_meta) discover
[0.772s] Level 1:colcon.colcon_core.package_discovery:discover_packages(recursive) discover
[0.772s] INFO:colcon.colcon_core.package_discovery:Crawling recursively for packages in '/root/ros2_ws'
[0.772s] Level 1:colcon.colcon_core.package_identification:_identify(.) by extensions ['ignore', 'ignore_ament_install']
[0.772s] Level 1:colcon.colcon_core.package_identification:_identify(.) by extension 'ignore'
[0.772s] Level 1:colcon.colcon_core.package_identification:_identify(.) by extension 'ignore_ament_install'
[0.772s] Level 1:colcon.colcon_core.package_identification:_identify(.) by extensions ['colcon_pkg']
[0.772s] Level 1:colcon.colcon_core.package_identification:_identify(.) by extension 'colcon_pkg'
[0.772s] Level 1:colcon.colcon_core.package_identification:_identify(.) by extensions ['colcon_meta']
[0.772s] Level 1:colcon.colcon_core.package_identification:_identify(.) by extension 'colcon_meta'
[0.772s] Level 1:colcon.colcon_core.package_identification:_identify(.) by extensions ['ros']
[0.773s] Level 1:colcon.colcon_core.package_identification:_identify(.) by extension 'ros'
[0.802s] Level 1:colcon.colcon_core.package_identification:_identify(.) by extensions ['cmake', 'python']
[0.802s] Level 1:colcon.colcon_core.package_identification:_identify(.) by extension 'cmake'
[0.802s] Level 1:colcon.colcon_core.package_identification:_identify(.) by extension 'python'
[0.802s] Level 1:colcon.colcon_core.package_identification:_identify(.) by extensions ['python_setup_py']
[0.802s] Level 1:colcon.colcon_core.package_identification:_identify(.) by extension 'python_setup_py'
[0.802s] Level 1:colcon.colcon_core.package_identification:_identify(build) by extensions ['ignore', 'ignore_ament_install']
[0.802s] Level 1:colcon.colcon_core.package_identification:_identify(build) by extension 'ignore'
[0.802s] Level 1:colcon.colcon_core.package_identification:_identify(build) ignored
[0.803s] Level 1:colcon.colcon_core.package_identification:_identify(install) by extensions ['ignore', 'ignore_ament_install']
[0.803s] Level 1:colcon.colcon_core.package_identification:_identify(install) by extension 'ignore'
[0.803s] Level 1:colcon.colcon_core.package_identification:_identify(install) ignored
[0.803s] Level 1:colcon.colcon_core.package_identification:_identify(log) by extensions ['ignore', 'ignore_ament_install']
[0.803s] Level 1:colcon.colcon_core.package_identification:_identify(log) by extension 'ignore'
[0.803s] Level 1:colcon.colcon_core.package_identification:_identify(log) ignored
[0.803s] Level 1:colcon.colcon_core.package_identification:_identify(src) by extensions ['ignore', 'ignore_ament_install']
[0.803s] Level 1:colcon.colcon_core.package_identification:_identify(src) by extension 'ignore'
[0.803s] Level 1:colcon.colcon_core.package_identification:_identify(src) by extension 'ignore_ament_install'
[0.803s] Level 1:colcon.colcon_core.package_identification:_identify(src) by extensions ['colcon_pkg']
[0.804s] Level 1:colcon.colcon_core.package_identification:_identify(src) by extension 'colcon_pkg'
[0.804s] Level 1:colcon.colcon_core.package_identification:_identify(src) by extensions ['colcon_meta']
[0.804s] Level 1:colcon.colcon_core.package_identification:_identify(src) by extension 'colcon_meta'
[0.804s] Level 1:colcon.colcon_core.package_identification:_identify(src) by extensions ['ros']
[0.804s] Level 1:colcon.colcon_core.package_identification:_identify(src) by extension 'ros'
[0.804s] Level 1:colcon.colcon_core.package_identification:_identify(src) by extensions ['cmake', 'python']
[0.804s] Level 1:colcon.colcon_core.package_identification:_identify(src) by extension 'cmake'
[0.804s] Level 1:colcon.colcon_core.package_identification:_identify(src) by extension 'python'
[0.804s] Level 1:colcon.colcon_core.package_identification:_identify(src) by extensions ['python_setup_py']
[0.804s] Level 1:colcon.colcon_core.package_identification:_identify(src) by extension 'python_setup_py'
[0.804s] Level 1:colcon.colcon_core.package_identification:_identify(src/app_subscriber) by extensions ['ignore', 'ignore_ament_install']
[0.804s] Level 1:colcon.colcon_core.package_identification:_identify(src/app_subscriber) by extension 'ignore'
[0.804s] Level 1:colcon.colcon_core.package_identification:_identify(src/app_subscriber) by extension 'ignore_ament_install'
[0.804s] Level 1:colcon.colcon_core.package_identification:_identify(src/app_subscriber) by extensions ['colcon_pkg']
[0.804s] Level 1:colcon.colcon_core.package_identification:_identify(src/app_subscriber) by extension 'colcon_pkg'
[0.805s] Level 1:colcon.colcon_core.package_identification:_identify(src/app_subscriber) by extensions ['colcon_meta']
[0.805s] Level 1:colcon.colcon_core.package_identification:_identify(src/app_subscriber) by extension 'colcon_meta'
[0.805s] Level 1:colcon.colcon_core.package_identification:_identify(src/app_subscriber) by extensions ['ros']
[0.805s] Level 1:colcon.colcon_core.package_identification:_identify(src/app_subscriber) by extension 'ros'
[0.810s] DEBUG:colcon.colcon_core.package_identification:Package 'src/app_subscriber' with type 'ros.ament_python' and name 'app_subscriber'
[0.810s] Level 1:colcon.colcon_core.package_identification:_identify(src/build) by extensions ['ignore', 'ignore_ament_install']
[0.810s] Level 1:colcon.colcon_core.package_identification:_identify(src/build) by extension 'ignore'
[0.811s] Level 1:colcon.colcon_core.package_identification:_identify(src/build) ignored
[0.811s] Level 1:colcon.colcon_core.package_identification:_identify(src/distance_pid) by extensions ['ignore', 'ignore_ament_install']
[0.811s] Level 1:colcon.colcon_core.package_identification:_identify(src/distance_pid) by extension 'ignore'
[0.811s] Level 1:colcon.colcon_core.package_identification:_identify(src/distance_pid) by extension 'ignore_ament_install'
[0.811s] Level 1:colcon.colcon_core.package_identification:_identify(src/distance_pid) by extensions ['colcon_pkg']
[0.811s] Level 1:colcon.colcon_core.package_identification:_identify(src/distance_pid) by extension 'colcon_pkg'
[0.811s] Level 1:colcon.colcon_core.package_identification:_identify(src/distance_pid) by extensions ['colcon_meta']
[0.811s] Level 1:colcon.colcon_core.package_identification:_identify(src/distance_pid) by extension 'colcon_meta'
[0.811s] Level 1:colcon.colcon_core.package_identification:_identify(src/distance_pid) by extensions ['ros']
[0.811s] Level 1:colcon.colcon_core.package_identification:_identify(src/distance_pid) by extension 'ros'
[0.813s] DEBUG:colcon.colcon_core.package_identification:Package 'src/distance_pid' with type 'ros.ament_python' and name 'distance_pid'
[0.813s] Level 1:colcon.colcon_core.package_identification:_identify(src/install) by extensions ['ignore', 'ignore_ament_install']
[0.813s] Level 1:colcon.colcon_core.package_identification:_identify(src/install) by extension 'ignore'
[0.813s] Level 1:colcon.colcon_core.package_identification:_identify(src/install) ignored
[0.813s] Level 1:colcon.colcon_core.package_identification:_identify(src/log) by extensions ['ignore', 'ignore_ament_install']
[0.817s] Level 1:colcon.colcon_core.package_identification:_identify(src/log) by extension 'ignore'
[0.817s] Level 1:colcon.colcon_core.package_identification:_identify(src/log) ignored
[0.817s] Level 1:colcon.colcon_core.package_identification:_identify(src/mecanum_bot) by extensions ['ignore', 'ignore_ament_install']
[0.817s] Level 1:colcon.colcon_core.package_identification:_identify(src/mecanum_bot) by extension 'ignore'
[0.817s] Level 1:colcon.colcon_core.package_identification:_identify(src/mecanum_bot) by extension 'ignore_ament_install'
[0.817s] Level 1:colcon.colcon_core.package_identification:_identify(src/mecanum_bot) by extensions ['colcon_pkg']
[0.817s] Level 1:colcon.colcon_core.package_identification:_identify(src/mecanum_bot) by extension 'colcon_pkg'
[0.818s] Level 1:colcon.colcon_core.package_identification:_identify(src/mecanum_bot) by extensions ['colcon_meta']
[0.818s] Level 1:colcon.colcon_core.package_identification:_identify(src/mecanum_bot) by extension 'colcon_meta'
[0.818s] Level 1:colcon.colcon_core.package_identification:_identify(src/mecanum_bot) by extensions ['ros']
[0.818s] Level 1:colcon.colcon_core.package_identification:_identify(src/mecanum_bot) by extension 'ros'
[0.819s] DEBUG:colcon.colcon_core.package_identification:Package 'src/mecanum_bot' with type 'ros.ament_python' and name 'mecanum_bot'
[0.820s] Level 1:colcon.colcon_core.package_identification:_identify(src/mecanum_hardware) by extensions ['ignore', 'ignore_ament_install']
[0.820s] Level 1:colcon.colcon_core.package_identification:_identify(src/mecanum_hardware) by extension 'ignore'
[0.820s] Level 1:colcon.colcon_core.package_identification:_identify(src/mecanum_hardware) by extension 'ignore_ament_install'
[0.820s] Level 1:colcon.colcon_core.package_identification:_identify(src/mecanum_hardware) by extensions ['colcon_pkg']
[0.820s] Level 1:colcon.colcon_core.package_identification:_identify(src/mecanum_hardware) by extension 'colcon_pkg'
[0.820s] Level 1:colcon.colcon_core.package_identification:_identify(src/mecanum_hardware) by extensions ['colcon_meta']
[0.820s] Level 1:colcon.colcon_core.package_identification:_identify(src/mecanum_hardware) by extension 'colcon_meta'
[0.820s] Level 1:colcon.colcon_core.package_identification:_identify(src/mecanum_hardware) by extensions ['ros']
[0.820s] Level 1:colcon.colcon_core.package_identification:_identify(src/mecanum_hardware) by extension 'ros'
[0.822s] DEBUG:colcon.colcon_core.package_identification:Package 'src/mecanum_hardware' with type 'ros.ament_cmake' and name 'mecanum_hardware'
[0.822s] Level 1:colcon.colcon_core.package_discovery:discover_packages(recursive) using defaults
[0.822s] Level 1:colcon.colcon_core.package_discovery:discover_packages(ignore) discover
[0.822s] Level 1:colcon.colcon_core.package_discovery:discover_packages(ignore) using defaults
[0.822s] Level 1:colcon.colcon_core.package_discovery:discover_packages(path) discover
[0.822s] Level 1:colcon.colcon_core.package_discovery:discover_packages(path) using defaults
[0.871s] Level 5:colcon.colcon_core.verb:set package 'app_subscriber' build argument 'cmake_args' from command line to 'None'
[0.871s] Level 5:colcon.colcon_core.verb:set package 'app_subscriber' build argument 'cmake_target' from command line to 'None'
[0.871s] Level 5:colcon.colcon_core.verb:set package 'app_subscriber' build argument 'cmake_target_skip_unavailable' from command line to 'False'
[0.871s] Level 5:colcon.colcon_core.verb:set package 'app_subscriber' build argument 'cmake_clean_cache' from command line to 'False'
[0.871s] Level 5:colcon.colcon_core.verb:set package 'app_subscriber' build argument 'cmake_clean_first' from command line to 'False'
[0.871s] Level 5:colcon.colcon_core.verb:set package 'app_subscriber' build argument 'cmake_force_configure' from command line to 'False'
[0.871s] Level 5:colcon.colcon_core.verb:set package 'app_subscriber' build argument 'ament_cmake_args' from command line to 'None'
[0.871s] Level 5:colcon.colcon_core.verb:set package 'app_subscriber' build argument 'catkin_cmake_args' from command line to 'None'
[0.871s] Level 5:colcon.colcon_core.verb:set package 'app_subscriber' build argument 'catkin_skip_building_tests' from command line to 'False'
[0.871s] DEBUG:colcon.colcon_core.verb:Building package 'app_subscriber' with the following arguments: {'ament_cmake_args': None, 'build_base': '/root/ros2_ws/build/app_subscriber', 'catkin_cmake_args': None, 'catkin_skip_building_tests': False, 'cmake_args': None, 'cmake_clean_cache': False, 'cmake_clean_first': False, 'cmake_force_configure': False, 'cmake_target': None, 'cmake_target_skip_unavailable': False, 'install_base': '/root/ros2_ws/install/app_subscriber', 'merge_install': False, 'path': '/root/ros2_ws/src/app_subscriber', 'symlink_install': False, 'test_result_base': None}
[0.872s] Level 5:colcon.colcon_core.verb:set package 'distance_pid' build argument 'cmake_args' from command line to 'None'
[0.872s] Level 5:colcon.colcon_core.verb:set package 'distance_pid' build argument 'cmake_target' from command line to 'None'
[0.872s] Level 5:colcon.colcon_core.verb:set package 'distance_pid' build argument 'cmake_target_skip_unavailable' from command line to 'False'
[0.872s] Level 5:colcon.colcon_core.verb:set package 'distance_pid' build argument 'cmake_clean_cache' from command line to 'False'
[0.872s] Level 5:colcon.colcon_core.verb:set package 'distance_pid' build argument 'cmake_clean_first' from command line to 'False'
[0.872s] Level 5:colcon.colcon_core.verb:set package 'distance_pid' build argument 'cmake_force_configure' from command line to 'False'
[0.872s] Level 5:colcon.colcon_core.verb:set package 'distance_pid' build argument 'ament_cmake_args' from command line to 'None'
[0.872s] Level 5:colcon.colcon_core.verb:set package 'distance_pid' build argument 'catkin_cmake_args' from command line to 'None'
[0.872s] Level 5:colcon.colcon_core.verb:set package 'distance_pid' build argument 'catkin_skip_building_tests' from command line to 'False'
[0.872s] DEBUG:colcon.colcon_core.verb:Building package 'distance_pid' with the following arguments: {'ament_cmake_args': None, 'build_base': '/root/ros2_ws/build/distance_pid', 'catkin_cmake_args': None, 'catkin_skip_building_tests': False, 'cmake_args': None, 'cmake_clean_cache': False, 'cmake_clean_first': False, 'cmake_force_configure': False, 'cmake_target': None, 'cmake_target_skip_unavailable': False, 'install_base': '/root/ros2_ws/install/distance_pid', 'merge_install': False, 'path': '/root/ros2_ws/src/distance_pid', 'symlink_install': False, 'test_result_base': None}
[0.873s] Level 5:colcon.colcon_core.verb:set package 'mecanum_bot' build argument 'cmake_args' from command line to 'None'
[0.873s] Level 5:colcon.colcon_core.verb:set package 'mecanum_bot' build argument 'cmake_target' from command line to 'None'
[0.873s] Level 5:colcon.colcon_core.verb:set package 'mecanum_bot' build argument 'cmake_target_skip_unavailable' from command line to 'False'
[0.873s] Level 5:colcon.colcon_core.verb:set package 'mecanum_bot' build argument 'cmake_clean_cache' from command line to 'False'
[0.873s] Level 5:colcon.colcon_core.verb:set package 'mecanum_bot' build argument 'cmake_clean_first' from command line to 'False'
[0.873s] Level 5:colcon.colcon_core.verb:set package 'mecanum_bot' build argument 'cmake_force_configure' from command line to 'False'
[0.873s] Level 5:colcon.colcon_core.verb:set package 'mecanum_bot' build argument 'ament_cmake_args' from command line to 'None'
[0.873s] Level 5:colcon.colcon_core.verb:set package 'mecanum_bot' build argument 'catkin_cmake_args' from command line to 'None'
[0.873s] Level 5:colcon.colcon_core.verb:set package 'mecanum_bot' build argument 'catkin_skip_building_tests' from command line to 'False'
[0.873s] DEBUG:colcon.colcon_core.verb:Building package 'mecanum_bot' with the following arguments: {'ament_cmake_args': None, 'build_base': '/root/ros2_ws/build/mecanum_bot', 'catkin_cmake_args': None, 'catkin_skip_building_tests': False, 'cmake_args': None, 'cmake_clean_cache': False, 'cmake_clean_first': False, 'cmake_force_configure': False, 'cmake_target': None, 'cmake_target_skip_unavailable': False, 'install_base': '/root/ros2_ws/install/mecanum_bot', 'merge_install': False, 'path': '/root/ros2_ws/src/mecanum_bot', 'symlink_install': False, 'test_result_base': None}
[0.873s] Level 5:colcon.colcon_core.verb:set package 'mecanum_hardware' build argument 'cmake_args' from command line to 'None'
[0.874s] Level 5:colcon.colcon_core.verb:set package 'mecanum_hardware' build argument 'cmake_target' from command line to 'None'
[0.874s] Level 5:colcon.colcon_core.verb:set package 'mecanum_hardware' build argument 'cmake_target_skip_unavailable' from command line to 'False'
[0.874s] Level 5:colcon.colcon_core.verb:set package 'mecanum_hardware' build argument 'cmake_clean_cache' from command line to 'False'
[0.874s] Level 5:colcon.colcon_core.verb:set package 'mecanum_hardware' build argument 'cmake_clean_first' from command line to 'False'
[0.874s] Level 5:colcon.colcon_core.verb:set package 'mecanum_hardware' build argument 'cmake_force_configure' from command line to 'False'
[0.874s] Level 5:colcon.colcon_core.verb:set package 'mecanum_hardware' build argument 'ament_cmake_args' from command line to 'None'
[0.874s] Level 5:colcon.colcon_core.verb:set package 'mecanum_hardware' build argument 'catkin_cmake_args' from command line to 'None'
[0.874s] Level 5:colcon.colcon_core.verb:set package 'mecanum_hardware' build argument 'catkin_skip_building_tests' from command line to 'False'
[0.874s] DEBUG:colcon.colcon_core.verb:Building package 'mecanum_hardware' with the following arguments: {'ament_cmake_args': None, 'build_base': '/root/ros2_ws/build/mecanum_hardware', 'catkin_cmake_args': None, 'catkin_skip_building_tests': False, 'cmake_args': None, 'cmake_clean_cache': False, 'cmake_clean_first': False, 'cmake_force_configure': False, 'cmake_target': None, 'cmake_target_skip_unavailable': False, 'install_base': '/root/ros2_ws/install/mecanum_hardware', 'merge_install': False, 'path': '/root/ros2_ws/src/mecanum_hardware', 'symlink_install': False, 'test_result_base': None}
[0.874s] INFO:colcon.colcon_core.executor:Executing jobs using 'parallel' executor
[0.876s] DEBUG:colcon.colcon_parallel_executor.executor.parallel:run_until_complete
[0.876s] INFO:colcon.colcon_ros.task.ament_python.build:Building ROS package in '/root/ros2_ws/src/app_subscriber' with build type 'ament_python'
[0.876s] Level 1:colcon.colcon_core.shell:create_environment_hook('app_subscriber', 'ament_prefix_path')
[0.891s] INFO:colcon.colcon_core.plugin_system:Skipping extension 'colcon_core.shell.bat': Not used on non-Windows systems
[0.892s] INFO:colcon.colcon_core.shell:Creating environment hook '/root/ros2_ws/install/app_subscriber/share/app_subscriber/hook/ament_prefix_path.ps1'
[0.894s] INFO:colcon.colcon_core.shell:Creating environment descriptor '/root/ros2_ws/install/app_subscriber/share/app_subscriber/hook/ament_prefix_path.dsv'
[0.896s] INFO:colcon.colcon_core.shell:Creating environment hook '/root/ros2_ws/install/app_subscriber/share/app_subscriber/hook/ament_prefix_path.sh'
[0.899s] INFO:colcon.colcon_core.shell:Skip shell extension 'powershell' for command environment: Not usable outside of PowerShell
[0.899s] DEBUG:colcon.colcon_core.shell:Skip shell extension 'dsv' for command environment
[0.913s] INFO:colcon.colcon_ros.task.ament_python.build:Building ROS package in '/root/ros2_ws/src/distance_pid' with build type 'ament_python'
[0.914s] Level 1:colcon.colcon_core.shell:create_environment_hook('distance_pid', 'ament_prefix_path')
[0.914s] INFO:colcon.colcon_core.shell:Creating environment hook '/root/ros2_ws/install/distance_pid/share/distance_pid/hook/ament_prefix_path.ps1'
[0.916s] INFO:colcon.colcon_core.shell:Creating environment descriptor '/root/ros2_ws/install/distance_pid/share/distance_pid/hook/ament_prefix_path.dsv'
[0.919s] INFO:colcon.colcon_core.shell:Creating environment hook '/root/ros2_ws/install/distance_pid/share/distance_pid/hook/ament_prefix_path.sh'
[0.920s] INFO:colcon.colcon_core.shell:Skip shell extension 'powershell' for command environment: Not usable outside of PowerShell
[0.920s] DEBUG:colcon.colcon_core.shell:Skip shell extension 'dsv' for command environment
[0.927s] INFO:colcon.colcon_ros.task.ament_python.build:Building ROS package in '/root/ros2_ws/src/mecanum_bot' with build type 'ament_python'
[0.928s] Level 1:colcon.colcon_core.shell:create_environment_hook('mecanum_bot', 'ament_prefix_path')
[0.929s] INFO:colcon.colcon_core.shell:Creating environment hook '/root/ros2_ws/install/mecanum_bot/share/mecanum_bot/hook/ament_prefix_path.ps1'
[0.930s] INFO:colcon.colcon_core.shell:Creating environment descriptor '/root/ros2_ws/install/mecanum_bot/share/mecanum_bot/hook/ament_prefix_path.dsv'
[0.931s] INFO:colcon.colcon_core.shell:Creating environment hook '/root/ros2_ws/install/mecanum_bot/share/mecanum_bot/hook/ament_prefix_path.sh'
[0.932s] INFO:colcon.colcon_core.shell:Skip shell extension 'powershell' for command environment: Not usable outside of PowerShell
[0.932s] DEBUG:colcon.colcon_core.shell:Skip shell extension 'dsv' for command environment
[0.937s] INFO:colcon.colcon_ros.task.ament_cmake.build:Building ROS package in '/root/ros2_ws/src/mecanum_hardware' with build type 'ament_cmake'
[0.937s] INFO:colcon.colcon_cmake.task.cmake.build:Building CMake package in '/root/ros2_ws/src/mecanum_hardware'
[0.938s] INFO:colcon.colcon_core.shell:Skip shell extension 'powershell' for command environment: Not usable outside of PowerShell
[0.939s] DEBUG:colcon.colcon_core.shell:Skip shell extension 'dsv' for command environment
[1.248s] INFO:colcon.colcon_core.task.python.build:Building Python package in '/root/ros2_ws/src/app_subscriber'
[1.248s] INFO:colcon.colcon_core.shell:Skip shell extension 'powershell' for command environment: Not usable outside of PowerShell
[1.248s] DEBUG:colcon.colcon_core.shell:Skip shell extension 'dsv' for command environment
[1.578s] INFO:colcon.colcon_core.task.python.build:Building Python package in '/root/ros2_ws/src/distance_pid'
[1.579s] INFO:colcon.colcon_core.shell:Skip shell extension 'powershell' for command environment: Not usable outside of PowerShell
[1.579s] DEBUG:colcon.colcon_core.shell:Skip shell extension 'dsv' for command environment
[1.989s] INFO:colcon.colcon_core.task.python.build:Building Python package in '/root/ros2_ws/src/mecanum_bot'
[1.990s] INFO:colcon.colcon_core.shell:Skip shell extension 'powershell' for command environment: Not usable outside of PowerShell
[1.990s] DEBUG:colcon.colcon_core.shell:Skip shell extension 'dsv' for command environment
[2.002s] DEBUG:colcon.colcon_core.event_handler.log_command:Invoking command in '/root/ros2_ws/build/mecanum_hardware': CMAKE_PREFIX_PATH=${CMAKE_PREFIX_PATH}:/root/ros2_ws/install/mecanum_bot:/root/ros2_ws/install/distance_pid:/root/ros2_ws/install/app_subscriber:/opt/ros/humble /usr/bin/cmake --build /root/ros2_ws/build/mecanum_hardware -- -j4 -l4
[2.974s] DEBUG:colcon.colcon_core.event_handler.log_command:Invoked command in '/root/ros2_ws/build/mecanum_hardware' returned '0': CMAKE_PREFIX_PATH=${CMAKE_PREFIX_PATH}:/root/ros2_ws/install/mecanum_bot:/root/ros2_ws/install/distance_pid:/root/ros2_ws/install/app_subscriber:/opt/ros/humble /usr/bin/cmake --build /root/ros2_ws/build/mecanum_hardware -- -j4 -l4
[2.995s] DEBUG:colcon.colcon_core.event_handler.log_command:Invoking command in '/root/ros2_ws/build/mecanum_hardware': CMAKE_PREFIX_PATH=${CMAKE_PREFIX_PATH}:/root/ros2_ws/install/mecanum_bot:/root/ros2_ws/install/distance_pid:/root/ros2_ws/install/app_subscriber:/opt/ros/humble /usr/bin/cmake --install /root/ros2_ws/build/mecanum_hardware
[3.029s] Level 1:colcon.colcon_core.environment:create_environment_scripts_only(mecanum_hardware)
[3.030s] DEBUG:colcon.colcon_core.event_handler.log_command:Invoked command in '/root/ros2_ws/build/mecanum_hardware' returned '0': CMAKE_PREFIX_PATH=${CMAKE_PREFIX_PATH}:/root/ros2_ws/install/mecanum_bot:/root/ros2_ws/install/distance_pid:/root/ros2_ws/install/app_subscriber:/opt/ros/humble /usr/bin/cmake --install /root/ros2_ws/build/mecanum_hardware
[3.055s] Level 1:colcon.colcon_core.environment:checking '/root/ros2_ws/install/mecanum_hardware' for CMake module files
[3.056s] Level 1:colcon.colcon_core.environment:checking '/root/ros2_ws/install/mecanum_hardware' for CMake config files
[3.056s] Level 1:colcon.colcon_core.shell:create_environment_hook('mecanum_hardware', 'cmake_prefix_path')
[3.057s] INFO:colcon.colcon_core.shell:Creating environment hook '/root/ros2_ws/install/mecanum_hardware/share/mecanum_hardware/hook/cmake_prefix_path.ps1'
[3.058s] INFO:colcon.colcon_core.shell:Creating environment descriptor '/root/ros2_ws/install/mecanum_hardware/share/mecanum_hardware/hook/cmake_prefix_path.dsv'
[3.059s] INFO:colcon.colcon_core.shell:Creating environment hook '/root/ros2_ws/install/mecanum_hardware/share/mecanum_hardware/hook/cmake_prefix_path.sh'
[3.060s] Level 1:colcon.colcon_core.environment:checking '/root/ros2_ws/install/mecanum_hardware/lib'
[3.060s] Level 1:colcon.colcon_core.shell:create_environment_hook('mecanum_hardware', 'ld_library_path_lib')
[3.061s] INFO:colcon.colcon_core.shell:Creating environment hook '/root/ros2_ws/install/mecanum_hardware/share/mecanum_hardware/hook/ld_library_path_lib.ps1'
[3.062s] INFO:colcon.colcon_core.shell:Creating environment descriptor '/root/ros2_ws/install/mecanum_hardware/share/mecanum_hardware/hook/ld_library_path_lib.dsv'
[3.062s] INFO:colcon.colcon_core.shell:Creating environment hook '/root/ros2_ws/install/mecanum_hardware/share/mecanum_hardware/hook/ld_library_path_lib.sh'
[3.063s] Level 1:colcon.colcon_core.environment:checking '/root/ros2_ws/install/mecanum_hardware/bin'
[3.063s] Level 1:colcon.colcon_core.environment:checking '/root/ros2_ws/install/mecanum_hardware/lib/pkgconfig/mecanum_hardware.pc'
[3.063s] Level 1:colcon.colcon_core.environment:checking '/root/ros2_ws/install/mecanum_hardware/lib/python3.10/site-packages'
[3.064s] Level 1:colcon.colcon_core.environment:checking '/root/ros2_ws/install/mecanum_hardware/bin'
[3.064s] INFO:colcon.colcon_core.shell:Creating package script '/root/ros2_ws/install/mecanum_hardware/share/mecanum_hardware/package.ps1'
[3.069s] INFO:colcon.colcon_core.shell:Creating package descriptor '/root/ros2_ws/install/mecanum_hardware/share/mecanum_hardware/package.dsv'
[3.072s] INFO:colcon.colcon_core.shell:Creating package script '/root/ros2_ws/install/mecanum_hardware/share/mecanum_hardware/package.sh'
[3.075s] INFO:colcon.colcon_core.shell:Creating package script '/root/ros2_ws/install/mecanum_hardware/share/mecanum_hardware/package.bash'
[3.079s] INFO:colcon.colcon_core.shell:Creating package script '/root/ros2_ws/install/mecanum_hardware/share/mecanum_hardware/package.zsh'
[3.085s] Level 1:colcon.colcon_core.environment:create_file_with_runtime_dependencies(/root/ros2_ws/install/mecanum_hardware/share/colcon-core/packages/mecanum_hardware)
[3.086s] Level 1:colcon.colcon_core.environment:create_environment_scripts_only(mecanum_hardware)
[3.087s] Level 1:colcon.colcon_core.environment:checking '/root/ros2_ws/install/mecanum_hardware' for CMake module files
[3.088s] Level 1:colcon.colcon_core.environment:checking '/root/ros2_ws/install/mecanum_hardware' for CMake config files
[3.088s] Level 1:colcon.colcon_core.shell:create_environment_hook('mecanum_hardware', 'cmake_prefix_path')
[3.089s] INFO:colcon.colcon_core.shell:Creating environment hook '/root/ros2_ws/install/mecanum_hardware/share/mecanum_hardware/hook/cmake_prefix_path.ps1'
[3.090s] INFO:colcon.colcon_core.shell:Creating environment descriptor '/root/ros2_ws/install/mecanum_hardware/share/mecanum_hardware/hook/cmake_prefix_path.dsv'
[3.091s] INFO:colcon.colcon_core.shell:Creating environment hook '/root/ros2_ws/install/mecanum_hardware/share/mecanum_hardware/hook/cmake_prefix_path.sh'
[3.092s] Level 1:colcon.colcon_core.environment:checking '/root/ros2_ws/install/mecanum_hardware/lib'
[3.092s] Level 1:colcon.colcon_core.shell:create_environment_hook('mecanum_hardware', 'ld_library_path_lib')
[3.092s] INFO:colcon.colcon_core.shell:Creating environment hook '/root/ros2_ws/install/mecanum_hardware/share/mecanum_hardware/hook/ld_library_path_lib.ps1'
[3.093s] INFO:colcon.colcon_core.shell:Creating environment descriptor '/root/ros2_ws/install/mecanum_hardware/share/mecanum_hardware/hook/ld_library_path_lib.dsv'
[3.094s] INFO:colcon.colcon_core.shell:Creating environment hook '/root/ros2_ws/install/mecanum_hardware/share/mecanum_hardware/hook/ld_library_path_lib.sh'
[3.094s] Level 1:colcon.colcon_core.environment:checking '/root/ros2_ws/install/mecanum_hardware/bin'
[3.094s] Level 1:colcon.colcon_core.environment:checking '/root/ros2_ws/install/mecanum_hardware/lib/pkgconfig/mecanum_hardware.pc'
[3.095s] Level 1:colcon.colcon_core.environment:checking '/root/ros2_ws/install/mecanum_hardware/lib/python3.10/site-packages'
[3.095s] Level 1:colcon.colcon_core.environment:checking '/root/ros2_ws/install/mecanum_hardware/bin'
[3.096s] INFO:colcon.colcon_core.shell:Creating package script '/root/ros2_ws/install/mecanum_hardware/share/mecanum_hardware/package.ps1'
[3.097s] INFO:colcon.colcon_core.shell:Creating package descriptor '/root/ros2_ws/install/mecanum_hardware/share/mecanum_hardware/package.dsv'
[3.100s] INFO:colcon.colcon_core.shell:Creating package script '/root/ros2_ws/install/mecanum_hardware/share/mecanum_hardware/package.sh'
[3.102s] INFO:colcon.colcon_core.shell:Creating package script '/root/ros2_ws/install/mecanum_hardware/share/mecanum_hardware/package.bash'
[3.103s] INFO:colcon.colcon_core.shell:Creating package script '/root/ros2_ws/install/mecanum_hardware/share/mecanum_hardware/package.zsh'
[3.104s] Level 1:colcon.colcon_core.environment:create_file_with_runtime_dependencies(/root/ros2_ws/install/mecanum_hardware/share/colcon-core/packages/mecanum_hardware)
[3.628s] DEBUG:colcon.colcon_core.event_handler.log_command:Invoking command in '/root/ros2_ws/src/distance_pid': PYTHONPATH=/root/ros2_ws/build/distance_pid/prefix_override:/usr/lib/python3/dist-packages/colcon_core/task/python/colcon_distutils_commands:/root/ros2_ws/install/distance_pid/lib/python3.10/site-packages:${PYTHONPATH} /usr/bin/python3 -W ignore:setup.py install is deprecated -W ignore:easy_install command is deprecated setup.py egg_info --egg-base ../../build/distance_pid build --build-base /root/ros2_ws/build/distance_pid/build install --record /root/ros2_ws/build/distance_pid/install.log --single-version-externally-managed install_data
[3.638s] DEBUG:colcon.colcon_core.event_handler.log_command:Invoking command in '/root/ros2_ws/src/mecanum_bot': PYTHONPATH=/root/ros2_ws/build/mecanum_bot/prefix_override:/usr/lib/python3/dist-packages/colcon_core/task/python/colcon_distutils_commands:/root/ros2_ws/install/mecanum_bot/lib/python3.10/site-packages:${PYTHONPATH} /usr/bin/python3 -W ignore:setup.py install is deprecated -W ignore:easy_install command is deprecated setup.py egg_info --egg-base ../../build/mecanum_bot build --build-base /root/ros2_ws/build/mecanum_bot/build install --record /root/ros2_ws/build/mecanum_bot/install.log --single-version-externally-managed install_data
[3.677s] DEBUG:colcon.colcon_core.event_handler.log_command:Invoking command in '/root/ros2_ws/src/app_subscriber': PYTHONPATH=/root/ros2_ws/build/app_subscriber/prefix_override:/usr/lib/python3/dist-packages/colcon_core/task/python/colcon_distutils_commands:/root/ros2_ws/install/app_subscriber/lib/python3.10/site-packages:${PYTHONPATH} /usr/bin/python3 -W ignore:setup.py install is deprecated -W ignore:easy_install command is deprecated setup.py egg_info --egg-base ../../build/app_subscriber build --build-base /root/ros2_ws/build/app_subscriber/build install --record /root/ros2_ws/build/app_subscriber/install.log --single-version-externally-managed install_data
[4.252s] Level 1:colcon.colcon_core.environment:checking '/root/ros2_ws/install/distance_pid' for CMake module files
[4.253s] DEBUG:colcon.colcon_core.event_handler.log_command:Invoked command in '/root/ros2_ws/src/distance_pid' returned '0': PYTHONPATH=/root/ros2_ws/build/distance_pid/prefix_override:/usr/lib/python3/dist-packages/colcon_core/task/python/colcon_distutils_commands:/root/ros2_ws/install/distance_pid/lib/python3.10/site-packages:${PYTHONPATH} /usr/bin/python3 -W ignore:setup.py install is deprecated -W ignore:easy_install command is deprecated setup.py egg_info --egg-base ../../build/distance_pid build --build-base /root/ros2_ws/build/distance_pid/build install --record /root/ros2_ws/build/distance_pid/install.log --single-version-externally-managed install_data
[4.255s] Level 1:colcon.colcon_core.environment:checking '/root/ros2_ws/install/distance_pid' for CMake config files
[4.257s] Level 1:colcon.colcon_core.environment:checking '/root/ros2_ws/install/distance_pid/lib'
[4.257s] Level 1:colcon.colcon_core.environment:checking '/root/ros2_ws/install/distance_pid/bin'
[4.258s] Level 1:colcon.colcon_core.environment:checking '/root/ros2_ws/install/distance_pid/lib/pkgconfig/distance_pid.pc'
[4.259s] Level 1:colcon.colcon_core.environment:checking '/root/ros2_ws/install/distance_pid/lib/python3.10/site-packages'
[4.260s] Level 1:colcon.colcon_core.shell:create_environment_hook('distance_pid', 'pythonpath')
[4.261s] INFO:colcon.colcon_core.shell:Creating environment hook '/root/ros2_ws/install/distance_pid/share/distance_pid/hook/pythonpath.ps1'
[4.264s] INFO:colcon.colcon_core.shell:Creating environment descriptor '/root/ros2_ws/install/distance_pid/share/distance_pid/hook/pythonpath.dsv'
[4.267s] INFO:colcon.colcon_core.shell:Creating environment hook '/root/ros2_ws/install/distance_pid/share/distance_pid/hook/pythonpath.sh'
[4.269s] Level 1:colcon.colcon_core.environment:checking '/root/ros2_ws/install/distance_pid/bin'
[4.270s] Level 1:colcon.colcon_core.environment:create_environment_scripts_only(distance_pid)
[4.271s] INFO:colcon.colcon_core.shell:Creating package script '/root/ros2_ws/install/distance_pid/share/distance_pid/package.ps1'
[4.273s] INFO:colcon.colcon_core.shell:Creating package descriptor '/root/ros2_ws/install/distance_pid/share/distance_pid/package.dsv'
[4.275s] INFO:colcon.colcon_core.shell:Creating package script '/root/ros2_ws/install/distance_pid/share/distance_pid/package.sh'
[4.278s] INFO:colcon.colcon_core.shell:Creating package script '/root/ros2_ws/install/distance_pid/share/distance_pid/package.bash'
[4.280s] INFO:colcon.colcon_core.shell:Creating package script '/root/ros2_ws/install/distance_pid/share/distance_pid/package.zsh'
[4.282s] Level 1:colcon.colcon_core.environment:create_file_with_runtime_dependencies(/root/ros2_ws/install/distance_pid/share/colcon-core/packages/distance_pid)
[4.335s] Level 1:colcon.colcon_core.environment:checking '/root/ros2_ws/install/mecanum_bot' for CMake module files
[4.336s] DEBUG:colcon.colcon_core.event_handler.log_command:Invoked command in '/root/ros2_ws/src/mecanum_bot' returned '0': PYTHONPATH=/root/ros2_ws/build/mecanum_bot/prefix_override:/usr/lib/python3/dist-packages/colcon_core/task/python/colcon_distutils_commands:/root/ros2_ws/install/mecanum_bot/lib/python3.10/site-packages:${PYTHONPATH} /usr/bin/python3 -W ignore:setup.py install is deprecated -W ignore:easy_install command is deprecated setup.py egg_info --egg-base ../../build/mecanum_bot build --build-base /root/ros2_ws/build/mecanum_bot/build install --record /root/ros2_ws/build/mecanum_bot/install.log --single-version-externally-managed install_data
[4.336s] Level 1:colcon.colcon_core.environment:checking '/root/ros2_ws/install/mecanum_bot' for CMake config files
[4.338s] Level 1:colcon.colcon_core.environment:checking '/root/ros2_ws/install/mecanum_bot/lib'
[4.338s] Level 1:colcon.colcon_core.environment:checking '/root/ros2_ws/install/mecanum_bot/bin'
[4.338s] Level 1:colcon.colcon_core.environment:checking '/root/ros2_ws/install/mecanum_bot/lib/pkgconfig/mecanum_bot.pc'
[4.338s] Level 1:colcon.colcon_core.environment:checking '/root/ros2_ws/install/mecanum_bot/lib/python3.10/site-packages'
[4.338s] Level 1:colcon.colcon_core.shell:create_environment_hook('mecanum_bot', 'pythonpath')
[4.339s] INFO:colcon.colcon_core.shell:Creating environment hook '/root/ros2_ws/install/mecanum_bot/share/mecanum_bot/hook/pythonpath.ps1'
[4.340s] INFO:colcon.colcon_core.shell:Creating environment descriptor '/root/ros2_ws/install/mecanum_bot/share/mecanum_bot/hook/pythonpath.dsv'
[4.342s] INFO:colcon.colcon_core.shell:Creating environment hook '/root/ros2_ws/install/mecanum_bot/share/mecanum_bot/hook/pythonpath.sh'
[4.344s] Level 1:colcon.colcon_core.environment:checking '/root/ros2_ws/install/mecanum_bot/bin'
[4.344s] Level 1:colcon.colcon_core.environment:create_environment_scripts_only(mecanum_bot)
[4.345s] INFO:colcon.colcon_core.shell:Creating package script '/root/ros2_ws/install/mecanum_bot/share/mecanum_bot/package.ps1'
[4.346s] INFO:colcon.colcon_core.shell:Creating package descriptor '/root/ros2_ws/install/mecanum_bot/share/mecanum_bot/package.dsv'
[4.347s] INFO:colcon.colcon_core.shell:Creating package script '/root/ros2_ws/install/mecanum_bot/share/mecanum_bot/package.sh'
[4.348s] INFO:colcon.colcon_core.shell:Creating package script '/root/ros2_ws/install/mecanum_bot/share/mecanum_bot/package.bash'
[4.350s] INFO:colcon.colcon_core.shell:Creating package script '/root/ros2_ws/install/mecanum_bot/share/mecanum_bot/package.zsh'
[4.351s] Level 1:colcon.colcon_core.environment:create_file_with_runtime_dependencies(/root/ros2_ws/install/mecanum_bot/share/colcon-core/packages/mecanum_bot)
[4.353s] Level 1:colcon.colcon_core.environment:checking '/root/ros2_ws/install/app_subscriber' for CMake module files
[4.353s] DEBUG:colcon.colcon_core.event_handler.log_command:Invoked command in '/root/ros2_ws/src/app_subscriber' returned '0': PYTHONPATH=/root/ros2_ws/build/app_subscriber/prefix_override:/usr/lib/python3/dist-packages/colcon_core/task/python/colcon_distutils_commands:/root/ros2_ws/install/app_subscriber/lib/python3.10/site-packages:${PYTHONPATH} /usr/bin/python3 -W ignore:setup.py install is deprecated -W ignore:easy_install command is deprecated setup.py egg_info --egg-base ../../build/app_subscriber build --build-base /root/ros2_ws/build/app_subscriber/build install --record /root/ros2_ws/build/app_subscriber/install.log --single-version-externally-managed install_data
[4.354s] Level 1:colcon.colcon_core.environment:checking '/root/ros2_ws/install/app_subscriber' for CMake config files
[4.355s] Level 1:colcon.colcon_core.environment:checking '/root/ros2_ws/install/app_subscriber/lib'
[4.355s] Level 1:colcon.colcon_core.environment:checking '/root/ros2_ws/install/app_subscriber/bin'
[4.355s] Level 1:colcon.colcon_core.environment:checking '/root/ros2_ws/install/app_subscriber/lib/pkgconfig/app_subscriber.pc'
[4.355s] Level 1:colcon.colcon_core.environment:checking '/root/ros2_ws/install/app_subscriber/lib/python3.10/site-packages'
[4.355s] Level 1:colcon.colcon_core.shell:create_environment_hook('app_subscriber', 'pythonpath')
[4.356s] INFO:colcon.colcon_core.shell:Creating environment hook '/root/ros2_ws/install/app_subscriber/share/app_subscriber/hook/pythonpath.ps1'
[4.356s] INFO:colcon.colcon_core.shell:Creating environment descriptor '/root/ros2_ws/install/app_subscriber/share/app_subscriber/hook/pythonpath.dsv'
[4.358s] INFO:colcon.colcon_core.shell:Creating environment hook '/root/ros2_ws/install/app_subscriber/share/app_subscriber/hook/pythonpath.sh'
[4.360s] Level 1:colcon.colcon_core.environment:checking '/root/ros2_ws/install/app_subscriber/bin'
[4.360s] Level 1:colcon.colcon_core.environment:create_environment_scripts_only(app_subscriber)
[4.360s] INFO:colcon.colcon_core.shell:Creating package script '/root/ros2_ws/install/app_subscriber/share/app_subscriber/package.ps1'
[4.361s] INFO:colcon.colcon_core.shell:Creating package descriptor '/root/ros2_ws/install/app_subscriber/share/app_subscriber/package.dsv'
[4.362s] INFO:colcon.colcon_core.shell:Creating package script '/root/ros2_ws/install/app_subscriber/share/app_subscriber/package.sh'
[4.364s] INFO:colcon.colcon_core.shell:Creating package script '/root/ros2_ws/install/app_subscriber/share/app_subscriber/package.bash'
[4.365s] INFO:colcon.colcon_core.shell:Creating package script '/root/ros2_ws/install/app_subscriber/share/app_subscriber/package.zsh'
[4.366s] Level 1:colcon.colcon_core.environment:create_file_with_runtime_dependencies(/root/ros2_ws/install/app_subscriber/share/colcon-core/packages/app_subscriber)
[4.367s] DEBUG:colcon.colcon_parallel_executor.executor.parallel:closing loop
[4.367s] DEBUG:colcon.colcon_parallel_executor.executor.parallel:loop closed
[4.368s] DEBUG:colcon.colcon_parallel_executor.executor.parallel:run_until_complete finished with '0'
[4.368s] DEBUG:colcon.colcon_core.event_reactor:joining thread
[4.439s] INFO:colcon.colcon_core.plugin_system:Skipping extension 'colcon_notification.desktop_notification.notify_send': Could not find 'notify-send'
[4.439s] INFO:colcon.colcon_core.plugin_system:Skipping extension 'colcon_notification.desktop_notification.terminal_notifier': Not used on non-Darwin systems
[4.439s] INFO:colcon.colcon_core.plugin_system:Skipping extension 'colcon_notification.desktop_notification.win32': Not used on non-Windows systems
[4.439s] INFO:colcon.colcon_notification.desktop_notification:Sending desktop notification using 'notify2'
[4.439s] DEBUG:colcon.colcon_notification.desktop_notification.notify2:Failed to initialize notify2: org.freedesktop.DBus.Error.NotSupported: Unable to autolaunch a dbus-daemon without a $DISPLAY for X11
[4.439s] DEBUG:colcon.colcon_core.event_reactor:joined thread
[4.440s] INFO:colcon.colcon_core.shell:Creating prefix script '/root/ros2_ws/install/local_setup.ps1'
[4.442s] INFO:colcon.colcon_core.shell:Creating prefix util module '/root/ros2_ws/install/_local_setup_util_ps1.py'
[4.447s] INFO:colcon.colcon_core.shell:Creating prefix chain script '/root/ros2_ws/install/setup.ps1'
[4.450s] INFO:colcon.colcon_core.shell:Creating prefix script '/root/ros2_ws/install/local_setup.sh'
[4.453s] INFO:colcon.colcon_core.shell:Creating prefix util module '/root/ros2_ws/install/_local_setup_util_sh.py'
[4.454s] INFO:colcon.colcon_core.shell:Creating prefix chain script '/root/ros2_ws/install/setup.sh'
[4.459s] INFO:colcon.colcon_core.shell:Creating prefix script '/root/ros2_ws/install/local_setup.bash'
[4.462s] INFO:colcon.colcon_core.shell:Creating prefix chain script '/root/ros2_ws/install/setup.bash'
[4.477s] INFO:colcon.colcon_core.shell:Creating prefix script '/root/ros2_ws/install/local_setup.zsh'
[4.480s] INFO:colcon.colcon_core.shell:Creating prefix chain script '/root/ros2_ws/install/setup.zsh'
