[1.837s] Invoking command in '/root/ros2_ws/src/mecanum_bot': PYTHONPATH=/root/ros2_ws/build/mecanum_bot/prefix_override:/usr/lib/python3/dist-packages/colcon_core/task/python/colcon_distutils_commands:/root/ros2_ws/install/mecanum_bot/lib/python3.10/site-packages:${PYTHONPATH} /usr/bin/python3 -W ignore:setup.py install is deprecated -W ignore:easy_install command is deprecated setup.py egg_info --egg-base ../../build/mecanum_bot build --build-base /root/ros2_ws/build/mecanum_bot/build install --record /root/ros2_ws/build/mecanum_bot/install.log --single-version-externally-managed install_data
[2.264s] running egg_info
[2.265s] creating ../../build/mecanum_bot/mecanum_bot.egg-info
[2.266s] writing ../../build/mecanum_bot/mecanum_bot.egg-info/PKG-INFO
[2.266s] writing dependency_links to ../../build/mecanum_bot/mecanum_bot.egg-info/dependency_links.txt
[2.266s] writing entry points to ../../build/mecanum_bot/mecanum_bot.egg-info/entry_points.txt
[2.267s] writing requirements to ../../build/mecanum_bot/mecanum_bot.egg-info/requires.txt
[2.267s] writing top-level names to ../../build/mecanum_bot/mecanum_bot.egg-info/top_level.txt
[2.267s] writing manifest file '../../build/mecanum_bot/mecanum_bot.egg-info/SOURCES.txt'
[2.273s] reading manifest file '../../build/mecanum_bot/mecanum_bot.egg-info/SOURCES.txt'
[2.274s] writing manifest file '../../build/mecanum_bot/mecanum_bot.egg-info/SOURCES.txt'
[2.274s] running build
[2.274s] running build_py
[2.274s] creating /root/ros2_ws/build/mecanum_bot/build
[2.274s] creating /root/ros2_ws/build/mecanum_bot/build/lib
[2.274s] creating /root/ros2_ws/build/mecanum_bot/build/lib/mecanum_bot
[2.274s] copying mecanum_bot/data_controller_node.py -> /root/ros2_ws/build/mecanum_bot/build/lib/mecanum_bot
[2.277s] copying mecanum_bot/pid.py -> /root/ros2_ws/build/mecanum_bot/build/lib/mecanum_bot
[2.277s] copying mecanum_bot/__init__.py -> /root/ros2_ws/build/mecanum_bot/build/lib/mecanum_bot
[2.278s] running install
[2.278s] running install_lib
[2.278s] creating /root/ros2_ws/install/mecanum_bot/lib/python3.10/site-packages/mecanum_bot
[2.278s] copying /root/ros2_ws/build/mecanum_bot/build/lib/mecanum_bot/data_controller_node.py -> /root/ros2_ws/install/mecanum_bot/lib/python3.10/site-packages/mecanum_bot
[2.278s] copying /root/ros2_ws/build/mecanum_bot/build/lib/mecanum_bot/pid.py -> /root/ros2_ws/install/mecanum_bot/lib/python3.10/site-packages/mecanum_bot
[2.278s] copying /root/ros2_ws/build/mecanum_bot/build/lib/mecanum_bot/__init__.py -> /root/ros2_ws/install/mecanum_bot/lib/python3.10/site-packages/mecanum_bot
[2.280s] byte-compiling /root/ros2_ws/install/mecanum_bot/lib/python3.10/site-packages/mecanum_bot/data_controller_node.py to data_controller_node.cpython-310.pyc
[2.283s] byte-compiling /root/ros2_ws/install/mecanum_bot/lib/python3.10/site-packages/mecanum_bot/pid.py to pid.cpython-310.pyc
[2.286s] byte-compiling /root/ros2_ws/install/mecanum_bot/lib/python3.10/site-packages/mecanum_bot/__init__.py to __init__.cpython-310.pyc
[2.289s] running install_data
[2.289s] creating /root/ros2_ws/install/mecanum_bot/share/ament_index
[2.289s] creating /root/ros2_ws/install/mecanum_bot/share/ament_index/resource_index
[2.289s] creating /root/ros2_ws/install/mecanum_bot/share/ament_index/resource_index/packages
[2.289s] copying resource/mecanum_bot -> /root/ros2_ws/install/mecanum_bot/share/ament_index/resource_index/packages
[2.289s] copying package.xml -> /root/ros2_ws/install/mecanum_bot/share/mecanum_bot
[2.289s] creating /root/ros2_ws/install/mecanum_bot/share/mecanum_bot/launch
[2.289s] copying launch/bringup.launch.py -> /root/ros2_ws/install/mecanum_bot/share/mecanum_bot/launch
[2.290s] creating /root/ros2_ws/install/mecanum_bot/share/mecanum_bot/config
[2.290s] copying config/controllers.yaml -> /root/ros2_ws/install/mecanum_bot/share/mecanum_bot/config
[2.290s] copying config/ekf.yaml -> /root/ros2_ws/install/mecanum_bot/share/mecanum_bot/config
[2.290s] creating /root/ros2_ws/install/mecanum_bot/share/mecanum_bot/description
[2.290s] copying description/robot.urdf.xacro -> /root/ros2_ws/install/mecanum_bot/share/mecanum_bot/description
[2.291s] running install_egg_info
[2.296s] Copying ../../build/mecanum_bot/mecanum_bot.egg-info to /root/ros2_ws/install/mecanum_bot/lib/python3.10/site-packages/mecanum_bot-0.0.0-py3.10.egg-info
[2.296s] running install_scripts
[2.360s] Installing data_controller script to /root/ros2_ws/install/mecanum_bot/lib/mecanum_bot
[2.360s] Installing hardware_driver script to /root/ros2_ws/install/mecanum_bot/lib/mecanum_bot
[2.362s] Installing pid script to /root/ros2_ws/install/mecanum_bot/lib/mecanum_bot
[2.363s] writing list of installed files to '/root/ros2_ws/build/mecanum_bot/install.log'
[2.536s] Invoked command in '/root/ros2_ws/src/mecanum_bot' returned '0': PYTHONPATH=/root/ros2_ws/build/mecanum_bot/prefix_override:/usr/lib/python3/dist-packages/colcon_core/task/python/colcon_distutils_commands:/root/ros2_ws/install/mecanum_bot/lib/python3.10/site-packages:${PYTHONPATH} /usr/bin/python3 -W ignore:setup.py install is deprecated -W ignore:easy_install command is deprecated setup.py egg_info --egg-base ../../build/mecanum_bot build --build-base /root/ros2_ws/build/mecanum_bot/build install --record /root/ros2_ws/build/mecanum_bot/install.log --single-version-externally-managed install_data
