[1.583s] Invoking command in '/root/ros2_ws/src/distance_pid': PYTHONPATH=/root/ros2_ws/build/distance_pid/prefix_override:/usr/lib/python3/dist-packages/colcon_core/task/python/colcon_distutils_commands:/root/ros2_ws/install/distance_pid/lib/python3.10/site-packages:${PYTHONPATH} /usr/bin/python3 -W ignore:setup.py install is deprecated -W ignore:easy_install command is deprecated setup.py egg_info --egg-base ../../build/distance_pid build --build-base /root/ros2_ws/build/distance_pid/build install --record /root/ros2_ws/build/distance_pid/install.log --single-version-externally-managed install_data
[1.898s] running egg_info
[1.899s] writing ../../build/distance_pid/distance_pid.egg-info/PKG-INFO
[1.900s] writing dependency_links to ../../build/distance_pid/distance_pid.egg-info/dependency_links.txt
[1.901s] writing entry points to ../../build/distance_pid/distance_pid.egg-info/entry_points.txt
[1.901s] writing requirements to ../../build/distance_pid/distance_pid.egg-info/requires.txt
[1.903s] writing top-level names to ../../build/distance_pid/distance_pid.egg-info/top_level.txt
[1.906s] reading manifest file '../../build/distance_pid/distance_pid.egg-info/SOURCES.txt'
[1.907s] writing manifest file '../../build/distance_pid/distance_pid.egg-info/SOURCES.txt'
[1.909s] running build
[1.909s] running build_py
[1.909s] running install
[1.910s] running install_lib
[1.913s] running install_data
[1.913s] running install_egg_info
[1.917s] removing '/root/ros2_ws/install/distance_pid/lib/python3.10/site-packages/distance_pid-0.0.0-py3.10.egg-info' (and everything under it)
[1.917s] Copying ../../build/distance_pid/distance_pid.egg-info to /root/ros2_ws/install/distance_pid/lib/python3.10/site-packages/distance_pid-0.0.0-py3.10.egg-info
[1.918s] running install_scripts
[1.957s] writing list of installed files to '/root/ros2_ws/build/distance_pid/install.log'
[2.068s] Invoked command in '/root/ros2_ws/src/distance_pid' returned '0': PYTHONPATH=/root/ros2_ws/build/distance_pid/prefix_override:/usr/lib/python3/dist-packages/colcon_core/task/python/colcon_distutils_commands:/root/ros2_ws/install/distance_pid/lib/python3.10/site-packages:${PYTHONPATH} /usr/bin/python3 -W ignore:setup.py install is deprecated -W ignore:easy_install command is deprecated setup.py egg_info --egg-base ../../build/distance_pid build --build-base /root/ros2_ws/build/distance_pid/build install --record /root/ros2_ws/build/distance_pid/install.log --single-version-externally-managed install_data
