running egg_info
creating ../build/mecanum_bot/mecanum_bot.egg-info
writing ../build/mecanum_bot/mecanum_bot.egg-info/PKG-INFO
writing dependency_links to ../build/mecanum_bot/mecanum_bot.egg-info/dependency_links.txt
writing entry points to ../build/mecanum_bot/mecanum_bot.egg-info/entry_points.txt
writing requirements to ../build/mecanum_bot/mecanum_bot.egg-info/requires.txt
writing top-level names to ../build/mecanum_bot/mecanum_bot.egg-info/top_level.txt
writing manifest file '../build/mecanum_bot/mecanum_bot.egg-info/SOURCES.txt'
reading manifest file '../build/mecanum_bot/mecanum_bot.egg-info/SOURCES.txt'
writing manifest file '../build/mecanum_bot/mecanum_bot.egg-info/SOURCES.txt'
running build
running build_py
creating /root/ros2_ws/src/build/mecanum_bot/build
creating /root/ros2_ws/src/build/mecanum_bot/build/lib
creating /root/ros2_ws/src/build/mecanum_bot/build/lib/mecanum_bot
copying mecanum_bot/data_controller_node.py -> /root/ros2_ws/src/build/mecanum_bot/build/lib/mecanum_bot
copying mecanum_bot/pid.py -> /root/ros2_ws/src/build/mecanum_bot/build/lib/mecanum_bot
copying mecanum_bot/__init__.py -> /root/ros2_ws/src/build/mecanum_bot/build/lib/mecanum_bot
running install
running install_lib
creating /root/ros2_ws/src/install/mecanum_bot/lib/python3.10/site-packages/mecanum_bot
copying /root/ros2_ws/src/build/mecanum_bot/build/lib/mecanum_bot/data_controller_node.py -> /root/ros2_ws/src/install/mecanum_bot/lib/python3.10/site-packages/mecanum_bot
copying /root/ros2_ws/src/build/mecanum_bot/build/lib/mecanum_bot/pid.py -> /root/ros2_ws/src/install/mecanum_bot/lib/python3.10/site-packages/mecanum_bot
copying /root/ros2_ws/src/build/mecanum_bot/build/lib/mecanum_bot/__init__.py -> /root/ros2_ws/src/install/mecanum_bot/lib/python3.10/site-packages/mecanum_bot
byte-compiling /root/ros2_ws/src/install/mecanum_bot/lib/python3.10/site-packages/mecanum_bot/data_controller_node.py to data_controller_node.cpython-310.pyc
byte-compiling /root/ros2_ws/src/install/mecanum_bot/lib/python3.10/site-packages/mecanum_bot/pid.py to pid.cpython-310.pyc
byte-compiling /root/ros2_ws/src/install/mecanum_bot/lib/python3.10/site-packages/mecanum_bot/__init__.py to __init__.cpython-310.pyc
running install_data
creating /root/ros2_ws/src/install/mecanum_bot/share/ament_index
creating /root/ros2_ws/src/install/mecanum_bot/share/ament_index/resource_index
creating /root/ros2_ws/src/install/mecanum_bot/share/ament_index/resource_index/packages
copying resource/mecanum_bot -> /root/ros2_ws/src/install/mecanum_bot/share/ament_index/resource_index/packages
copying package.xml -> /root/ros2_ws/src/install/mecanum_bot/share/mecanum_bot
creating /root/ros2_ws/src/install/mecanum_bot/share/mecanum_bot/launch
copying launch/bringup.launch.py -> /root/ros2_ws/src/install/mecanum_bot/share/mecanum_bot/launch
creating /root/ros2_ws/src/install/mecanum_bot/share/mecanum_bot/config
copying config/controllers.yaml -> /root/ros2_ws/src/install/mecanum_bot/share/mecanum_bot/config
copying config/ekf.yaml -> /root/ros2_ws/src/install/mecanum_bot/share/mecanum_bot/config
creating /root/ros2_ws/src/install/mecanum_bot/share/mecanum_bot/description
copying description/robot.urdf.xacro -> /root/ros2_ws/src/install/mecanum_bot/share/mecanum_bot/description
running install_egg_info
Copying ../build/mecanum_bot/mecanum_bot.egg-info to /root/ros2_ws/src/install/mecanum_bot/lib/python3.10/site-packages/mecanum_bot-0.0.0-py3.10.egg-info
running install_scripts
Installing data_controller script to /root/ros2_ws/src/install/mecanum_bot/lib/mecanum_bot
Installing hardware_driver script to /root/ros2_ws/src/install/mecanum_bot/lib/mecanum_bot
Installing pid script to /root/ros2_ws/src/install/mecanum_bot/lib/mecanum_bot
writing list of installed files to '/root/ros2_ws/src/build/mecanum_bot/install.log'
