[1.676s] Invoking command in '/root/ros2_ws/src/mecanum_bot': PYTHONPATH=/root/ros2_ws/src/build/mecanum_bot/prefix_override:/usr/lib/python3/dist-packages/colcon_core/task/python/colcon_distutils_commands:/root/ros2_ws/src/install/mecanum_bot/lib/python3.10/site-packages:${PYTHONPATH} /usr/bin/python3 -W ignore:setup.py install is deprecated -W ignore:easy_install command is deprecated setup.py egg_info --egg-base ../build/mecanum_bot build --build-base /root/ros2_ws/src/build/mecanum_bot/build install --record /root/ros2_ws/src/build/mecanum_bot/install.log --single-version-externally-managed install_data
[2.057s] running egg_info
[2.062s] creating ../build/mecanum_bot/mecanum_bot.egg-info
[2.062s] writing ../build/mecanum_bot/mecanum_bot.egg-info/PKG-INFO
[2.062s] writing dependency_links to ../build/mecanum_bot/mecanum_bot.egg-info/dependency_links.txt
[2.062s] writing entry points to ../build/mecanum_bot/mecanum_bot.egg-info/entry_points.txt
[2.062s] writing requirements to ../build/mecanum_bot/mecanum_bot.egg-info/requires.txt
[2.062s] writing top-level names to ../build/mecanum_bot/mecanum_bot.egg-info/top_level.txt
[2.063s] writing manifest file '../build/mecanum_bot/mecanum_bot.egg-info/SOURCES.txt'
[2.068s] reading manifest file '../build/mecanum_bot/mecanum_bot.egg-info/SOURCES.txt'
[2.068s] writing manifest file '../build/mecanum_bot/mecanum_bot.egg-info/SOURCES.txt'
[2.068s] running build
[2.068s] running build_py
[2.068s] creating /root/ros2_ws/src/build/mecanum_bot/build
[2.068s] creating /root/ros2_ws/src/build/mecanum_bot/build/lib
[2.068s] creating /root/ros2_ws/src/build/mecanum_bot/build/lib/mecanum_bot
[2.069s] copying mecanum_bot/data_controller_node.py -> /root/ros2_ws/src/build/mecanum_bot/build/lib/mecanum_bot
[2.069s] copying mecanum_bot/pid.py -> /root/ros2_ws/src/build/mecanum_bot/build/lib/mecanum_bot
[2.071s] copying mecanum_bot/__init__.py -> /root/ros2_ws/src/build/mecanum_bot/build/lib/mecanum_bot
[2.071s] running install
[2.072s] running install_lib
[2.074s] creating /root/ros2_ws/src/install/mecanum_bot/lib/python3.10/site-packages/mecanum_bot
[2.074s] copying /root/ros2_ws/src/build/mecanum_bot/build/lib/mecanum_bot/data_controller_node.py -> /root/ros2_ws/src/install/mecanum_bot/lib/python3.10/site-packages/mecanum_bot
[2.074s] copying /root/ros2_ws/src/build/mecanum_bot/build/lib/mecanum_bot/pid.py -> /root/ros2_ws/src/install/mecanum_bot/lib/python3.10/site-packages/mecanum_bot
[2.074s] copying /root/ros2_ws/src/build/mecanum_bot/build/lib/mecanum_bot/__init__.py -> /root/ros2_ws/src/install/mecanum_bot/lib/python3.10/site-packages/mecanum_bot
[2.076s] byte-compiling /root/ros2_ws/src/install/mecanum_bot/lib/python3.10/site-packages/mecanum_bot/data_controller_node.py to data_controller_node.cpython-310.pyc
[2.079s] byte-compiling /root/ros2_ws/src/install/mecanum_bot/lib/python3.10/site-packages/mecanum_bot/pid.py to pid.cpython-310.pyc
[2.083s] byte-compiling /root/ros2_ws/src/install/mecanum_bot/lib/python3.10/site-packages/mecanum_bot/__init__.py to __init__.cpython-310.pyc
[2.083s] running install_data
[2.083s] creating /root/ros2_ws/src/install/mecanum_bot/share/ament_index
[2.084s] creating /root/ros2_ws/src/install/mecanum_bot/share/ament_index/resource_index
[2.084s] creating /root/ros2_ws/src/install/mecanum_bot/share/ament_index/resource_index/packages
[2.084s] copying resource/mecanum_bot -> /root/ros2_ws/src/install/mecanum_bot/share/ament_index/resource_index/packages
[2.084s] copying package.xml -> /root/ros2_ws/src/install/mecanum_bot/share/mecanum_bot
[2.084s] creating /root/ros2_ws/src/install/mecanum_bot/share/mecanum_bot/launch
[2.085s] copying launch/bringup.launch.py -> /root/ros2_ws/src/install/mecanum_bot/share/mecanum_bot/launch
[2.085s] creating /root/ros2_ws/src/install/mecanum_bot/share/mecanum_bot/config
[2.085s] copying config/controllers.yaml -> /root/ros2_ws/src/install/mecanum_bot/share/mecanum_bot/config
[2.086s] copying config/ekf.yaml -> /root/ros2_ws/src/install/mecanum_bot/share/mecanum_bot/config
[2.087s] creating /root/ros2_ws/src/install/mecanum_bot/share/mecanum_bot/description
[2.087s] copying description/robot.urdf.xacro -> /root/ros2_ws/src/install/mecanum_bot/share/mecanum_bot/description
[2.090s] running install_egg_info
[2.092s] Copying ../build/mecanum_bot/mecanum_bot.egg-info to /root/ros2_ws/src/install/mecanum_bot/lib/python3.10/site-packages/mecanum_bot-0.0.0-py3.10.egg-info
[2.095s] running install_scripts
[2.158s] Installing data_controller script to /root/ros2_ws/src/install/mecanum_bot/lib/mecanum_bot
[2.159s] Installing hardware_driver script to /root/ros2_ws/src/install/mecanum_bot/lib/mecanum_bot
[2.160s] Installing pid script to /root/ros2_ws/src/install/mecanum_bot/lib/mecanum_bot
[2.160s] writing list of installed files to '/root/ros2_ws/src/build/mecanum_bot/install.log'
[2.313s] Invoked command in '/root/ros2_ws/src/mecanum_bot' returned '0': PYTHONPATH=/root/ros2_ws/src/build/mecanum_bot/prefix_override:/usr/lib/python3/dist-packages/colcon_core/task/python/colcon_distutils_commands:/root/ros2_ws/src/install/mecanum_bot/lib/python3.10/site-packages:${PYTHONPATH} /usr/bin/python3 -W ignore:setup.py install is deprecated -W ignore:easy_install command is deprecated setup.py egg_info --egg-base ../build/mecanum_bot build --build-base /root/ros2_ws/src/build/mecanum_bot/build install --record /root/ros2_ws/src/build/mecanum_bot/install.log --single-version-externally-managed install_data
