[1.867s] Invoking command in '/root/ros2_ws/src/distance_pid': PYTHONPATH=/root/ros2_ws/build/distance_pid/prefix_override:/usr/lib/python3/dist-packages/colcon_core/task/python/colcon_distutils_commands:/root/ros2_ws/install/distance_pid/lib/python3.10/site-packages:${PYTHONPATH} /usr/bin/python3 -W ignore:setup.py install is deprecated -W ignore:easy_install command is deprecated setup.py egg_info --egg-base ../../build/distance_pid build --build-base /root/ros2_ws/build/distance_pid/build install --record /root/ros2_ws/build/distance_pid/install.log --single-version-externally-managed install_data
[2.298s] running egg_info
[2.298s] creating ../../build/distance_pid/distance_pid.egg-info
[2.301s] writing ../../build/distance_pid/distance_pid.egg-info/PKG-INFO
[2.302s] writing dependency_links to ../../build/distance_pid/distance_pid.egg-info/dependency_links.txt
[2.303s] writing entry points to ../../build/distance_pid/distance_pid.egg-info/entry_points.txt
[2.303s] writing requirements to ../../build/distance_pid/distance_pid.egg-info/requires.txt
[2.303s] writing top-level names to ../../build/distance_pid/distance_pid.egg-info/top_level.txt
[2.303s] writing manifest file '../../build/distance_pid/distance_pid.egg-info/SOURCES.txt'
[2.304s] reading manifest file '../../build/distance_pid/distance_pid.egg-info/SOURCES.txt'
[2.309s] writing manifest file '../../build/distance_pid/distance_pid.egg-info/SOURCES.txt'
[2.310s] running build
[2.310s] running build_py
[2.310s] creating /root/ros2_ws/build/distance_pid/build
[2.311s] creating /root/ros2_ws/build/distance_pid/build/lib
[2.312s] creating /root/ros2_ws/build/distance_pid/build/lib/distance_pid
[2.312s] copying distance_pid/__init__.py -> /root/ros2_ws/build/distance_pid/build/lib/distance_pid
[2.312s] running install
[2.313s] running install_lib
[2.313s] creating /root/ros2_ws/install/distance_pid/lib/python3.10/site-packages/distance_pid
[2.313s] copying /root/ros2_ws/build/distance_pid/build/lib/distance_pid/__init__.py -> /root/ros2_ws/install/distance_pid/lib/python3.10/site-packages/distance_pid
[2.313s] byte-compiling /root/ros2_ws/install/distance_pid/lib/python3.10/site-packages/distance_pid/__init__.py to __init__.cpython-310.pyc
[2.313s] running install_data
[2.313s] creating /root/ros2_ws/install/distance_pid/share/ament_index
[2.314s] creating /root/ros2_ws/install/distance_pid/share/ament_index/resource_index
[2.314s] creating /root/ros2_ws/install/distance_pid/share/ament_index/resource_index/packages
[2.314s] copying resource/distance_pid -> /root/ros2_ws/install/distance_pid/share/ament_index/resource_index/packages
[2.315s] copying package.xml -> /root/ros2_ws/install/distance_pid/share/distance_pid
[2.315s] running install_egg_info
[2.319s] Copying ../../build/distance_pid/distance_pid.egg-info to /root/ros2_ws/install/distance_pid/lib/python3.10/site-packages/distance_pid-0.0.0-py3.10.egg-info
[2.320s] running install_scripts
[2.390s] writing list of installed files to '/root/ros2_ws/build/distance_pid/install.log'
[2.560s] Invoked command in '/root/ros2_ws/src/distance_pid' returned '0': PYTHONPATH=/root/ros2_ws/build/distance_pid/prefix_override:/usr/lib/python3/dist-packages/colcon_core/task/python/colcon_distutils_commands:/root/ros2_ws/install/distance_pid/lib/python3.10/site-packages:${PYTHONPATH} /usr/bin/python3 -W ignore:setup.py install is deprecated -W ignore:easy_install command is deprecated setup.py egg_info --egg-base ../../build/distance_pid build --build-base /root/ros2_ws/build/distance_pid/build install --record /root/ros2_ws/build/distance_pid/install.log --single-version-externally-managed install_data
