[0.942s] Invoking command in '/root/ros2_ws/src/build/mecanum_hardware': CMAKE_PREFIX_PATH=${CMAKE_PREFIX_PATH}:/root/ros2_ws/src/install/mecanum_bot:/root/ros2_ws/src/install/distance_pid:/root/ros2_ws/src/install/app_subscriber:/opt/ros/humble /usr/bin/cmake --build /root/ros2_ws/src/build/mecanum_hardware -- -j4 -l4
[1.086s] [100%] Built target mecanum_hardware
[1.116s] Invoked command in '/root/ros2_ws/src/build/mecanum_hardware' returned '0': CMAKE_PREFIX_PATH=${CMAKE_PREFIX_PATH}:/root/ros2_ws/src/install/mecanum_bot:/root/ros2_ws/src/install/distance_pid:/root/ros2_ws/src/install/app_subscriber:/opt/ros/humble /usr/bin/cmake --build /root/ros2_ws/src/build/mecanum_hardware -- -j4 -l4
[1.140s] Invoking command in '/root/ros2_ws/src/build/mecanum_hardware': CMAKE_PREFIX_PATH=${CMAKE_PREFIX_PATH}:/root/ros2_ws/src/install/mecanum_bot:/root/ros2_ws/src/install/distance_pid:/root/ros2_ws/src/install/app_subscriber:/opt/ros/humble /usr/bin/cmake --install /root/ros2_ws/src/build/mecanum_hardware
[1.164s] -- Install configuration: ""
[1.166s] -- Up-to-date: /root/ros2_ws/src/install/mecanum_hardware/share/mecanum_hardware/mecanum_hardware.xml
[1.167s] -- Up-to-date: /root/ros2_ws/src/install/mecanum_hardware/lib/libmecanum_hardware.so
[1.167s] -- Up-to-date: /root/ros2_ws/src/install/mecanum_hardware/include
[1.167s] -- Up-to-date: /root/ros2_ws/src/install/mecanum_hardware/include/mecanum_hardware
[1.167s] -- Up-to-date: /root/ros2_ws/src/install/mecanum_hardware/include/mecanum_hardware/mecanum_system.hpp
[1.167s] -- Up-to-date: /root/ros2_ws/src/install/mecanum_hardware/share/mecanum_hardware/mecanum_hardware.xml
[1.167s] -- Up-to-date: /root/ros2_ws/src/install/mecanum_hardware/share/ament_index/resource_index/package_run_dependencies/mecanum_hardware
[1.167s] -- Up-to-date: /root/ros2_ws/src/install/mecanum_hardware/share/ament_index/resource_index/parent_prefix_path/mecanum_hardware
[1.168s] -- Up-to-date: /root/ros2_ws/src/install/mecanum_hardware/share/mecanum_hardware/environment/ament_prefix_path.sh
[1.168s] -- Up-to-date: /root/ros2_ws/src/install/mecanum_hardware/share/mecanum_hardware/environment/ament_prefix_path.dsv
[1.168s] -- Up-to-date: /root/ros2_ws/src/install/mecanum_hardware/share/mecanum_hardware/environment/path.sh
[1.168s] -- Up-to-date: /root/ros2_ws/src/install/mecanum_hardware/share/mecanum_hardware/environment/path.dsv
[1.168s] -- Up-to-date: /root/ros2_ws/src/install/mecanum_hardware/share/mecanum_hardware/local_setup.bash
[1.171s] -- Up-to-date: /root/ros2_ws/src/install/mecanum_hardware/share/mecanum_hardware/local_setup.sh
[1.172s] -- Up-to-date: /root/ros2_ws/src/install/mecanum_hardware/share/mecanum_hardware/local_setup.zsh
[1.172s] -- Up-to-date: /root/ros2_ws/src/install/mecanum_hardware/share/mecanum_hardware/local_setup.dsv
[1.172s] -- Installing: /root/ros2_ws/src/install/mecanum_hardware/share/mecanum_hardware/package.dsv
[1.172s] -- Up-to-date: /root/ros2_ws/src/install/mecanum_hardware/share/ament_index/resource_index/packages/mecanum_hardware
[1.172s] -- Up-to-date: /root/ros2_ws/src/install/mecanum_hardware/share/ament_index/resource_index/hardware_interface__pluginlib__plugin/mecanum_hardware
[1.172s] -- Up-to-date: /root/ros2_ws/src/install/mecanum_hardware/share/mecanum_hardware/cmake/mecanum_hardwareConfig.cmake
[1.172s] -- Up-to-date: /root/ros2_ws/src/install/mecanum_hardware/share/mecanum_hardware/cmake/mecanum_hardwareConfig-version.cmake
[1.172s] -- Up-to-date: /root/ros2_ws/src/install/mecanum_hardware/share/mecanum_hardware/package.xml
[1.174s] Invoked command in '/root/ros2_ws/src/build/mecanum_hardware' returned '0': CMAKE_PREFIX_PATH=${CMAKE_PREFIX_PATH}:/root/ros2_ws/src/install/mecanum_bot:/root/ros2_ws/src/install/distance_pid:/root/ros2_ws/src/install/app_subscriber:/opt/ros/humble /usr/bin/cmake --install /root/ros2_ws/src/build/mecanum_hardware
