[0.152s] DEBUG:colcon:Command line arguments: ['/usr/bin/colcon', 'build']
[0.153s] DEBUG:colcon:Parsed command line arguments: Namespace(log_base=None, log_level=None, verb_name='build', build_base='build', install_base='install', merge_install=False, symlink_install=False, test_result_base=None, continue_on_error=False, executor='parallel', parallel_workers=4, event_handlers=None, ignore_user_meta=False, metas=['./colcon.meta'], base_paths=['.'], packages_ignore=None, packages_ignore_regex=None, paths=None, packages_up_to=None, packages_up_to_regex=None, packages_above=None, packages_above_and_dependencies=None, packages_above_depth=None, packages_select_by_dep=None, packages_skip_by_dep=None, packages_skip_up_to=None, packages_select_build_failed=False, packages_skip_build_finished=False, packages_select_test_failures=False, packages_skip_test_passed=False, packages_select=None, packages_skip=None, packages_select_regex=None, packages_skip_regex=None, packages_start=None, packages_end=None, cmake_args=None, cmake_target=None, cmake_target_skip_unavailable=False, cmake_clean_cache=False, cmake_clean_first=False, cmake_force_configure=False, ament_cmake_args=None, catkin_cmake_args=None, catkin_skip_building_tests=False, mixin_files=None, mixin=None, verb_parser=<colcon_mixin.mixin.mixin_argument.MixinArgumentDecorator object at 0xffffb8b6b190>, verb_extension=<colcon_core.verb.build.BuildVerb object at 0xffffb8b6ace0>, main=<bound method BuildVerb.main of <colcon_core.verb.build.BuildVerb object at 0xffffb8b6ace0>>, mixin_verb=('build',))
[0.306s] Level 1:colcon.colcon_core.package_discovery:discover_packages(colcon_meta) check parameters
[0.307s] INFO:colcon.colcon_metadata.package_discovery.colcon_meta:Using configuration from '/root/.colcon/metadata/default/Gazebo.meta'
[0.308s] INFO:colcon.colcon_metadata.package_discovery.colcon_meta:Using configuration from '/root/.colcon/metadata/default/fastdds.meta'
[0.308s] INFO:colcon.colcon_metadata.package_discovery.colcon_meta:Using configuration from '/root/.colcon/metadata/default/fastrtps.meta'
[0.308s] Level 1:colcon.colcon_core.package_discovery:discover_packages(recursive) check parameters
[0.308s] Level 1:colcon.colcon_core.package_discovery:discover_packages(ignore) check parameters
[0.308s] Level 1:colcon.colcon_core.package_discovery:discover_packages(path) check parameters
[0.308s] Level 1:colcon.colcon_core.package_discovery:discover_packages(colcon_meta) discover
[0.308s] Level 1:colcon.colcon_core.package_discovery:discover_packages(recursive) discover
[0.308s] INFO:colcon.colcon_core.package_discovery:Crawling recursively for packages in '/root/ros2_ws/src'
[0.309s] Level 1:colcon.colcon_core.package_identification:_identify(.) by extensions ['ignore', 'ignore_ament_install']
[0.309s] Level 1:colcon.colcon_core.package_identification:_identify(.) by extension 'ignore'
[0.309s] Level 1:colcon.colcon_core.package_identification:_identify(.) by extension 'ignore_ament_install'
[0.309s] Level 1:colcon.colcon_core.package_identification:_identify(.) by extensions ['colcon_pkg']
[0.309s] Level 1:colcon.colcon_core.package_identification:_identify(.) by extension 'colcon_pkg'
[0.309s] Level 1:colcon.colcon_core.package_identification:_identify(.) by extensions ['colcon_meta']
[0.309s] Level 1:colcon.colcon_core.package_identification:_identify(.) by extension 'colcon_meta'
[0.309s] Level 1:colcon.colcon_core.package_identification:_identify(.) by extensions ['ros']
[0.309s] Level 1:colcon.colcon_core.package_identification:_identify(.) by extension 'ros'
[0.324s] Level 1:colcon.colcon_core.package_identification:_identify(.) by extensions ['cmake', 'python']
[0.324s] Level 1:colcon.colcon_core.package_identification:_identify(.) by extension 'cmake'
[0.324s] Level 1:colcon.colcon_core.package_identification:_identify(.) by extension 'python'
[0.324s] Level 1:colcon.colcon_core.package_identification:_identify(.) by extensions ['python_setup_py']
[0.324s] Level 1:colcon.colcon_core.package_identification:_identify(.) by extension 'python_setup_py'
[0.324s] Level 1:colcon.colcon_core.package_identification:_identify(app_subscriber) by extensions ['ignore', 'ignore_ament_install']
[0.324s] Level 1:colcon.colcon_core.package_identification:_identify(app_subscriber) by extension 'ignore'
[0.325s] Level 1:colcon.colcon_core.package_identification:_identify(app_subscriber) by extension 'ignore_ament_install'
[0.325s] Level 1:colcon.colcon_core.package_identification:_identify(app_subscriber) by extensions ['colcon_pkg']
[0.325s] Level 1:colcon.colcon_core.package_identification:_identify(app_subscriber) by extension 'colcon_pkg'
[0.325s] Level 1:colcon.colcon_core.package_identification:_identify(app_subscriber) by extensions ['colcon_meta']
[0.325s] Level 1:colcon.colcon_core.package_identification:_identify(app_subscriber) by extension 'colcon_meta'
[0.325s] Level 1:colcon.colcon_core.package_identification:_identify(app_subscriber) by extensions ['ros']
[0.325s] Level 1:colcon.colcon_core.package_identification:_identify(app_subscriber) by extension 'ros'
[0.328s] DEBUG:colcon.colcon_core.package_identification:Package 'app_subscriber' with type 'ros.ament_python' and name 'app_subscriber'
[0.328s] Level 1:colcon.colcon_core.package_identification:_identify(build) by extensions ['ignore', 'ignore_ament_install']
[0.328s] Level 1:colcon.colcon_core.package_identification:_identify(build) by extension 'ignore'
[0.328s] Level 1:colcon.colcon_core.package_identification:_identify(build) ignored
[0.328s] Level 1:colcon.colcon_core.package_identification:_identify(distance_pid) by extensions ['ignore', 'ignore_ament_install']
[0.328s] Level 1:colcon.colcon_core.package_identification:_identify(distance_pid) by extension 'ignore'
[0.328s] Level 1:colcon.colcon_core.package_identification:_identify(distance_pid) by extension 'ignore_ament_install'
[0.328s] Level 1:colcon.colcon_core.package_identification:_identify(distance_pid) by extensions ['colcon_pkg']
[0.328s] Level 1:colcon.colcon_core.package_identification:_identify(distance_pid) by extension 'colcon_pkg'
[0.328s] Level 1:colcon.colcon_core.package_identification:_identify(distance_pid) by extensions ['colcon_meta']
[0.329s] Level 1:colcon.colcon_core.package_identification:_identify(distance_pid) by extension 'colcon_meta'
[0.329s] Level 1:colcon.colcon_core.package_identification:_identify(distance_pid) by extensions ['ros']
[0.329s] Level 1:colcon.colcon_core.package_identification:_identify(distance_pid) by extension 'ros'
[0.329s] DEBUG:colcon.colcon_core.package_identification:Package 'distance_pid' with type 'ros.ament_python' and name 'distance_pid'
[0.330s] Level 1:colcon.colcon_core.package_identification:_identify(install) by extensions ['ignore', 'ignore_ament_install']
[0.330s] Level 1:colcon.colcon_core.package_identification:_identify(install) by extension 'ignore'
[0.330s] Level 1:colcon.colcon_core.package_identification:_identify(install) ignored
[0.330s] Level 1:colcon.colcon_core.package_identification:_identify(log) by extensions ['ignore', 'ignore_ament_install']
[0.330s] Level 1:colcon.colcon_core.package_identification:_identify(log) by extension 'ignore'
[0.330s] Level 1:colcon.colcon_core.package_identification:_identify(log) ignored
[0.330s] Level 1:colcon.colcon_core.package_identification:_identify(mecanum_bot) by extensions ['ignore', 'ignore_ament_install']
[0.330s] Level 1:colcon.colcon_core.package_identification:_identify(mecanum_bot) by extension 'ignore'
[0.330s] Level 1:colcon.colcon_core.package_identification:_identify(mecanum_bot) by extension 'ignore_ament_install'
[0.330s] Level 1:colcon.colcon_core.package_identification:_identify(mecanum_bot) by extensions ['colcon_pkg']
[0.330s] Level 1:colcon.colcon_core.package_identification:_identify(mecanum_bot) by extension 'colcon_pkg'
[0.330s] Level 1:colcon.colcon_core.package_identification:_identify(mecanum_bot) by extensions ['colcon_meta']
[0.330s] Level 1:colcon.colcon_core.package_identification:_identify(mecanum_bot) by extension 'colcon_meta'
[0.330s] Level 1:colcon.colcon_core.package_identification:_identify(mecanum_bot) by extensions ['ros']
[0.330s] Level 1:colcon.colcon_core.package_identification:_identify(mecanum_bot) by extension 'ros'
[0.334s] DEBUG:colcon.colcon_core.package_identification:Package 'mecanum_bot' with type 'ros.ament_python' and name 'mecanum_bot'
[0.334s] Level 1:colcon.colcon_core.package_identification:_identify(mecanum_hardware) by extensions ['ignore', 'ignore_ament_install']
[0.334s] Level 1:colcon.colcon_core.package_identification:_identify(mecanum_hardware) by extension 'ignore'
[0.334s] Level 1:colcon.colcon_core.package_identification:_identify(mecanum_hardware) by extension 'ignore_ament_install'
[0.334s] Level 1:colcon.colcon_core.package_identification:_identify(mecanum_hardware) by extensions ['colcon_pkg']
[0.334s] Level 1:colcon.colcon_core.package_identification:_identify(mecanum_hardware) by extension 'colcon_pkg'
[0.334s] Level 1:colcon.colcon_core.package_identification:_identify(mecanum_hardware) by extensions ['colcon_meta']
[0.334s] Level 1:colcon.colcon_core.package_identification:_identify(mecanum_hardware) by extension 'colcon_meta'
[0.334s] Level 1:colcon.colcon_core.package_identification:_identify(mecanum_hardware) by extensions ['ros']
[0.334s] Level 1:colcon.colcon_core.package_identification:_identify(mecanum_hardware) by extension 'ros'
[0.335s] DEBUG:colcon.colcon_core.package_identification:Package 'mecanum_hardware' with type 'ros.ament_cmake' and name 'mecanum_hardware'
[0.335s] Level 1:colcon.colcon_core.package_discovery:discover_packages(recursive) using defaults
[0.335s] Level 1:colcon.colcon_core.package_discovery:discover_packages(ignore) discover
[0.335s] Level 1:colcon.colcon_core.package_discovery:discover_packages(ignore) using defaults
[0.335s] Level 1:colcon.colcon_core.package_discovery:discover_packages(path) discover
[0.335s] Level 1:colcon.colcon_core.package_discovery:discover_packages(path) using defaults
[0.361s] Level 5:colcon.colcon_core.verb:set package 'app_subscriber' build argument 'cmake_args' from command line to 'None'
[0.361s] Level 5:colcon.colcon_core.verb:set package 'app_subscriber' build argument 'cmake_target' from command line to 'None'
[0.361s] Level 5:colcon.colcon_core.verb:set package 'app_subscriber' build argument 'cmake_target_skip_unavailable' from command line to 'False'
[0.361s] Level 5:colcon.colcon_core.verb:set package 'app_subscriber' build argument 'cmake_clean_cache' from command line to 'False'
[0.361s] Level 5:colcon.colcon_core.verb:set package 'app_subscriber' build argument 'cmake_clean_first' from command line to 'False'
[0.361s] Level 5:colcon.colcon_core.verb:set package 'app_subscriber' build argument 'cmake_force_configure' from command line to 'False'
[0.361s] Level 5:colcon.colcon_core.verb:set package 'app_subscriber' build argument 'ament_cmake_args' from command line to 'None'
[0.361s] Level 5:colcon.colcon_core.verb:set package 'app_subscriber' build argument 'catkin_cmake_args' from command line to 'None'
[0.361s] Level 5:colcon.colcon_core.verb:set package 'app_subscriber' build argument 'catkin_skip_building_tests' from command line to 'False'
[0.361s] DEBUG:colcon.colcon_core.verb:Building package 'app_subscriber' with the following arguments: {'ament_cmake_args': None, 'build_base': '/root/ros2_ws/src/build/app_subscriber', 'catkin_cmake_args': None, 'catkin_skip_building_tests': False, 'cmake_args': None, 'cmake_clean_cache': False, 'cmake_clean_first': False, 'cmake_force_configure': False, 'cmake_target': None, 'cmake_target_skip_unavailable': False, 'install_base': '/root/ros2_ws/src/install/app_subscriber', 'merge_install': False, 'path': '/root/ros2_ws/src/app_subscriber', 'symlink_install': False, 'test_result_base': None}
[0.362s] Level 5:colcon.colcon_core.verb:set package 'distance_pid' build argument 'cmake_args' from command line to 'None'
[0.362s] Level 5:colcon.colcon_core.verb:set package 'distance_pid' build argument 'cmake_target' from command line to 'None'
[0.362s] Level 5:colcon.colcon_core.verb:set package 'distance_pid' build argument 'cmake_target_skip_unavailable' from command line to 'False'
[0.362s] Level 5:colcon.colcon_core.verb:set package 'distance_pid' build argument 'cmake_clean_cache' from command line to 'False'
[0.362s] Level 5:colcon.colcon_core.verb:set package 'distance_pid' build argument 'cmake_clean_first' from command line to 'False'
[0.362s] Level 5:colcon.colcon_core.verb:set package 'distance_pid' build argument 'cmake_force_configure' from command line to 'False'
[0.362s] Level 5:colcon.colcon_core.verb:set package 'distance_pid' build argument 'ament_cmake_args' from command line to 'None'
[0.362s] Level 5:colcon.colcon_core.verb:set package 'distance_pid' build argument 'catkin_cmake_args' from command line to 'None'
[0.362s] Level 5:colcon.colcon_core.verb:set package 'distance_pid' build argument 'catkin_skip_building_tests' from command line to 'False'
[0.362s] DEBUG:colcon.colcon_core.verb:Building package 'distance_pid' with the following arguments: {'ament_cmake_args': None, 'build_base': '/root/ros2_ws/src/build/distance_pid', 'catkin_cmake_args': None, 'catkin_skip_building_tests': False, 'cmake_args': None, 'cmake_clean_cache': False, 'cmake_clean_first': False, 'cmake_force_configure': False, 'cmake_target': None, 'cmake_target_skip_unavailable': False, 'install_base': '/root/ros2_ws/src/install/distance_pid', 'merge_install': False, 'path': '/root/ros2_ws/src/distance_pid', 'symlink_install': False, 'test_result_base': None}
[0.362s] Level 5:colcon.colcon_core.verb:set package 'mecanum_bot' build argument 'cmake_args' from command line to 'None'
[0.362s] Level 5:colcon.colcon_core.verb:set package 'mecanum_bot' build argument 'cmake_target' from command line to 'None'
[0.362s] Level 5:colcon.colcon_core.verb:set package 'mecanum_bot' build argument 'cmake_target_skip_unavailable' from command line to 'False'
[0.363s] Level 5:colcon.colcon_core.verb:set package 'mecanum_bot' build argument 'cmake_clean_cache' from command line to 'False'
[0.363s] Level 5:colcon.colcon_core.verb:set package 'mecanum_bot' build argument 'cmake_clean_first' from command line to 'False'
[0.363s] Level 5:colcon.colcon_core.verb:set package 'mecanum_bot' build argument 'cmake_force_configure' from command line to 'False'
[0.363s] Level 5:colcon.colcon_core.verb:set package 'mecanum_bot' build argument 'ament_cmake_args' from command line to 'None'
[0.363s] Level 5:colcon.colcon_core.verb:set package 'mecanum_bot' build argument 'catkin_cmake_args' from command line to 'None'
[0.363s] Level 5:colcon.colcon_core.verb:set package 'mecanum_bot' build argument 'catkin_skip_building_tests' from command line to 'False'
[0.363s] DEBUG:colcon.colcon_core.verb:Building package 'mecanum_bot' with the following arguments: {'ament_cmake_args': None, 'build_base': '/root/ros2_ws/src/build/mecanum_bot', 'catkin_cmake_args': None, 'catkin_skip_building_tests': False, 'cmake_args': None, 'cmake_clean_cache': False, 'cmake_clean_first': False, 'cmake_force_configure': False, 'cmake_target': None, 'cmake_target_skip_unavailable': False, 'install_base': '/root/ros2_ws/src/install/mecanum_bot', 'merge_install': False, 'path': '/root/ros2_ws/src/mecanum_bot', 'symlink_install': False, 'test_result_base': None}
[0.363s] Level 5:colcon.colcon_core.verb:set package 'mecanum_hardware' build argument 'cmake_args' from command line to 'None'
[0.363s] Level 5:colcon.colcon_core.verb:set package 'mecanum_hardware' build argument 'cmake_target' from command line to 'None'
[0.363s] Level 5:colcon.colcon_core.verb:set package 'mecanum_hardware' build argument 'cmake_target_skip_unavailable' from command line to 'False'
[0.363s] Level 5:colcon.colcon_core.verb:set package 'mecanum_hardware' build argument 'cmake_clean_cache' from command line to 'False'
[0.363s] Level 5:colcon.colcon_core.verb:set package 'mecanum_hardware' build argument 'cmake_clean_first' from command line to 'False'
[0.363s] Level 5:colcon.colcon_core.verb:set package 'mecanum_hardware' build argument 'cmake_force_configure' from command line to 'False'
[0.363s] Level 5:colcon.colcon_core.verb:set package 'mecanum_hardware' build argument 'ament_cmake_args' from command line to 'None'
[0.363s] Level 5:colcon.colcon_core.verb:set package 'mecanum_hardware' build argument 'catkin_cmake_args' from command line to 'None'
[0.363s] Level 5:colcon.colcon_core.verb:set package 'mecanum_hardware' build argument 'catkin_skip_building_tests' from command line to 'False'
[0.363s] DEBUG:colcon.colcon_core.verb:Building package 'mecanum_hardware' with the following arguments: {'ament_cmake_args': None, 'build_base': '/root/ros2_ws/src/build/mecanum_hardware', 'catkin_cmake_args': None, 'catkin_skip_building_tests': False, 'cmake_args': None, 'cmake_clean_cache': False, 'cmake_clean_first': False, 'cmake_force_configure': False, 'cmake_target': None, 'cmake_target_skip_unavailable': False, 'install_base': '/root/ros2_ws/src/install/mecanum_hardware', 'merge_install': False, 'path': '/root/ros2_ws/src/mecanum_hardware', 'symlink_install': False, 'test_result_base': None}
[0.363s] INFO:colcon.colcon_core.executor:Executing jobs using 'parallel' executor
[0.365s] DEBUG:colcon.colcon_parallel_executor.executor.parallel:run_until_complete
[0.365s] INFO:colcon.colcon_ros.task.ament_python.build:Building ROS package in '/root/ros2_ws/src/app_subscriber' with build type 'ament_python'
[0.366s] Level 1:colcon.colcon_core.shell:create_environment_hook('app_subscriber', 'ament_prefix_path')
[0.368s] INFO:colcon.colcon_core.plugin_system:Skipping extension 'colcon_core.shell.bat': Not used on non-Windows systems
[0.369s] INFO:colcon.colcon_core.shell:Creating environment hook '/root/ros2_ws/src/install/app_subscriber/share/app_subscriber/hook/ament_prefix_path.ps1'
[0.370s] INFO:colcon.colcon_core.shell:Creating environment descriptor '/root/ros2_ws/src/install/app_subscriber/share/app_subscriber/hook/ament_prefix_path.dsv'
[0.371s] INFO:colcon.colcon_core.shell:Creating environment hook '/root/ros2_ws/src/install/app_subscriber/share/app_subscriber/hook/ament_prefix_path.sh'
[0.372s] INFO:colcon.colcon_core.shell:Skip shell extension 'powershell' for command environment: Not usable outside of PowerShell
[0.372s] DEBUG:colcon.colcon_core.shell:Skip shell extension 'dsv' for command environment
[0.378s] INFO:colcon.colcon_ros.task.ament_python.build:Building ROS package in '/root/ros2_ws/src/distance_pid' with build type 'ament_python'
[0.378s] Level 1:colcon.colcon_core.shell:create_environment_hook('distance_pid', 'ament_prefix_path')
[0.378s] INFO:colcon.colcon_core.shell:Creating environment hook '/root/ros2_ws/src/install/distance_pid/share/distance_pid/hook/ament_prefix_path.ps1'
[0.379s] INFO:colcon.colcon_core.shell:Creating environment descriptor '/root/ros2_ws/src/install/distance_pid/share/distance_pid/hook/ament_prefix_path.dsv'
[0.380s] INFO:colcon.colcon_core.shell:Creating environment hook '/root/ros2_ws/src/install/distance_pid/share/distance_pid/hook/ament_prefix_path.sh'
[0.381s] INFO:colcon.colcon_core.shell:Skip shell extension 'powershell' for command environment: Not usable outside of PowerShell
[0.381s] DEBUG:colcon.colcon_core.shell:Skip shell extension 'dsv' for command environment
[0.386s] INFO:colcon.colcon_ros.task.ament_python.build:Building ROS package in '/root/ros2_ws/src/mecanum_bot' with build type 'ament_python'
[0.386s] Level 1:colcon.colcon_core.shell:create_environment_hook('mecanum_bot', 'ament_prefix_path')
[0.387s] INFO:colcon.colcon_core.shell:Creating environment hook '/root/ros2_ws/src/install/mecanum_bot/share/mecanum_bot/hook/ament_prefix_path.ps1'
[0.388s] INFO:colcon.colcon_core.shell:Creating environment descriptor '/root/ros2_ws/src/install/mecanum_bot/share/mecanum_bot/hook/ament_prefix_path.dsv'
[0.389s] INFO:colcon.colcon_core.shell:Creating environment hook '/root/ros2_ws/src/install/mecanum_bot/share/mecanum_bot/hook/ament_prefix_path.sh'
[0.391s] INFO:colcon.colcon_core.shell:Skip shell extension 'powershell' for command environment: Not usable outside of PowerShell
[0.391s] DEBUG:colcon.colcon_core.shell:Skip shell extension 'dsv' for command environment
[0.395s] INFO:colcon.colcon_ros.task.ament_cmake.build:Building ROS package in '/root/ros2_ws/src/mecanum_hardware' with build type 'ament_cmake'
[0.395s] INFO:colcon.colcon_cmake.task.cmake.build:Building CMake package in '/root/ros2_ws/src/mecanum_hardware'
[0.396s] INFO:colcon.colcon_core.shell:Skip shell extension 'powershell' for command environment: Not usable outside of PowerShell
[0.396s] DEBUG:colcon.colcon_core.shell:Skip shell extension 'dsv' for command environment
[0.702s] INFO:colcon.colcon_core.task.python.build:Building Python package in '/root/ros2_ws/src/app_subscriber'
[0.703s] INFO:colcon.colcon_core.shell:Skip shell extension 'powershell' for command environment: Not usable outside of PowerShell
[0.703s] DEBUG:colcon.colcon_core.shell:Skip shell extension 'dsv' for command environment
[1.011s] INFO:colcon.colcon_core.task.python.build:Building Python package in '/root/ros2_ws/src/distance_pid'
[1.011s] INFO:colcon.colcon_core.shell:Skip shell extension 'powershell' for command environment: Not usable outside of PowerShell
[1.011s] DEBUG:colcon.colcon_core.shell:Skip shell extension 'dsv' for command environment
[1.315s] INFO:colcon.colcon_core.task.python.build:Building Python package in '/root/ros2_ws/src/mecanum_bot'
[1.315s] INFO:colcon.colcon_core.shell:Skip shell extension 'powershell' for command environment: Not usable outside of PowerShell
[1.315s] DEBUG:colcon.colcon_core.shell:Skip shell extension 'dsv' for command environment
[1.326s] DEBUG:colcon.colcon_core.event_handler.log_command:Invoking command in '/root/ros2_ws/src/build/mecanum_hardware': CMAKE_PREFIX_PATH=${CMAKE_PREFIX_PATH}:/root/ros2_ws/src/install/mecanum_bot:/root/ros2_ws/src/install/distance_pid:/root/ros2_ws/src/install/app_subscriber:/opt/ros/humble /usr/bin/cmake --build /root/ros2_ws/src/build/mecanum_hardware -- -j4 -l4
[2.076s] DEBUG:colcon.colcon_core.event_handler.log_command:Invoking command in '/root/ros2_ws/src/distance_pid': PYTHONPATH=/root/ros2_ws/src/build/distance_pid/prefix_override:/usr/lib/python3/dist-packages/colcon_core/task/python/colcon_distutils_commands:/root/ros2_ws/src/install/distance_pid/lib/python3.10/site-packages:${PYTHONPATH} /usr/bin/python3 -W ignore:setup.py install is deprecated -W ignore:easy_install command is deprecated setup.py egg_info --egg-base ../build/distance_pid build --build-base /root/ros2_ws/src/build/distance_pid/build install --record /root/ros2_ws/src/build/distance_pid/install.log --single-version-externally-managed install_data
[2.083s] DEBUG:colcon.colcon_core.event_handler.log_command:Invoking command in '/root/ros2_ws/src/app_subscriber': PYTHONPATH=/root/ros2_ws/src/build/app_subscriber/prefix_override:/usr/lib/python3/dist-packages/colcon_core/task/python/colcon_distutils_commands:/root/ros2_ws/src/install/app_subscriber/lib/python3.10/site-packages:${PYTHONPATH} /usr/bin/python3 -W ignore:setup.py install is deprecated -W ignore:easy_install command is deprecated setup.py egg_info --egg-base ../build/app_subscriber build --build-base /root/ros2_ws/src/build/app_subscriber/build install --record /root/ros2_ws/src/build/app_subscriber/install.log --single-version-externally-managed install_data
[2.202s] DEBUG:colcon.colcon_core.event_handler.log_command:Invoking command in '/root/ros2_ws/src/mecanum_bot': PYTHONPATH=/root/ros2_ws/src/build/mecanum_bot/prefix_override:/usr/lib/python3/dist-packages/colcon_core/task/python/colcon_distutils_commands:/root/ros2_ws/src/install/mecanum_bot/lib/python3.10/site-packages:${PYTHONPATH} /usr/bin/python3 -W ignore:setup.py install is deprecated -W ignore:easy_install command is deprecated setup.py egg_info --egg-base ../build/mecanum_bot build --build-base /root/ros2_ws/src/build/mecanum_bot/build install --record /root/ros2_ws/src/build/mecanum_bot/install.log --single-version-externally-managed install_data
[2.766s] DEBUG:colcon.colcon_core.event_handler.log_command:Invoked command in '/root/ros2_ws/src/distance_pid' returned '0': PYTHONPATH=/root/ros2_ws/src/build/distance_pid/prefix_override:/usr/lib/python3/dist-packages/colcon_core/task/python/colcon_distutils_commands:/root/ros2_ws/src/install/distance_pid/lib/python3.10/site-packages:${PYTHONPATH} /usr/bin/python3 -W ignore:setup.py install is deprecated -W ignore:easy_install command is deprecated setup.py egg_info --egg-base ../build/distance_pid build --build-base /root/ros2_ws/src/build/distance_pid/build install --record /root/ros2_ws/src/build/distance_pid/install.log --single-version-externally-managed install_data
[2.775s] Level 1:colcon.colcon_core.environment:checking '/root/ros2_ws/src/install/distance_pid' for CMake module files
[2.777s] Level 1:colcon.colcon_core.environment:checking '/root/ros2_ws/src/install/distance_pid' for CMake config files
[2.780s] Level 1:colcon.colcon_core.environment:checking '/root/ros2_ws/src/install/distance_pid/lib'
[2.780s] Level 1:colcon.colcon_core.environment:checking '/root/ros2_ws/src/install/distance_pid/bin'
[2.780s] Level 1:colcon.colcon_core.environment:checking '/root/ros2_ws/src/install/distance_pid/lib/pkgconfig/distance_pid.pc'
[2.781s] Level 1:colcon.colcon_core.environment:checking '/root/ros2_ws/src/install/distance_pid/lib/python3.10/site-packages'
[2.781s] Level 1:colcon.colcon_core.shell:create_environment_hook('distance_pid', 'pythonpath')
[2.782s] INFO:colcon.colcon_core.shell:Creating environment hook '/root/ros2_ws/src/install/distance_pid/share/distance_pid/hook/pythonpath.ps1'
[2.783s] INFO:colcon.colcon_core.shell:Creating environment descriptor '/root/ros2_ws/src/install/distance_pid/share/distance_pid/hook/pythonpath.dsv'
[2.785s] INFO:colcon.colcon_core.shell:Creating environment hook '/root/ros2_ws/src/install/distance_pid/share/distance_pid/hook/pythonpath.sh'
[2.787s] Level 1:colcon.colcon_core.environment:checking '/root/ros2_ws/src/install/distance_pid/bin'
[2.787s] Level 1:colcon.colcon_core.environment:create_environment_scripts_only(distance_pid)
[2.787s] INFO:colcon.colcon_core.shell:Creating package script '/root/ros2_ws/src/install/distance_pid/share/distance_pid/package.ps1'
[2.789s] INFO:colcon.colcon_core.shell:Creating package descriptor '/root/ros2_ws/src/install/distance_pid/share/distance_pid/package.dsv'
[2.790s] INFO:colcon.colcon_core.shell:Creating package script '/root/ros2_ws/src/install/distance_pid/share/distance_pid/package.sh'
[2.795s] INFO:colcon.colcon_core.shell:Creating package script '/root/ros2_ws/src/install/distance_pid/share/distance_pid/package.bash'
[2.799s] INFO:colcon.colcon_core.shell:Creating package script '/root/ros2_ws/src/install/distance_pid/share/distance_pid/package.zsh'
[2.801s] Level 1:colcon.colcon_core.environment:create_file_with_runtime_dependencies(/root/ros2_ws/src/install/distance_pid/share/colcon-core/packages/distance_pid)
[2.805s] Level 1:colcon.colcon_core.environment:checking '/root/ros2_ws/src/install/app_subscriber' for CMake module files
[2.808s] DEBUG:colcon.colcon_core.event_handler.log_command:Invoked command in '/root/ros2_ws/src/app_subscriber' returned '0': PYTHONPATH=/root/ros2_ws/src/build/app_subscriber/prefix_override:/usr/lib/python3/dist-packages/colcon_core/task/python/colcon_distutils_commands:/root/ros2_ws/src/install/app_subscriber/lib/python3.10/site-packages:${PYTHONPATH} /usr/bin/python3 -W ignore:setup.py install is deprecated -W ignore:easy_install command is deprecated setup.py egg_info --egg-base ../build/app_subscriber build --build-base /root/ros2_ws/src/build/app_subscriber/build install --record /root/ros2_ws/src/build/app_subscriber/install.log --single-version-externally-managed install_data
[2.808s] Level 1:colcon.colcon_core.environment:checking '/root/ros2_ws/src/install/app_subscriber' for CMake config files
[2.809s] Level 1:colcon.colcon_core.environment:checking '/root/ros2_ws/src/install/app_subscriber/lib'
[2.810s] Level 1:colcon.colcon_core.environment:checking '/root/ros2_ws/src/install/app_subscriber/bin'
[2.810s] Level 1:colcon.colcon_core.environment:checking '/root/ros2_ws/src/install/app_subscriber/lib/pkgconfig/app_subscriber.pc'
[2.810s] Level 1:colcon.colcon_core.environment:checking '/root/ros2_ws/src/install/app_subscriber/lib/python3.10/site-packages'
[2.810s] Level 1:colcon.colcon_core.shell:create_environment_hook('app_subscriber', 'pythonpath')
[2.811s] INFO:colcon.colcon_core.shell:Creating environment hook '/root/ros2_ws/src/install/app_subscriber/share/app_subscriber/hook/pythonpath.ps1'
[2.812s] INFO:colcon.colcon_core.shell:Creating environment descriptor '/root/ros2_ws/src/install/app_subscriber/share/app_subscriber/hook/pythonpath.dsv'
[2.814s] INFO:colcon.colcon_core.shell:Creating environment hook '/root/ros2_ws/src/install/app_subscriber/share/app_subscriber/hook/pythonpath.sh'
[2.816s] Level 1:colcon.colcon_core.environment:checking '/root/ros2_ws/src/install/app_subscriber/bin'
[2.817s] Level 1:colcon.colcon_core.environment:create_environment_scripts_only(app_subscriber)
[2.818s] INFO:colcon.colcon_core.shell:Creating package script '/root/ros2_ws/src/install/app_subscriber/share/app_subscriber/package.ps1'
[2.820s] INFO:colcon.colcon_core.shell:Creating package descriptor '/root/ros2_ws/src/install/app_subscriber/share/app_subscriber/package.dsv'
[2.822s] INFO:colcon.colcon_core.shell:Creating package script '/root/ros2_ws/src/install/app_subscriber/share/app_subscriber/package.sh'
[2.823s] INFO:colcon.colcon_core.shell:Creating package script '/root/ros2_ws/src/install/app_subscriber/share/app_subscriber/package.bash'
[2.825s] INFO:colcon.colcon_core.shell:Creating package script '/root/ros2_ws/src/install/app_subscriber/share/app_subscriber/package.zsh'
[2.826s] Level 1:colcon.colcon_core.environment:create_file_with_runtime_dependencies(/root/ros2_ws/src/install/app_subscriber/share/colcon-core/packages/app_subscriber)
[2.874s] Level 1:colcon.colcon_core.environment:checking '/root/ros2_ws/src/install/mecanum_bot' for CMake module files
[2.875s] DEBUG:colcon.colcon_core.event_handler.log_command:Invoked command in '/root/ros2_ws/src/mecanum_bot' returned '0': PYTHONPATH=/root/ros2_ws/src/build/mecanum_bot/prefix_override:/usr/lib/python3/dist-packages/colcon_core/task/python/colcon_distutils_commands:/root/ros2_ws/src/install/mecanum_bot/lib/python3.10/site-packages:${PYTHONPATH} /usr/bin/python3 -W ignore:setup.py install is deprecated -W ignore:easy_install command is deprecated setup.py egg_info --egg-base ../build/mecanum_bot build --build-base /root/ros2_ws/src/build/mecanum_bot/build install --record /root/ros2_ws/src/build/mecanum_bot/install.log --single-version-externally-managed install_data
[2.875s] Level 1:colcon.colcon_core.environment:checking '/root/ros2_ws/src/install/mecanum_bot' for CMake config files
[2.876s] Level 1:colcon.colcon_core.environment:checking '/root/ros2_ws/src/install/mecanum_bot/lib'
[2.876s] Level 1:colcon.colcon_core.environment:checking '/root/ros2_ws/src/install/mecanum_bot/bin'
[2.876s] Level 1:colcon.colcon_core.environment:checking '/root/ros2_ws/src/install/mecanum_bot/lib/pkgconfig/mecanum_bot.pc'
[2.877s] Level 1:colcon.colcon_core.environment:checking '/root/ros2_ws/src/install/mecanum_bot/lib/python3.10/site-packages'
[2.877s] Level 1:colcon.colcon_core.shell:create_environment_hook('mecanum_bot', 'pythonpath')
[2.877s] INFO:colcon.colcon_core.shell:Creating environment hook '/root/ros2_ws/src/install/mecanum_bot/share/mecanum_bot/hook/pythonpath.ps1'
[2.878s] INFO:colcon.colcon_core.shell:Creating environment descriptor '/root/ros2_ws/src/install/mecanum_bot/share/mecanum_bot/hook/pythonpath.dsv'
[2.880s] INFO:colcon.colcon_core.shell:Creating environment hook '/root/ros2_ws/src/install/mecanum_bot/share/mecanum_bot/hook/pythonpath.sh'
[2.881s] Level 1:colcon.colcon_core.environment:checking '/root/ros2_ws/src/install/mecanum_bot/bin'
[2.882s] Level 1:colcon.colcon_core.environment:create_environment_scripts_only(mecanum_bot)
[2.882s] INFO:colcon.colcon_core.shell:Creating package script '/root/ros2_ws/src/install/mecanum_bot/share/mecanum_bot/package.ps1'
[2.883s] INFO:colcon.colcon_core.shell:Creating package descriptor '/root/ros2_ws/src/install/mecanum_bot/share/mecanum_bot/package.dsv'
[2.884s] INFO:colcon.colcon_core.shell:Creating package script '/root/ros2_ws/src/install/mecanum_bot/share/mecanum_bot/package.sh'
[2.886s] INFO:colcon.colcon_core.shell:Creating package script '/root/ros2_ws/src/install/mecanum_bot/share/mecanum_bot/package.bash'
[2.887s] INFO:colcon.colcon_core.shell:Creating package script '/root/ros2_ws/src/install/mecanum_bot/share/mecanum_bot/package.zsh'
[2.890s] Level 1:colcon.colcon_core.environment:create_file_with_runtime_dependencies(/root/ros2_ws/src/install/mecanum_bot/share/colcon-core/packages/mecanum_bot)
[9.776s] DEBUG:colcon.colcon_core.event_handler.log_command:Invoked command in '/root/ros2_ws/src/build/mecanum_hardware' returned '0': CMAKE_PREFIX_PATH=${CMAKE_PREFIX_PATH}:/root/ros2_ws/src/install/mecanum_bot:/root/ros2_ws/src/install/distance_pid:/root/ros2_ws/src/install/app_subscriber:/opt/ros/humble /usr/bin/cmake --build /root/ros2_ws/src/build/mecanum_hardware -- -j4 -l4
[9.793s] DEBUG:colcon.colcon_core.event_handler.log_command:Invoking command in '/root/ros2_ws/src/build/mecanum_hardware': CMAKE_PREFIX_PATH=${CMAKE_PREFIX_PATH}:/root/ros2_ws/src/install/mecanum_bot:/root/ros2_ws/src/install/distance_pid:/root/ros2_ws/src/install/app_subscriber:/opt/ros/humble /usr/bin/cmake --install /root/ros2_ws/src/build/mecanum_hardware
[9.814s] Level 1:colcon.colcon_core.environment:create_environment_scripts_only(mecanum_hardware)
[9.815s] Level 1:colcon.colcon_core.environment:checking '/root/ros2_ws/src/install/mecanum_hardware' for CMake module files
[9.815s] DEBUG:colcon.colcon_core.event_handler.log_command:Invoked command in '/root/ros2_ws/src/build/mecanum_hardware' returned '0': CMAKE_PREFIX_PATH=${CMAKE_PREFIX_PATH}:/root/ros2_ws/src/install/mecanum_bot:/root/ros2_ws/src/install/distance_pid:/root/ros2_ws/src/install/app_subscriber:/opt/ros/humble /usr/bin/cmake --install /root/ros2_ws/src/build/mecanum_hardware
[9.816s] Level 1:colcon.colcon_core.environment:checking '/root/ros2_ws/src/install/mecanum_hardware' for CMake config files
[9.816s] Level 1:colcon.colcon_core.shell:create_environment_hook('mecanum_hardware', 'cmake_prefix_path')
[9.816s] INFO:colcon.colcon_core.shell:Creating environment hook '/root/ros2_ws/src/install/mecanum_hardware/share/mecanum_hardware/hook/cmake_prefix_path.ps1'
[9.817s] INFO:colcon.colcon_core.shell:Creating environment descriptor '/root/ros2_ws/src/install/mecanum_hardware/share/mecanum_hardware/hook/cmake_prefix_path.dsv'
[9.818s] INFO:colcon.colcon_core.shell:Creating environment hook '/root/ros2_ws/src/install/mecanum_hardware/share/mecanum_hardware/hook/cmake_prefix_path.sh'
[9.819s] Level 1:colcon.colcon_core.environment:checking '/root/ros2_ws/src/install/mecanum_hardware/lib'
[9.819s] Level 1:colcon.colcon_core.shell:create_environment_hook('mecanum_hardware', 'ld_library_path_lib')
[9.819s] INFO:colcon.colcon_core.shell:Creating environment hook '/root/ros2_ws/src/install/mecanum_hardware/share/mecanum_hardware/hook/ld_library_path_lib.ps1'
[9.820s] INFO:colcon.colcon_core.shell:Creating environment descriptor '/root/ros2_ws/src/install/mecanum_hardware/share/mecanum_hardware/hook/ld_library_path_lib.dsv'
[9.821s] INFO:colcon.colcon_core.shell:Creating environment hook '/root/ros2_ws/src/install/mecanum_hardware/share/mecanum_hardware/hook/ld_library_path_lib.sh'
[9.823s] Level 1:colcon.colcon_core.environment:checking '/root/ros2_ws/src/install/mecanum_hardware/bin'
[9.823s] Level 1:colcon.colcon_core.environment:checking '/root/ros2_ws/src/install/mecanum_hardware/lib/pkgconfig/mecanum_hardware.pc'
[9.824s] Level 1:colcon.colcon_core.environment:checking '/root/ros2_ws/src/install/mecanum_hardware/lib/python3.10/site-packages'
[9.824s] Level 1:colcon.colcon_core.environment:checking '/root/ros2_ws/src/install/mecanum_hardware/bin'
[9.825s] INFO:colcon.colcon_core.shell:Creating package script '/root/ros2_ws/src/install/mecanum_hardware/share/mecanum_hardware/package.ps1'
[9.826s] INFO:colcon.colcon_core.shell:Creating package descriptor '/root/ros2_ws/src/install/mecanum_hardware/share/mecanum_hardware/package.dsv'
[9.827s] INFO:colcon.colcon_core.shell:Creating package script '/root/ros2_ws/src/install/mecanum_hardware/share/mecanum_hardware/package.sh'
[9.829s] INFO:colcon.colcon_core.shell:Creating package script '/root/ros2_ws/src/install/mecanum_hardware/share/mecanum_hardware/package.bash'
[9.831s] INFO:colcon.colcon_core.shell:Creating package script '/root/ros2_ws/src/install/mecanum_hardware/share/mecanum_hardware/package.zsh'
[9.832s] Level 1:colcon.colcon_core.environment:create_file_with_runtime_dependencies(/root/ros2_ws/src/install/mecanum_hardware/share/colcon-core/packages/mecanum_hardware)
[9.833s] Level 1:colcon.colcon_core.environment:create_environment_scripts_only(mecanum_hardware)
[9.833s] Level 1:colcon.colcon_core.environment:checking '/root/ros2_ws/src/install/mecanum_hardware' for CMake module files
[9.834s] Level 1:colcon.colcon_core.environment:checking '/root/ros2_ws/src/install/mecanum_hardware' for CMake config files
[9.834s] Level 1:colcon.colcon_core.shell:create_environment_hook('mecanum_hardware', 'cmake_prefix_path')
[9.835s] INFO:colcon.colcon_core.shell:Creating environment hook '/root/ros2_ws/src/install/mecanum_hardware/share/mecanum_hardware/hook/cmake_prefix_path.ps1'
[9.835s] INFO:colcon.colcon_core.shell:Creating environment descriptor '/root/ros2_ws/src/install/mecanum_hardware/share/mecanum_hardware/hook/cmake_prefix_path.dsv'
[9.837s] INFO:colcon.colcon_core.shell:Creating environment hook '/root/ros2_ws/src/install/mecanum_hardware/share/mecanum_hardware/hook/cmake_prefix_path.sh'
[9.839s] Level 1:colcon.colcon_core.environment:checking '/root/ros2_ws/src/install/mecanum_hardware/lib'
[9.839s] Level 1:colcon.colcon_core.shell:create_environment_hook('mecanum_hardware', 'ld_library_path_lib')
[9.840s] INFO:colcon.colcon_core.shell:Creating environment hook '/root/ros2_ws/src/install/mecanum_hardware/share/mecanum_hardware/hook/ld_library_path_lib.ps1'
[9.842s] INFO:colcon.colcon_core.shell:Creating environment descriptor '/root/ros2_ws/src/install/mecanum_hardware/share/mecanum_hardware/hook/ld_library_path_lib.dsv'
[9.843s] INFO:colcon.colcon_core.shell:Creating environment hook '/root/ros2_ws/src/install/mecanum_hardware/share/mecanum_hardware/hook/ld_library_path_lib.sh'
[9.845s] Level 1:colcon.colcon_core.environment:checking '/root/ros2_ws/src/install/mecanum_hardware/bin'
[9.845s] Level 1:colcon.colcon_core.environment:checking '/root/ros2_ws/src/install/mecanum_hardware/lib/pkgconfig/mecanum_hardware.pc'
[9.845s] Level 1:colcon.colcon_core.environment:checking '/root/ros2_ws/src/install/mecanum_hardware/lib/python3.10/site-packages'
[9.846s] Level 1:colcon.colcon_core.environment:checking '/root/ros2_ws/src/install/mecanum_hardware/bin'
[9.846s] INFO:colcon.colcon_core.shell:Creating package script '/root/ros2_ws/src/install/mecanum_hardware/share/mecanum_hardware/package.ps1'
[9.847s] INFO:colcon.colcon_core.shell:Creating package descriptor '/root/ros2_ws/src/install/mecanum_hardware/share/mecanum_hardware/package.dsv'
[9.848s] INFO:colcon.colcon_core.shell:Creating package script '/root/ros2_ws/src/install/mecanum_hardware/share/mecanum_hardware/package.sh'
[9.850s] INFO:colcon.colcon_core.shell:Creating package script '/root/ros2_ws/src/install/mecanum_hardware/share/mecanum_hardware/package.bash'
[9.851s] INFO:colcon.colcon_core.shell:Creating package script '/root/ros2_ws/src/install/mecanum_hardware/share/mecanum_hardware/package.zsh'
[9.853s] Level 1:colcon.colcon_core.environment:create_file_with_runtime_dependencies(/root/ros2_ws/src/install/mecanum_hardware/share/colcon-core/packages/mecanum_hardware)
[9.853s] DEBUG:colcon.colcon_parallel_executor.executor.parallel:closing loop
[9.854s] DEBUG:colcon.colcon_parallel_executor.executor.parallel:loop closed
[9.854s] DEBUG:colcon.colcon_parallel_executor.executor.parallel:run_until_complete finished with '0'
[9.854s] DEBUG:colcon.colcon_core.event_reactor:joining thread
[9.888s] INFO:colcon.colcon_core.plugin_system:Skipping extension 'colcon_notification.desktop_notification.notify_send': Could not find 'notify-send'
[9.889s] INFO:colcon.colcon_core.plugin_system:Skipping extension 'colcon_notification.desktop_notification.terminal_notifier': Not used on non-Darwin systems
[9.889s] INFO:colcon.colcon_core.plugin_system:Skipping extension 'colcon_notification.desktop_notification.win32': Not used on non-Windows systems
[9.889s] INFO:colcon.colcon_notification.desktop_notification:Sending desktop notification using 'notify2'
[9.889s] DEBUG:colcon.colcon_notification.desktop_notification.notify2:Failed to initialize notify2: org.freedesktop.DBus.Error.NotSupported: Unable to autolaunch a dbus-daemon without a $DISPLAY for X11
[9.889s] DEBUG:colcon.colcon_core.event_reactor:joined thread
[9.889s] INFO:colcon.colcon_core.shell:Creating prefix script '/root/ros2_ws/src/install/local_setup.ps1'
[9.891s] INFO:colcon.colcon_core.shell:Creating prefix util module '/root/ros2_ws/src/install/_local_setup_util_ps1.py'
[9.893s] INFO:colcon.colcon_core.shell:Creating prefix chain script '/root/ros2_ws/src/install/setup.ps1'
[9.894s] INFO:colcon.colcon_core.shell:Creating prefix script '/root/ros2_ws/src/install/local_setup.sh'
[9.895s] INFO:colcon.colcon_core.shell:Creating prefix util module '/root/ros2_ws/src/install/_local_setup_util_sh.py'
[9.896s] INFO:colcon.colcon_core.shell:Creating prefix chain script '/root/ros2_ws/src/install/setup.sh'
[9.897s] INFO:colcon.colcon_core.shell:Creating prefix script '/root/ros2_ws/src/install/local_setup.bash'
[9.899s] INFO:colcon.colcon_core.shell:Creating prefix chain script '/root/ros2_ws/src/install/setup.bash'
[9.900s] INFO:colcon.colcon_core.shell:Creating prefix script '/root/ros2_ws/src/install/local_setup.zsh'
[9.901s] INFO:colcon.colcon_core.shell:Creating prefix chain script '/root/ros2_ws/src/install/setup.zsh'
