running egg_info
creating ../build/distance_pid/distance_pid.egg-info
writing ../build/distance_pid/distance_pid.egg-info/PKG-INFO
writing dependency_links to ../build/distance_pid/distance_pid.egg-info/dependency_links.txt
writing entry points to ../build/distance_pid/distance_pid.egg-info/entry_points.txt
writing requirements to ../build/distance_pid/distance_pid.egg-info/requires.txt
writing top-level names to ../build/distance_pid/distance_pid.egg-info/top_level.txt
writing manifest file '../build/distance_pid/distance_pid.egg-info/SOURCES.txt'
reading manifest file '../build/distance_pid/distance_pid.egg-info/SOURCES.txt'
writing manifest file '../build/distance_pid/distance_pid.egg-info/SOURCES.txt'
running build
running build_py
creating /root/ros2_ws/src/build/distance_pid/build
creating /root/ros2_ws/src/build/distance_pid/build/lib
creating /root/ros2_ws/src/build/distance_pid/build/lib/distance_pid
copying distance_pid/__init__.py -> /root/ros2_ws/src/build/distance_pid/build/lib/distance_pid
running install
running install_lib
creating /root/ros2_ws/src/install/distance_pid/lib/python3.10/site-packages/distance_pid
copying /root/ros2_ws/src/build/distance_pid/build/lib/distance_pid/__init__.py -> /root/ros2_ws/src/install/distance_pid/lib/python3.10/site-packages/distance_pid
byte-compiling /root/ros2_ws/src/install/distance_pid/lib/python3.10/site-packages/distance_pid/__init__.py to __init__.cpython-310.pyc
running install_data
creating /root/ros2_ws/src/install/distance_pid/share/ament_index
creating /root/ros2_ws/src/install/distance_pid/share/ament_index/resource_index
creating /root/ros2_ws/src/install/distance_pid/share/ament_index/resource_index/packages
copying resource/distance_pid -> /root/ros2_ws/src/install/distance_pid/share/ament_index/resource_index/packages
copying package.xml -> /root/ros2_ws/src/install/distance_pid/share/distance_pid
running install_egg_info
Copying ../build/distance_pid/distance_pid.egg-info to /root/ros2_ws/src/install/distance_pid/lib/python3.10/site-packages/distance_pid-0.0.0-py3.10.egg-info
running install_scripts
writing list of installed files to '/root/ros2_ws/src/build/distance_pid/install.log'
