[1.654s] Invoking command in '/root/ros2_ws/src/distance_pid': PYTHONPATH=/root/ros2_ws/src/build/distance_pid/prefix_override:/usr/lib/python3/dist-packages/colcon_core/task/python/colcon_distutils_commands:/root/ros2_ws/src/install/distance_pid/lib/python3.10/site-packages:${PYTHONPATH} /usr/bin/python3 -W ignore:setup.py install is deprecated -W ignore:easy_install command is deprecated setup.py egg_info --egg-base ../build/distance_pid build --build-base /root/ros2_ws/src/build/distance_pid/build install --record /root/ros2_ws/src/build/distance_pid/install.log --single-version-externally-managed install_data
[2.047s] running egg_info
[2.049s] creating ../build/distance_pid/distance_pid.egg-info
[2.049s] writing ../build/distance_pid/distance_pid.egg-info/PKG-INFO
[2.051s] writing dependency_links to ../build/distance_pid/distance_pid.egg-info/dependency_links.txt
[2.052s] writing entry points to ../build/distance_pid/distance_pid.egg-info/entry_points.txt
[2.052s] writing requirements to ../build/distance_pid/distance_pid.egg-info/requires.txt
[2.052s] writing top-level names to ../build/distance_pid/distance_pid.egg-info/top_level.txt
[2.052s] writing manifest file '../build/distance_pid/distance_pid.egg-info/SOURCES.txt'
[2.059s] reading manifest file '../build/distance_pid/distance_pid.egg-info/SOURCES.txt'
[2.060s] writing manifest file '../build/distance_pid/distance_pid.egg-info/SOURCES.txt'
[2.060s] running build
[2.060s] running build_py
[2.060s] creating /root/ros2_ws/src/build/distance_pid/build
[2.060s] creating /root/ros2_ws/src/build/distance_pid/build/lib
[2.060s] creating /root/ros2_ws/src/build/distance_pid/build/lib/distance_pid
[2.060s] copying distance_pid/__init__.py -> /root/ros2_ws/src/build/distance_pid/build/lib/distance_pid
[2.060s] running install
[2.061s] running install_lib
[2.062s] creating /root/ros2_ws/src/install/distance_pid/lib/python3.10/site-packages/distance_pid
[2.063s] copying /root/ros2_ws/src/build/distance_pid/build/lib/distance_pid/__init__.py -> /root/ros2_ws/src/install/distance_pid/lib/python3.10/site-packages/distance_pid
[2.064s] byte-compiling /root/ros2_ws/src/install/distance_pid/lib/python3.10/site-packages/distance_pid/__init__.py to __init__.cpython-310.pyc
[2.065s] running install_data
[2.065s] creating /root/ros2_ws/src/install/distance_pid/share/ament_index
[2.069s] creating /root/ros2_ws/src/install/distance_pid/share/ament_index/resource_index
[2.069s] creating /root/ros2_ws/src/install/distance_pid/share/ament_index/resource_index/packages
[2.069s] copying resource/distance_pid -> /root/ros2_ws/src/install/distance_pid/share/ament_index/resource_index/packages
[2.069s] copying package.xml -> /root/ros2_ws/src/install/distance_pid/share/distance_pid
[2.069s] running install_egg_info
[2.072s] Copying ../build/distance_pid/distance_pid.egg-info to /root/ros2_ws/src/install/distance_pid/lib/python3.10/site-packages/distance_pid-0.0.0-py3.10.egg-info
[2.075s] running install_scripts
[2.139s] writing list of installed files to '/root/ros2_ws/src/build/distance_pid/install.log'
[2.310s] Invoked command in '/root/ros2_ws/src/distance_pid' returned '0': PYTHONPATH=/root/ros2_ws/src/build/distance_pid/prefix_override:/usr/lib/python3/dist-packages/colcon_core/task/python/colcon_distutils_commands:/root/ros2_ws/src/install/distance_pid/lib/python3.10/site-packages:${PYTHONPATH} /usr/bin/python3 -W ignore:setup.py install is deprecated -W ignore:easy_install command is deprecated setup.py egg_info --egg-base ../build/distance_pid build --build-base /root/ros2_ws/src/build/distance_pid/build install --record /root/ros2_ws/src/build/distance_pid/install.log --single-version-externally-managed install_data
