[0.852s] Invoking command in '/root/ros2_ws/build/rqt_controller_manager': AMENT_PREFIX_PATH=/root/ros2_ws/install/controller_manager:/root/ros2_ws/install/hardware_interface_testing:/root/ros2_ws/install/controller_manager_msgs:${AMENT_PREFIX_PATH} CMAKE_PREFIX_PATH=/root/ros2_ws/install/controller_manager:/root/ros2_ws/install/hardware_interface_testing:/root/ros2_ws/install/controller_interface:/root/ros2_ws/install/hardware_interface:/root/ros2_ws/install/ros2_control_test_assets:/root/ros2_ws/install/controller_manager_msgs LD_LIBRARY_PATH=/root/ros2_ws/install/controller_manager/lib:/root/ros2_ws/install/hardware_interface_testing/lib:/root/ros2_ws/install/controller_interface/lib:/root/ros2_ws/install/hardware_interface/lib:/root/ros2_ws/install/controller_manager_msgs/lib:/root/ros2_ws/install/ros2_control_test_assets/lib:/opt/ros/humble/lib/aarch64-linux-gnu:/opt/ros/humble/lib PYTHONPATH=/root/ros2_ws/build/rqt_controller_manager/prefix_override:/usr/lib/python3/dist-packages/colcon_core/task/python/colcon_distutils_commands:/root/ros2_ws/install/rqt_controller_manager/lib/python3.10/site-packages:/root/ros2_ws/install/controller_manager/local/lib/python3.10/dist-packages:/root/ros2_ws/install/controller_manager_msgs/local/lib/python3.10/dist-packages:${PYTHONPATH} /usr/bin/python3 -W ignore:setup.py install is deprecated -W ignore:easy_install command is deprecated setup.py develop --editable --build-directory /root/ros2_ws/build/rqt_controller_manager/build --no-deps symlink_data
[1.146s] running develop
[1.280s] running egg_info
[1.280s] creating rqt_controller_manager.egg-info
[1.281s] writing rqt_controller_manager.egg-info/PKG-INFO
[1.281s] writing dependency_links to rqt_controller_manager.egg-info/dependency_links.txt
[1.281s] writing entry points to rqt_controller_manager.egg-info/entry_points.txt
[1.281s] writing requirements to rqt_controller_manager.egg-info/requires.txt
[1.281s] writing top-level names to rqt_controller_manager.egg-info/top_level.txt
[1.281s] writing manifest file 'rqt_controller_manager.egg-info/SOURCES.txt'
[1.284s] reading manifest file 'rqt_controller_manager.egg-info/SOURCES.txt'
[1.285s] writing manifest file 'rqt_controller_manager.egg-info/SOURCES.txt'
[1.287s] running build_ext
[1.287s] Creating /root/ros2_ws/install/rqt_controller_manager/lib/python3.10/site-packages/rqt-controller-manager.egg-link (link to .)
[1.288s] Installing rqt_controller_manager script to /root/ros2_ws/install/rqt_controller_manager/lib/rqt_controller_manager
[1.288s] 
[1.288s] Installed /root/ros2_ws/build/rqt_controller_manager
[1.288s] running symlink_data
[1.288s] creating /root/ros2_ws/install/rqt_controller_manager/share/ament_index
[1.289s] creating /root/ros2_ws/install/rqt_controller_manager/share/ament_index/resource_index
[1.289s] creating /root/ros2_ws/install/rqt_controller_manager/share/ament_index/resource_index/packages
[1.289s] symbolically linking /root/ros2_ws/build/rqt_controller_manager/resource/rqt_controller_manager -> /root/ros2_ws/install/rqt_controller_manager/share/ament_index/resource_index/packages
[1.289s] symbolically linking /root/ros2_ws/build/rqt_controller_manager/package.xml -> /root/ros2_ws/install/rqt_controller_manager/share/rqt_controller_manager
[1.289s] creating /root/ros2_ws/install/rqt_controller_manager/share/rqt_controller_manager/resource
[1.289s] symbolically linking /root/ros2_ws/build/rqt_controller_manager/resource/led_red.png -> /root/ros2_ws/install/rqt_controller_manager/share/rqt_controller_manager/resource
[1.289s] symbolically linking /root/ros2_ws/build/rqt_controller_manager/resource/popup_info.ui -> /root/ros2_ws/install/rqt_controller_manager/share/rqt_controller_manager/resource
[1.289s] symbolically linking /root/ros2_ws/build/rqt_controller_manager/resource/cm_icon.png -> /root/ros2_ws/install/rqt_controller_manager/share/rqt_controller_manager/resource
[1.289s] symbolically linking /root/ros2_ws/build/rqt_controller_manager/resource/led_green.png -> /root/ros2_ws/install/rqt_controller_manager/share/rqt_controller_manager/resource
[1.289s] symbolically linking /root/ros2_ws/build/rqt_controller_manager/resource/led_off.png -> /root/ros2_ws/install/rqt_controller_manager/share/rqt_controller_manager/resource
[1.289s] symbolically linking /root/ros2_ws/build/rqt_controller_manager/resource/controller_manager.ui -> /root/ros2_ws/install/rqt_controller_manager/share/rqt_controller_manager/resource
[1.290s] symbolically linking /root/ros2_ws/build/rqt_controller_manager/plugin.xml -> /root/ros2_ws/install/rqt_controller_manager/share/rqt_controller_manager
[1.357s] Invoked command in '/root/ros2_ws/build/rqt_controller_manager' returned '0': AMENT_PREFIX_PATH=/root/ros2_ws/install/controller_manager:/root/ros2_ws/install/hardware_interface_testing:/root/ros2_ws/install/controller_manager_msgs:${AMENT_PREFIX_PATH} CMAKE_PREFIX_PATH=/root/ros2_ws/install/controller_manager:/root/ros2_ws/install/hardware_interface_testing:/root/ros2_ws/install/controller_interface:/root/ros2_ws/install/hardware_interface:/root/ros2_ws/install/ros2_control_test_assets:/root/ros2_ws/install/controller_manager_msgs LD_LIBRARY_PATH=/root/ros2_ws/install/controller_manager/lib:/root/ros2_ws/install/hardware_interface_testing/lib:/root/ros2_ws/install/controller_interface/lib:/root/ros2_ws/install/hardware_interface/lib:/root/ros2_ws/install/controller_manager_msgs/lib:/root/ros2_ws/install/ros2_control_test_assets/lib:/opt/ros/humble/lib/aarch64-linux-gnu:/opt/ros/humble/lib PYTHONPATH=/root/ros2_ws/build/rqt_controller_manager/prefix_override:/usr/lib/python3/dist-packages/colcon_core/task/python/colcon_distutils_commands:/root/ros2_ws/install/rqt_controller_manager/lib/python3.10/site-packages:/root/ros2_ws/install/controller_manager/local/lib/python3.10/dist-packages:/root/ros2_ws/install/controller_manager_msgs/local/lib/python3.10/dist-packages:${PYTHONPATH} /usr/bin/python3 -W ignore:setup.py install is deprecated -W ignore:easy_install command is deprecated setup.py develop --editable --build-directory /root/ros2_ws/build/rqt_controller_manager/build --no-deps symlink_data
