[1.950s] Invoking command in '/root/ros2_ws/src/distance_pid': PYTHONPATH=/root/ros2_ws/build/distance_pid/prefix_override:/usr/lib/python3/dist-packages/colcon_core/task/python/colcon_distutils_commands:/root/ros2_ws/install/distance_pid/lib/python3.10/site-packages:${PYTHONPATH} /usr/bin/python3 -W ignore:setup.py install is deprecated -W ignore:easy_install command is deprecated setup.py egg_info --egg-base ../../build/distance_pid build --build-base /root/ros2_ws/build/distance_pid/build install --record /root/ros2_ws/build/distance_pid/install.log --single-version-externally-managed install_data
[2.398s] running egg_info
[2.399s] creating ../../build/distance_pid/distance_pid.egg-info
[2.400s] writing ../../build/distance_pid/distance_pid.egg-info/PKG-INFO
[2.402s] writing dependency_links to ../../build/distance_pid/distance_pid.egg-info/dependency_links.txt
[2.403s] writing entry points to ../../build/distance_pid/distance_pid.egg-info/entry_points.txt
[2.403s] writing requirements to ../../build/distance_pid/distance_pid.egg-info/requires.txt
[2.405s] writing top-level names to ../../build/distance_pid/distance_pid.egg-info/top_level.txt
[2.405s] writing manifest file '../../build/distance_pid/distance_pid.egg-info/SOURCES.txt'
[2.409s] reading manifest file '../../build/distance_pid/distance_pid.egg-info/SOURCES.txt'
[2.411s] writing manifest file '../../build/distance_pid/distance_pid.egg-info/SOURCES.txt'
[2.412s] running build
[2.412s] running build_py
[2.413s] creating /root/ros2_ws/build/distance_pid/build
[2.413s] creating /root/ros2_ws/build/distance_pid/build/lib
[2.414s] creating /root/ros2_ws/build/distance_pid/build/lib/distance_pid
[2.415s] copying distance_pid/__init__.py -> /root/ros2_ws/build/distance_pid/build/lib/distance_pid
[2.416s] running install
[2.421s] running install_lib
[2.421s] creating /root/ros2_ws/install/distance_pid/lib/python3.10/site-packages/distance_pid
[2.422s] copying /root/ros2_ws/build/distance_pid/build/lib/distance_pid/__init__.py -> /root/ros2_ws/install/distance_pid/lib/python3.10/site-packages/distance_pid
[2.422s] byte-compiling /root/ros2_ws/install/distance_pid/lib/python3.10/site-packages/distance_pid/__init__.py to __init__.cpython-310.pyc
[2.422s] running install_data
[2.423s] creating /root/ros2_ws/install/distance_pid/share/ament_index
[2.423s] creating /root/ros2_ws/install/distance_pid/share/ament_index/resource_index
[2.423s] creating /root/ros2_ws/install/distance_pid/share/ament_index/resource_index/packages
[2.424s] copying resource/distance_pid -> /root/ros2_ws/install/distance_pid/share/ament_index/resource_index/packages
[2.424s] copying package.xml -> /root/ros2_ws/install/distance_pid/share/distance_pid
[2.425s] running install_egg_info
[2.432s] Copying ../../build/distance_pid/distance_pid.egg-info to /root/ros2_ws/install/distance_pid/lib/python3.10/site-packages/distance_pid-0.0.0-py3.10.egg-info
[2.434s] running install_scripts
[2.511s] writing list of installed files to '/root/ros2_ws/build/distance_pid/install.log'
[2.632s] Invoked command in '/root/ros2_ws/src/distance_pid' returned '0': PYTHONPATH=/root/ros2_ws/build/distance_pid/prefix_override:/usr/lib/python3/dist-packages/colcon_core/task/python/colcon_distutils_commands:/root/ros2_ws/install/distance_pid/lib/python3.10/site-packages:${PYTHONPATH} /usr/bin/python3 -W ignore:setup.py install is deprecated -W ignore:easy_install command is deprecated setup.py egg_info --egg-base ../../build/distance_pid build --build-base /root/ros2_ws/build/distance_pid/build install --record /root/ros2_ws/build/distance_pid/install.log --single-version-externally-managed install_data
