[0.921s] Invoking command in '/root/ros2_ws/build/mecanum_hardware': CMAKE_PREFIX_PATH=${CMAKE_PREFIX_PATH}:/root/ros2_ws/install/mecanum_bot:/root/ros2_ws/install/distance_pid:/root/ros2_ws/install/app_subscriber:/opt/ros/humble /usr/bin/cmake /root/ros2_ws/src/mecanum_hardware -DCMAKE_INSTALL_PREFIX=/root/ros2_ws/install/mecanum_hardware
[1.795s] -- The C compiler identification is GNU 11.4.0
[2.239s] -- The CXX compiler identification is GNU 11.4.0
[2.274s] -- Detecting C compiler ABI info
[2.507s] -- Detecting C compiler ABI info - done
[2.520s] -- Check for working C compiler: /usr/bin/cc - skipped
[2.525s] -- Detecting C compile features
[2.531s] -- Detecting C compile features - done
[2.548s] -- Detecting CXX compiler ABI info
[2.764s] -- Detecting CXX compiler ABI info - done
[2.777s] -- Check for working CXX compiler: /usr/bin/c++ - skipped
[2.777s] -- Detecting CXX compile features
[2.778s] -- Detecting CXX compile features - done
[2.792s] -- Found ament_cmake: 1.3.12 (/opt/ros/humble/share/ament_cmake/cmake)
[3.114s] -- Found Python3: /usr/bin/python3 (found version "3.10.12") found components: Interpreter 
[3.388s] -- Found rclcpp: 16.0.15 (/opt/ros/humble/share/rclcpp/cmake)
[3.527s] -- Found rosidl_generator_c: 3.1.7 (/opt/ros/humble/share/rosidl_generator_c/cmake)
[3.543s] -- Found rosidl_adapter: 3.1.7 (/opt/ros/humble/share/rosidl_adapter/cmake)
[3.570s] -- Found rosidl_generator_cpp: 3.1.7 (/opt/ros/humble/share/rosidl_generator_cpp/cmake)
[3.615s] -- Using all available rosidl_typesupport_c: rosidl_typesupport_fastrtps_c;rosidl_typesupport_introspection_c
[3.659s] -- Using all available rosidl_typesupport_cpp: rosidl_typesupport_fastrtps_cpp;rosidl_typesupport_introspection_cpp
[3.792s] -- Found rmw_implementation_cmake: 6.1.2 (/opt/ros/humble/share/rmw_implementation_cmake/cmake)
[3.801s] -- Found rmw_fastrtps_cpp: 6.2.9 (/opt/ros/humble/share/rmw_fastrtps_cpp/cmake)
[4.035s] -- Found OpenSSL: /usr/lib/aarch64-linux-gnu/libcrypto.so (found version "3.0.2")  
[4.067s] -- Found FastRTPS: /opt/ros/humble/include  
[4.112s] -- Using RMW implementation 'rmw_fastrtps_cpp' as default
[4.136s] -- Looking for pthread.h
[4.299s] -- Looking for pthread.h - found
[4.299s] -- Performing Test CMAKE_HAVE_LIBC_PTHREAD
[4.433s] -- Performing Test CMAKE_HAVE_LIBC_PTHREAD - Success
[4.435s] -- Found Threads: TRUE  
[4.594s] -- Found rclcpp_lifecycle: 16.0.15 (/opt/ros/humble/share/rclcpp_lifecycle/cmake)
[4.653s] -- Found hardware_interface: 2.52.2 (/opt/ros/humble/share/hardware_interface/cmake)
[4.984s] -- LibSerial include dir: /usr/include/libserial
[4.984s] -- LibSerial library: /usr/lib/aarch64-linux-gnu/libserial.so
[5.094s] -- Configuring done
[5.114s] -- Generating done
[5.121s] -- Build files have been written to: /root/ros2_ws/build/mecanum_hardware
[5.137s] Invoked command in '/root/ros2_ws/build/mecanum_hardware' returned '0': CMAKE_PREFIX_PATH=${CMAKE_PREFIX_PATH}:/root/ros2_ws/install/mecanum_bot:/root/ros2_ws/install/distance_pid:/root/ros2_ws/install/app_subscriber:/opt/ros/humble /usr/bin/cmake /root/ros2_ws/src/mecanum_hardware -DCMAKE_INSTALL_PREFIX=/root/ros2_ws/install/mecanum_hardware
[5.140s] Invoking command in '/root/ros2_ws/build/mecanum_hardware': CMAKE_PREFIX_PATH=${CMAKE_PREFIX_PATH}:/root/ros2_ws/install/mecanum_bot:/root/ros2_ws/install/distance_pid:/root/ros2_ws/install/app_subscriber:/opt/ros/humble /usr/bin/cmake --build /root/ros2_ws/build/mecanum_hardware -- -j4 -l4
[5.230s] [ 50%] [32mBuilding CXX object CMakeFiles/mecanum_hardware.dir/src/mecanum_system.cpp.o[0m
[13.154s] [100%] [32m[1mLinking CXX shared library libmecanum_hardware.so[0m
[13.787s] [100%] Built target mecanum_hardware
[13.808s] Invoked command in '/root/ros2_ws/build/mecanum_hardware' returned '0': CMAKE_PREFIX_PATH=${CMAKE_PREFIX_PATH}:/root/ros2_ws/install/mecanum_bot:/root/ros2_ws/install/distance_pid:/root/ros2_ws/install/app_subscriber:/opt/ros/humble /usr/bin/cmake --build /root/ros2_ws/build/mecanum_hardware -- -j4 -l4
[13.827s] Invoking command in '/root/ros2_ws/build/mecanum_hardware': CMAKE_PREFIX_PATH=${CMAKE_PREFIX_PATH}:/root/ros2_ws/install/mecanum_bot:/root/ros2_ws/install/distance_pid:/root/ros2_ws/install/app_subscriber:/opt/ros/humble /usr/bin/cmake --install /root/ros2_ws/build/mecanum_hardware
[13.840s] -- Install configuration: ""
[13.840s] -- Installing: /root/ros2_ws/install/mecanum_hardware/share/mecanum_hardware/mecanum_hardware.xml
[13.841s] -- Installing: /root/ros2_ws/install/mecanum_hardware/lib/libmecanum_hardware.so
[13.845s] -- Set runtime path of "/root/ros2_ws/install/mecanum_hardware/lib/libmecanum_hardware.so" to ""
[13.845s] -- Installing: /root/ros2_ws/install/mecanum_hardware/include
[13.845s] -- Installing: /root/ros2_ws/install/mecanum_hardware/include/mecanum_hardware
[13.845s] -- Installing: /root/ros2_ws/install/mecanum_hardware/include/mecanum_hardware/mecanum_system.hpp
[13.845s] -- Up-to-date: /root/ros2_ws/install/mecanum_hardware/share/mecanum_hardware/mecanum_hardware.xml
[13.845s] -- Installing: /root/ros2_ws/install/mecanum_hardware/share/ament_index/resource_index/package_run_dependencies/mecanum_hardware
[13.846s] -- Installing: /root/ros2_ws/install/mecanum_hardware/share/ament_index/resource_index/parent_prefix_path/mecanum_hardware
[13.846s] -- Installing: /root/ros2_ws/install/mecanum_hardware/share/mecanum_hardware/environment/ament_prefix_path.sh
[13.846s] -- Installing: /root/ros2_ws/install/mecanum_hardware/share/mecanum_hardware/environment/ament_prefix_path.dsv
[13.846s] -- Installing: /root/ros2_ws/install/mecanum_hardware/share/mecanum_hardware/environment/path.sh
[13.846s] -- Installing: /root/ros2_ws/install/mecanum_hardware/share/mecanum_hardware/environment/path.dsv
[13.847s] -- Installing: /root/ros2_ws/install/mecanum_hardware/share/mecanum_hardware/local_setup.bash
[13.847s] -- Installing: /root/ros2_ws/install/mecanum_hardware/share/mecanum_hardware/local_setup.sh
[13.847s] -- Installing: /root/ros2_ws/install/mecanum_hardware/share/mecanum_hardware/local_setup.zsh
[13.847s] -- Installing: /root/ros2_ws/install/mecanum_hardware/share/mecanum_hardware/local_setup.dsv
[13.847s] -- Installing: /root/ros2_ws/install/mecanum_hardware/share/mecanum_hardware/package.dsv
[13.847s] -- Installing: /root/ros2_ws/install/mecanum_hardware/share/ament_index/resource_index/packages/mecanum_hardware
[13.848s] -- Installing: /root/ros2_ws/install/mecanum_hardware/share/ament_index/resource_index/hardware_interface__pluginlib__plugin/mecanum_hardware
[13.848s] -- Installing: /root/ros2_ws/install/mecanum_hardware/share/mecanum_hardware/cmake/mecanum_hardwareConfig.cmake
[13.848s] -- Installing: /root/ros2_ws/install/mecanum_hardware/share/mecanum_hardware/cmake/mecanum_hardwareConfig-version.cmake
[13.848s] -- Installing: /root/ros2_ws/install/mecanum_hardware/share/mecanum_hardware/package.xml
[13.852s] Invoked command in '/root/ros2_ws/build/mecanum_hardware' returned '0': CMAKE_PREFIX_PATH=${CMAKE_PREFIX_PATH}:/root/ros2_ws/install/mecanum_bot:/root/ros2_ws/install/distance_pid:/root/ros2_ws/install/app_subscriber:/opt/ros/humble /usr/bin/cmake --install /root/ros2_ws/build/mecanum_hardware
