[0.166s] DEBUG:colcon:Command line arguments: ['/usr/bin/colcon', 'build']
[0.166s] DEBUG:colcon:Parsed command line arguments: Namespace(log_base=None, log_level=None, verb_name='build', build_base='build', install_base='install', merge_install=False, symlink_install=False, test_result_base=None, continue_on_error=False, executor='parallel', parallel_workers=4, event_handlers=None, ignore_user_meta=False, metas=['./colcon.meta'], base_paths=['.'], packages_ignore=None, packages_ignore_regex=None, paths=None, packages_up_to=None, packages_up_to_regex=None, packages_above=None, packages_above_and_dependencies=None, packages_above_depth=None, packages_select_by_dep=None, packages_skip_by_dep=None, packages_skip_up_to=None, packages_select_build_failed=False, packages_skip_build_finished=False, packages_select_test_failures=False, packages_skip_test_passed=False, packages_select=None, packages_skip=None, packages_select_regex=None, packages_skip_regex=None, packages_start=None, packages_end=None, cmake_args=None, cmake_target=None, cmake_target_skip_unavailable=False, cmake_clean_cache=False, cmake_clean_first=False, cmake_force_configure=False, ament_cmake_args=None, catkin_cmake_args=None, catkin_skip_building_tests=False, mixin_files=None, mixin=None, verb_parser=<colcon_mixin.mixin.mixin_argument.MixinArgumentDecorator object at 0xffff7f20ab90>, verb_extension=<colcon_core.verb.build.BuildVerb object at 0xffff7f3e4040>, main=<bound method BuildVerb.main of <colcon_core.verb.build.BuildVerb object at 0xffff7f3e4040>>, mixin_verb=('build',))
[0.342s] Level 1:colcon.colcon_core.package_discovery:discover_packages(colcon_meta) check parameters
[0.343s] INFO:colcon.colcon_metadata.package_discovery.colcon_meta:Using configuration from '/root/.colcon/metadata/default/Gazebo.meta'
[0.344s] INFO:colcon.colcon_metadata.package_discovery.colcon_meta:Using configuration from '/root/.colcon/metadata/default/fastdds.meta'
[0.345s] INFO:colcon.colcon_metadata.package_discovery.colcon_meta:Using configuration from '/root/.colcon/metadata/default/fastrtps.meta'
[0.345s] Level 1:colcon.colcon_core.package_discovery:discover_packages(recursive) check parameters
[0.345s] Level 1:colcon.colcon_core.package_discovery:discover_packages(ignore) check parameters
[0.345s] Level 1:colcon.colcon_core.package_discovery:discover_packages(path) check parameters
[0.345s] Level 1:colcon.colcon_core.package_discovery:discover_packages(colcon_meta) discover
[0.345s] Level 1:colcon.colcon_core.package_discovery:discover_packages(recursive) discover
[0.345s] INFO:colcon.colcon_core.package_discovery:Crawling recursively for packages in '/root/ros2_ws'
[0.345s] Level 1:colcon.colcon_core.package_identification:_identify(.) by extensions ['ignore', 'ignore_ament_install']
[0.345s] Level 1:colcon.colcon_core.package_identification:_identify(.) by extension 'ignore'
[0.345s] Level 1:colcon.colcon_core.package_identification:_identify(.) by extension 'ignore_ament_install'
[0.345s] Level 1:colcon.colcon_core.package_identification:_identify(.) by extensions ['colcon_pkg']
[0.345s] Level 1:colcon.colcon_core.package_identification:_identify(.) by extension 'colcon_pkg'
[0.345s] Level 1:colcon.colcon_core.package_identification:_identify(.) by extensions ['colcon_meta']
[0.346s] Level 1:colcon.colcon_core.package_identification:_identify(.) by extension 'colcon_meta'
[0.346s] Level 1:colcon.colcon_core.package_identification:_identify(.) by extensions ['ros']
[0.346s] Level 1:colcon.colcon_core.package_identification:_identify(.) by extension 'ros'
[0.361s] Level 1:colcon.colcon_core.package_identification:_identify(.) by extensions ['cmake', 'python']
[0.361s] Level 1:colcon.colcon_core.package_identification:_identify(.) by extension 'cmake'
[0.361s] Level 1:colcon.colcon_core.package_identification:_identify(.) by extension 'python'
[0.361s] Level 1:colcon.colcon_core.package_identification:_identify(.) by extensions ['python_setup_py']
[0.361s] Level 1:colcon.colcon_core.package_identification:_identify(.) by extension 'python_setup_py'
[0.361s] Level 1:colcon.colcon_core.package_identification:_identify(build) by extensions ['ignore', 'ignore_ament_install']
[0.361s] Level 1:colcon.colcon_core.package_identification:_identify(build) by extension 'ignore'
[0.362s] Level 1:colcon.colcon_core.package_identification:_identify(build) ignored
[0.362s] Level 1:colcon.colcon_core.package_identification:_identify(install) by extensions ['ignore', 'ignore_ament_install']
[0.362s] Level 1:colcon.colcon_core.package_identification:_identify(install) by extension 'ignore'
[0.362s] Level 1:colcon.colcon_core.package_identification:_identify(install) ignored
[0.362s] Level 1:colcon.colcon_core.package_identification:_identify(log) by extensions ['ignore', 'ignore_ament_install']
[0.362s] Level 1:colcon.colcon_core.package_identification:_identify(log) by extension 'ignore'
[0.362s] Level 1:colcon.colcon_core.package_identification:_identify(log) ignored
[0.362s] Level 1:colcon.colcon_core.package_identification:_identify(src) by extensions ['ignore', 'ignore_ament_install']
[0.362s] Level 1:colcon.colcon_core.package_identification:_identify(src) by extension 'ignore'
[0.362s] Level 1:colcon.colcon_core.package_identification:_identify(src) by extension 'ignore_ament_install'
[0.363s] Level 1:colcon.colcon_core.package_identification:_identify(src) by extensions ['colcon_pkg']
[0.363s] Level 1:colcon.colcon_core.package_identification:_identify(src) by extension 'colcon_pkg'
[0.363s] Level 1:colcon.colcon_core.package_identification:_identify(src) by extensions ['colcon_meta']
[0.363s] Level 1:colcon.colcon_core.package_identification:_identify(src) by extension 'colcon_meta'
[0.363s] Level 1:colcon.colcon_core.package_identification:_identify(src) by extensions ['ros']
[0.363s] Level 1:colcon.colcon_core.package_identification:_identify(src) by extension 'ros'
[0.363s] Level 1:colcon.colcon_core.package_identification:_identify(src) by extensions ['cmake', 'python']
[0.363s] Level 1:colcon.colcon_core.package_identification:_identify(src) by extension 'cmake'
[0.363s] Level 1:colcon.colcon_core.package_identification:_identify(src) by extension 'python'
[0.363s] Level 1:colcon.colcon_core.package_identification:_identify(src) by extensions ['python_setup_py']
[0.363s] Level 1:colcon.colcon_core.package_identification:_identify(src) by extension 'python_setup_py'
[0.363s] Level 1:colcon.colcon_core.package_identification:_identify(src/app_subscriber) by extensions ['ignore', 'ignore_ament_install']
[0.363s] Level 1:colcon.colcon_core.package_identification:_identify(src/app_subscriber) by extension 'ignore'
[0.363s] Level 1:colcon.colcon_core.package_identification:_identify(src/app_subscriber) by extension 'ignore_ament_install'
[0.363s] Level 1:colcon.colcon_core.package_identification:_identify(src/app_subscriber) by extensions ['colcon_pkg']
[0.363s] Level 1:colcon.colcon_core.package_identification:_identify(src/app_subscriber) by extension 'colcon_pkg'
[0.363s] Level 1:colcon.colcon_core.package_identification:_identify(src/app_subscriber) by extensions ['colcon_meta']
[0.363s] Level 1:colcon.colcon_core.package_identification:_identify(src/app_subscriber) by extension 'colcon_meta'
[0.364s] Level 1:colcon.colcon_core.package_identification:_identify(src/app_subscriber) by extensions ['ros']
[0.364s] Level 1:colcon.colcon_core.package_identification:_identify(src/app_subscriber) by extension 'ros'
[0.367s] DEBUG:colcon.colcon_core.package_identification:Package 'src/app_subscriber' with type 'ros.ament_python' and name 'app_subscriber'
[0.367s] Level 1:colcon.colcon_core.package_identification:_identify(src/build) by extensions ['ignore', 'ignore_ament_install']
[0.367s] Level 1:colcon.colcon_core.package_identification:_identify(src/build) by extension 'ignore'
[0.367s] Level 1:colcon.colcon_core.package_identification:_identify(src/build) ignored
[0.367s] Level 1:colcon.colcon_core.package_identification:_identify(src/distance_pid) by extensions ['ignore', 'ignore_ament_install']
[0.367s] Level 1:colcon.colcon_core.package_identification:_identify(src/distance_pid) by extension 'ignore'
[0.367s] Level 1:colcon.colcon_core.package_identification:_identify(src/distance_pid) by extension 'ignore_ament_install'
[0.367s] Level 1:colcon.colcon_core.package_identification:_identify(src/distance_pid) by extensions ['colcon_pkg']
[0.368s] Level 1:colcon.colcon_core.package_identification:_identify(src/distance_pid) by extension 'colcon_pkg'
[0.368s] Level 1:colcon.colcon_core.package_identification:_identify(src/distance_pid) by extensions ['colcon_meta']
[0.368s] Level 1:colcon.colcon_core.package_identification:_identify(src/distance_pid) by extension 'colcon_meta'
[0.368s] Level 1:colcon.colcon_core.package_identification:_identify(src/distance_pid) by extensions ['ros']
[0.368s] Level 1:colcon.colcon_core.package_identification:_identify(src/distance_pid) by extension 'ros'
[0.369s] DEBUG:colcon.colcon_core.package_identification:Package 'src/distance_pid' with type 'ros.ament_python' and name 'distance_pid'
[0.369s] Level 1:colcon.colcon_core.package_identification:_identify(src/install) by extensions ['ignore', 'ignore_ament_install']
[0.369s] Level 1:colcon.colcon_core.package_identification:_identify(src/install) by extension 'ignore'
[0.369s] Level 1:colcon.colcon_core.package_identification:_identify(src/install) ignored
[0.369s] Level 1:colcon.colcon_core.package_identification:_identify(src/log) by extensions ['ignore', 'ignore_ament_install']
[0.372s] Level 1:colcon.colcon_core.package_identification:_identify(src/log) by extension 'ignore'
[0.372s] Level 1:colcon.colcon_core.package_identification:_identify(src/log) ignored
[0.372s] Level 1:colcon.colcon_core.package_identification:_identify(src/mecanum_bot) by extensions ['ignore', 'ignore_ament_install']
[0.372s] Level 1:colcon.colcon_core.package_identification:_identify(src/mecanum_bot) by extension 'ignore'
[0.372s] Level 1:colcon.colcon_core.package_identification:_identify(src/mecanum_bot) by extension 'ignore_ament_install'
[0.372s] Level 1:colcon.colcon_core.package_identification:_identify(src/mecanum_bot) by extensions ['colcon_pkg']
[0.372s] Level 1:colcon.colcon_core.package_identification:_identify(src/mecanum_bot) by extension 'colcon_pkg'
[0.372s] Level 1:colcon.colcon_core.package_identification:_identify(src/mecanum_bot) by extensions ['colcon_meta']
[0.372s] Level 1:colcon.colcon_core.package_identification:_identify(src/mecanum_bot) by extension 'colcon_meta'
[0.373s] Level 1:colcon.colcon_core.package_identification:_identify(src/mecanum_bot) by extensions ['ros']
[0.373s] Level 1:colcon.colcon_core.package_identification:_identify(src/mecanum_bot) by extension 'ros'
[0.373s] DEBUG:colcon.colcon_core.package_identification:Package 'src/mecanum_bot' with type 'ros.ament_python' and name 'mecanum_bot'
[0.373s] Level 1:colcon.colcon_core.package_identification:_identify(src/mecanum_hardware) by extensions ['ignore', 'ignore_ament_install']
[0.374s] Level 1:colcon.colcon_core.package_identification:_identify(src/mecanum_hardware) by extension 'ignore'
[0.374s] Level 1:colcon.colcon_core.package_identification:_identify(src/mecanum_hardware) by extension 'ignore_ament_install'
[0.374s] Level 1:colcon.colcon_core.package_identification:_identify(src/mecanum_hardware) by extensions ['colcon_pkg']
[0.374s] Level 1:colcon.colcon_core.package_identification:_identify(src/mecanum_hardware) by extension 'colcon_pkg'
[0.374s] Level 1:colcon.colcon_core.package_identification:_identify(src/mecanum_hardware) by extensions ['colcon_meta']
[0.374s] Level 1:colcon.colcon_core.package_identification:_identify(src/mecanum_hardware) by extension 'colcon_meta'
[0.374s] Level 1:colcon.colcon_core.package_identification:_identify(src/mecanum_hardware) by extensions ['ros']
[0.374s] Level 1:colcon.colcon_core.package_identification:_identify(src/mecanum_hardware) by extension 'ros'
[0.375s] DEBUG:colcon.colcon_core.package_identification:Package 'src/mecanum_hardware' with type 'ros.ament_cmake' and name 'mecanum_hardware'
[0.375s] Level 1:colcon.colcon_core.package_discovery:discover_packages(recursive) using defaults
[0.375s] Level 1:colcon.colcon_core.package_discovery:discover_packages(ignore) discover
[0.375s] Level 1:colcon.colcon_core.package_discovery:discover_packages(ignore) using defaults
[0.375s] Level 1:colcon.colcon_core.package_discovery:discover_packages(path) discover
[0.375s] Level 1:colcon.colcon_core.package_discovery:discover_packages(path) using defaults
[0.401s] Level 5:colcon.colcon_core.verb:set package 'app_subscriber' build argument 'cmake_args' from command line to 'None'
[0.401s] Level 5:colcon.colcon_core.verb:set package 'app_subscriber' build argument 'cmake_target' from command line to 'None'
[0.401s] Level 5:colcon.colcon_core.verb:set package 'app_subscriber' build argument 'cmake_target_skip_unavailable' from command line to 'False'
[0.401s] Level 5:colcon.colcon_core.verb:set package 'app_subscriber' build argument 'cmake_clean_cache' from command line to 'False'
[0.401s] Level 5:colcon.colcon_core.verb:set package 'app_subscriber' build argument 'cmake_clean_first' from command line to 'False'
[0.402s] Level 5:colcon.colcon_core.verb:set package 'app_subscriber' build argument 'cmake_force_configure' from command line to 'False'
[0.402s] Level 5:colcon.colcon_core.verb:set package 'app_subscriber' build argument 'ament_cmake_args' from command line to 'None'
[0.402s] Level 5:colcon.colcon_core.verb:set package 'app_subscriber' build argument 'catkin_cmake_args' from command line to 'None'
[0.402s] Level 5:colcon.colcon_core.verb:set package 'app_subscriber' build argument 'catkin_skip_building_tests' from command line to 'False'
[0.402s] DEBUG:colcon.colcon_core.verb:Building package 'app_subscriber' with the following arguments: {'ament_cmake_args': None, 'build_base': '/root/ros2_ws/build/app_subscriber', 'catkin_cmake_args': None, 'catkin_skip_building_tests': False, 'cmake_args': None, 'cmake_clean_cache': False, 'cmake_clean_first': False, 'cmake_force_configure': False, 'cmake_target': None, 'cmake_target_skip_unavailable': False, 'install_base': '/root/ros2_ws/install/app_subscriber', 'merge_install': False, 'path': '/root/ros2_ws/src/app_subscriber', 'symlink_install': False, 'test_result_base': None}
[0.402s] Level 5:colcon.colcon_core.verb:set package 'distance_pid' build argument 'cmake_args' from command line to 'None'
[0.402s] Level 5:colcon.colcon_core.verb:set package 'distance_pid' build argument 'cmake_target' from command line to 'None'
[0.402s] Level 5:colcon.colcon_core.verb:set package 'distance_pid' build argument 'cmake_target_skip_unavailable' from command line to 'False'
[0.402s] Level 5:colcon.colcon_core.verb:set package 'distance_pid' build argument 'cmake_clean_cache' from command line to 'False'
[0.402s] Level 5:colcon.colcon_core.verb:set package 'distance_pid' build argument 'cmake_clean_first' from command line to 'False'
[0.402s] Level 5:colcon.colcon_core.verb:set package 'distance_pid' build argument 'cmake_force_configure' from command line to 'False'
[0.402s] Level 5:colcon.colcon_core.verb:set package 'distance_pid' build argument 'ament_cmake_args' from command line to 'None'
[0.402s] Level 5:colcon.colcon_core.verb:set package 'distance_pid' build argument 'catkin_cmake_args' from command line to 'None'
[0.402s] Level 5:colcon.colcon_core.verb:set package 'distance_pid' build argument 'catkin_skip_building_tests' from command line to 'False'
[0.402s] DEBUG:colcon.colcon_core.verb:Building package 'distance_pid' with the following arguments: {'ament_cmake_args': None, 'build_base': '/root/ros2_ws/build/distance_pid', 'catkin_cmake_args': None, 'catkin_skip_building_tests': False, 'cmake_args': None, 'cmake_clean_cache': False, 'cmake_clean_first': False, 'cmake_force_configure': False, 'cmake_target': None, 'cmake_target_skip_unavailable': False, 'install_base': '/root/ros2_ws/install/distance_pid', 'merge_install': False, 'path': '/root/ros2_ws/src/distance_pid', 'symlink_install': False, 'test_result_base': None}
[0.403s] Level 5:colcon.colcon_core.verb:set package 'mecanum_bot' build argument 'cmake_args' from command line to 'None'
[0.403s] Level 5:colcon.colcon_core.verb:set package 'mecanum_bot' build argument 'cmake_target' from command line to 'None'
[0.403s] Level 5:colcon.colcon_core.verb:set package 'mecanum_bot' build argument 'cmake_target_skip_unavailable' from command line to 'False'
[0.403s] Level 5:colcon.colcon_core.verb:set package 'mecanum_bot' build argument 'cmake_clean_cache' from command line to 'False'
[0.403s] Level 5:colcon.colcon_core.verb:set package 'mecanum_bot' build argument 'cmake_clean_first' from command line to 'False'
[0.403s] Level 5:colcon.colcon_core.verb:set package 'mecanum_bot' build argument 'cmake_force_configure' from command line to 'False'
[0.403s] Level 5:colcon.colcon_core.verb:set package 'mecanum_bot' build argument 'ament_cmake_args' from command line to 'None'
[0.403s] Level 5:colcon.colcon_core.verb:set package 'mecanum_bot' build argument 'catkin_cmake_args' from command line to 'None'
[0.403s] Level 5:colcon.colcon_core.verb:set package 'mecanum_bot' build argument 'catkin_skip_building_tests' from command line to 'False'
[0.403s] DEBUG:colcon.colcon_core.verb:Building package 'mecanum_bot' with the following arguments: {'ament_cmake_args': None, 'build_base': '/root/ros2_ws/build/mecanum_bot', 'catkin_cmake_args': None, 'catkin_skip_building_tests': False, 'cmake_args': None, 'cmake_clean_cache': False, 'cmake_clean_first': False, 'cmake_force_configure': False, 'cmake_target': None, 'cmake_target_skip_unavailable': False, 'install_base': '/root/ros2_ws/install/mecanum_bot', 'merge_install': False, 'path': '/root/ros2_ws/src/mecanum_bot', 'symlink_install': False, 'test_result_base': None}
[0.403s] Level 5:colcon.colcon_core.verb:set package 'mecanum_hardware' build argument 'cmake_args' from command line to 'None'
[0.404s] Level 5:colcon.colcon_core.verb:set package 'mecanum_hardware' build argument 'cmake_target' from command line to 'None'
[0.404s] Level 5:colcon.colcon_core.verb:set package 'mecanum_hardware' build argument 'cmake_target_skip_unavailable' from command line to 'False'
[0.404s] Level 5:colcon.colcon_core.verb:set package 'mecanum_hardware' build argument 'cmake_clean_cache' from command line to 'False'
[0.404s] Level 5:colcon.colcon_core.verb:set package 'mecanum_hardware' build argument 'cmake_clean_first' from command line to 'False'
[0.404s] Level 5:colcon.colcon_core.verb:set package 'mecanum_hardware' build argument 'cmake_force_configure' from command line to 'False'
[0.404s] Level 5:colcon.colcon_core.verb:set package 'mecanum_hardware' build argument 'ament_cmake_args' from command line to 'None'
[0.404s] Level 5:colcon.colcon_core.verb:set package 'mecanum_hardware' build argument 'catkin_cmake_args' from command line to 'None'
[0.404s] Level 5:colcon.colcon_core.verb:set package 'mecanum_hardware' build argument 'catkin_skip_building_tests' from command line to 'False'
[0.404s] DEBUG:colcon.colcon_core.verb:Building package 'mecanum_hardware' with the following arguments: {'ament_cmake_args': None, 'build_base': '/root/ros2_ws/build/mecanum_hardware', 'catkin_cmake_args': None, 'catkin_skip_building_tests': False, 'cmake_args': None, 'cmake_clean_cache': False, 'cmake_clean_first': False, 'cmake_force_configure': False, 'cmake_target': None, 'cmake_target_skip_unavailable': False, 'install_base': '/root/ros2_ws/install/mecanum_hardware', 'merge_install': False, 'path': '/root/ros2_ws/src/mecanum_hardware', 'symlink_install': False, 'test_result_base': None}
[0.404s] INFO:colcon.colcon_core.executor:Executing jobs using 'parallel' executor
[0.405s] DEBUG:colcon.colcon_parallel_executor.executor.parallel:run_until_complete
[0.406s] INFO:colcon.colcon_ros.task.ament_python.build:Building ROS package in '/root/ros2_ws/src/app_subscriber' with build type 'ament_python'
[0.406s] Level 1:colcon.colcon_core.shell:create_environment_hook('app_subscriber', 'ament_prefix_path')
[0.409s] INFO:colcon.colcon_core.plugin_system:Skipping extension 'colcon_core.shell.bat': Not used on non-Windows systems
[0.410s] INFO:colcon.colcon_core.shell:Creating environment hook '/root/ros2_ws/install/app_subscriber/share/app_subscriber/hook/ament_prefix_path.ps1'
[0.411s] INFO:colcon.colcon_core.shell:Creating environment descriptor '/root/ros2_ws/install/app_subscriber/share/app_subscriber/hook/ament_prefix_path.dsv'
[0.412s] INFO:colcon.colcon_core.shell:Creating environment hook '/root/ros2_ws/install/app_subscriber/share/app_subscriber/hook/ament_prefix_path.sh'
[0.413s] INFO:colcon.colcon_core.shell:Skip shell extension 'powershell' for command environment: Not usable outside of PowerShell
[0.414s] DEBUG:colcon.colcon_core.shell:Skip shell extension 'dsv' for command environment
[0.420s] INFO:colcon.colcon_ros.task.ament_python.build:Building ROS package in '/root/ros2_ws/src/distance_pid' with build type 'ament_python'
[0.421s] Level 1:colcon.colcon_core.shell:create_environment_hook('distance_pid', 'ament_prefix_path')
[0.422s] INFO:colcon.colcon_core.shell:Creating environment hook '/root/ros2_ws/install/distance_pid/share/distance_pid/hook/ament_prefix_path.ps1'
[0.422s] INFO:colcon.colcon_core.shell:Creating environment descriptor '/root/ros2_ws/install/distance_pid/share/distance_pid/hook/ament_prefix_path.dsv'
[0.423s] INFO:colcon.colcon_core.shell:Creating environment hook '/root/ros2_ws/install/distance_pid/share/distance_pid/hook/ament_prefix_path.sh'
[0.424s] INFO:colcon.colcon_core.shell:Skip shell extension 'powershell' for command environment: Not usable outside of PowerShell
[0.425s] DEBUG:colcon.colcon_core.shell:Skip shell extension 'dsv' for command environment
[0.428s] INFO:colcon.colcon_ros.task.ament_python.build:Building ROS package in '/root/ros2_ws/src/mecanum_bot' with build type 'ament_python'
[0.429s] Level 1:colcon.colcon_core.shell:create_environment_hook('mecanum_bot', 'ament_prefix_path')
[0.429s] INFO:colcon.colcon_core.shell:Creating environment hook '/root/ros2_ws/install/mecanum_bot/share/mecanum_bot/hook/ament_prefix_path.ps1'
[0.430s] INFO:colcon.colcon_core.shell:Creating environment descriptor '/root/ros2_ws/install/mecanum_bot/share/mecanum_bot/hook/ament_prefix_path.dsv'
[0.431s] INFO:colcon.colcon_core.shell:Creating environment hook '/root/ros2_ws/install/mecanum_bot/share/mecanum_bot/hook/ament_prefix_path.sh'
[0.432s] INFO:colcon.colcon_core.shell:Skip shell extension 'powershell' for command environment: Not usable outside of PowerShell
[0.432s] DEBUG:colcon.colcon_core.shell:Skip shell extension 'dsv' for command environment
[0.436s] INFO:colcon.colcon_ros.task.ament_cmake.build:Building ROS package in '/root/ros2_ws/src/mecanum_hardware' with build type 'ament_cmake'
[0.436s] INFO:colcon.colcon_cmake.task.cmake.build:Building CMake package in '/root/ros2_ws/src/mecanum_hardware'
[0.437s] INFO:colcon.colcon_core.shell:Skip shell extension 'powershell' for command environment: Not usable outside of PowerShell
[0.438s] DEBUG:colcon.colcon_core.shell:Skip shell extension 'dsv' for command environment
[0.763s] INFO:colcon.colcon_core.task.python.build:Building Python package in '/root/ros2_ws/src/app_subscriber'
[0.764s] INFO:colcon.colcon_core.shell:Skip shell extension 'powershell' for command environment: Not usable outside of PowerShell
[0.764s] DEBUG:colcon.colcon_core.shell:Skip shell extension 'dsv' for command environment
[1.098s] INFO:colcon.colcon_core.task.python.build:Building Python package in '/root/ros2_ws/src/distance_pid'
[1.099s] INFO:colcon.colcon_core.shell:Skip shell extension 'powershell' for command environment: Not usable outside of PowerShell
[1.099s] DEBUG:colcon.colcon_core.shell:Skip shell extension 'dsv' for command environment
[1.417s] INFO:colcon.colcon_core.task.python.build:Building Python package in '/root/ros2_ws/src/mecanum_bot'
[1.417s] INFO:colcon.colcon_core.shell:Skip shell extension 'powershell' for command environment: Not usable outside of PowerShell
[1.417s] DEBUG:colcon.colcon_core.shell:Skip shell extension 'dsv' for command environment
[1.430s] DEBUG:colcon.colcon_core.event_handler.log_command:Invoking command in '/root/ros2_ws/build/mecanum_hardware': CMAKE_PREFIX_PATH=/opt/ros/humble /usr/bin/cmake --build /root/ros2_ws/build/mecanum_hardware -- -j4 -l4
[1.643s] DEBUG:colcon.colcon_core.event_handler.log_command:Invoked command in '/root/ros2_ws/build/mecanum_hardware' returned '0': CMAKE_PREFIX_PATH=/opt/ros/humble /usr/bin/cmake --build /root/ros2_ws/build/mecanum_hardware -- -j4 -l4
[1.666s] DEBUG:colcon.colcon_core.event_handler.log_command:Invoking command in '/root/ros2_ws/build/mecanum_hardware': CMAKE_PREFIX_PATH=/opt/ros/humble /usr/bin/cmake --install /root/ros2_ws/build/mecanum_hardware
[1.706s] Level 1:colcon.colcon_core.environment:create_environment_scripts_only(mecanum_hardware)
[1.709s] DEBUG:colcon.colcon_core.event_handler.log_command:Invoked command in '/root/ros2_ws/build/mecanum_hardware' returned '0': CMAKE_PREFIX_PATH=/opt/ros/humble /usr/bin/cmake --install /root/ros2_ws/build/mecanum_hardware
[1.713s] Level 1:colcon.colcon_core.environment:checking '/root/ros2_ws/install/mecanum_hardware' for CMake module files
[1.714s] Level 1:colcon.colcon_core.environment:checking '/root/ros2_ws/install/mecanum_hardware' for CMake config files
[1.715s] Level 1:colcon.colcon_core.shell:create_environment_hook('mecanum_hardware', 'cmake_prefix_path')
[1.715s] INFO:colcon.colcon_core.shell:Creating environment hook '/root/ros2_ws/install/mecanum_hardware/share/mecanum_hardware/hook/cmake_prefix_path.ps1'
[1.716s] INFO:colcon.colcon_core.shell:Creating environment descriptor '/root/ros2_ws/install/mecanum_hardware/share/mecanum_hardware/hook/cmake_prefix_path.dsv'
[1.717s] INFO:colcon.colcon_core.shell:Creating environment hook '/root/ros2_ws/install/mecanum_hardware/share/mecanum_hardware/hook/cmake_prefix_path.sh'
[1.719s] Level 1:colcon.colcon_core.environment:checking '/root/ros2_ws/install/mecanum_hardware/lib'
[1.719s] Level 1:colcon.colcon_core.shell:create_environment_hook('mecanum_hardware', 'ld_library_path_lib')
[1.720s] INFO:colcon.colcon_core.shell:Creating environment hook '/root/ros2_ws/install/mecanum_hardware/share/mecanum_hardware/hook/ld_library_path_lib.ps1'
[1.721s] INFO:colcon.colcon_core.shell:Creating environment descriptor '/root/ros2_ws/install/mecanum_hardware/share/mecanum_hardware/hook/ld_library_path_lib.dsv'
[1.722s] INFO:colcon.colcon_core.shell:Creating environment hook '/root/ros2_ws/install/mecanum_hardware/share/mecanum_hardware/hook/ld_library_path_lib.sh'
[1.724s] Level 1:colcon.colcon_core.environment:checking '/root/ros2_ws/install/mecanum_hardware/bin'
[1.724s] Level 1:colcon.colcon_core.environment:checking '/root/ros2_ws/install/mecanum_hardware/lib/pkgconfig/mecanum_hardware.pc'
[1.725s] Level 1:colcon.colcon_core.environment:checking '/root/ros2_ws/install/mecanum_hardware/lib/python3.10/site-packages'
[1.725s] Level 1:colcon.colcon_core.environment:checking '/root/ros2_ws/install/mecanum_hardware/bin'
[1.726s] INFO:colcon.colcon_core.shell:Creating package script '/root/ros2_ws/install/mecanum_hardware/share/mecanum_hardware/package.ps1'
[1.728s] INFO:colcon.colcon_core.shell:Creating package descriptor '/root/ros2_ws/install/mecanum_hardware/share/mecanum_hardware/package.dsv'
[1.729s] INFO:colcon.colcon_core.shell:Creating package script '/root/ros2_ws/install/mecanum_hardware/share/mecanum_hardware/package.sh'
[1.731s] INFO:colcon.colcon_core.shell:Creating package script '/root/ros2_ws/install/mecanum_hardware/share/mecanum_hardware/package.bash'
[1.733s] INFO:colcon.colcon_core.shell:Creating package script '/root/ros2_ws/install/mecanum_hardware/share/mecanum_hardware/package.zsh'
[1.735s] Level 1:colcon.colcon_core.environment:create_file_with_runtime_dependencies(/root/ros2_ws/install/mecanum_hardware/share/colcon-core/packages/mecanum_hardware)
[1.736s] Level 1:colcon.colcon_core.environment:create_environment_scripts_only(mecanum_hardware)
[1.737s] Level 1:colcon.colcon_core.environment:checking '/root/ros2_ws/install/mecanum_hardware' for CMake module files
[1.738s] Level 1:colcon.colcon_core.environment:checking '/root/ros2_ws/install/mecanum_hardware' for CMake config files
[1.738s] Level 1:colcon.colcon_core.shell:create_environment_hook('mecanum_hardware', 'cmake_prefix_path')
[1.739s] INFO:colcon.colcon_core.shell:Creating environment hook '/root/ros2_ws/install/mecanum_hardware/share/mecanum_hardware/hook/cmake_prefix_path.ps1'
[1.740s] INFO:colcon.colcon_core.shell:Creating environment descriptor '/root/ros2_ws/install/mecanum_hardware/share/mecanum_hardware/hook/cmake_prefix_path.dsv'
[1.741s] INFO:colcon.colcon_core.shell:Creating environment hook '/root/ros2_ws/install/mecanum_hardware/share/mecanum_hardware/hook/cmake_prefix_path.sh'
[1.743s] Level 1:colcon.colcon_core.environment:checking '/root/ros2_ws/install/mecanum_hardware/lib'
[1.743s] Level 1:colcon.colcon_core.shell:create_environment_hook('mecanum_hardware', 'ld_library_path_lib')
[1.744s] INFO:colcon.colcon_core.shell:Creating environment hook '/root/ros2_ws/install/mecanum_hardware/share/mecanum_hardware/hook/ld_library_path_lib.ps1'
[1.745s] INFO:colcon.colcon_core.shell:Creating environment descriptor '/root/ros2_ws/install/mecanum_hardware/share/mecanum_hardware/hook/ld_library_path_lib.dsv'
[1.747s] INFO:colcon.colcon_core.shell:Creating environment hook '/root/ros2_ws/install/mecanum_hardware/share/mecanum_hardware/hook/ld_library_path_lib.sh'
[1.748s] Level 1:colcon.colcon_core.environment:checking '/root/ros2_ws/install/mecanum_hardware/bin'
[1.749s] Level 1:colcon.colcon_core.environment:checking '/root/ros2_ws/install/mecanum_hardware/lib/pkgconfig/mecanum_hardware.pc'
[1.750s] Level 1:colcon.colcon_core.environment:checking '/root/ros2_ws/install/mecanum_hardware/lib/python3.10/site-packages'
[1.751s] Level 1:colcon.colcon_core.environment:checking '/root/ros2_ws/install/mecanum_hardware/bin'
[1.751s] INFO:colcon.colcon_core.shell:Creating package script '/root/ros2_ws/install/mecanum_hardware/share/mecanum_hardware/package.ps1'
[1.753s] INFO:colcon.colcon_core.shell:Creating package descriptor '/root/ros2_ws/install/mecanum_hardware/share/mecanum_hardware/package.dsv'
[1.755s] INFO:colcon.colcon_core.shell:Creating package script '/root/ros2_ws/install/mecanum_hardware/share/mecanum_hardware/package.sh'
[1.756s] INFO:colcon.colcon_core.shell:Creating package script '/root/ros2_ws/install/mecanum_hardware/share/mecanum_hardware/package.bash'
[1.758s] INFO:colcon.colcon_core.shell:Creating package script '/root/ros2_ws/install/mecanum_hardware/share/mecanum_hardware/package.zsh'
[1.760s] Level 1:colcon.colcon_core.environment:create_file_with_runtime_dependencies(/root/ros2_ws/install/mecanum_hardware/share/colcon-core/packages/mecanum_hardware)
[2.157s] DEBUG:colcon.colcon_core.event_handler.log_command:Invoking command in '/root/ros2_ws/src/distance_pid': PYTHONPATH=/root/ros2_ws/build/distance_pid/prefix_override:/usr/lib/python3/dist-packages/colcon_core/task/python/colcon_distutils_commands:/root/ros2_ws/install/distance_pid/lib/python3.10/site-packages:${PYTHONPATH} /usr/bin/python3 -W ignore:setup.py install is deprecated -W ignore:easy_install command is deprecated setup.py egg_info --egg-base ../../build/distance_pid build --build-base /root/ros2_ws/build/distance_pid/build install --record /root/ros2_ws/build/distance_pid/install.log --single-version-externally-managed install_data
[2.165s] DEBUG:colcon.colcon_core.event_handler.log_command:Invoking command in '/root/ros2_ws/src/app_subscriber': PYTHONPATH=/root/ros2_ws/build/app_subscriber/prefix_override:/usr/lib/python3/dist-packages/colcon_core/task/python/colcon_distutils_commands:/root/ros2_ws/install/app_subscriber/lib/python3.10/site-packages:${PYTHONPATH} /usr/bin/python3 -W ignore:setup.py install is deprecated -W ignore:easy_install command is deprecated setup.py egg_info --egg-base ../../build/app_subscriber build --build-base /root/ros2_ws/build/app_subscriber/build install --record /root/ros2_ws/build/app_subscriber/install.log --single-version-externally-managed install_data
[2.254s] DEBUG:colcon.colcon_core.event_handler.log_command:Invoking command in '/root/ros2_ws/build/mecanum_bot': PYTHONPATH=/root/ros2_ws/build/mecanum_bot/prefix_override:/usr/lib/python3/dist-packages/colcon_core/task/python/colcon_distutils_commands:/root/ros2_ws/install/mecanum_bot/lib/python3.10/site-packages:${PYTHONPATH} /usr/bin/python3 -W ignore:setup.py install is deprecated -W ignore:easy_install command is deprecated setup.py develop --uninstall --editable --build-directory /root/ros2_ws/build/mecanum_bot/build
[2.690s] Level 1:colcon.colcon_core.environment:checking '/root/ros2_ws/install/app_subscriber' for CMake module files
[2.691s] Level 1:colcon.colcon_core.environment:checking '/root/ros2_ws/install/app_subscriber' for CMake config files
[2.691s] DEBUG:colcon.colcon_core.event_handler.log_command:Invoked command in '/root/ros2_ws/src/app_subscriber' returned '0': PYTHONPATH=/root/ros2_ws/build/app_subscriber/prefix_override:/usr/lib/python3/dist-packages/colcon_core/task/python/colcon_distutils_commands:/root/ros2_ws/install/app_subscriber/lib/python3.10/site-packages:${PYTHONPATH} /usr/bin/python3 -W ignore:setup.py install is deprecated -W ignore:easy_install command is deprecated setup.py egg_info --egg-base ../../build/app_subscriber build --build-base /root/ros2_ws/build/app_subscriber/build install --record /root/ros2_ws/build/app_subscriber/install.log --single-version-externally-managed install_data
[2.693s] Level 1:colcon.colcon_core.environment:checking '/root/ros2_ws/install/app_subscriber/lib'
[2.693s] Level 1:colcon.colcon_core.environment:checking '/root/ros2_ws/install/app_subscriber/bin'
[2.693s] Level 1:colcon.colcon_core.environment:checking '/root/ros2_ws/install/app_subscriber/lib/pkgconfig/app_subscriber.pc'
[2.693s] Level 1:colcon.colcon_core.environment:checking '/root/ros2_ws/install/app_subscriber/lib/python3.10/site-packages'
[2.694s] Level 1:colcon.colcon_core.shell:create_environment_hook('app_subscriber', 'pythonpath')
[2.694s] INFO:colcon.colcon_core.shell:Creating environment hook '/root/ros2_ws/install/app_subscriber/share/app_subscriber/hook/pythonpath.ps1'
[2.695s] INFO:colcon.colcon_core.shell:Creating environment descriptor '/root/ros2_ws/install/app_subscriber/share/app_subscriber/hook/pythonpath.dsv'
[2.696s] INFO:colcon.colcon_core.shell:Creating environment hook '/root/ros2_ws/install/app_subscriber/share/app_subscriber/hook/pythonpath.sh'
[2.697s] Level 1:colcon.colcon_core.environment:checking '/root/ros2_ws/install/app_subscriber/bin'
[2.697s] Level 1:colcon.colcon_core.environment:create_environment_scripts_only(app_subscriber)
[2.697s] INFO:colcon.colcon_core.shell:Creating package script '/root/ros2_ws/install/app_subscriber/share/app_subscriber/package.ps1'
[2.698s] INFO:colcon.colcon_core.shell:Creating package descriptor '/root/ros2_ws/install/app_subscriber/share/app_subscriber/package.dsv'
[2.700s] INFO:colcon.colcon_core.shell:Creating package script '/root/ros2_ws/install/app_subscriber/share/app_subscriber/package.sh'
[2.701s] INFO:colcon.colcon_core.shell:Creating package script '/root/ros2_ws/install/app_subscriber/share/app_subscriber/package.bash'
[2.702s] INFO:colcon.colcon_core.shell:Creating package script '/root/ros2_ws/install/app_subscriber/share/app_subscriber/package.zsh'
[2.703s] Level 1:colcon.colcon_core.environment:create_file_with_runtime_dependencies(/root/ros2_ws/install/app_subscriber/share/colcon-core/packages/app_subscriber)
[2.705s] Level 1:colcon.colcon_core.environment:checking '/root/ros2_ws/install/distance_pid' for CMake module files
[2.706s] DEBUG:colcon.colcon_core.event_handler.log_command:Invoked command in '/root/ros2_ws/src/distance_pid' returned '0': PYTHONPATH=/root/ros2_ws/build/distance_pid/prefix_override:/usr/lib/python3/dist-packages/colcon_core/task/python/colcon_distutils_commands:/root/ros2_ws/install/distance_pid/lib/python3.10/site-packages:${PYTHONPATH} /usr/bin/python3 -W ignore:setup.py install is deprecated -W ignore:easy_install command is deprecated setup.py egg_info --egg-base ../../build/distance_pid build --build-base /root/ros2_ws/build/distance_pid/build install --record /root/ros2_ws/build/distance_pid/install.log --single-version-externally-managed install_data
[2.706s] Level 1:colcon.colcon_core.environment:checking '/root/ros2_ws/install/distance_pid' for CMake config files
[2.707s] Level 1:colcon.colcon_core.environment:checking '/root/ros2_ws/install/distance_pid/lib'
[2.707s] Level 1:colcon.colcon_core.environment:checking '/root/ros2_ws/install/distance_pid/bin'
[2.707s] Level 1:colcon.colcon_core.environment:checking '/root/ros2_ws/install/distance_pid/lib/pkgconfig/distance_pid.pc'
[2.708s] Level 1:colcon.colcon_core.environment:checking '/root/ros2_ws/install/distance_pid/lib/python3.10/site-packages'
[2.708s] Level 1:colcon.colcon_core.shell:create_environment_hook('distance_pid', 'pythonpath')
[2.708s] INFO:colcon.colcon_core.shell:Creating environment hook '/root/ros2_ws/install/distance_pid/share/distance_pid/hook/pythonpath.ps1'
[2.709s] INFO:colcon.colcon_core.shell:Creating environment descriptor '/root/ros2_ws/install/distance_pid/share/distance_pid/hook/pythonpath.dsv'
[2.710s] INFO:colcon.colcon_core.shell:Creating environment hook '/root/ros2_ws/install/distance_pid/share/distance_pid/hook/pythonpath.sh'
[2.711s] Level 1:colcon.colcon_core.environment:checking '/root/ros2_ws/install/distance_pid/bin'
[2.712s] Level 1:colcon.colcon_core.environment:create_environment_scripts_only(distance_pid)
[2.712s] INFO:colcon.colcon_core.shell:Creating package script '/root/ros2_ws/install/distance_pid/share/distance_pid/package.ps1'
[2.713s] INFO:colcon.colcon_core.shell:Creating package descriptor '/root/ros2_ws/install/distance_pid/share/distance_pid/package.dsv'
[2.715s] INFO:colcon.colcon_core.shell:Creating package script '/root/ros2_ws/install/distance_pid/share/distance_pid/package.sh'
[2.717s] INFO:colcon.colcon_core.shell:Creating package script '/root/ros2_ws/install/distance_pid/share/distance_pid/package.bash'
[2.718s] INFO:colcon.colcon_core.shell:Creating package script '/root/ros2_ws/install/distance_pid/share/distance_pid/package.zsh'
[2.720s] Level 1:colcon.colcon_core.environment:create_file_with_runtime_dependencies(/root/ros2_ws/install/distance_pid/share/colcon-core/packages/distance_pid)
[2.904s] DEBUG:colcon.colcon_core.event_handler.log_command:Invoked command in '/root/ros2_ws/build/mecanum_bot' returned '0': PYTHONPATH=/root/ros2_ws/build/mecanum_bot/prefix_override:/usr/lib/python3/dist-packages/colcon_core/task/python/colcon_distutils_commands:/root/ros2_ws/install/mecanum_bot/lib/python3.10/site-packages:${PYTHONPATH} /usr/bin/python3 -W ignore:setup.py install is deprecated -W ignore:easy_install command is deprecated setup.py develop --uninstall --editable --build-directory /root/ros2_ws/build/mecanum_bot/build
[2.906s] DEBUG:colcon.colcon_core.event_handler.log_command:Invoking command in '/root/ros2_ws/src/mecanum_bot': PYTHONPATH=/root/ros2_ws/build/mecanum_bot/prefix_override:/usr/lib/python3/dist-packages/colcon_core/task/python/colcon_distutils_commands:/root/ros2_ws/install/mecanum_bot/lib/python3.10/site-packages:${PYTHONPATH} /usr/bin/python3 -W ignore:setup.py install is deprecated -W ignore:easy_install command is deprecated setup.py egg_info --egg-base ../../build/mecanum_bot build --build-base /root/ros2_ws/build/mecanum_bot/build install --record /root/ros2_ws/build/mecanum_bot/install.log --single-version-externally-managed install_data --force
[3.305s] Level 1:colcon.colcon_core.environment:checking '/root/ros2_ws/install/mecanum_bot' for CMake module files
[3.306s] DEBUG:colcon.colcon_core.event_handler.log_command:Invoked command in '/root/ros2_ws/src/mecanum_bot' returned '0': PYTHONPATH=/root/ros2_ws/build/mecanum_bot/prefix_override:/usr/lib/python3/dist-packages/colcon_core/task/python/colcon_distutils_commands:/root/ros2_ws/install/mecanum_bot/lib/python3.10/site-packages:${PYTHONPATH} /usr/bin/python3 -W ignore:setup.py install is deprecated -W ignore:easy_install command is deprecated setup.py egg_info --egg-base ../../build/mecanum_bot build --build-base /root/ros2_ws/build/mecanum_bot/build install --record /root/ros2_ws/build/mecanum_bot/install.log --single-version-externally-managed install_data --force
[3.306s] Level 1:colcon.colcon_core.environment:checking '/root/ros2_ws/install/mecanum_bot' for CMake config files
[3.307s] Level 1:colcon.colcon_core.environment:checking '/root/ros2_ws/install/mecanum_bot/lib'
[3.307s] Level 1:colcon.colcon_core.environment:checking '/root/ros2_ws/install/mecanum_bot/bin'
[3.307s] Level 1:colcon.colcon_core.environment:checking '/root/ros2_ws/install/mecanum_bot/lib/pkgconfig/mecanum_bot.pc'
[3.308s] Level 1:colcon.colcon_core.environment:checking '/root/ros2_ws/install/mecanum_bot/lib/python3.10/site-packages'
[3.308s] Level 1:colcon.colcon_core.shell:create_environment_hook('mecanum_bot', 'pythonpath')
[3.308s] INFO:colcon.colcon_core.shell:Creating environment hook '/root/ros2_ws/install/mecanum_bot/share/mecanum_bot/hook/pythonpath.ps1'
[3.350s] INFO:colcon.colcon_core.shell:Creating environment descriptor '/root/ros2_ws/install/mecanum_bot/share/mecanum_bot/hook/pythonpath.dsv'
[3.351s] INFO:colcon.colcon_core.shell:Creating environment hook '/root/ros2_ws/install/mecanum_bot/share/mecanum_bot/hook/pythonpath.sh'
[3.352s] Level 1:colcon.colcon_core.environment:checking '/root/ros2_ws/install/mecanum_bot/bin'
[3.353s] Level 1:colcon.colcon_core.environment:create_environment_scripts_only(mecanum_bot)
[3.353s] INFO:colcon.colcon_core.shell:Creating package script '/root/ros2_ws/install/mecanum_bot/share/mecanum_bot/package.ps1'
[3.354s] INFO:colcon.colcon_core.shell:Creating package descriptor '/root/ros2_ws/install/mecanum_bot/share/mecanum_bot/package.dsv'
[3.355s] INFO:colcon.colcon_core.shell:Creating package script '/root/ros2_ws/install/mecanum_bot/share/mecanum_bot/package.sh'
[3.356s] INFO:colcon.colcon_core.shell:Creating package script '/root/ros2_ws/install/mecanum_bot/share/mecanum_bot/package.bash'
[3.357s] INFO:colcon.colcon_core.shell:Creating package script '/root/ros2_ws/install/mecanum_bot/share/mecanum_bot/package.zsh'
[3.358s] Level 1:colcon.colcon_core.environment:create_file_with_runtime_dependencies(/root/ros2_ws/install/mecanum_bot/share/colcon-core/packages/mecanum_bot)
[3.358s] DEBUG:colcon.colcon_parallel_executor.executor.parallel:closing loop
[3.359s] DEBUG:colcon.colcon_parallel_executor.executor.parallel:loop closed
[3.359s] DEBUG:colcon.colcon_parallel_executor.executor.parallel:run_until_complete finished with '0'
[3.359s] DEBUG:colcon.colcon_core.event_reactor:joining thread
[3.396s] INFO:colcon.colcon_core.plugin_system:Skipping extension 'colcon_notification.desktop_notification.notify_send': Could not find 'notify-send'
[3.396s] INFO:colcon.colcon_core.plugin_system:Skipping extension 'colcon_notification.desktop_notification.terminal_notifier': Not used on non-Darwin systems
[3.397s] INFO:colcon.colcon_core.plugin_system:Skipping extension 'colcon_notification.desktop_notification.win32': Not used on non-Windows systems
[3.397s] INFO:colcon.colcon_notification.desktop_notification:Sending desktop notification using 'notify2'
[3.402s] DEBUG:colcon.colcon_notification.desktop_notification.notify2:Failed to initialize notify2: org.freedesktop.DBus.Error.Spawn.ExecFailed: /usr/bin/dbus-launch terminated abnormally without any error message
[3.403s] DEBUG:colcon.colcon_core.event_reactor:joined thread
[3.403s] INFO:colcon.colcon_core.shell:Creating prefix script '/root/ros2_ws/install/local_setup.ps1'
[3.405s] INFO:colcon.colcon_core.shell:Creating prefix util module '/root/ros2_ws/install/_local_setup_util_ps1.py'
[3.407s] INFO:colcon.colcon_core.shell:Creating prefix chain script '/root/ros2_ws/install/setup.ps1'
[3.409s] INFO:colcon.colcon_core.shell:Creating prefix script '/root/ros2_ws/install/local_setup.sh'
[3.410s] INFO:colcon.colcon_core.shell:Creating prefix util module '/root/ros2_ws/install/_local_setup_util_sh.py'
[3.411s] INFO:colcon.colcon_core.shell:Creating prefix chain script '/root/ros2_ws/install/setup.sh'
[3.412s] INFO:colcon.colcon_core.shell:Creating prefix script '/root/ros2_ws/install/local_setup.bash'
[3.414s] INFO:colcon.colcon_core.shell:Creating prefix chain script '/root/ros2_ws/install/setup.bash'
[3.415s] INFO:colcon.colcon_core.shell:Creating prefix script '/root/ros2_ws/install/local_setup.zsh'
[3.416s] INFO:colcon.colcon_core.shell:Creating prefix chain script '/root/ros2_ws/install/setup.zsh'
