[2.714s] Invoking command in '/root/ros2_ws/src/distance_pid': PYTHONPATH=/root/ros2_ws/build/distance_pid/prefix_override:/usr/lib/python3/dist-packages/colcon_core/task/python/colcon_distutils_commands:/root/ros2_ws/install/distance_pid/lib/python3.10/site-packages:${PYTHONPATH} /usr/bin/python3 -W ignore:setup.py install is deprecated -W ignore:easy_install command is deprecated setup.py egg_info --egg-base ../../build/distance_pid build --build-base /root/ros2_ws/build/distance_pid/build install --record /root/ros2_ws/build/distance_pid/install.log --single-version-externally-managed install_data
[3.176s] running egg_info
[3.177s] writing ../../build/distance_pid/distance_pid.egg-info/PKG-INFO
[3.178s] writing dependency_links to ../../build/distance_pid/distance_pid.egg-info/dependency_links.txt
[3.179s] writing entry points to ../../build/distance_pid/distance_pid.egg-info/entry_points.txt
[3.180s] writing requirements to ../../build/distance_pid/distance_pid.egg-info/requires.txt
[3.180s] writing top-level names to ../../build/distance_pid/distance_pid.egg-info/top_level.txt
[3.184s] reading manifest file '../../build/distance_pid/distance_pid.egg-info/SOURCES.txt'
[3.186s] writing manifest file '../../build/distance_pid/distance_pid.egg-info/SOURCES.txt'
[3.187s] running build
[3.188s] running build_py
[3.188s] running install
[3.189s] running install_lib
[3.190s] running install_data
[3.190s] running install_egg_info
[3.193s] removing '/root/ros2_ws/install/distance_pid/lib/python3.10/site-packages/distance_pid-0.0.0-py3.10.egg-info' (and everything under it)
[3.195s] Copying ../../build/distance_pid/distance_pid.egg-info to /root/ros2_ws/install/distance_pid/lib/python3.10/site-packages/distance_pid-0.0.0-py3.10.egg-info
[3.197s] running install_scripts
[3.237s] writing list of installed files to '/root/ros2_ws/build/distance_pid/install.log'
[3.339s] Invoked command in '/root/ros2_ws/src/distance_pid' returned '0': PYTHONPATH=/root/ros2_ws/build/distance_pid/prefix_override:/usr/lib/python3/dist-packages/colcon_core/task/python/colcon_distutils_commands:/root/ros2_ws/install/distance_pid/lib/python3.10/site-packages:${PYTHONPATH} /usr/bin/python3 -W ignore:setup.py install is deprecated -W ignore:easy_install command is deprecated setup.py egg_info --egg-base ../../build/distance_pid build --build-base /root/ros2_ws/build/distance_pid/build install --record /root/ros2_ws/build/distance_pid/install.log --single-version-externally-managed install_data
