[2.678s] Invoking command in '/root/ros2_ws/src/distance_pid': PYTHONPATH=/root/ros2_ws/src/build/distance_pid/prefix_override:/usr/lib/python3/dist-packages/colcon_core/task/python/colcon_distutils_commands:/root/ros2_ws/src/install/distance_pid/lib/python3.10/site-packages:${PYTHONPATH} /usr/bin/python3 -W ignore:setup.py install is deprecated -W ignore:easy_install command is deprecated setup.py egg_info --egg-base ../build/distance_pid build --build-base /root/ros2_ws/src/build/distance_pid/build install --record /root/ros2_ws/src/build/distance_pid/install.log --single-version-externally-managed install_data
[3.056s] running egg_info
[3.058s] writing ../build/distance_pid/distance_pid.egg-info/PKG-INFO
[3.062s] writing dependency_links to ../build/distance_pid/distance_pid.egg-info/dependency_links.txt
[3.064s] writing entry points to ../build/distance_pid/distance_pid.egg-info/entry_points.txt
[3.064s] writing requirements to ../build/distance_pid/distance_pid.egg-info/requires.txt
[3.064s] writing top-level names to ../build/distance_pid/distance_pid.egg-info/top_level.txt
[3.071s] reading manifest file '../build/distance_pid/distance_pid.egg-info/SOURCES.txt'
[3.073s] writing manifest file '../build/distance_pid/distance_pid.egg-info/SOURCES.txt'
[3.073s] running build
[3.074s] running build_py
[3.078s] running install
[3.078s] running install_lib
[3.084s] running install_data
[3.084s] running install_egg_info
[3.089s] removing '/root/ros2_ws/src/install/distance_pid/lib/python3.10/site-packages/distance_pid-0.0.0-py3.10.egg-info' (and everything under it)
[3.090s] Copying ../build/distance_pid/distance_pid.egg-info to /root/ros2_ws/src/install/distance_pid/lib/python3.10/site-packages/distance_pid-0.0.0-py3.10.egg-info
[3.092s] running install_scripts
[3.147s] writing list of installed files to '/root/ros2_ws/src/build/distance_pid/install.log'
[3.344s] Invoked command in '/root/ros2_ws/src/distance_pid' returned '0': PYTHONPATH=/root/ros2_ws/src/build/distance_pid/prefix_override:/usr/lib/python3/dist-packages/colcon_core/task/python/colcon_distutils_commands:/root/ros2_ws/src/install/distance_pid/lib/python3.10/site-packages:${PYTHONPATH} /usr/bin/python3 -W ignore:setup.py install is deprecated -W ignore:easy_install command is deprecated setup.py egg_info --egg-base ../build/distance_pid build --build-base /root/ros2_ws/src/build/distance_pid/build install --record /root/ros2_ws/src/build/distance_pid/install.log --single-version-externally-managed install_data
