[01m[K/root/ros2_ws/src/mecanum_hardware/src/mecanum_system.cpp:46:96:[m[K [01;31m[Kerror: [m[Kexpected ‘[01m[K,[m[K’ or ‘[01m[K...[m[K’ before ‘[01m[K/[m[K’ token
   46 | hardware_interface::CallbackReturn MecanumSystem::on_configure(const rclcpp_lifecycle::State & [01;31m[K/[m[Kprevious_state/)
      |                                                                                                [01;31m[K^[m[K
[01m[K/root/ros2_ws/src/mecanum_hardware/src/mecanum_system.cpp:94:97:[m[K [01;31m[Kerror: [m[Kexpected ‘[01m[K,[m[K’ or ‘[01m[K...[m[K’ before ‘[01m[K/[m[K’ token
   94 | hardware_interface::CallbackReturn MecanumSystem::on_deactivate(const rclcpp_lifecycle::State & [01;31m[K/[m[Kprevious_state/)
      |                                                                                                 [01;31m[K^[m[K
[01m[K/root/ros2_ws/src/mecanum_hardware/src/mecanum_system.cpp:101:24:[m[K [01;31m[Kerror: [m[Kexpected ‘[01m[K,[m[K’ or ‘[01m[K...[m[K’ before ‘[01m[K/[m[K’ token
  101 |   const rclcpp::Time & [01;31m[K/[m[Ktime/,
      |                        [01;31m[K^[m[K
[01m[K/root/ros2_ws/src/mecanum_hardware/src/mecanum_system.cpp:100:33:[m[K [01;31m[Kerror: [m[Kno declaration matches ‘[01m[Khardware_interface::return_type mecanum_hardware::MecanumSystem::read(const rclcpp::Time&)[m[K’
  100 | hardware_interface::return_type [01;31m[KMecanumSystem[m[K::read(
      |                                 [01;31m[K^~~~~~~~~~~~~[m[K
In file included from [01m[K/root/ros2_ws/src/mecanum_hardware/src/mecanum_system.cpp:1[m[K:
[01m[K/root/ros2_ws/src/mecanum_hardware/include/mecanum_hardware/mecanum_system.hpp:38:35:[m[K [01;36m[Knote: [m[Kcandidate is: ‘[01m[Kvirtual hardware_interface::return_type mecanum_hardware::MecanumSystem::read(const rclcpp::Time&, const rclcpp::Duration&)[m[K’
   38 |   hardware_interface::return_type [01;36m[Kread[m[K(const rclcpp::Time & time,
      |                                   [01;36m[K^~~~[m[K
[01m[K/root/ros2_ws/src/mecanum_hardware/include/mecanum_hardware/mecanum_system.hpp:26:7:[m[K [01;36m[Knote: [m[K‘[01m[Kclass mecanum_hardware::MecanumSystem[m[K’ defined here
   26 | class [01;36m[KMecanumSystem[m[K : public hardware_interface::SystemInterface
      |       [01;36m[K^~~~~~~~~~~~~[m[K
[01m[K/root/ros2_ws/src/mecanum_hardware/src/mecanum_system.cpp:218:24:[m[K [01;31m[Kerror: [m[Kexpected ‘[01m[K,[m[K’ or ‘[01m[K...[m[K’ before ‘[01m[K/[m[K’ token
  218 |   const rclcpp::Time & [01;31m[K/[m[Ktime/,
      |                        [01;31m[K^[m[K
[01m[K/root/ros2_ws/src/mecanum_hardware/src/mecanum_system.cpp:217:33:[m[K [01;31m[Kerror: [m[Kno declaration matches ‘[01m[Khardware_interface::return_type mecanum_hardware::MecanumSystem::write(const rclcpp::Time&)[m[K’
  217 | hardware_interface::return_type [01;31m[KMecanumSystem[m[K::write(
      |                                 [01;31m[K^~~~~~~~~~~~~[m[K
In file included from [01m[K/root/ros2_ws/src/mecanum_hardware/src/mecanum_system.cpp:1[m[K:
[01m[K/root/ros2_ws/src/mecanum_hardware/include/mecanum_hardware/mecanum_system.hpp:41:35:[m[K [01;36m[Knote: [m[Kcandidate is: ‘[01m[Kvirtual hardware_interface::return_type mecanum_hardware::MecanumSystem::write(const rclcpp::Time&, const rclcpp::Duration&)[m[K’
   41 |   hardware_interface::return_type [01;36m[Kwrite[m[K(const rclcpp::Time & time,
      |                                   [01;36m[K^~~~~[m[K
[01m[K/root/ros2_ws/src/mecanum_hardware/include/mecanum_hardware/mecanum_system.hpp:26:7:[m[K [01;36m[Knote: [m[K‘[01m[Kclass mecanum_hardware::MecanumSystem[m[K’ defined here
   26 | class [01;36m[KMecanumSystem[m[K : public hardware_interface::SystemInterface
      |       [01;36m[K^~~~~~~~~~~~~[m[K
gmake[2]: *** [CMakeFiles/mecanum_hardware.dir/build.make:76: CMakeFiles/mecanum_hardware.dir/src/mecanum_system.cpp.o] Error 1
gmake[1]: *** [CMakeFiles/Makefile2:137: CMakeFiles/mecanum_hardware.dir/all] Error 2
gmake: *** [Makefile:146: all] Error 2
