-- The C compiler identification is GNU 11.4.0
-- The CXX compiler identification is GNU 11.4.0
-- Detecting C compiler ABI info
-- Detecting C compiler ABI info - done
-- Check for working C compiler: /usr/bin/cc - skipped
-- Detecting C compile features
-- Detecting C compile features - done
-- Detecting CXX compiler ABI info
-- Detecting CXX compiler ABI info - done
-- Check for working CXX compiler: /usr/bin/c++ - skipped
-- Detecting CXX compile features
-- Detecting CXX compile features - done
-- Found ament_cmake: 1.3.12 (/opt/ros/humble/share/ament_cmake/cmake)
-- Found Python3: /usr/bin/python3 (found version "3.10.12") found components: Interpreter 
-- Found rclcpp: 16.0.15 (/opt/ros/humble/share/rclcpp/cmake)
-- Found rosidl_generator_c: 3.1.7 (/opt/ros/humble/share/rosidl_generator_c/cmake)
-- Found rosidl_adapter: 3.1.7 (/opt/ros/humble/share/rosidl_adapter/cmake)
-- Found rosidl_generator_cpp: 3.1.7 (/opt/ros/humble/share/rosidl_generator_cpp/cmake)
-- Using all available rosidl_typesupport_c: rosidl_typesupport_fastrtps_c;rosidl_typesupport_introspection_c
-- Using all available rosidl_typesupport_cpp: rosidl_typesupport_fastrtps_cpp;rosidl_typesupport_introspection_cpp
-- Found rmw_implementation_cmake: 6.1.2 (/opt/ros/humble/share/rmw_implementation_cmake/cmake)
-- Found rmw_fastrtps_cpp: 6.2.9 (/opt/ros/humble/share/rmw_fastrtps_cpp/cmake)
-- Found OpenSSL: /usr/lib/aarch64-linux-gnu/libcrypto.so (found version "3.0.2")  
-- Found FastRTPS: /opt/ros/humble/include  
-- Using RMW implementation 'rmw_fastrtps_cpp' as default
-- Looking for pthread.h
-- Looking for pthread.h - found
-- Performing Test CMAKE_HAVE_LIBC_PTHREAD
-- Performing Test CMAKE_HAVE_LIBC_PTHREAD - Success
-- Found Threads: TRUE  
-- Found rclcpp_lifecycle: 16.0.15 (/opt/ros/humble/share/rclcpp_lifecycle/cmake)
-- Found hardware_interface: 2.52.2 (/opt/ros/humble/share/hardware_interface/cmake)
-- LibSerial include dir: /usr/include/libserial
-- LibSerial library: /usr/lib/aarch64-linux-gnu/libserial.so
-- Configuring done
-- Generating done
-- Build files have been written to: /root/ros2_ws/build/mecanum_hardware
[ 50%] [32mBuilding CXX object CMakeFiles/mecanum_hardware.dir/src/mecanum_system.cpp.o[0m
[01m[K/root/ros2_ws/src/mecanum_hardware/src/mecanum_system.cpp:46:96:[m[K [01;31m[Kerror: [m[Kexpected ‘[01m[K,[m[K’ or ‘[01m[K...[m[K’ before ‘[01m[K/[m[K’ token
   46 | hardware_interface::CallbackReturn MecanumSystem::on_configure(const rclcpp_lifecycle::State & [01;31m[K/[m[Kprevious_state/)
      |                                                                                                [01;31m[K^[m[K
[01m[K/root/ros2_ws/src/mecanum_hardware/src/mecanum_system.cpp:94:97:[m[K [01;31m[Kerror: [m[Kexpected ‘[01m[K,[m[K’ or ‘[01m[K...[m[K’ before ‘[01m[K/[m[K’ token
   94 | hardware_interface::CallbackReturn MecanumSystem::on_deactivate(const rclcpp_lifecycle::State & [01;31m[K/[m[Kprevious_state/)
      |                                                                                                 [01;31m[K^[m[K
[01m[K/root/ros2_ws/src/mecanum_hardware/src/mecanum_system.cpp:101:24:[m[K [01;31m[Kerror: [m[Kexpected ‘[01m[K,[m[K’ or ‘[01m[K...[m[K’ before ‘[01m[K/[m[K’ token
  101 |   const rclcpp::Time & [01;31m[K/[m[Ktime/,
      |                        [01;31m[K^[m[K
[01m[K/root/ros2_ws/src/mecanum_hardware/src/mecanum_system.cpp:100:33:[m[K [01;31m[Kerror: [m[Kno declaration matches ‘[01m[Khardware_interface::return_type mecanum_hardware::MecanumSystem::read(const rclcpp::Time&)[m[K’
  100 | hardware_interface::return_type [01;31m[KMecanumSystem[m[K::read(
      |                                 [01;31m[K^~~~~~~~~~~~~[m[K
In file included from [01m[K/root/ros2_ws/src/mecanum_hardware/src/mecanum_system.cpp:1[m[K:
[01m[K/root/ros2_ws/src/mecanum_hardware/include/mecanum_hardware/mecanum_system.hpp:38:35:[m[K [01;36m[Knote: [m[Kcandidate is: ‘[01m[Kvirtual hardware_interface::return_type mecanum_hardware::MecanumSystem::read(const rclcpp::Time&, const rclcpp::Duration&)[m[K’
   38 |   hardware_interface::return_type [01;36m[Kread[m[K(const rclcpp::Time & time,
      |                                   [01;36m[K^~~~[m[K
[01m[K/root/ros2_ws/src/mecanum_hardware/include/mecanum_hardware/mecanum_system.hpp:26:7:[m[K [01;36m[Knote: [m[K‘[01m[Kclass mecanum_hardware::MecanumSystem[m[K’ defined here
   26 | class [01;36m[KMecanumSystem[m[K : public hardware_interface::SystemInterface
      |       [01;36m[K^~~~~~~~~~~~~[m[K
[01m[K/root/ros2_ws/src/mecanum_hardware/src/mecanum_system.cpp:218:24:[m[K [01;31m[Kerror: [m[Kexpected ‘[01m[K,[m[K’ or ‘[01m[K...[m[K’ before ‘[01m[K/[m[K’ token
  218 |   const rclcpp::Time & [01;31m[K/[m[Ktime/,
      |                        [01;31m[K^[m[K
[01m[K/root/ros2_ws/src/mecanum_hardware/src/mecanum_system.cpp:217:33:[m[K [01;31m[Kerror: [m[Kno declaration matches ‘[01m[Khardware_interface::return_type mecanum_hardware::MecanumSystem::write(const rclcpp::Time&)[m[K’
  217 | hardware_interface::return_type [01;31m[KMecanumSystem[m[K::write(
      |                                 [01;31m[K^~~~~~~~~~~~~[m[K
In file included from [01m[K/root/ros2_ws/src/mecanum_hardware/src/mecanum_system.cpp:1[m[K:
[01m[K/root/ros2_ws/src/mecanum_hardware/include/mecanum_hardware/mecanum_system.hpp:41:35:[m[K [01;36m[Knote: [m[Kcandidate is: ‘[01m[Kvirtual hardware_interface::return_type mecanum_hardware::MecanumSystem::write(const rclcpp::Time&, const rclcpp::Duration&)[m[K’
   41 |   hardware_interface::return_type [01;36m[Kwrite[m[K(const rclcpp::Time & time,
      |                                   [01;36m[K^~~~~[m[K
[01m[K/root/ros2_ws/src/mecanum_hardware/include/mecanum_hardware/mecanum_system.hpp:26:7:[m[K [01;36m[Knote: [m[K‘[01m[Kclass mecanum_hardware::MecanumSystem[m[K’ defined here
   26 | class [01;36m[KMecanumSystem[m[K : public hardware_interface::SystemInterface
      |       [01;36m[K^~~~~~~~~~~~~[m[K
gmake[2]: *** [CMakeFiles/mecanum_hardware.dir/build.make:76: CMakeFiles/mecanum_hardware.dir/src/mecanum_system.cpp.o] Error 1
gmake[1]: *** [CMakeFiles/Makefile2:137: CMakeFiles/mecanum_hardware.dir/all] Error 2
gmake: *** [Makefile:146: all] Error 2
