[0.032s] Invoking command in '/root/ros2_ws/build/tricycle_controller': AMENT_PREFIX_PATH=/root/ros2_ws/install/controller_manager:/root/ros2_ws/install/hardware_interface_testing:/root/ros2_ws/install/controller_manager_msgs:${AMENT_PREFIX_PATH} CMAKE_PREFIX_PATH=/root/ros2_ws/install/controller_manager:/root/ros2_ws/install/hardware_interface_testing:/root/ros2_ws/install/controller_interface:/root/ros2_ws/install/hardware_interface:/root/ros2_ws/install/ros2_control_test_assets:/root/ros2_ws/install/controller_manager_msgs:/root/ros2_ws/install/app_subscriber:/opt/ros/humble LD_LIBRARY_PATH=/root/ros2_ws/install/controller_manager/lib:/root/ros2_ws/install/hardware_interface_testing/lib:/root/ros2_ws/install/controller_interface/lib:/root/ros2_ws/install/hardware_interface/lib:/root/ros2_ws/install/controller_manager_msgs/lib:/root/ros2_ws/install/ros2_control_test_assets/lib:/opt/ros/humble/lib/aarch64-linux-gnu:/opt/ros/humble/lib PYTHONPATH=/root/ros2_ws/install/controller_manager/local/lib/python3.10/dist-packages:/root/ros2_ws/install/controller_manager_msgs/local/lib/python3.10/dist-packages:${PYTHONPATH} /usr/bin/cmake /root/ros2_ws/src/ros2_controllers/tricycle_controller -DBUILD_TESTING=OFF -DCMAKE_BUILD_TYPE=Release -DAMENT_CMAKE_SYMLINK_INSTALL=1 -DCMAKE_INSTALL_PREFIX=/root/ros2_ws/install/tricycle_controller
[0.142s] -- The CXX compiler identification is GNU 11.4.0
[0.154s] -- Detecting CXX compiler ABI info
[0.290s] -- Detecting CXX compiler ABI info - done
[0.301s] -- Check for working CXX compiler: /usr/bin/c++ - skipped
[0.301s] -- Detecting CXX compile features
[0.302s] -- Detecting CXX compile features - done
[0.306s] -- Found ament_cmake: 1.3.12 (/opt/ros/humble/share/ament_cmake/cmake)
[0.536s] -- Found Python3: /usr/bin/python3 (found version "3.10.12") found components: Interpreter 
[0.636s] -- Override CMake install command with custom implementation using symlinks instead of copying resources
[0.681s] -- Found ackermann_msgs: 2.0.2 (/opt/ros/humble/share/ackermann_msgs/cmake)
[0.732s] -- Found rosidl_generator_c: 3.1.7 (/opt/ros/humble/share/rosidl_generator_c/cmake)
[0.741s] -- Found rosidl_adapter: 3.1.7 (/opt/ros/humble/share/rosidl_adapter/cmake)
[0.753s] -- Found rosidl_generator_cpp: 3.1.7 (/opt/ros/humble/share/rosidl_generator_cpp/cmake)
[0.772s] -- Using all available rosidl_typesupport_c: rosidl_typesupport_fastrtps_c;rosidl_typesupport_introspection_c
[0.798s] -- Using all available rosidl_typesupport_cpp: rosidl_typesupport_fastrtps_cpp;rosidl_typesupport_introspection_cpp
[0.856s] -- Found controller_interface: 2.52.2 (/root/ros2_ws/install/controller_interface/share/controller_interface/cmake)
[1.125s] -- Found rmw_implementation_cmake: 6.1.2 (/opt/ros/humble/share/rmw_implementation_cmake/cmake)
[1.129s] -- Found rmw_fastrtps_cpp: 6.2.8 (/opt/ros/humble/share/rmw_fastrtps_cpp/cmake)
[1.168s] -- Found TinyXML2 via Config file: TinyXML2_DIR-NOTFOUND
[1.270s] -- Found OpenSSL: /usr/lib/aarch64-linux-gnu/libcrypto.so (found version "3.0.2")  
[1.274s] -- Found TinyXML2 via Config file: TinyXML2_DIR-NOTFOUND
[1.291s] -- Found FastRTPS: /opt/ros/humble/include  
[1.296s] -- Found TinyXML2 via Config file: TinyXML2_DIR-NOTFOUND
[1.309s] -- Found TinyXML2 via Config file: TinyXML2_DIR-NOTFOUND
[1.323s] -- Using RMW implementation 'rmw_fastrtps_cpp' as default
[1.339s] -- Looking for C++ include pthread.h
[1.539s] -- Looking for C++ include pthread.h - found
[1.539s] -- Performing Test CMAKE_HAVE_LIBC_PTHREAD
[1.743s] -- Performing Test CMAKE_HAVE_LIBC_PTHREAD - Success
[1.745s] -- Found Threads: TRUE  
[1.819s] -- Found nav_msgs: 4.9.0 (/opt/ros/humble/share/nav_msgs/cmake)
[1.847s] -- Found realtime_tools: 2.14.1 (/opt/ros/humble/share/realtime_tools/cmake)
[1.869s] -- Found std_srvs: 4.9.0 (/opt/ros/humble/share/std_srvs/cmake)
[1.884s] -- Found tf2: 0.25.16 (/opt/ros/humble/share/tf2/cmake)
[1.891s] -- Found tf2_msgs: 0.25.16 (/opt/ros/humble/share/tf2_msgs/cmake)
[2.036s] -- Configuring done
[2.061s] -- Generating done
[2.068s] -- Build files have been written to: /root/ros2_ws/build/tricycle_controller
[2.085s] Invoked command in '/root/ros2_ws/build/tricycle_controller' returned '0': AMENT_PREFIX_PATH=/root/ros2_ws/install/controller_manager:/root/ros2_ws/install/hardware_interface_testing:/root/ros2_ws/install/controller_manager_msgs:${AMENT_PREFIX_PATH} CMAKE_PREFIX_PATH=/root/ros2_ws/install/controller_manager:/root/ros2_ws/install/hardware_interface_testing:/root/ros2_ws/install/controller_interface:/root/ros2_ws/install/hardware_interface:/root/ros2_ws/install/ros2_control_test_assets:/root/ros2_ws/install/controller_manager_msgs:/root/ros2_ws/install/app_subscriber:/opt/ros/humble LD_LIBRARY_PATH=/root/ros2_ws/install/controller_manager/lib:/root/ros2_ws/install/hardware_interface_testing/lib:/root/ros2_ws/install/controller_interface/lib:/root/ros2_ws/install/hardware_interface/lib:/root/ros2_ws/install/controller_manager_msgs/lib:/root/ros2_ws/install/ros2_control_test_assets/lib:/opt/ros/humble/lib/aarch64-linux-gnu:/opt/ros/humble/lib PYTHONPATH=/root/ros2_ws/install/controller_manager/local/lib/python3.10/dist-packages:/root/ros2_ws/install/controller_manager_msgs/local/lib/python3.10/dist-packages:${PYTHONPATH} /usr/bin/cmake /root/ros2_ws/src/ros2_controllers/tricycle_controller -DBUILD_TESTING=OFF -DCMAKE_BUILD_TYPE=Release -DAMENT_CMAKE_SYMLINK_INSTALL=1 -DCMAKE_INSTALL_PREFIX=/root/ros2_ws/install/tricycle_controller
[2.088s] Invoking command in '/root/ros2_ws/build/tricycle_controller': AMENT_PREFIX_PATH=/root/ros2_ws/install/controller_manager:/root/ros2_ws/install/hardware_interface_testing:/root/ros2_ws/install/controller_manager_msgs:${AMENT_PREFIX_PATH} CMAKE_PREFIX_PATH=/root/ros2_ws/install/controller_manager:/root/ros2_ws/install/hardware_interface_testing:/root/ros2_ws/install/controller_interface:/root/ros2_ws/install/hardware_interface:/root/ros2_ws/install/ros2_control_test_assets:/root/ros2_ws/install/controller_manager_msgs:/root/ros2_ws/install/app_subscriber:/opt/ros/humble LD_LIBRARY_PATH=/root/ros2_ws/install/controller_manager/lib:/root/ros2_ws/install/hardware_interface_testing/lib:/root/ros2_ws/install/controller_interface/lib:/root/ros2_ws/install/hardware_interface/lib:/root/ros2_ws/install/controller_manager_msgs/lib:/root/ros2_ws/install/ros2_control_test_assets/lib:/opt/ros/humble/lib/aarch64-linux-gnu:/opt/ros/humble/lib PYTHONPATH=/root/ros2_ws/install/controller_manager/local/lib/python3.10/dist-packages:/root/ros2_ws/install/controller_manager_msgs/local/lib/python3.10/dist-packages:${PYTHONPATH} /usr/bin/cmake --build /root/ros2_ws/build/tricycle_controller -- -j4 -l4
[2.186s] [ 60%] [32mBuilding CXX object CMakeFiles/tricycle_controller.dir/src/traction_limiter.cpp.o[0m
[2.186s] [ 60%] [32mBuilding CXX object CMakeFiles/tricycle_controller.dir/src/odometry.cpp.o[0m
[2.186s] [ 60%] [32mBuilding CXX object CMakeFiles/tricycle_controller.dir/src/tricycle_controller.cpp.o[0m
[2.186s] [ 80%] [32mBuilding CXX object CMakeFiles/tricycle_controller.dir/src/steering_limiter.cpp.o[0m
[30.810s] [100%] [32m[1mLinking CXX shared library libtricycle_controller.so[0m
[31.281s] [100%] Built target tricycle_controller
[31.301s] Invoked command in '/root/ros2_ws/build/tricycle_controller' returned '0': AMENT_PREFIX_PATH=/root/ros2_ws/install/controller_manager:/root/ros2_ws/install/hardware_interface_testing:/root/ros2_ws/install/controller_manager_msgs:${AMENT_PREFIX_PATH} CMAKE_PREFIX_PATH=/root/ros2_ws/install/controller_manager:/root/ros2_ws/install/hardware_interface_testing:/root/ros2_ws/install/controller_interface:/root/ros2_ws/install/hardware_interface:/root/ros2_ws/install/ros2_control_test_assets:/root/ros2_ws/install/controller_manager_msgs:/root/ros2_ws/install/app_subscriber:/opt/ros/humble LD_LIBRARY_PATH=/root/ros2_ws/install/controller_manager/lib:/root/ros2_ws/install/hardware_interface_testing/lib:/root/ros2_ws/install/controller_interface/lib:/root/ros2_ws/install/hardware_interface/lib:/root/ros2_ws/install/controller_manager_msgs/lib:/root/ros2_ws/install/ros2_control_test_assets/lib:/opt/ros/humble/lib/aarch64-linux-gnu:/opt/ros/humble/lib PYTHONPATH=/root/ros2_ws/install/controller_manager/local/lib/python3.10/dist-packages:/root/ros2_ws/install/controller_manager_msgs/local/lib/python3.10/dist-packages:${PYTHONPATH} /usr/bin/cmake --build /root/ros2_ws/build/tricycle_controller -- -j4 -l4
[31.303s] Invoking command in '/root/ros2_ws/build/tricycle_controller': AMENT_PREFIX_PATH=/root/ros2_ws/install/controller_manager:/root/ros2_ws/install/hardware_interface_testing:/root/ros2_ws/install/controller_manager_msgs:${AMENT_PREFIX_PATH} CMAKE_PREFIX_PATH=/root/ros2_ws/install/controller_manager:/root/ros2_ws/install/hardware_interface_testing:/root/ros2_ws/install/controller_interface:/root/ros2_ws/install/hardware_interface:/root/ros2_ws/install/ros2_control_test_assets:/root/ros2_ws/install/controller_manager_msgs:/root/ros2_ws/install/app_subscriber:/opt/ros/humble LD_LIBRARY_PATH=/root/ros2_ws/install/controller_manager/lib:/root/ros2_ws/install/hardware_interface_testing/lib:/root/ros2_ws/install/controller_interface/lib:/root/ros2_ws/install/hardware_interface/lib:/root/ros2_ws/install/controller_manager_msgs/lib:/root/ros2_ws/install/ros2_control_test_assets/lib:/opt/ros/humble/lib/aarch64-linux-gnu:/opt/ros/humble/lib PYTHONPATH=/root/ros2_ws/install/controller_manager/local/lib/python3.10/dist-packages:/root/ros2_ws/install/controller_manager_msgs/local/lib/python3.10/dist-packages:${PYTHONPATH} /usr/bin/cmake --install /root/ros2_ws/build/tricycle_controller
[31.318s] -- Install configuration: "Release"
[31.318s] -- Execute custom install script
[31.319s] -- Symlinking: /root/ros2_ws/install/tricycle_controller/share/tricycle_controller//tricycle_controller.xml
[31.336s] -- Symlinking: /root/ros2_ws/install/tricycle_controller/include/tricycle_controller/tricycle_controller/odometry.hpp
[31.353s] -- Symlinking: /root/ros2_ws/install/tricycle_controller/include/tricycle_controller/tricycle_controller/steering_limiter.hpp
[31.369s] -- Symlinking: /root/ros2_ws/install/tricycle_controller/include/tricycle_controller/tricycle_controller/traction_limiter.hpp
[31.385s] -- Symlinking: /root/ros2_ws/install/tricycle_controller/include/tricycle_controller/tricycle_controller/tricycle_controller.hpp
[31.401s] -- Symlinking: /root/ros2_ws/install/tricycle_controller/include/tricycle_controller/tricycle_controller/visibility_control.h
[31.418s] -- Symlinking: /root/ros2_ws/install/tricycle_controller/share/tricycle_controller/environment/library_path.sh
[31.435s] -- Symlinking: /root/ros2_ws/install/tricycle_controller/share/tricycle_controller/environment/library_path.dsv
[31.451s] -- Symlinking: /root/ros2_ws/install/tricycle_controller/share/ament_index/resource_index/package_run_dependencies/tricycle_controller
[31.467s] -- Symlinking: /root/ros2_ws/install/tricycle_controller/share/ament_index/resource_index/parent_prefix_path/tricycle_controller
[31.483s] -- Symlinking: /root/ros2_ws/install/tricycle_controller/share/tricycle_controller/environment/ament_prefix_path.sh
[31.501s] -- Symlinking: /root/ros2_ws/install/tricycle_controller/share/tricycle_controller/environment/ament_prefix_path.dsv
[31.518s] -- Symlinking: /root/ros2_ws/install/tricycle_controller/share/tricycle_controller/environment/path.sh
[31.534s] -- Symlinking: /root/ros2_ws/install/tricycle_controller/share/tricycle_controller/environment/path.dsv
[31.551s] -- Symlinking: /root/ros2_ws/install/tricycle_controller/share/tricycle_controller/local_setup.bash
[31.567s] -- Symlinking: /root/ros2_ws/install/tricycle_controller/share/tricycle_controller/local_setup.sh
[31.583s] -- Symlinking: /root/ros2_ws/install/tricycle_controller/share/tricycle_controller/local_setup.zsh
[31.600s] -- Symlinking: /root/ros2_ws/install/tricycle_controller/share/tricycle_controller/local_setup.dsv
[31.616s] -- Symlinking: /root/ros2_ws/install/tricycle_controller/share/tricycle_controller/package.dsv
[31.633s] -- Symlinking: /root/ros2_ws/install/tricycle_controller/share/ament_index/resource_index/packages/tricycle_controller
[31.650s] -- Symlinking: /root/ros2_ws/install/tricycle_controller/share/ament_index/resource_index/controller_interface__pluginlib__plugin/tricycle_controller
[31.666s] -- Symlinking: /root/ros2_ws/install/tricycle_controller/share/tricycle_controller/cmake/ament_cmake_export_targets-extras.cmake
[31.682s] -- Symlinking: /root/ros2_ws/install/tricycle_controller/share/tricycle_controller/cmake/ament_cmake_export_dependencies-extras.cmake
[31.699s] -- Symlinking: /root/ros2_ws/install/tricycle_controller/share/tricycle_controller/cmake/tricycle_controllerConfig.cmake
[31.715s] -- Symlinking: /root/ros2_ws/install/tricycle_controller/share/tricycle_controller/cmake/tricycle_controllerConfig-version.cmake
[31.733s] -- Symlinking: /root/ros2_ws/install/tricycle_controller/share/tricycle_controller/package.xml
[31.750s] -- Installing: /root/ros2_ws/install/tricycle_controller/lib/libtricycle_controller.so
[31.754s] -- Set runtime path of "/root/ros2_ws/install/tricycle_controller/lib/libtricycle_controller.so" to ""
[31.754s] -- Installing: /root/ros2_ws/install/tricycle_controller/share/tricycle_controller/cmake/export_tricycle_controllerExport.cmake
[31.754s] -- Installing: /root/ros2_ws/install/tricycle_controller/share/tricycle_controller/cmake/export_tricycle_controllerExport-release.cmake
[31.758s] Invoked command in '/root/ros2_ws/build/tricycle_controller' returned '0': AMENT_PREFIX_PATH=/root/ros2_ws/install/controller_manager:/root/ros2_ws/install/hardware_interface_testing:/root/ros2_ws/install/controller_manager_msgs:${AMENT_PREFIX_PATH} CMAKE_PREFIX_PATH=/root/ros2_ws/install/controller_manager:/root/ros2_ws/install/hardware_interface_testing:/root/ros2_ws/install/controller_interface:/root/ros2_ws/install/hardware_interface:/root/ros2_ws/install/ros2_control_test_assets:/root/ros2_ws/install/controller_manager_msgs:/root/ros2_ws/install/app_subscriber:/opt/ros/humble LD_LIBRARY_PATH=/root/ros2_ws/install/controller_manager/lib:/root/ros2_ws/install/hardware_interface_testing/lib:/root/ros2_ws/install/controller_interface/lib:/root/ros2_ws/install/hardware_interface/lib:/root/ros2_ws/install/controller_manager_msgs/lib:/root/ros2_ws/install/ros2_control_test_assets/lib:/opt/ros/humble/lib/aarch64-linux-gnu:/opt/ros/humble/lib PYTHONPATH=/root/ros2_ws/install/controller_manager/local/lib/python3.10/dist-packages:/root/ros2_ws/install/controller_manager_msgs/local/lib/python3.10/dist-packages:${PYTHONPATH} /usr/bin/cmake --install /root/ros2_ws/build/tricycle_controller
