[0.038s] Invoking command in '/root/ros2_ws/build/effort_controllers': AMENT_PREFIX_PATH=/root/ros2_ws/install/forward_command_controller:/root/ros2_ws/install/controller_manager:/root/ros2_ws/install/hardware_interface_testing:/root/ros2_ws/install/controller_manager_msgs:${AMENT_PREFIX_PATH} CMAKE_PREFIX_PATH=/root/ros2_ws/install/forward_command_controller:/root/ros2_ws/install/controller_manager:/root/ros2_ws/install/hardware_interface_testing:/root/ros2_ws/install/controller_interface:/root/ros2_ws/install/hardware_interface:/root/ros2_ws/install/ros2_control_test_assets:/root/ros2_ws/install/controller_manager_msgs:/root/ros2_ws/install/app_subscriber:/opt/ros/humble LD_LIBRARY_PATH=/root/ros2_ws/install/forward_command_controller/lib:/root/ros2_ws/install/controller_manager/lib:/root/ros2_ws/install/hardware_interface_testing/lib:/root/ros2_ws/install/controller_interface/lib:/root/ros2_ws/install/hardware_interface/lib:/root/ros2_ws/install/controller_manager_msgs/lib:/root/ros2_ws/install/ros2_control_test_assets/lib:/opt/ros/humble/lib/aarch64-linux-gnu:/opt/ros/humble/lib PYTHONPATH=/root/ros2_ws/install/controller_manager/local/lib/python3.10/dist-packages:/root/ros2_ws/install/controller_manager_msgs/local/lib/python3.10/dist-packages:${PYTHONPATH} /usr/bin/cmake /root/ros2_ws/src/ros2_controllers/effort_controllers -DBUILD_TESTING=OFF -DCMAKE_BUILD_TYPE=Release -DAMENT_CMAKE_SYMLINK_INSTALL=1 -DCMAKE_INSTALL_PREFIX=/root/ros2_ws/install/effort_controllers
[0.150s] -- The CXX compiler identification is GNU 11.4.0
[0.161s] -- Detecting CXX compiler ABI info
[0.300s] -- Detecting CXX compiler ABI info - done
[0.311s] -- Check for working CXX compiler: /usr/bin/c++ - skipped
[0.312s] -- Detecting CXX compile features
[0.312s] -- Detecting CXX compile features - done
[0.317s] -- Found ament_cmake: 1.3.12 (/opt/ros/humble/share/ament_cmake/cmake)
[0.547s] -- Found Python3: /usr/bin/python3 (found version "3.10.12") found components: Interpreter 
[0.646s] -- Override CMake install command with custom implementation using symlinks instead of copying resources
[0.700s] -- Found forward_command_controller: 2.50.2 (/root/ros2_ws/install/forward_command_controller/share/forward_command_controller/cmake)
[0.767s] -- Found rosidl_generator_c: 3.1.7 (/opt/ros/humble/share/rosidl_generator_c/cmake)
[0.776s] -- Found rosidl_adapter: 3.1.7 (/opt/ros/humble/share/rosidl_adapter/cmake)
[0.789s] -- Found rosidl_generator_cpp: 3.1.7 (/opt/ros/humble/share/rosidl_generator_cpp/cmake)
[0.808s] -- Using all available rosidl_typesupport_c: rosidl_typesupport_fastrtps_c;rosidl_typesupport_introspection_c
[0.834s] -- Using all available rosidl_typesupport_cpp: rosidl_typesupport_fastrtps_cpp;rosidl_typesupport_introspection_cpp
[0.905s] -- Found rmw_implementation_cmake: 6.1.2 (/opt/ros/humble/share/rmw_implementation_cmake/cmake)
[0.910s] -- Found rmw_fastrtps_cpp: 6.2.8 (/opt/ros/humble/share/rmw_fastrtps_cpp/cmake)
[1.045s] -- Found OpenSSL: /usr/lib/aarch64-linux-gnu/libcrypto.so (found version "3.0.2")  
[1.074s] -- Found FastRTPS: /opt/ros/humble/include  
[1.125s] -- Using RMW implementation 'rmw_fastrtps_cpp' as default
[1.140s] -- Looking for C++ include pthread.h
[1.344s] -- Looking for C++ include pthread.h - found
[1.344s] -- Performing Test CMAKE_HAVE_LIBC_PTHREAD
[1.546s] -- Performing Test CMAKE_HAVE_LIBC_PTHREAD - Success
[1.548s] -- Found Threads: TRUE  
[2.020s] -- Configuring done
[2.043s] -- Generating done
[2.050s] -- Build files have been written to: /root/ros2_ws/build/effort_controllers
[2.067s] Invoked command in '/root/ros2_ws/build/effort_controllers' returned '0': AMENT_PREFIX_PATH=/root/ros2_ws/install/forward_command_controller:/root/ros2_ws/install/controller_manager:/root/ros2_ws/install/hardware_interface_testing:/root/ros2_ws/install/controller_manager_msgs:${AMENT_PREFIX_PATH} CMAKE_PREFIX_PATH=/root/ros2_ws/install/forward_command_controller:/root/ros2_ws/install/controller_manager:/root/ros2_ws/install/hardware_interface_testing:/root/ros2_ws/install/controller_interface:/root/ros2_ws/install/hardware_interface:/root/ros2_ws/install/ros2_control_test_assets:/root/ros2_ws/install/controller_manager_msgs:/root/ros2_ws/install/app_subscriber:/opt/ros/humble LD_LIBRARY_PATH=/root/ros2_ws/install/forward_command_controller/lib:/root/ros2_ws/install/controller_manager/lib:/root/ros2_ws/install/hardware_interface_testing/lib:/root/ros2_ws/install/controller_interface/lib:/root/ros2_ws/install/hardware_interface/lib:/root/ros2_ws/install/controller_manager_msgs/lib:/root/ros2_ws/install/ros2_control_test_assets/lib:/opt/ros/humble/lib/aarch64-linux-gnu:/opt/ros/humble/lib PYTHONPATH=/root/ros2_ws/install/controller_manager/local/lib/python3.10/dist-packages:/root/ros2_ws/install/controller_manager_msgs/local/lib/python3.10/dist-packages:${PYTHONPATH} /usr/bin/cmake /root/ros2_ws/src/ros2_controllers/effort_controllers -DBUILD_TESTING=OFF -DCMAKE_BUILD_TYPE=Release -DAMENT_CMAKE_SYMLINK_INSTALL=1 -DCMAKE_INSTALL_PREFIX=/root/ros2_ws/install/effort_controllers
[2.069s] Invoking command in '/root/ros2_ws/build/effort_controllers': AMENT_PREFIX_PATH=/root/ros2_ws/install/forward_command_controller:/root/ros2_ws/install/controller_manager:/root/ros2_ws/install/hardware_interface_testing:/root/ros2_ws/install/controller_manager_msgs:${AMENT_PREFIX_PATH} CMAKE_PREFIX_PATH=/root/ros2_ws/install/forward_command_controller:/root/ros2_ws/install/controller_manager:/root/ros2_ws/install/hardware_interface_testing:/root/ros2_ws/install/controller_interface:/root/ros2_ws/install/hardware_interface:/root/ros2_ws/install/ros2_control_test_assets:/root/ros2_ws/install/controller_manager_msgs:/root/ros2_ws/install/app_subscriber:/opt/ros/humble LD_LIBRARY_PATH=/root/ros2_ws/install/forward_command_controller/lib:/root/ros2_ws/install/controller_manager/lib:/root/ros2_ws/install/hardware_interface_testing/lib:/root/ros2_ws/install/controller_interface/lib:/root/ros2_ws/install/hardware_interface/lib:/root/ros2_ws/install/controller_manager_msgs/lib:/root/ros2_ws/install/ros2_control_test_assets/lib:/opt/ros/humble/lib/aarch64-linux-gnu:/opt/ros/humble/lib PYTHONPATH=/root/ros2_ws/install/controller_manager/local/lib/python3.10/dist-packages:/root/ros2_ws/install/controller_manager_msgs/local/lib/python3.10/dist-packages:${PYTHONPATH} /usr/bin/cmake --build /root/ros2_ws/build/effort_controllers -- -j4 -l4
[2.164s] [ 50%] [32mBuilding CXX object CMakeFiles/effort_controllers.dir/src/joint_group_effort_controller.cpp.o[0m
[7.057s] [100%] [32m[1mLinking CXX shared library libeffort_controllers.so[0m
[7.294s] [100%] Built target effort_controllers
[7.315s] Invoked command in '/root/ros2_ws/build/effort_controllers' returned '0': AMENT_PREFIX_PATH=/root/ros2_ws/install/forward_command_controller:/root/ros2_ws/install/controller_manager:/root/ros2_ws/install/hardware_interface_testing:/root/ros2_ws/install/controller_manager_msgs:${AMENT_PREFIX_PATH} CMAKE_PREFIX_PATH=/root/ros2_ws/install/forward_command_controller:/root/ros2_ws/install/controller_manager:/root/ros2_ws/install/hardware_interface_testing:/root/ros2_ws/install/controller_interface:/root/ros2_ws/install/hardware_interface:/root/ros2_ws/install/ros2_control_test_assets:/root/ros2_ws/install/controller_manager_msgs:/root/ros2_ws/install/app_subscriber:/opt/ros/humble LD_LIBRARY_PATH=/root/ros2_ws/install/forward_command_controller/lib:/root/ros2_ws/install/controller_manager/lib:/root/ros2_ws/install/hardware_interface_testing/lib:/root/ros2_ws/install/controller_interface/lib:/root/ros2_ws/install/hardware_interface/lib:/root/ros2_ws/install/controller_manager_msgs/lib:/root/ros2_ws/install/ros2_control_test_assets/lib:/opt/ros/humble/lib/aarch64-linux-gnu:/opt/ros/humble/lib PYTHONPATH=/root/ros2_ws/install/controller_manager/local/lib/python3.10/dist-packages:/root/ros2_ws/install/controller_manager_msgs/local/lib/python3.10/dist-packages:${PYTHONPATH} /usr/bin/cmake --build /root/ros2_ws/build/effort_controllers -- -j4 -l4
[7.317s] Invoking command in '/root/ros2_ws/build/effort_controllers': AMENT_PREFIX_PATH=/root/ros2_ws/install/forward_command_controller:/root/ros2_ws/install/controller_manager:/root/ros2_ws/install/hardware_interface_testing:/root/ros2_ws/install/controller_manager_msgs:${AMENT_PREFIX_PATH} CMAKE_PREFIX_PATH=/root/ros2_ws/install/forward_command_controller:/root/ros2_ws/install/controller_manager:/root/ros2_ws/install/hardware_interface_testing:/root/ros2_ws/install/controller_interface:/root/ros2_ws/install/hardware_interface:/root/ros2_ws/install/ros2_control_test_assets:/root/ros2_ws/install/controller_manager_msgs:/root/ros2_ws/install/app_subscriber:/opt/ros/humble LD_LIBRARY_PATH=/root/ros2_ws/install/forward_command_controller/lib:/root/ros2_ws/install/controller_manager/lib:/root/ros2_ws/install/hardware_interface_testing/lib:/root/ros2_ws/install/controller_interface/lib:/root/ros2_ws/install/hardware_interface/lib:/root/ros2_ws/install/controller_manager_msgs/lib:/root/ros2_ws/install/ros2_control_test_assets/lib:/opt/ros/humble/lib/aarch64-linux-gnu:/opt/ros/humble/lib PYTHONPATH=/root/ros2_ws/install/controller_manager/local/lib/python3.10/dist-packages:/root/ros2_ws/install/controller_manager_msgs/local/lib/python3.10/dist-packages:${PYTHONPATH} /usr/bin/cmake --install /root/ros2_ws/build/effort_controllers
[7.332s] -- Install configuration: "Release"
[7.332s] -- Execute custom install script
[7.333s] -- Symlinking: /root/ros2_ws/install/effort_controllers/share/effort_controllers//effort_controllers_plugins.xml
[7.351s] -- Symlinking: /root/ros2_ws/install/effort_controllers/include/effort_controllers/effort_controllers/joint_group_effort_controller.hpp
[7.367s] -- Symlinking: /root/ros2_ws/install/effort_controllers/include/effort_controllers/effort_controllers/visibility_control.h
[7.385s] -- Symlinking: /root/ros2_ws/install/effort_controllers/share/effort_controllers/environment/library_path.sh
[7.403s] -- Symlinking: /root/ros2_ws/install/effort_controllers/share/effort_controllers/environment/library_path.dsv
[7.419s] -- Symlinking: /root/ros2_ws/install/effort_controllers/share/ament_index/resource_index/package_run_dependencies/effort_controllers
[7.438s] -- Symlinking: /root/ros2_ws/install/effort_controllers/share/ament_index/resource_index/parent_prefix_path/effort_controllers
[7.454s] -- Symlinking: /root/ros2_ws/install/effort_controllers/share/effort_controllers/environment/ament_prefix_path.sh
[7.471s] -- Symlinking: /root/ros2_ws/install/effort_controllers/share/effort_controllers/environment/ament_prefix_path.dsv
[7.487s] -- Symlinking: /root/ros2_ws/install/effort_controllers/share/effort_controllers/environment/path.sh
[7.503s] -- Symlinking: /root/ros2_ws/install/effort_controllers/share/effort_controllers/environment/path.dsv
[7.519s] -- Symlinking: /root/ros2_ws/install/effort_controllers/share/effort_controllers/local_setup.bash
[7.536s] -- Symlinking: /root/ros2_ws/install/effort_controllers/share/effort_controllers/local_setup.sh
[7.553s] -- Symlinking: /root/ros2_ws/install/effort_controllers/share/effort_controllers/local_setup.zsh
[7.570s] -- Symlinking: /root/ros2_ws/install/effort_controllers/share/effort_controllers/local_setup.dsv
[7.586s] -- Symlinking: /root/ros2_ws/install/effort_controllers/share/effort_controllers/package.dsv
[7.603s] -- Symlinking: /root/ros2_ws/install/effort_controllers/share/ament_index/resource_index/packages/effort_controllers
[7.619s] -- Symlinking: /root/ros2_ws/install/effort_controllers/share/ament_index/resource_index/controller_interface__pluginlib__plugin/effort_controllers
[7.635s] -- Symlinking: /root/ros2_ws/install/effort_controllers/share/effort_controllers/cmake/ament_cmake_export_targets-extras.cmake
[7.652s] -- Symlinking: /root/ros2_ws/install/effort_controllers/share/effort_controllers/cmake/ament_cmake_export_dependencies-extras.cmake
[7.668s] -- Symlinking: /root/ros2_ws/install/effort_controllers/share/effort_controllers/cmake/effort_controllersConfig.cmake
[7.685s] -- Symlinking: /root/ros2_ws/install/effort_controllers/share/effort_controllers/cmake/effort_controllersConfig-version.cmake
[7.702s] -- Symlinking: /root/ros2_ws/install/effort_controllers/share/effort_controllers/package.xml
[7.719s] -- Installing: /root/ros2_ws/install/effort_controllers/lib/libeffort_controllers.so
[7.719s] -- Set runtime path of "/root/ros2_ws/install/effort_controllers/lib/libeffort_controllers.so" to ""
[7.719s] -- Installing: /root/ros2_ws/install/effort_controllers/share/effort_controllers/cmake/export_effort_controllersExport.cmake
[7.720s] -- Installing: /root/ros2_ws/install/effort_controllers/share/effort_controllers/cmake/export_effort_controllersExport-release.cmake
[7.724s] Invoked command in '/root/ros2_ws/build/effort_controllers' returned '0': AMENT_PREFIX_PATH=/root/ros2_ws/install/forward_command_controller:/root/ros2_ws/install/controller_manager:/root/ros2_ws/install/hardware_interface_testing:/root/ros2_ws/install/controller_manager_msgs:${AMENT_PREFIX_PATH} CMAKE_PREFIX_PATH=/root/ros2_ws/install/forward_command_controller:/root/ros2_ws/install/controller_manager:/root/ros2_ws/install/hardware_interface_testing:/root/ros2_ws/install/controller_interface:/root/ros2_ws/install/hardware_interface:/root/ros2_ws/install/ros2_control_test_assets:/root/ros2_ws/install/controller_manager_msgs:/root/ros2_ws/install/app_subscriber:/opt/ros/humble LD_LIBRARY_PATH=/root/ros2_ws/install/forward_command_controller/lib:/root/ros2_ws/install/controller_manager/lib:/root/ros2_ws/install/hardware_interface_testing/lib:/root/ros2_ws/install/controller_interface/lib:/root/ros2_ws/install/hardware_interface/lib:/root/ros2_ws/install/controller_manager_msgs/lib:/root/ros2_ws/install/ros2_control_test_assets/lib:/opt/ros/humble/lib/aarch64-linux-gnu:/opt/ros/humble/lib PYTHONPATH=/root/ros2_ws/install/controller_manager/local/lib/python3.10/dist-packages:/root/ros2_ws/install/controller_manager_msgs/local/lib/python3.10/dist-packages:${PYTHONPATH} /usr/bin/cmake --install /root/ros2_ws/build/effort_controllers
