[0.291s] DEBUG:colcon:Command line arguments: ['/usr/bin/colcon', 'build']
[0.291s] DEBUG:colcon:Parsed command line arguments: Namespace(log_base=None, log_level=None, verb_name='build', build_base='build', install_base='install', merge_install=False, symlink_install=False, test_result_base=None, continue_on_error=False, executor='parallel', parallel_workers=4, event_handlers=None, ignore_user_meta=False, metas=['./colcon.meta'], base_paths=['.'], packages_ignore=None, packages_ignore_regex=None, paths=None, packages_up_to=None, packages_up_to_regex=None, packages_above=None, packages_above_and_dependencies=None, packages_above_depth=None, packages_select_by_dep=None, packages_skip_by_dep=None, packages_skip_up_to=None, packages_select_build_failed=False, packages_skip_build_finished=False, packages_select_test_failures=False, packages_skip_test_passed=False, packages_select=None, packages_skip=None, packages_select_regex=None, packages_skip_regex=None, packages_start=None, packages_end=None, cmake_args=None, cmake_target=None, cmake_target_skip_unavailable=False, cmake_clean_cache=False, cmake_clean_first=False, cmake_force_configure=False, ament_cmake_args=None, catkin_cmake_args=None, catkin_skip_building_tests=False, mixin_files=None, mixin=None, verb_parser=<colcon_mixin.mixin.mixin_argument.MixinArgumentDecorator object at 0xffff9b11b190>, verb_extension=<colcon_core.verb.build.BuildVerb object at 0xffff9b11ace0>, main=<bound method BuildVerb.main of <colcon_core.verb.build.BuildVerb object at 0xffff9b11ace0>>, mixin_verb=('build',))
[0.641s] Level 1:colcon.colcon_core.package_discovery:discover_packages(colcon_meta) check parameters
[0.644s] INFO:colcon.colcon_metadata.package_discovery.colcon_meta:Using configuration from '/root/.colcon/metadata/default/Gazebo.meta'
[0.645s] INFO:colcon.colcon_metadata.package_discovery.colcon_meta:Using configuration from '/root/.colcon/metadata/default/fastdds.meta'
[0.646s] INFO:colcon.colcon_metadata.package_discovery.colcon_meta:Using configuration from '/root/.colcon/metadata/default/fastrtps.meta'
[0.646s] Level 1:colcon.colcon_core.package_discovery:discover_packages(recursive) check parameters
[0.646s] Level 1:colcon.colcon_core.package_discovery:discover_packages(ignore) check parameters
[0.646s] Level 1:colcon.colcon_core.package_discovery:discover_packages(path) check parameters
[0.646s] Level 1:colcon.colcon_core.package_discovery:discover_packages(colcon_meta) discover
[0.646s] Level 1:colcon.colcon_core.package_discovery:discover_packages(recursive) discover
[0.646s] INFO:colcon.colcon_core.package_discovery:Crawling recursively for packages in '/root/ros2_ws/src'
[0.647s] Level 1:colcon.colcon_core.package_identification:_identify(.) by extensions ['ignore', 'ignore_ament_install']
[0.647s] Level 1:colcon.colcon_core.package_identification:_identify(.) by extension 'ignore'
[0.647s] Level 1:colcon.colcon_core.package_identification:_identify(.) by extension 'ignore_ament_install'
[0.647s] Level 1:colcon.colcon_core.package_identification:_identify(.) by extensions ['colcon_pkg']
[0.647s] Level 1:colcon.colcon_core.package_identification:_identify(.) by extension 'colcon_pkg'
[0.647s] Level 1:colcon.colcon_core.package_identification:_identify(.) by extensions ['colcon_meta']
[0.647s] Level 1:colcon.colcon_core.package_identification:_identify(.) by extension 'colcon_meta'
[0.647s] Level 1:colcon.colcon_core.package_identification:_identify(.) by extensions ['ros']
[0.647s] Level 1:colcon.colcon_core.package_identification:_identify(.) by extension 'ros'
[0.675s] Level 1:colcon.colcon_core.package_identification:_identify(.) by extensions ['cmake', 'python']
[0.675s] Level 1:colcon.colcon_core.package_identification:_identify(.) by extension 'cmake'
[0.675s] Level 1:colcon.colcon_core.package_identification:_identify(.) by extension 'python'
[0.675s] Level 1:colcon.colcon_core.package_identification:_identify(.) by extensions ['python_setup_py']
[0.675s] Level 1:colcon.colcon_core.package_identification:_identify(.) by extension 'python_setup_py'
[0.676s] Level 1:colcon.colcon_core.package_identification:_identify(app_subscriber) by extensions ['ignore', 'ignore_ament_install']
[0.676s] Level 1:colcon.colcon_core.package_identification:_identify(app_subscriber) by extension 'ignore'
[0.676s] Level 1:colcon.colcon_core.package_identification:_identify(app_subscriber) by extension 'ignore_ament_install'
[0.676s] Level 1:colcon.colcon_core.package_identification:_identify(app_subscriber) by extensions ['colcon_pkg']
[0.676s] Level 1:colcon.colcon_core.package_identification:_identify(app_subscriber) by extension 'colcon_pkg'
[0.676s] Level 1:colcon.colcon_core.package_identification:_identify(app_subscriber) by extensions ['colcon_meta']
[0.676s] Level 1:colcon.colcon_core.package_identification:_identify(app_subscriber) by extension 'colcon_meta'
[0.676s] Level 1:colcon.colcon_core.package_identification:_identify(app_subscriber) by extensions ['ros']
[0.677s] Level 1:colcon.colcon_core.package_identification:_identify(app_subscriber) by extension 'ros'
[0.681s] DEBUG:colcon.colcon_core.package_identification:Package 'app_subscriber' with type 'ros.ament_python' and name 'app_subscriber'
[0.681s] Level 1:colcon.colcon_core.package_identification:_identify(build) by extensions ['ignore', 'ignore_ament_install']
[0.682s] Level 1:colcon.colcon_core.package_identification:_identify(build) by extension 'ignore'
[0.682s] Level 1:colcon.colcon_core.package_identification:_identify(build) ignored
[0.682s] Level 1:colcon.colcon_core.package_identification:_identify(distance_pid) by extensions ['ignore', 'ignore_ament_install']
[0.683s] Level 1:colcon.colcon_core.package_identification:_identify(distance_pid) by extension 'ignore'
[0.683s] Level 1:colcon.colcon_core.package_identification:_identify(distance_pid) by extension 'ignore_ament_install'
[0.683s] Level 1:colcon.colcon_core.package_identification:_identify(distance_pid) by extensions ['colcon_pkg']
[0.683s] Level 1:colcon.colcon_core.package_identification:_identify(distance_pid) by extension 'colcon_pkg'
[0.683s] Level 1:colcon.colcon_core.package_identification:_identify(distance_pid) by extensions ['colcon_meta']
[0.683s] Level 1:colcon.colcon_core.package_identification:_identify(distance_pid) by extension 'colcon_meta'
[0.683s] Level 1:colcon.colcon_core.package_identification:_identify(distance_pid) by extensions ['ros']
[0.683s] Level 1:colcon.colcon_core.package_identification:_identify(distance_pid) by extension 'ros'
[0.685s] DEBUG:colcon.colcon_core.package_identification:Package 'distance_pid' with type 'ros.ament_python' and name 'distance_pid'
[0.685s] Level 1:colcon.colcon_core.package_identification:_identify(install) by extensions ['ignore', 'ignore_ament_install']
[0.685s] Level 1:colcon.colcon_core.package_identification:_identify(install) by extension 'ignore'
[0.685s] Level 1:colcon.colcon_core.package_identification:_identify(install) ignored
[0.685s] Level 1:colcon.colcon_core.package_identification:_identify(log) by extensions ['ignore', 'ignore_ament_install']
[0.685s] Level 1:colcon.colcon_core.package_identification:_identify(log) by extension 'ignore'
[0.685s] Level 1:colcon.colcon_core.package_identification:_identify(log) ignored
[0.686s] Level 1:colcon.colcon_core.package_identification:_identify(mecanum_bot) by extensions ['ignore', 'ignore_ament_install']
[0.686s] Level 1:colcon.colcon_core.package_identification:_identify(mecanum_bot) by extension 'ignore'
[0.686s] Level 1:colcon.colcon_core.package_identification:_identify(mecanum_bot) by extension 'ignore_ament_install'
[0.686s] Level 1:colcon.colcon_core.package_identification:_identify(mecanum_bot) by extensions ['colcon_pkg']
[0.686s] Level 1:colcon.colcon_core.package_identification:_identify(mecanum_bot) by extension 'colcon_pkg'
[0.686s] Level 1:colcon.colcon_core.package_identification:_identify(mecanum_bot) by extensions ['colcon_meta']
[0.686s] Level 1:colcon.colcon_core.package_identification:_identify(mecanum_bot) by extension 'colcon_meta'
[0.686s] Level 1:colcon.colcon_core.package_identification:_identify(mecanum_bot) by extensions ['ros']
[0.686s] Level 1:colcon.colcon_core.package_identification:_identify(mecanum_bot) by extension 'ros'
[0.690s] DEBUG:colcon.colcon_core.package_identification:Package 'mecanum_bot' with type 'ros.ament_python' and name 'mecanum_bot'
[0.690s] Level 1:colcon.colcon_core.package_identification:_identify(mecanum_hardware) by extensions ['ignore', 'ignore_ament_install']
[0.690s] Level 1:colcon.colcon_core.package_identification:_identify(mecanum_hardware) by extension 'ignore'
[0.690s] Level 1:colcon.colcon_core.package_identification:_identify(mecanum_hardware) by extension 'ignore_ament_install'
[0.690s] Level 1:colcon.colcon_core.package_identification:_identify(mecanum_hardware) by extensions ['colcon_pkg']
[0.690s] Level 1:colcon.colcon_core.package_identification:_identify(mecanum_hardware) by extension 'colcon_pkg'
[0.690s] Level 1:colcon.colcon_core.package_identification:_identify(mecanum_hardware) by extensions ['colcon_meta']
[0.690s] Level 1:colcon.colcon_core.package_identification:_identify(mecanum_hardware) by extension 'colcon_meta'
[0.690s] Level 1:colcon.colcon_core.package_identification:_identify(mecanum_hardware) by extensions ['ros']
[0.690s] Level 1:colcon.colcon_core.package_identification:_identify(mecanum_hardware) by extension 'ros'
[0.692s] DEBUG:colcon.colcon_core.package_identification:Package 'mecanum_hardware' with type 'ros.ament_cmake' and name 'mecanum_hardware'
[0.692s] Level 1:colcon.colcon_core.package_discovery:discover_packages(recursive) using defaults
[0.692s] Level 1:colcon.colcon_core.package_discovery:discover_packages(ignore) discover
[0.692s] Level 1:colcon.colcon_core.package_discovery:discover_packages(ignore) using defaults
[0.692s] Level 1:colcon.colcon_core.package_discovery:discover_packages(path) discover
[0.692s] Level 1:colcon.colcon_core.package_discovery:discover_packages(path) using defaults
[0.737s] Level 5:colcon.colcon_core.verb:set package 'app_subscriber' build argument 'cmake_args' from command line to 'None'
[0.738s] Level 5:colcon.colcon_core.verb:set package 'app_subscriber' build argument 'cmake_target' from command line to 'None'
[0.738s] Level 5:colcon.colcon_core.verb:set package 'app_subscriber' build argument 'cmake_target_skip_unavailable' from command line to 'False'
[0.738s] Level 5:colcon.colcon_core.verb:set package 'app_subscriber' build argument 'cmake_clean_cache' from command line to 'False'
[0.738s] Level 5:colcon.colcon_core.verb:set package 'app_subscriber' build argument 'cmake_clean_first' from command line to 'False'
[0.738s] Level 5:colcon.colcon_core.verb:set package 'app_subscriber' build argument 'cmake_force_configure' from command line to 'False'
[0.738s] Level 5:colcon.colcon_core.verb:set package 'app_subscriber' build argument 'ament_cmake_args' from command line to 'None'
[0.738s] Level 5:colcon.colcon_core.verb:set package 'app_subscriber' build argument 'catkin_cmake_args' from command line to 'None'
[0.738s] Level 5:colcon.colcon_core.verb:set package 'app_subscriber' build argument 'catkin_skip_building_tests' from command line to 'False'
[0.738s] DEBUG:colcon.colcon_core.verb:Building package 'app_subscriber' with the following arguments: {'ament_cmake_args': None, 'build_base': '/root/ros2_ws/src/build/app_subscriber', 'catkin_cmake_args': None, 'catkin_skip_building_tests': False, 'cmake_args': None, 'cmake_clean_cache': False, 'cmake_clean_first': False, 'cmake_force_configure': False, 'cmake_target': None, 'cmake_target_skip_unavailable': False, 'install_base': '/root/ros2_ws/src/install/app_subscriber', 'merge_install': False, 'path': '/root/ros2_ws/src/app_subscriber', 'symlink_install': False, 'test_result_base': None}
[0.738s] Level 5:colcon.colcon_core.verb:set package 'distance_pid' build argument 'cmake_args' from command line to 'None'
[0.738s] Level 5:colcon.colcon_core.verb:set package 'distance_pid' build argument 'cmake_target' from command line to 'None'
[0.738s] Level 5:colcon.colcon_core.verb:set package 'distance_pid' build argument 'cmake_target_skip_unavailable' from command line to 'False'
[0.738s] Level 5:colcon.colcon_core.verb:set package 'distance_pid' build argument 'cmake_clean_cache' from command line to 'False'
[0.738s] Level 5:colcon.colcon_core.verb:set package 'distance_pid' build argument 'cmake_clean_first' from command line to 'False'
[0.739s] Level 5:colcon.colcon_core.verb:set package 'distance_pid' build argument 'cmake_force_configure' from command line to 'False'
[0.739s] Level 5:colcon.colcon_core.verb:set package 'distance_pid' build argument 'ament_cmake_args' from command line to 'None'
[0.739s] Level 5:colcon.colcon_core.verb:set package 'distance_pid' build argument 'catkin_cmake_args' from command line to 'None'
[0.739s] Level 5:colcon.colcon_core.verb:set package 'distance_pid' build argument 'catkin_skip_building_tests' from command line to 'False'
[0.739s] DEBUG:colcon.colcon_core.verb:Building package 'distance_pid' with the following arguments: {'ament_cmake_args': None, 'build_base': '/root/ros2_ws/src/build/distance_pid', 'catkin_cmake_args': None, 'catkin_skip_building_tests': False, 'cmake_args': None, 'cmake_clean_cache': False, 'cmake_clean_first': False, 'cmake_force_configure': False, 'cmake_target': None, 'cmake_target_skip_unavailable': False, 'install_base': '/root/ros2_ws/src/install/distance_pid', 'merge_install': False, 'path': '/root/ros2_ws/src/distance_pid', 'symlink_install': False, 'test_result_base': None}
[0.739s] Level 5:colcon.colcon_core.verb:set package 'mecanum_bot' build argument 'cmake_args' from command line to 'None'
[0.739s] Level 5:colcon.colcon_core.verb:set package 'mecanum_bot' build argument 'cmake_target' from command line to 'None'
[0.739s] Level 5:colcon.colcon_core.verb:set package 'mecanum_bot' build argument 'cmake_target_skip_unavailable' from command line to 'False'
[0.739s] Level 5:colcon.colcon_core.verb:set package 'mecanum_bot' build argument 'cmake_clean_cache' from command line to 'False'
[0.739s] Level 5:colcon.colcon_core.verb:set package 'mecanum_bot' build argument 'cmake_clean_first' from command line to 'False'
[0.739s] Level 5:colcon.colcon_core.verb:set package 'mecanum_bot' build argument 'cmake_force_configure' from command line to 'False'
[0.739s] Level 5:colcon.colcon_core.verb:set package 'mecanum_bot' build argument 'ament_cmake_args' from command line to 'None'
[0.740s] Level 5:colcon.colcon_core.verb:set package 'mecanum_bot' build argument 'catkin_cmake_args' from command line to 'None'
[0.740s] Level 5:colcon.colcon_core.verb:set package 'mecanum_bot' build argument 'catkin_skip_building_tests' from command line to 'False'
[0.740s] DEBUG:colcon.colcon_core.verb:Building package 'mecanum_bot' with the following arguments: {'ament_cmake_args': None, 'build_base': '/root/ros2_ws/src/build/mecanum_bot', 'catkin_cmake_args': None, 'catkin_skip_building_tests': False, 'cmake_args': None, 'cmake_clean_cache': False, 'cmake_clean_first': False, 'cmake_force_configure': False, 'cmake_target': None, 'cmake_target_skip_unavailable': False, 'install_base': '/root/ros2_ws/src/install/mecanum_bot', 'merge_install': False, 'path': '/root/ros2_ws/src/mecanum_bot', 'symlink_install': False, 'test_result_base': None}
[0.740s] Level 5:colcon.colcon_core.verb:set package 'mecanum_hardware' build argument 'cmake_args' from command line to 'None'
[0.740s] Level 5:colcon.colcon_core.verb:set package 'mecanum_hardware' build argument 'cmake_target' from command line to 'None'
[0.740s] Level 5:colcon.colcon_core.verb:set package 'mecanum_hardware' build argument 'cmake_target_skip_unavailable' from command line to 'False'
[0.740s] Level 5:colcon.colcon_core.verb:set package 'mecanum_hardware' build argument 'cmake_clean_cache' from command line to 'False'
[0.740s] Level 5:colcon.colcon_core.verb:set package 'mecanum_hardware' build argument 'cmake_clean_first' from command line to 'False'
[0.740s] Level 5:colcon.colcon_core.verb:set package 'mecanum_hardware' build argument 'cmake_force_configure' from command line to 'False'
[0.740s] Level 5:colcon.colcon_core.verb:set package 'mecanum_hardware' build argument 'ament_cmake_args' from command line to 'None'
[0.740s] Level 5:colcon.colcon_core.verb:set package 'mecanum_hardware' build argument 'catkin_cmake_args' from command line to 'None'
[0.740s] Level 5:colcon.colcon_core.verb:set package 'mecanum_hardware' build argument 'catkin_skip_building_tests' from command line to 'False'
[0.740s] DEBUG:colcon.colcon_core.verb:Building package 'mecanum_hardware' with the following arguments: {'ament_cmake_args': None, 'build_base': '/root/ros2_ws/src/build/mecanum_hardware', 'catkin_cmake_args': None, 'catkin_skip_building_tests': False, 'cmake_args': None, 'cmake_clean_cache': False, 'cmake_clean_first': False, 'cmake_force_configure': False, 'cmake_target': None, 'cmake_target_skip_unavailable': False, 'install_base': '/root/ros2_ws/src/install/mecanum_hardware', 'merge_install': False, 'path': '/root/ros2_ws/src/mecanum_hardware', 'symlink_install': False, 'test_result_base': None}
[0.740s] INFO:colcon.colcon_core.executor:Executing jobs using 'parallel' executor
[0.742s] DEBUG:colcon.colcon_parallel_executor.executor.parallel:run_until_complete
[0.742s] INFO:colcon.colcon_ros.task.ament_python.build:Building ROS package in '/root/ros2_ws/src/app_subscriber' with build type 'ament_python'
[0.743s] Level 1:colcon.colcon_core.shell:create_environment_hook('app_subscriber', 'ament_prefix_path')
[0.754s] INFO:colcon.colcon_core.plugin_system:Skipping extension 'colcon_core.shell.bat': Not used on non-Windows systems
[0.755s] INFO:colcon.colcon_core.shell:Creating environment hook '/root/ros2_ws/src/install/app_subscriber/share/app_subscriber/hook/ament_prefix_path.ps1'
[0.758s] INFO:colcon.colcon_core.shell:Creating environment descriptor '/root/ros2_ws/src/install/app_subscriber/share/app_subscriber/hook/ament_prefix_path.dsv'
[0.760s] INFO:colcon.colcon_core.shell:Creating environment hook '/root/ros2_ws/src/install/app_subscriber/share/app_subscriber/hook/ament_prefix_path.sh'
[0.762s] INFO:colcon.colcon_core.shell:Skip shell extension 'powershell' for command environment: Not usable outside of PowerShell
[0.763s] DEBUG:colcon.colcon_core.shell:Skip shell extension 'dsv' for command environment
[0.776s] INFO:colcon.colcon_ros.task.ament_python.build:Building ROS package in '/root/ros2_ws/src/distance_pid' with build type 'ament_python'
[0.776s] Level 1:colcon.colcon_core.shell:create_environment_hook('distance_pid', 'ament_prefix_path')
[0.776s] INFO:colcon.colcon_core.shell:Creating environment hook '/root/ros2_ws/src/install/distance_pid/share/distance_pid/hook/ament_prefix_path.ps1'
[0.779s] INFO:colcon.colcon_core.shell:Creating environment descriptor '/root/ros2_ws/src/install/distance_pid/share/distance_pid/hook/ament_prefix_path.dsv'
[0.780s] INFO:colcon.colcon_core.shell:Creating environment hook '/root/ros2_ws/src/install/distance_pid/share/distance_pid/hook/ament_prefix_path.sh'
[0.781s] INFO:colcon.colcon_core.shell:Skip shell extension 'powershell' for command environment: Not usable outside of PowerShell
[0.781s] DEBUG:colcon.colcon_core.shell:Skip shell extension 'dsv' for command environment
[0.786s] INFO:colcon.colcon_ros.task.ament_python.build:Building ROS package in '/root/ros2_ws/src/mecanum_bot' with build type 'ament_python'
[0.786s] Level 1:colcon.colcon_core.shell:create_environment_hook('mecanum_bot', 'ament_prefix_path')
[0.787s] INFO:colcon.colcon_core.shell:Creating environment hook '/root/ros2_ws/src/install/mecanum_bot/share/mecanum_bot/hook/ament_prefix_path.ps1'
[0.789s] INFO:colcon.colcon_core.shell:Creating environment descriptor '/root/ros2_ws/src/install/mecanum_bot/share/mecanum_bot/hook/ament_prefix_path.dsv'
[0.790s] INFO:colcon.colcon_core.shell:Creating environment hook '/root/ros2_ws/src/install/mecanum_bot/share/mecanum_bot/hook/ament_prefix_path.sh'
[0.791s] INFO:colcon.colcon_core.shell:Skip shell extension 'powershell' for command environment: Not usable outside of PowerShell
[0.791s] DEBUG:colcon.colcon_core.shell:Skip shell extension 'dsv' for command environment
[0.796s] INFO:colcon.colcon_ros.task.ament_cmake.build:Building ROS package in '/root/ros2_ws/src/mecanum_hardware' with build type 'ament_cmake'
[0.796s] INFO:colcon.colcon_cmake.task.cmake.build:Building CMake package in '/root/ros2_ws/src/mecanum_hardware'
[0.797s] INFO:colcon.colcon_core.shell:Skip shell extension 'powershell' for command environment: Not usable outside of PowerShell
[0.797s] DEBUG:colcon.colcon_core.shell:Skip shell extension 'dsv' for command environment
[1.106s] INFO:colcon.colcon_core.task.python.build:Building Python package in '/root/ros2_ws/src/app_subscriber'
[1.107s] INFO:colcon.colcon_core.shell:Skip shell extension 'powershell' for command environment: Not usable outside of PowerShell
[1.107s] DEBUG:colcon.colcon_core.shell:Skip shell extension 'dsv' for command environment
[1.408s] INFO:colcon.colcon_core.task.python.build:Building Python package in '/root/ros2_ws/src/distance_pid'
[1.409s] INFO:colcon.colcon_core.shell:Skip shell extension 'powershell' for command environment: Not usable outside of PowerShell
[1.409s] DEBUG:colcon.colcon_core.shell:Skip shell extension 'dsv' for command environment
[1.712s] INFO:colcon.colcon_core.task.python.build:Building Python package in '/root/ros2_ws/src/mecanum_bot'
[1.713s] INFO:colcon.colcon_core.shell:Skip shell extension 'powershell' for command environment: Not usable outside of PowerShell
[1.713s] DEBUG:colcon.colcon_core.shell:Skip shell extension 'dsv' for command environment
[1.727s] DEBUG:colcon.colcon_core.event_handler.log_command:Invoking command in '/root/ros2_ws/src/build/mecanum_hardware': CMAKE_PREFIX_PATH=${CMAKE_PREFIX_PATH}:/root/ros2_ws/install/mecanum_bot:/root/ros2_ws/install/distance_pid:/root/ros2_ws/install/app_subscriber:/opt/ros/humble /usr/bin/cmake --build /root/ros2_ws/src/build/mecanum_hardware -- -j4 -l4
[3.194s] DEBUG:colcon.colcon_core.event_handler.log_command:Invoking command in '/root/ros2_ws/src/distance_pid': PYTHONPATH=/root/ros2_ws/src/build/distance_pid/prefix_override:/usr/lib/python3/dist-packages/colcon_core/task/python/colcon_distutils_commands:/root/ros2_ws/src/install/distance_pid/lib/python3.10/site-packages:${PYTHONPATH} /usr/bin/python3 -W ignore:setup.py install is deprecated -W ignore:easy_install command is deprecated setup.py egg_info --egg-base ../build/distance_pid build --build-base /root/ros2_ws/src/build/distance_pid/build install --record /root/ros2_ws/src/build/distance_pid/install.log --single-version-externally-managed install_data
[3.196s] DEBUG:colcon.colcon_core.event_handler.log_command:Invoking command in '/root/ros2_ws/src/mecanum_bot': PYTHONPATH=/root/ros2_ws/src/build/mecanum_bot/prefix_override:/usr/lib/python3/dist-packages/colcon_core/task/python/colcon_distutils_commands:/root/ros2_ws/src/install/mecanum_bot/lib/python3.10/site-packages:${PYTHONPATH} /usr/bin/python3 -W ignore:setup.py install is deprecated -W ignore:easy_install command is deprecated setup.py egg_info --egg-base ../build/mecanum_bot build --build-base /root/ros2_ws/src/build/mecanum_bot/build install --record /root/ros2_ws/src/build/mecanum_bot/install.log --single-version-externally-managed install_data
[3.202s] DEBUG:colcon.colcon_core.event_handler.log_command:Invoking command in '/root/ros2_ws/src/app_subscriber': PYTHONPATH=/root/ros2_ws/src/build/app_subscriber/prefix_override:/usr/lib/python3/dist-packages/colcon_core/task/python/colcon_distutils_commands:/root/ros2_ws/src/install/app_subscriber/lib/python3.10/site-packages:${PYTHONPATH} /usr/bin/python3 -W ignore:setup.py install is deprecated -W ignore:easy_install command is deprecated setup.py egg_info --egg-base ../build/app_subscriber build --build-base /root/ros2_ws/src/build/app_subscriber/build install --record /root/ros2_ws/src/build/app_subscriber/install.log --single-version-externally-managed install_data
[3.754s] DEBUG:colcon.colcon_core.event_handler.log_command:Invoked command in '/root/ros2_ws/src/app_subscriber' returned '0': PYTHONPATH=/root/ros2_ws/src/build/app_subscriber/prefix_override:/usr/lib/python3/dist-packages/colcon_core/task/python/colcon_distutils_commands:/root/ros2_ws/src/install/app_subscriber/lib/python3.10/site-packages:${PYTHONPATH} /usr/bin/python3 -W ignore:setup.py install is deprecated -W ignore:easy_install command is deprecated setup.py egg_info --egg-base ../build/app_subscriber build --build-base /root/ros2_ws/src/build/app_subscriber/build install --record /root/ros2_ws/src/build/app_subscriber/install.log --single-version-externally-managed install_data
[3.780s] Level 1:colcon.colcon_core.environment:checking '/root/ros2_ws/src/install/app_subscriber' for CMake module files
[3.780s] Level 1:colcon.colcon_core.environment:checking '/root/ros2_ws/src/install/app_subscriber' for CMake config files
[3.784s] Level 1:colcon.colcon_core.environment:checking '/root/ros2_ws/src/install/app_subscriber/lib'
[3.784s] Level 1:colcon.colcon_core.environment:checking '/root/ros2_ws/src/install/app_subscriber/bin'
[3.784s] Level 1:colcon.colcon_core.environment:checking '/root/ros2_ws/src/install/app_subscriber/lib/pkgconfig/app_subscriber.pc'
[3.784s] Level 1:colcon.colcon_core.environment:checking '/root/ros2_ws/src/install/app_subscriber/lib/python3.10/site-packages'
[3.784s] Level 1:colcon.colcon_core.shell:create_environment_hook('app_subscriber', 'pythonpath')
[3.785s] INFO:colcon.colcon_core.shell:Creating environment hook '/root/ros2_ws/src/install/app_subscriber/share/app_subscriber/hook/pythonpath.ps1'
[3.786s] INFO:colcon.colcon_core.shell:Creating environment descriptor '/root/ros2_ws/src/install/app_subscriber/share/app_subscriber/hook/pythonpath.dsv'
[3.786s] INFO:colcon.colcon_core.shell:Creating environment hook '/root/ros2_ws/src/install/app_subscriber/share/app_subscriber/hook/pythonpath.sh'
[3.787s] Level 1:colcon.colcon_core.environment:checking '/root/ros2_ws/src/install/app_subscriber/bin'
[3.787s] Level 1:colcon.colcon_core.environment:create_environment_scripts_only(app_subscriber)
[3.788s] INFO:colcon.colcon_core.shell:Creating package script '/root/ros2_ws/src/install/app_subscriber/share/app_subscriber/package.ps1'
[3.793s] INFO:colcon.colcon_core.shell:Creating package descriptor '/root/ros2_ws/src/install/app_subscriber/share/app_subscriber/package.dsv'
[3.795s] INFO:colcon.colcon_core.shell:Creating package script '/root/ros2_ws/src/install/app_subscriber/share/app_subscriber/package.sh'
[3.798s] INFO:colcon.colcon_core.shell:Creating package script '/root/ros2_ws/src/install/app_subscriber/share/app_subscriber/package.bash'
[3.802s] INFO:colcon.colcon_core.shell:Creating package script '/root/ros2_ws/src/install/app_subscriber/share/app_subscriber/package.zsh'
[3.806s] Level 1:colcon.colcon_core.environment:create_file_with_runtime_dependencies(/root/ros2_ws/src/install/app_subscriber/share/colcon-core/packages/app_subscriber)
[3.808s] Level 1:colcon.colcon_core.environment:checking '/root/ros2_ws/src/install/mecanum_bot' for CMake module files
[3.810s] Level 1:colcon.colcon_core.environment:checking '/root/ros2_ws/src/install/mecanum_bot' for CMake config files
[3.810s] DEBUG:colcon.colcon_core.event_handler.log_command:Invoked command in '/root/ros2_ws/src/mecanum_bot' returned '0': PYTHONPATH=/root/ros2_ws/src/build/mecanum_bot/prefix_override:/usr/lib/python3/dist-packages/colcon_core/task/python/colcon_distutils_commands:/root/ros2_ws/src/install/mecanum_bot/lib/python3.10/site-packages:${PYTHONPATH} /usr/bin/python3 -W ignore:setup.py install is deprecated -W ignore:easy_install command is deprecated setup.py egg_info --egg-base ../build/mecanum_bot build --build-base /root/ros2_ws/src/build/mecanum_bot/build install --record /root/ros2_ws/src/build/mecanum_bot/install.log --single-version-externally-managed install_data
[3.814s] Level 1:colcon.colcon_core.environment:checking '/root/ros2_ws/src/install/mecanum_bot/lib'
[3.814s] Level 1:colcon.colcon_core.environment:checking '/root/ros2_ws/src/install/mecanum_bot/bin'
[3.814s] Level 1:colcon.colcon_core.environment:checking '/root/ros2_ws/src/install/mecanum_bot/lib/pkgconfig/mecanum_bot.pc'
[3.814s] Level 1:colcon.colcon_core.environment:checking '/root/ros2_ws/src/install/mecanum_bot/lib/python3.10/site-packages'
[3.815s] Level 1:colcon.colcon_core.shell:create_environment_hook('mecanum_bot', 'pythonpath')
[3.815s] INFO:colcon.colcon_core.shell:Creating environment hook '/root/ros2_ws/src/install/mecanum_bot/share/mecanum_bot/hook/pythonpath.ps1'
[3.816s] INFO:colcon.colcon_core.shell:Creating environment descriptor '/root/ros2_ws/src/install/mecanum_bot/share/mecanum_bot/hook/pythonpath.dsv'
[3.816s] INFO:colcon.colcon_core.shell:Creating environment hook '/root/ros2_ws/src/install/mecanum_bot/share/mecanum_bot/hook/pythonpath.sh'
[3.818s] Level 1:colcon.colcon_core.environment:checking '/root/ros2_ws/src/install/mecanum_bot/bin'
[3.818s] Level 1:colcon.colcon_core.environment:create_environment_scripts_only(mecanum_bot)
[3.818s] INFO:colcon.colcon_core.shell:Creating package script '/root/ros2_ws/src/install/mecanum_bot/share/mecanum_bot/package.ps1'
[3.820s] INFO:colcon.colcon_core.shell:Creating package descriptor '/root/ros2_ws/src/install/mecanum_bot/share/mecanum_bot/package.dsv'
[3.822s] INFO:colcon.colcon_core.shell:Creating package script '/root/ros2_ws/src/install/mecanum_bot/share/mecanum_bot/package.sh'
[3.824s] INFO:colcon.colcon_core.shell:Creating package script '/root/ros2_ws/src/install/mecanum_bot/share/mecanum_bot/package.bash'
[3.826s] INFO:colcon.colcon_core.shell:Creating package script '/root/ros2_ws/src/install/mecanum_bot/share/mecanum_bot/package.zsh'
[3.827s] Level 1:colcon.colcon_core.environment:create_file_with_runtime_dependencies(/root/ros2_ws/src/install/mecanum_bot/share/colcon-core/packages/mecanum_bot)
[3.828s] Level 1:colcon.colcon_core.environment:checking '/root/ros2_ws/src/install/distance_pid' for CMake module files
[3.829s] Level 1:colcon.colcon_core.environment:checking '/root/ros2_ws/src/install/distance_pid' for CMake config files
[3.830s] DEBUG:colcon.colcon_core.event_handler.log_command:Invoked command in '/root/ros2_ws/src/distance_pid' returned '0': PYTHONPATH=/root/ros2_ws/src/build/distance_pid/prefix_override:/usr/lib/python3/dist-packages/colcon_core/task/python/colcon_distutils_commands:/root/ros2_ws/src/install/distance_pid/lib/python3.10/site-packages:${PYTHONPATH} /usr/bin/python3 -W ignore:setup.py install is deprecated -W ignore:easy_install command is deprecated setup.py egg_info --egg-base ../build/distance_pid build --build-base /root/ros2_ws/src/build/distance_pid/build install --record /root/ros2_ws/src/build/distance_pid/install.log --single-version-externally-managed install_data
[3.832s] Level 1:colcon.colcon_core.environment:checking '/root/ros2_ws/src/install/distance_pid/lib'
[3.832s] Level 1:colcon.colcon_core.environment:checking '/root/ros2_ws/src/install/distance_pid/bin'
[3.832s] Level 1:colcon.colcon_core.environment:checking '/root/ros2_ws/src/install/distance_pid/lib/pkgconfig/distance_pid.pc'
[3.833s] Level 1:colcon.colcon_core.environment:checking '/root/ros2_ws/src/install/distance_pid/lib/python3.10/site-packages'
[3.833s] Level 1:colcon.colcon_core.shell:create_environment_hook('distance_pid', 'pythonpath')
[3.833s] INFO:colcon.colcon_core.shell:Creating environment hook '/root/ros2_ws/src/install/distance_pid/share/distance_pid/hook/pythonpath.ps1'
[3.834s] INFO:colcon.colcon_core.shell:Creating environment descriptor '/root/ros2_ws/src/install/distance_pid/share/distance_pid/hook/pythonpath.dsv'
[3.835s] INFO:colcon.colcon_core.shell:Creating environment hook '/root/ros2_ws/src/install/distance_pid/share/distance_pid/hook/pythonpath.sh'
[3.837s] Level 1:colcon.colcon_core.environment:checking '/root/ros2_ws/src/install/distance_pid/bin'
[3.837s] Level 1:colcon.colcon_core.environment:create_environment_scripts_only(distance_pid)
[3.838s] INFO:colcon.colcon_core.shell:Creating package script '/root/ros2_ws/src/install/distance_pid/share/distance_pid/package.ps1'
[3.839s] INFO:colcon.colcon_core.shell:Creating package descriptor '/root/ros2_ws/src/install/distance_pid/share/distance_pid/package.dsv'
[3.839s] INFO:colcon.colcon_core.shell:Creating package script '/root/ros2_ws/src/install/distance_pid/share/distance_pid/package.sh'
[3.841s] INFO:colcon.colcon_core.shell:Creating package script '/root/ros2_ws/src/install/distance_pid/share/distance_pid/package.bash'
[3.841s] INFO:colcon.colcon_core.shell:Creating package script '/root/ros2_ws/src/install/distance_pid/share/distance_pid/package.zsh'
[3.843s] Level 1:colcon.colcon_core.environment:create_file_with_runtime_dependencies(/root/ros2_ws/src/install/distance_pid/share/colcon-core/packages/distance_pid)
[11.494s] DEBUG:colcon.colcon_core.event_handler.log_command:Invoked command in '/root/ros2_ws/src/build/mecanum_hardware' returned '0': CMAKE_PREFIX_PATH=${CMAKE_PREFIX_PATH}:/root/ros2_ws/install/mecanum_bot:/root/ros2_ws/install/distance_pid:/root/ros2_ws/install/app_subscriber:/opt/ros/humble /usr/bin/cmake --build /root/ros2_ws/src/build/mecanum_hardware -- -j4 -l4
[11.514s] DEBUG:colcon.colcon_core.event_handler.log_command:Invoking command in '/root/ros2_ws/src/build/mecanum_hardware': CMAKE_PREFIX_PATH=${CMAKE_PREFIX_PATH}:/root/ros2_ws/install/mecanum_bot:/root/ros2_ws/install/distance_pid:/root/ros2_ws/install/app_subscriber:/opt/ros/humble /usr/bin/cmake --install /root/ros2_ws/src/build/mecanum_hardware
[11.546s] Level 1:colcon.colcon_core.environment:create_environment_scripts_only(mecanum_hardware)
[11.546s] Level 1:colcon.colcon_core.environment:checking '/root/ros2_ws/src/install/mecanum_hardware' for CMake module files
[11.547s] DEBUG:colcon.colcon_core.event_handler.log_command:Invoked command in '/root/ros2_ws/src/build/mecanum_hardware' returned '0': CMAKE_PREFIX_PATH=${CMAKE_PREFIX_PATH}:/root/ros2_ws/install/mecanum_bot:/root/ros2_ws/install/distance_pid:/root/ros2_ws/install/app_subscriber:/opt/ros/humble /usr/bin/cmake --install /root/ros2_ws/src/build/mecanum_hardware
[11.547s] Level 1:colcon.colcon_core.environment:checking '/root/ros2_ws/src/install/mecanum_hardware' for CMake config files
[11.549s] Level 1:colcon.colcon_core.shell:create_environment_hook('mecanum_hardware', 'cmake_prefix_path')
[11.549s] INFO:colcon.colcon_core.shell:Creating environment hook '/root/ros2_ws/src/install/mecanum_hardware/share/mecanum_hardware/hook/cmake_prefix_path.ps1'
[11.550s] INFO:colcon.colcon_core.shell:Creating environment descriptor '/root/ros2_ws/src/install/mecanum_hardware/share/mecanum_hardware/hook/cmake_prefix_path.dsv'
[11.550s] INFO:colcon.colcon_core.shell:Creating environment hook '/root/ros2_ws/src/install/mecanum_hardware/share/mecanum_hardware/hook/cmake_prefix_path.sh'
[11.551s] Level 1:colcon.colcon_core.environment:checking '/root/ros2_ws/src/install/mecanum_hardware/lib'
[11.552s] Level 1:colcon.colcon_core.shell:create_environment_hook('mecanum_hardware', 'ld_library_path_lib')
[11.552s] INFO:colcon.colcon_core.shell:Creating environment hook '/root/ros2_ws/src/install/mecanum_hardware/share/mecanum_hardware/hook/ld_library_path_lib.ps1'
[11.552s] INFO:colcon.colcon_core.shell:Creating environment descriptor '/root/ros2_ws/src/install/mecanum_hardware/share/mecanum_hardware/hook/ld_library_path_lib.dsv'
[11.553s] INFO:colcon.colcon_core.shell:Creating environment hook '/root/ros2_ws/src/install/mecanum_hardware/share/mecanum_hardware/hook/ld_library_path_lib.sh'
[11.554s] Level 1:colcon.colcon_core.environment:checking '/root/ros2_ws/src/install/mecanum_hardware/bin'
[11.554s] Level 1:colcon.colcon_core.environment:checking '/root/ros2_ws/src/install/mecanum_hardware/lib/pkgconfig/mecanum_hardware.pc'
[11.554s] Level 1:colcon.colcon_core.environment:checking '/root/ros2_ws/src/install/mecanum_hardware/lib/python3.10/site-packages'
[11.555s] Level 1:colcon.colcon_core.environment:checking '/root/ros2_ws/src/install/mecanum_hardware/bin'
[11.555s] INFO:colcon.colcon_core.shell:Creating package script '/root/ros2_ws/src/install/mecanum_hardware/share/mecanum_hardware/package.ps1'
[11.556s] INFO:colcon.colcon_core.shell:Creating package descriptor '/root/ros2_ws/src/install/mecanum_hardware/share/mecanum_hardware/package.dsv'
[11.558s] INFO:colcon.colcon_core.shell:Creating package script '/root/ros2_ws/src/install/mecanum_hardware/share/mecanum_hardware/package.sh'
[11.559s] INFO:colcon.colcon_core.shell:Creating package script '/root/ros2_ws/src/install/mecanum_hardware/share/mecanum_hardware/package.bash'
[11.561s] INFO:colcon.colcon_core.shell:Creating package script '/root/ros2_ws/src/install/mecanum_hardware/share/mecanum_hardware/package.zsh'
[11.562s] Level 1:colcon.colcon_core.environment:create_file_with_runtime_dependencies(/root/ros2_ws/src/install/mecanum_hardware/share/colcon-core/packages/mecanum_hardware)
[11.563s] Level 1:colcon.colcon_core.environment:create_environment_scripts_only(mecanum_hardware)
[11.563s] Level 1:colcon.colcon_core.environment:checking '/root/ros2_ws/src/install/mecanum_hardware' for CMake module files
[11.564s] Level 1:colcon.colcon_core.environment:checking '/root/ros2_ws/src/install/mecanum_hardware' for CMake config files
[11.564s] Level 1:colcon.colcon_core.shell:create_environment_hook('mecanum_hardware', 'cmake_prefix_path')
[11.565s] INFO:colcon.colcon_core.shell:Creating environment hook '/root/ros2_ws/src/install/mecanum_hardware/share/mecanum_hardware/hook/cmake_prefix_path.ps1'
[11.565s] INFO:colcon.colcon_core.shell:Creating environment descriptor '/root/ros2_ws/src/install/mecanum_hardware/share/mecanum_hardware/hook/cmake_prefix_path.dsv'
[11.567s] INFO:colcon.colcon_core.shell:Creating environment hook '/root/ros2_ws/src/install/mecanum_hardware/share/mecanum_hardware/hook/cmake_prefix_path.sh'
[11.568s] Level 1:colcon.colcon_core.environment:checking '/root/ros2_ws/src/install/mecanum_hardware/lib'
[11.568s] Level 1:colcon.colcon_core.shell:create_environment_hook('mecanum_hardware', 'ld_library_path_lib')
[11.568s] INFO:colcon.colcon_core.shell:Creating environment hook '/root/ros2_ws/src/install/mecanum_hardware/share/mecanum_hardware/hook/ld_library_path_lib.ps1'
[11.571s] INFO:colcon.colcon_core.shell:Creating environment descriptor '/root/ros2_ws/src/install/mecanum_hardware/share/mecanum_hardware/hook/ld_library_path_lib.dsv'
[11.572s] INFO:colcon.colcon_core.shell:Creating environment hook '/root/ros2_ws/src/install/mecanum_hardware/share/mecanum_hardware/hook/ld_library_path_lib.sh'
[11.573s] Level 1:colcon.colcon_core.environment:checking '/root/ros2_ws/src/install/mecanum_hardware/bin'
[11.574s] Level 1:colcon.colcon_core.environment:checking '/root/ros2_ws/src/install/mecanum_hardware/lib/pkgconfig/mecanum_hardware.pc'
[11.574s] Level 1:colcon.colcon_core.environment:checking '/root/ros2_ws/src/install/mecanum_hardware/lib/python3.10/site-packages'
[11.574s] Level 1:colcon.colcon_core.environment:checking '/root/ros2_ws/src/install/mecanum_hardware/bin'
[11.575s] INFO:colcon.colcon_core.shell:Creating package script '/root/ros2_ws/src/install/mecanum_hardware/share/mecanum_hardware/package.ps1'
[11.576s] INFO:colcon.colcon_core.shell:Creating package descriptor '/root/ros2_ws/src/install/mecanum_hardware/share/mecanum_hardware/package.dsv'
[11.577s] INFO:colcon.colcon_core.shell:Creating package script '/root/ros2_ws/src/install/mecanum_hardware/share/mecanum_hardware/package.sh'
[11.578s] INFO:colcon.colcon_core.shell:Creating package script '/root/ros2_ws/src/install/mecanum_hardware/share/mecanum_hardware/package.bash'
[11.580s] INFO:colcon.colcon_core.shell:Creating package script '/root/ros2_ws/src/install/mecanum_hardware/share/mecanum_hardware/package.zsh'
[11.581s] Level 1:colcon.colcon_core.environment:create_file_with_runtime_dependencies(/root/ros2_ws/src/install/mecanum_hardware/share/colcon-core/packages/mecanum_hardware)
[11.581s] DEBUG:colcon.colcon_parallel_executor.executor.parallel:closing loop
[11.581s] DEBUG:colcon.colcon_parallel_executor.executor.parallel:loop closed
[11.581s] DEBUG:colcon.colcon_parallel_executor.executor.parallel:run_until_complete finished with '0'
[11.582s] DEBUG:colcon.colcon_core.event_reactor:joining thread
[11.643s] INFO:colcon.colcon_core.plugin_system:Skipping extension 'colcon_notification.desktop_notification.notify_send': Could not find 'notify-send'
[11.643s] INFO:colcon.colcon_core.plugin_system:Skipping extension 'colcon_notification.desktop_notification.terminal_notifier': Not used on non-Darwin systems
[11.643s] INFO:colcon.colcon_core.plugin_system:Skipping extension 'colcon_notification.desktop_notification.win32': Not used on non-Windows systems
[11.643s] INFO:colcon.colcon_notification.desktop_notification:Sending desktop notification using 'notify2'
[11.644s] DEBUG:colcon.colcon_notification.desktop_notification.notify2:Failed to initialize notify2: org.freedesktop.DBus.Error.NotSupported: Unable to autolaunch a dbus-daemon without a $DISPLAY for X11
[11.644s] DEBUG:colcon.colcon_core.event_reactor:joined thread
[11.644s] INFO:colcon.colcon_core.shell:Creating prefix script '/root/ros2_ws/src/install/local_setup.ps1'
[11.646s] INFO:colcon.colcon_core.shell:Creating prefix util module '/root/ros2_ws/src/install/_local_setup_util_ps1.py'
[11.649s] INFO:colcon.colcon_core.shell:Creating prefix chain script '/root/ros2_ws/src/install/setup.ps1'
[11.651s] INFO:colcon.colcon_core.shell:Creating prefix script '/root/ros2_ws/src/install/local_setup.sh'
[11.653s] INFO:colcon.colcon_core.shell:Creating prefix util module '/root/ros2_ws/src/install/_local_setup_util_sh.py'
[11.654s] INFO:colcon.colcon_core.shell:Creating prefix chain script '/root/ros2_ws/src/install/setup.sh'
[11.656s] INFO:colcon.colcon_core.shell:Creating prefix script '/root/ros2_ws/src/install/local_setup.bash'
[11.658s] INFO:colcon.colcon_core.shell:Creating prefix chain script '/root/ros2_ws/src/install/setup.bash'
[11.660s] INFO:colcon.colcon_core.shell:Creating prefix script '/root/ros2_ws/src/install/local_setup.zsh'
[11.662s] INFO:colcon.colcon_core.shell:Creating prefix chain script '/root/ros2_ws/src/install/setup.zsh'
