-- The CXX compiler identification is GNU 11.4.0
-- Detecting CXX compiler ABI info
-- Detecting CXX compiler ABI info - done
-- Check for working CXX compiler: /usr/bin/c++ - skipped
-- Detecting CXX compile features
-- Detecting CXX compile features - done
-- Found ament_cmake: 1.3.12 (/opt/ros/humble/share/ament_cmake/cmake)
-- Found Python3: /usr/bin/python3 (found version "3.10.12") found components: Interpreter 
-- Override CMake install command with custom implementation using symlinks instead of copying resources
-- Found forward_command_controller: 2.50.2 (/root/ros2_ws/install/forward_command_controller/share/forward_command_controller/cmake)
-- Found rosidl_generator_c: 3.1.7 (/opt/ros/humble/share/rosidl_generator_c/cmake)
-- Found rosidl_adapter: 3.1.7 (/opt/ros/humble/share/rosidl_adapter/cmake)
-- Found rosidl_generator_cpp: 3.1.7 (/opt/ros/humble/share/rosidl_generator_cpp/cmake)
-- Using all available rosidl_typesupport_c: rosidl_typesupport_fastrtps_c;rosidl_typesupport_introspection_c
-- Using all available rosidl_typesupport_cpp: rosidl_typesupport_fastrtps_cpp;rosidl_typesupport_introspection_cpp
-- Found rmw_implementation_cmake: 6.1.2 (/opt/ros/humble/share/rmw_implementation_cmake/cmake)
-- Found rmw_fastrtps_cpp: 6.2.8 (/opt/ros/humble/share/rmw_fastrtps_cpp/cmake)
-- Found OpenSSL: /usr/lib/aarch64-linux-gnu/libcrypto.so (found version "3.0.2")  
-- Found FastRTPS: /opt/ros/humble/include  
-- Using RMW implementation 'rmw_fastrtps_cpp' as default
-- Looking for C++ include pthread.h
-- Looking for C++ include pthread.h - found
-- Performing Test CMAKE_HAVE_LIBC_PTHREAD
-- Performing Test CMAKE_HAVE_LIBC_PTHREAD - Success
-- Found Threads: TRUE  
-- Configuring done
-- Generating done
-- Build files have been written to: /root/ros2_ws/build/velocity_controllers
[ 50%] [32mBuilding CXX object CMakeFiles/velocity_controllers.dir/src/joint_group_velocity_controller.cpp.o[0m
[100%] [32m[1mLinking CXX shared library libvelocity_controllers.so[0m
[100%] Built target velocity_controllers
-- Install configuration: "Release"
-- Execute custom install script
-- Symlinking: /root/ros2_ws/install/velocity_controllers/share/velocity_controllers//velocity_controllers_plugins.xml
-- Symlinking: /root/ros2_ws/install/velocity_controllers/include/velocity_controllers/velocity_controllers/joint_group_velocity_controller.hpp
-- Symlinking: /root/ros2_ws/install/velocity_controllers/include/velocity_controllers/velocity_controllers/visibility_control.h
-- Symlinking: /root/ros2_ws/install/velocity_controllers/share/velocity_controllers/environment/library_path.sh
-- Symlinking: /root/ros2_ws/install/velocity_controllers/share/velocity_controllers/environment/library_path.dsv
-- Symlinking: /root/ros2_ws/install/velocity_controllers/share/ament_index/resource_index/package_run_dependencies/velocity_controllers
-- Symlinking: /root/ros2_ws/install/velocity_controllers/share/ament_index/resource_index/parent_prefix_path/velocity_controllers
-- Symlinking: /root/ros2_ws/install/velocity_controllers/share/velocity_controllers/environment/ament_prefix_path.sh
-- Symlinking: /root/ros2_ws/install/velocity_controllers/share/velocity_controllers/environment/ament_prefix_path.dsv
-- Symlinking: /root/ros2_ws/install/velocity_controllers/share/velocity_controllers/environment/path.sh
-- Symlinking: /root/ros2_ws/install/velocity_controllers/share/velocity_controllers/environment/path.dsv
-- Symlinking: /root/ros2_ws/install/velocity_controllers/share/velocity_controllers/local_setup.bash
-- Symlinking: /root/ros2_ws/install/velocity_controllers/share/velocity_controllers/local_setup.sh
-- Symlinking: /root/ros2_ws/install/velocity_controllers/share/velocity_controllers/local_setup.zsh
-- Symlinking: /root/ros2_ws/install/velocity_controllers/share/velocity_controllers/local_setup.dsv
-- Symlinking: /root/ros2_ws/install/velocity_controllers/share/velocity_controllers/package.dsv
-- Symlinking: /root/ros2_ws/install/velocity_controllers/share/ament_index/resource_index/packages/velocity_controllers
-- Symlinking: /root/ros2_ws/install/velocity_controllers/share/ament_index/resource_index/controller_interface__pluginlib__plugin/velocity_controllers
-- Symlinking: /root/ros2_ws/install/velocity_controllers/share/velocity_controllers/cmake/ament_cmake_export_targets-extras.cmake
-- Symlinking: /root/ros2_ws/install/velocity_controllers/share/velocity_controllers/cmake/ament_cmake_export_dependencies-extras.cmake
-- Symlinking: /root/ros2_ws/install/velocity_controllers/share/velocity_controllers/cmake/velocity_controllersConfig.cmake
-- Symlinking: /root/ros2_ws/install/velocity_controllers/share/velocity_controllers/cmake/velocity_controllersConfig-version.cmake
-- Symlinking: /root/ros2_ws/install/velocity_controllers/share/velocity_controllers/package.xml
-- Installing: /root/ros2_ws/install/velocity_controllers/lib/libvelocity_controllers.so
-- Set runtime path of "/root/ros2_ws/install/velocity_controllers/lib/libvelocity_controllers.so" to ""
-- Installing: /root/ros2_ws/install/velocity_controllers/share/velocity_controllers/cmake/export_velocity_controllersExport.cmake
-- Installing: /root/ros2_ws/install/velocity_controllers/share/velocity_controllers/cmake/export_velocity_controllersExport-release.cmake
