[0.036s] Invoking command in '/root/ros2_ws/build/velocity_controllers': AMENT_PREFIX_PATH=/root/ros2_ws/install/forward_command_controller:/root/ros2_ws/install/controller_manager:/root/ros2_ws/install/hardware_interface_testing:/root/ros2_ws/install/controller_manager_msgs:${AMENT_PREFIX_PATH} CMAKE_PREFIX_PATH=/root/ros2_ws/install/forward_command_controller:/root/ros2_ws/install/controller_manager:/root/ros2_ws/install/hardware_interface_testing:/root/ros2_ws/install/controller_interface:/root/ros2_ws/install/hardware_interface:/root/ros2_ws/install/ros2_control_test_assets:/root/ros2_ws/install/controller_manager_msgs:/root/ros2_ws/install/app_subscriber:/opt/ros/humble LD_LIBRARY_PATH=/root/ros2_ws/install/forward_command_controller/lib:/root/ros2_ws/install/controller_manager/lib:/root/ros2_ws/install/hardware_interface_testing/lib:/root/ros2_ws/install/controller_interface/lib:/root/ros2_ws/install/hardware_interface/lib:/root/ros2_ws/install/controller_manager_msgs/lib:/root/ros2_ws/install/ros2_control_test_assets/lib:/opt/ros/humble/lib/aarch64-linux-gnu:/opt/ros/humble/lib PYTHONPATH=/root/ros2_ws/install/controller_manager/local/lib/python3.10/dist-packages:/root/ros2_ws/install/controller_manager_msgs/local/lib/python3.10/dist-packages:${PYTHONPATH} /usr/bin/cmake /root/ros2_ws/src/ros2_controllers/velocity_controllers -DBUILD_TESTING=OFF -DCMAKE_BUILD_TYPE=Release -DAMENT_CMAKE_SYMLINK_INSTALL=1 -DCMAKE_INSTALL_PREFIX=/root/ros2_ws/install/velocity_controllers
[0.155s] -- The CXX compiler identification is GNU 11.4.0
[0.166s] -- Detecting CXX compiler ABI info
[0.309s] -- Detecting CXX compiler ABI info - done
[0.320s] -- Check for working CXX compiler: /usr/bin/c++ - skipped
[0.320s] -- Detecting CXX compile features
[0.321s] -- Detecting CXX compile features - done
[0.325s] -- Found ament_cmake: 1.3.12 (/opt/ros/humble/share/ament_cmake/cmake)
[0.553s] -- Found Python3: /usr/bin/python3 (found version "3.10.12") found components: Interpreter 
[0.653s] -- Override CMake install command with custom implementation using symlinks instead of copying resources
[0.699s] -- Found forward_command_controller: 2.50.2 (/root/ros2_ws/install/forward_command_controller/share/forward_command_controller/cmake)
[0.771s] -- Found rosidl_generator_c: 3.1.7 (/opt/ros/humble/share/rosidl_generator_c/cmake)
[0.780s] -- Found rosidl_adapter: 3.1.7 (/opt/ros/humble/share/rosidl_adapter/cmake)
[0.793s] -- Found rosidl_generator_cpp: 3.1.7 (/opt/ros/humble/share/rosidl_generator_cpp/cmake)
[0.813s] -- Using all available rosidl_typesupport_c: rosidl_typesupport_fastrtps_c;rosidl_typesupport_introspection_c
[0.838s] -- Using all available rosidl_typesupport_cpp: rosidl_typesupport_fastrtps_cpp;rosidl_typesupport_introspection_cpp
[0.909s] -- Found rmw_implementation_cmake: 6.1.2 (/opt/ros/humble/share/rmw_implementation_cmake/cmake)
[0.914s] -- Found rmw_fastrtps_cpp: 6.2.8 (/opt/ros/humble/share/rmw_fastrtps_cpp/cmake)
[1.063s] -- Found OpenSSL: /usr/lib/aarch64-linux-gnu/libcrypto.so (found version "3.0.2")  
[1.094s] -- Found FastRTPS: /opt/ros/humble/include  
[1.145s] -- Using RMW implementation 'rmw_fastrtps_cpp' as default
[1.160s] -- Looking for C++ include pthread.h
[1.365s] -- Looking for C++ include pthread.h - found
[1.366s] -- Performing Test CMAKE_HAVE_LIBC_PTHREAD
[1.569s] -- Performing Test CMAKE_HAVE_LIBC_PTHREAD - Success
[1.571s] -- Found Threads: TRUE  
[2.038s] -- Configuring done
[2.059s] -- Generating done
[2.066s] -- Build files have been written to: /root/ros2_ws/build/velocity_controllers
[2.082s] Invoked command in '/root/ros2_ws/build/velocity_controllers' returned '0': AMENT_PREFIX_PATH=/root/ros2_ws/install/forward_command_controller:/root/ros2_ws/install/controller_manager:/root/ros2_ws/install/hardware_interface_testing:/root/ros2_ws/install/controller_manager_msgs:${AMENT_PREFIX_PATH} CMAKE_PREFIX_PATH=/root/ros2_ws/install/forward_command_controller:/root/ros2_ws/install/controller_manager:/root/ros2_ws/install/hardware_interface_testing:/root/ros2_ws/install/controller_interface:/root/ros2_ws/install/hardware_interface:/root/ros2_ws/install/ros2_control_test_assets:/root/ros2_ws/install/controller_manager_msgs:/root/ros2_ws/install/app_subscriber:/opt/ros/humble LD_LIBRARY_PATH=/root/ros2_ws/install/forward_command_controller/lib:/root/ros2_ws/install/controller_manager/lib:/root/ros2_ws/install/hardware_interface_testing/lib:/root/ros2_ws/install/controller_interface/lib:/root/ros2_ws/install/hardware_interface/lib:/root/ros2_ws/install/controller_manager_msgs/lib:/root/ros2_ws/install/ros2_control_test_assets/lib:/opt/ros/humble/lib/aarch64-linux-gnu:/opt/ros/humble/lib PYTHONPATH=/root/ros2_ws/install/controller_manager/local/lib/python3.10/dist-packages:/root/ros2_ws/install/controller_manager_msgs/local/lib/python3.10/dist-packages:${PYTHONPATH} /usr/bin/cmake /root/ros2_ws/src/ros2_controllers/velocity_controllers -DBUILD_TESTING=OFF -DCMAKE_BUILD_TYPE=Release -DAMENT_CMAKE_SYMLINK_INSTALL=1 -DCMAKE_INSTALL_PREFIX=/root/ros2_ws/install/velocity_controllers
[2.085s] Invoking command in '/root/ros2_ws/build/velocity_controllers': AMENT_PREFIX_PATH=/root/ros2_ws/install/forward_command_controller:/root/ros2_ws/install/controller_manager:/root/ros2_ws/install/hardware_interface_testing:/root/ros2_ws/install/controller_manager_msgs:${AMENT_PREFIX_PATH} CMAKE_PREFIX_PATH=/root/ros2_ws/install/forward_command_controller:/root/ros2_ws/install/controller_manager:/root/ros2_ws/install/hardware_interface_testing:/root/ros2_ws/install/controller_interface:/root/ros2_ws/install/hardware_interface:/root/ros2_ws/install/ros2_control_test_assets:/root/ros2_ws/install/controller_manager_msgs:/root/ros2_ws/install/app_subscriber:/opt/ros/humble LD_LIBRARY_PATH=/root/ros2_ws/install/forward_command_controller/lib:/root/ros2_ws/install/controller_manager/lib:/root/ros2_ws/install/hardware_interface_testing/lib:/root/ros2_ws/install/controller_interface/lib:/root/ros2_ws/install/hardware_interface/lib:/root/ros2_ws/install/controller_manager_msgs/lib:/root/ros2_ws/install/ros2_control_test_assets/lib:/opt/ros/humble/lib/aarch64-linux-gnu:/opt/ros/humble/lib PYTHONPATH=/root/ros2_ws/install/controller_manager/local/lib/python3.10/dist-packages:/root/ros2_ws/install/controller_manager_msgs/local/lib/python3.10/dist-packages:${PYTHONPATH} /usr/bin/cmake --build /root/ros2_ws/build/velocity_controllers -- -j4 -l4
[2.181s] [ 50%] [32mBuilding CXX object CMakeFiles/velocity_controllers.dir/src/joint_group_velocity_controller.cpp.o[0m
[7.063s] [100%] [32m[1mLinking CXX shared library libvelocity_controllers.so[0m
[7.300s] [100%] Built target velocity_controllers
[7.321s] Invoked command in '/root/ros2_ws/build/velocity_controllers' returned '0': AMENT_PREFIX_PATH=/root/ros2_ws/install/forward_command_controller:/root/ros2_ws/install/controller_manager:/root/ros2_ws/install/hardware_interface_testing:/root/ros2_ws/install/controller_manager_msgs:${AMENT_PREFIX_PATH} CMAKE_PREFIX_PATH=/root/ros2_ws/install/forward_command_controller:/root/ros2_ws/install/controller_manager:/root/ros2_ws/install/hardware_interface_testing:/root/ros2_ws/install/controller_interface:/root/ros2_ws/install/hardware_interface:/root/ros2_ws/install/ros2_control_test_assets:/root/ros2_ws/install/controller_manager_msgs:/root/ros2_ws/install/app_subscriber:/opt/ros/humble LD_LIBRARY_PATH=/root/ros2_ws/install/forward_command_controller/lib:/root/ros2_ws/install/controller_manager/lib:/root/ros2_ws/install/hardware_interface_testing/lib:/root/ros2_ws/install/controller_interface/lib:/root/ros2_ws/install/hardware_interface/lib:/root/ros2_ws/install/controller_manager_msgs/lib:/root/ros2_ws/install/ros2_control_test_assets/lib:/opt/ros/humble/lib/aarch64-linux-gnu:/opt/ros/humble/lib PYTHONPATH=/root/ros2_ws/install/controller_manager/local/lib/python3.10/dist-packages:/root/ros2_ws/install/controller_manager_msgs/local/lib/python3.10/dist-packages:${PYTHONPATH} /usr/bin/cmake --build /root/ros2_ws/build/velocity_controllers -- -j4 -l4
[7.324s] Invoking command in '/root/ros2_ws/build/velocity_controllers': AMENT_PREFIX_PATH=/root/ros2_ws/install/forward_command_controller:/root/ros2_ws/install/controller_manager:/root/ros2_ws/install/hardware_interface_testing:/root/ros2_ws/install/controller_manager_msgs:${AMENT_PREFIX_PATH} CMAKE_PREFIX_PATH=/root/ros2_ws/install/forward_command_controller:/root/ros2_ws/install/controller_manager:/root/ros2_ws/install/hardware_interface_testing:/root/ros2_ws/install/controller_interface:/root/ros2_ws/install/hardware_interface:/root/ros2_ws/install/ros2_control_test_assets:/root/ros2_ws/install/controller_manager_msgs:/root/ros2_ws/install/app_subscriber:/opt/ros/humble LD_LIBRARY_PATH=/root/ros2_ws/install/forward_command_controller/lib:/root/ros2_ws/install/controller_manager/lib:/root/ros2_ws/install/hardware_interface_testing/lib:/root/ros2_ws/install/controller_interface/lib:/root/ros2_ws/install/hardware_interface/lib:/root/ros2_ws/install/controller_manager_msgs/lib:/root/ros2_ws/install/ros2_control_test_assets/lib:/opt/ros/humble/lib/aarch64-linux-gnu:/opt/ros/humble/lib PYTHONPATH=/root/ros2_ws/install/controller_manager/local/lib/python3.10/dist-packages:/root/ros2_ws/install/controller_manager_msgs/local/lib/python3.10/dist-packages:${PYTHONPATH} /usr/bin/cmake --install /root/ros2_ws/build/velocity_controllers
[7.338s] -- Install configuration: "Release"
[7.339s] -- Execute custom install script
[7.340s] -- Symlinking: /root/ros2_ws/install/velocity_controllers/share/velocity_controllers//velocity_controllers_plugins.xml
[7.356s] -- Symlinking: /root/ros2_ws/install/velocity_controllers/include/velocity_controllers/velocity_controllers/joint_group_velocity_controller.hpp
[7.373s] -- Symlinking: /root/ros2_ws/install/velocity_controllers/include/velocity_controllers/velocity_controllers/visibility_control.h
[7.391s] -- Symlinking: /root/ros2_ws/install/velocity_controllers/share/velocity_controllers/environment/library_path.sh
[7.407s] -- Symlinking: /root/ros2_ws/install/velocity_controllers/share/velocity_controllers/environment/library_path.dsv
[7.424s] -- Symlinking: /root/ros2_ws/install/velocity_controllers/share/ament_index/resource_index/package_run_dependencies/velocity_controllers
[7.441s] -- Symlinking: /root/ros2_ws/install/velocity_controllers/share/ament_index/resource_index/parent_prefix_path/velocity_controllers
[7.458s] -- Symlinking: /root/ros2_ws/install/velocity_controllers/share/velocity_controllers/environment/ament_prefix_path.sh
[7.475s] -- Symlinking: /root/ros2_ws/install/velocity_controllers/share/velocity_controllers/environment/ament_prefix_path.dsv
[7.492s] -- Symlinking: /root/ros2_ws/install/velocity_controllers/share/velocity_controllers/environment/path.sh
[7.509s] -- Symlinking: /root/ros2_ws/install/velocity_controllers/share/velocity_controllers/environment/path.dsv
[7.525s] -- Symlinking: /root/ros2_ws/install/velocity_controllers/share/velocity_controllers/local_setup.bash
[7.542s] -- Symlinking: /root/ros2_ws/install/velocity_controllers/share/velocity_controllers/local_setup.sh
[7.558s] -- Symlinking: /root/ros2_ws/install/velocity_controllers/share/velocity_controllers/local_setup.zsh
[7.574s] -- Symlinking: /root/ros2_ws/install/velocity_controllers/share/velocity_controllers/local_setup.dsv
[7.591s] -- Symlinking: /root/ros2_ws/install/velocity_controllers/share/velocity_controllers/package.dsv
[7.607s] -- Symlinking: /root/ros2_ws/install/velocity_controllers/share/ament_index/resource_index/packages/velocity_controllers
[7.625s] -- Symlinking: /root/ros2_ws/install/velocity_controllers/share/ament_index/resource_index/controller_interface__pluginlib__plugin/velocity_controllers
[7.641s] -- Symlinking: /root/ros2_ws/install/velocity_controllers/share/velocity_controllers/cmake/ament_cmake_export_targets-extras.cmake
[7.657s] -- Symlinking: /root/ros2_ws/install/velocity_controllers/share/velocity_controllers/cmake/ament_cmake_export_dependencies-extras.cmake
[7.674s] -- Symlinking: /root/ros2_ws/install/velocity_controllers/share/velocity_controllers/cmake/velocity_controllersConfig.cmake
[7.690s] -- Symlinking: /root/ros2_ws/install/velocity_controllers/share/velocity_controllers/cmake/velocity_controllersConfig-version.cmake
[7.706s] -- Symlinking: /root/ros2_ws/install/velocity_controllers/share/velocity_controllers/package.xml
[7.722s] -- Installing: /root/ros2_ws/install/velocity_controllers/lib/libvelocity_controllers.so
[7.723s] -- Set runtime path of "/root/ros2_ws/install/velocity_controllers/lib/libvelocity_controllers.so" to ""
[7.723s] -- Installing: /root/ros2_ws/install/velocity_controllers/share/velocity_controllers/cmake/export_velocity_controllersExport.cmake
[7.723s] -- Installing: /root/ros2_ws/install/velocity_controllers/share/velocity_controllers/cmake/export_velocity_controllersExport-release.cmake
[7.727s] Invoked command in '/root/ros2_ws/build/velocity_controllers' returned '0': AMENT_PREFIX_PATH=/root/ros2_ws/install/forward_command_controller:/root/ros2_ws/install/controller_manager:/root/ros2_ws/install/hardware_interface_testing:/root/ros2_ws/install/controller_manager_msgs:${AMENT_PREFIX_PATH} CMAKE_PREFIX_PATH=/root/ros2_ws/install/forward_command_controller:/root/ros2_ws/install/controller_manager:/root/ros2_ws/install/hardware_interface_testing:/root/ros2_ws/install/controller_interface:/root/ros2_ws/install/hardware_interface:/root/ros2_ws/install/ros2_control_test_assets:/root/ros2_ws/install/controller_manager_msgs:/root/ros2_ws/install/app_subscriber:/opt/ros/humble LD_LIBRARY_PATH=/root/ros2_ws/install/forward_command_controller/lib:/root/ros2_ws/install/controller_manager/lib:/root/ros2_ws/install/hardware_interface_testing/lib:/root/ros2_ws/install/controller_interface/lib:/root/ros2_ws/install/hardware_interface/lib:/root/ros2_ws/install/controller_manager_msgs/lib:/root/ros2_ws/install/ros2_control_test_assets/lib:/opt/ros/humble/lib/aarch64-linux-gnu:/opt/ros/humble/lib PYTHONPATH=/root/ros2_ws/install/controller_manager/local/lib/python3.10/dist-packages:/root/ros2_ws/install/controller_manager_msgs/local/lib/python3.10/dist-packages:${PYTHONPATH} /usr/bin/cmake --install /root/ros2_ws/build/velocity_controllers
