[0.017s] Invoking command in '/root/ros2_ws/build/transmission_interface': CMAKE_PREFIX_PATH=/root/ros2_ws/install/hardware_interface:/root/ros2_ws/install/ros2_control_test_assets:/root/ros2_ws/install/controller_interface:/root/ros2_ws/install/app_subscriber:/opt/ros/humble LD_LIBRARY_PATH=/root/ros2_ws/install/hardware_interface/lib:/root/ros2_ws/install/ros2_control_test_assets/lib:/root/ros2_ws/install/controller_interface/lib:/opt/ros/humble/lib/aarch64-linux-gnu:/opt/ros/humble/lib /usr/bin/cmake /root/ros2_ws/src/ros2_control/transmission_interface -DBUILD_TESTING=OFF -DCMAKE_BUILD_TYPE=Release -DAMENT_CMAKE_SYMLINK_INSTALL=1 -DCMAKE_INSTALL_PREFIX=/root/ros2_ws/install/transmission_interface
[0.130s] -- The CXX compiler identification is GNU 11.4.0
[0.141s] -- Detecting CXX compiler ABI info
[0.274s] -- Detecting CXX compiler ABI info - done
[0.286s] -- Check for working CXX compiler: /usr/bin/c++ - skipped
[0.287s] -- Detecting CXX compile features
[0.287s] -- Detecting CXX compile features - done
[0.291s] -- Found ament_cmake: 1.3.12 (/opt/ros/humble/share/ament_cmake/cmake)
[0.512s] -- Found Python3: /usr/bin/python3 (found version "3.10.12") found components: Interpreter 
[0.608s] -- Override CMake install command with custom implementation using symlinks instead of copying resources
[0.643s] -- Found hardware_interface: 2.52.2 (/root/ros2_ws/install/hardware_interface/share/hardware_interface/cmake)
[0.693s] -- Found rosidl_generator_c: 3.1.7 (/opt/ros/humble/share/rosidl_generator_c/cmake)
[0.700s] -- Found rosidl_adapter: 3.1.7 (/opt/ros/humble/share/rosidl_adapter/cmake)
[0.713s] -- Found rosidl_generator_cpp: 3.1.7 (/opt/ros/humble/share/rosidl_generator_cpp/cmake)
[0.731s] -- Using all available rosidl_typesupport_c: rosidl_typesupport_fastrtps_c;rosidl_typesupport_introspection_c
[0.754s] -- Using all available rosidl_typesupport_cpp: rosidl_typesupport_fastrtps_cpp;rosidl_typesupport_introspection_cpp
[1.046s] -- Found rmw_implementation_cmake: 6.1.2 (/opt/ros/humble/share/rmw_implementation_cmake/cmake)
[1.049s] -- Found rmw_fastrtps_cpp: 6.2.8 (/opt/ros/humble/share/rmw_fastrtps_cpp/cmake)
[1.085s] -- Found TinyXML2 via Config file: TinyXML2_DIR-NOTFOUND
[1.183s] -- Found OpenSSL: /usr/lib/aarch64-linux-gnu/libcrypto.so (found version "3.0.2")  
[1.188s] -- Found TinyXML2 via Config file: TinyXML2_DIR-NOTFOUND
[1.205s] -- Found FastRTPS: /opt/ros/humble/include  
[1.210s] -- Found TinyXML2 via Config file: TinyXML2_DIR-NOTFOUND
[1.223s] -- Found TinyXML2 via Config file: TinyXML2_DIR-NOTFOUND
[1.238s] -- Using RMW implementation 'rmw_fastrtps_cpp' as default
[1.251s] -- Looking for C++ include pthread.h
[1.394s] -- Looking for C++ include pthread.h - found
[1.394s] -- Performing Test CMAKE_HAVE_LIBC_PTHREAD
[1.540s] -- Performing Test CMAKE_HAVE_LIBC_PTHREAD - Success
[1.541s] -- Found Threads: TRUE  
[1.717s] -- Configuring done
[1.738s] -- Generating done
[1.745s] -- Build files have been written to: /root/ros2_ws/build/transmission_interface
[1.760s] Invoked command in '/root/ros2_ws/build/transmission_interface' returned '0': CMAKE_PREFIX_PATH=/root/ros2_ws/install/hardware_interface:/root/ros2_ws/install/ros2_control_test_assets:/root/ros2_ws/install/controller_interface:/root/ros2_ws/install/app_subscriber:/opt/ros/humble LD_LIBRARY_PATH=/root/ros2_ws/install/hardware_interface/lib:/root/ros2_ws/install/ros2_control_test_assets/lib:/root/ros2_ws/install/controller_interface/lib:/opt/ros/humble/lib/aarch64-linux-gnu:/opt/ros/humble/lib /usr/bin/cmake /root/ros2_ws/src/ros2_control/transmission_interface -DBUILD_TESTING=OFF -DCMAKE_BUILD_TYPE=Release -DAMENT_CMAKE_SYMLINK_INSTALL=1 -DCMAKE_INSTALL_PREFIX=/root/ros2_ws/install/transmission_interface
[1.763s] Invoking command in '/root/ros2_ws/build/transmission_interface': CMAKE_PREFIX_PATH=/root/ros2_ws/install/hardware_interface:/root/ros2_ws/install/ros2_control_test_assets:/root/ros2_ws/install/controller_interface:/root/ros2_ws/install/app_subscriber:/opt/ros/humble LD_LIBRARY_PATH=/root/ros2_ws/install/hardware_interface/lib:/root/ros2_ws/install/ros2_control_test_assets/lib:/root/ros2_ws/install/controller_interface/lib:/opt/ros/humble/lib/aarch64-linux-gnu:/opt/ros/humble/lib /usr/bin/cmake --build /root/ros2_ws/build/transmission_interface -- -j4 -l4
[1.852s] [ 20%] [34m[1mGenerating transmission_interface/version.h[0m
[1.883s] [ 20%] Built target ament_generate_version_header__transmission_interface
[1.921s] [ 80%] [32mBuilding CXX object CMakeFiles/transmission_interface.dir/src/simple_transmission_loader.cpp.o[0m
[1.922s] [ 80%] [32mBuilding CXX object CMakeFiles/transmission_interface.dir/src/differential_transmission_loader.cpp.o[0m
[1.922s] [ 80%] [32mBuilding CXX object CMakeFiles/transmission_interface.dir/src/four_bar_linkage_transmission_loader.cpp.o[0m
[9.137s] [100%] [32m[1mLinking CXX shared library libtransmission_interface.so[0m
[9.348s] [100%] Built target transmission_interface
[9.368s] Invoked command in '/root/ros2_ws/build/transmission_interface' returned '0': CMAKE_PREFIX_PATH=/root/ros2_ws/install/hardware_interface:/root/ros2_ws/install/ros2_control_test_assets:/root/ros2_ws/install/controller_interface:/root/ros2_ws/install/app_subscriber:/opt/ros/humble LD_LIBRARY_PATH=/root/ros2_ws/install/hardware_interface/lib:/root/ros2_ws/install/ros2_control_test_assets/lib:/root/ros2_ws/install/controller_interface/lib:/opt/ros/humble/lib/aarch64-linux-gnu:/opt/ros/humble/lib /usr/bin/cmake --build /root/ros2_ws/build/transmission_interface -- -j4 -l4
[9.370s] Invoking command in '/root/ros2_ws/build/transmission_interface': CMAKE_PREFIX_PATH=/root/ros2_ws/install/hardware_interface:/root/ros2_ws/install/ros2_control_test_assets:/root/ros2_ws/install/controller_interface:/root/ros2_ws/install/app_subscriber:/opt/ros/humble LD_LIBRARY_PATH=/root/ros2_ws/install/hardware_interface/lib:/root/ros2_ws/install/ros2_control_test_assets/lib:/root/ros2_ws/install/controller_interface/lib:/opt/ros/humble/lib/aarch64-linux-gnu:/opt/ros/humble/lib /usr/bin/cmake --install /root/ros2_ws/build/transmission_interface
[9.384s] -- Install configuration: "Release"
[9.384s] -- Execute custom install script
[9.385s] -- Symlinking: /root/ros2_ws/install/transmission_interface/share/transmission_interface//ros2_control_plugins.xml
[9.401s] -- Symlinking: /root/ros2_ws/install/transmission_interface/include/transmission_interface/transmission_interface/accessor.hpp
[9.418s] -- Symlinking: /root/ros2_ws/install/transmission_interface/include/transmission_interface/transmission_interface/differential_transmission.hpp
[9.434s] -- Symlinking: /root/ros2_ws/install/transmission_interface/include/transmission_interface/transmission_interface/differential_transmission_loader.hpp
[9.449s] -- Symlinking: /root/ros2_ws/install/transmission_interface/include/transmission_interface/transmission_interface/exception.hpp
[9.464s] -- Symlinking: /root/ros2_ws/install/transmission_interface/include/transmission_interface/transmission_interface/four_bar_linkage_transmission.hpp
[9.480s] -- Symlinking: /root/ros2_ws/install/transmission_interface/include/transmission_interface/transmission_interface/four_bar_linkage_transmission_loader.hpp
[9.496s] -- Symlinking: /root/ros2_ws/install/transmission_interface/include/transmission_interface/transmission_interface/handle.hpp
[9.511s] -- Symlinking: /root/ros2_ws/install/transmission_interface/include/transmission_interface/transmission_interface/simple_transmission.hpp
[9.527s] -- Symlinking: /root/ros2_ws/install/transmission_interface/include/transmission_interface/transmission_interface/simple_transmission_loader.hpp
[9.543s] -- Symlinking: /root/ros2_ws/install/transmission_interface/include/transmission_interface/transmission_interface/transmission.hpp
[9.559s] -- Symlinking: /root/ros2_ws/install/transmission_interface/include/transmission_interface/transmission_interface/transmission_interface_exception.hpp
[9.575s] -- Symlinking: /root/ros2_ws/install/transmission_interface/include/transmission_interface/transmission_interface/transmission_loader.hpp
[9.590s] -- Symlinking: /root/ros2_ws/install/transmission_interface/include/transmission_interface/transmission_interface/visibility_control.h
[9.606s] -- Symlinking: /root/ros2_ws/install/transmission_interface/share/transmission_interface/environment/library_path.sh
[9.623s] -- Symlinking: /root/ros2_ws/install/transmission_interface/share/transmission_interface/environment/library_path.dsv
[9.639s] -- Symlinking: /root/ros2_ws/install/transmission_interface/share/ament_index/resource_index/package_run_dependencies/transmission_interface
[9.655s] -- Symlinking: /root/ros2_ws/install/transmission_interface/share/ament_index/resource_index/parent_prefix_path/transmission_interface
[9.671s] -- Symlinking: /root/ros2_ws/install/transmission_interface/share/transmission_interface/environment/ament_prefix_path.sh
[9.687s] -- Symlinking: /root/ros2_ws/install/transmission_interface/share/transmission_interface/environment/ament_prefix_path.dsv
[9.702s] -- Symlinking: /root/ros2_ws/install/transmission_interface/share/transmission_interface/environment/path.sh
[9.718s] -- Symlinking: /root/ros2_ws/install/transmission_interface/share/transmission_interface/environment/path.dsv
[9.734s] -- Symlinking: /root/ros2_ws/install/transmission_interface/share/transmission_interface/local_setup.bash
[9.751s] -- Symlinking: /root/ros2_ws/install/transmission_interface/share/transmission_interface/local_setup.sh
[9.767s] -- Symlinking: /root/ros2_ws/install/transmission_interface/share/transmission_interface/local_setup.zsh
[9.784s] -- Symlinking: /root/ros2_ws/install/transmission_interface/share/transmission_interface/local_setup.dsv
[9.799s] -- Symlinking: /root/ros2_ws/install/transmission_interface/share/transmission_interface/package.dsv
[9.816s] -- Symlinking: /root/ros2_ws/install/transmission_interface/share/ament_index/resource_index/packages/transmission_interface
[9.831s] -- Symlinking: /root/ros2_ws/install/transmission_interface/share/ament_index/resource_index/transmission_interface__pluginlib__plugin/transmission_interface
[9.848s] -- Symlinking: /root/ros2_ws/install/transmission_interface/share/transmission_interface/cmake/ament_cmake_export_targets-extras.cmake
[9.864s] -- Symlinking: /root/ros2_ws/install/transmission_interface/share/transmission_interface/cmake/ament_cmake_export_dependencies-extras.cmake
[9.881s] -- Symlinking: /root/ros2_ws/install/transmission_interface/share/transmission_interface/cmake/transmission_interfaceConfig.cmake
[9.897s] -- Symlinking: /root/ros2_ws/install/transmission_interface/share/transmission_interface/cmake/transmission_interfaceConfig-version.cmake
[9.912s] -- Symlinking: /root/ros2_ws/install/transmission_interface/share/transmission_interface/package.xml
[9.928s] -- Symlinking: /root/ros2_ws/install/transmission_interface/include/transmission_interface/transmission_interface/version.h
[9.943s] -- Installing: /root/ros2_ws/install/transmission_interface/lib/libtransmission_interface.so
[9.944s] -- Set runtime path of "/root/ros2_ws/install/transmission_interface/lib/libtransmission_interface.so" to ""
[9.944s] -- Installing: /root/ros2_ws/install/transmission_interface/share/transmission_interface/cmake/export_transmission_interfaceExport.cmake
[9.945s] -- Installing: /root/ros2_ws/install/transmission_interface/share/transmission_interface/cmake/export_transmission_interfaceExport-release.cmake
[9.949s] Invoked command in '/root/ros2_ws/build/transmission_interface' returned '0': CMAKE_PREFIX_PATH=/root/ros2_ws/install/hardware_interface:/root/ros2_ws/install/ros2_control_test_assets:/root/ros2_ws/install/controller_interface:/root/ros2_ws/install/app_subscriber:/opt/ros/humble LD_LIBRARY_PATH=/root/ros2_ws/install/hardware_interface/lib:/root/ros2_ws/install/ros2_control_test_assets/lib:/root/ros2_ws/install/controller_interface/lib:/opt/ros/humble/lib/aarch64-linux-gnu:/opt/ros/humble/lib /usr/bin/cmake --install /root/ros2_ws/build/transmission_interface
