[1.807s] Invoking command in '/root/ros2_ws/src/mecanum_bot': PYTHONPATH=/root/ros2_ws/build/mecanum_bot/prefix_override:/usr/lib/python3/dist-packages/colcon_core/task/python/colcon_distutils_commands:/root/ros2_ws/install/mecanum_bot/lib/python3.10/site-packages:${PYTHONPATH} /usr/bin/python3 -W ignore:setup.py install is deprecated -W ignore:easy_install command is deprecated setup.py egg_info --egg-base ../../build/mecanum_bot build --build-base /root/ros2_ws/build/mecanum_bot/build install --record /root/ros2_ws/build/mecanum_bot/install.log --single-version-externally-managed install_data
[2.255s] running egg_info
[2.257s] creating ../../build/mecanum_bot/mecanum_bot.egg-info
[2.257s] writing ../../build/mecanum_bot/mecanum_bot.egg-info/PKG-INFO
[2.258s] writing dependency_links to ../../build/mecanum_bot/mecanum_bot.egg-info/dependency_links.txt
[2.258s] writing entry points to ../../build/mecanum_bot/mecanum_bot.egg-info/entry_points.txt
[2.258s] writing requirements to ../../build/mecanum_bot/mecanum_bot.egg-info/requires.txt
[2.259s] writing top-level names to ../../build/mecanum_bot/mecanum_bot.egg-info/top_level.txt
[2.259s] writing manifest file '../../build/mecanum_bot/mecanum_bot.egg-info/SOURCES.txt'
[2.263s] reading manifest file '../../build/mecanum_bot/mecanum_bot.egg-info/SOURCES.txt'
[2.265s] writing manifest file '../../build/mecanum_bot/mecanum_bot.egg-info/SOURCES.txt'
[2.265s] running build
[2.265s] running build_py
[2.266s] creating /root/ros2_ws/build/mecanum_bot/build
[2.266s] creating /root/ros2_ws/build/mecanum_bot/build/lib
[2.266s] creating /root/ros2_ws/build/mecanum_bot/build/lib/mecanum_bot
[2.266s] copying mecanum_bot/data_controller_node.py -> /root/ros2_ws/build/mecanum_bot/build/lib/mecanum_bot
[2.267s] copying mecanum_bot/pid.py -> /root/ros2_ws/build/mecanum_bot/build/lib/mecanum_bot
[2.269s] copying mecanum_bot/__init__.py -> /root/ros2_ws/build/mecanum_bot/build/lib/mecanum_bot
[2.269s] running install
[2.272s] running install_lib
[2.272s] creating /root/ros2_ws/install/mecanum_bot/lib/python3.10/site-packages/mecanum_bot
[2.272s] copying /root/ros2_ws/build/mecanum_bot/build/lib/mecanum_bot/data_controller_node.py -> /root/ros2_ws/install/mecanum_bot/lib/python3.10/site-packages/mecanum_bot
[2.273s] copying /root/ros2_ws/build/mecanum_bot/build/lib/mecanum_bot/pid.py -> /root/ros2_ws/install/mecanum_bot/lib/python3.10/site-packages/mecanum_bot
[2.273s] copying /root/ros2_ws/build/mecanum_bot/build/lib/mecanum_bot/__init__.py -> /root/ros2_ws/install/mecanum_bot/lib/python3.10/site-packages/mecanum_bot
[2.275s] byte-compiling /root/ros2_ws/install/mecanum_bot/lib/python3.10/site-packages/mecanum_bot/data_controller_node.py to data_controller_node.cpython-310.pyc
[2.279s] byte-compiling /root/ros2_ws/install/mecanum_bot/lib/python3.10/site-packages/mecanum_bot/pid.py to pid.cpython-310.pyc
[2.282s] byte-compiling /root/ros2_ws/install/mecanum_bot/lib/python3.10/site-packages/mecanum_bot/__init__.py to __init__.cpython-310.pyc
[2.283s] running install_data
[2.283s] creating /root/ros2_ws/install/mecanum_bot/share/ament_index
[2.284s] creating /root/ros2_ws/install/mecanum_bot/share/ament_index/resource_index
[2.284s] creating /root/ros2_ws/install/mecanum_bot/share/ament_index/resource_index/packages
[2.285s] copying resource/mecanum_bot -> /root/ros2_ws/install/mecanum_bot/share/ament_index/resource_index/packages
[2.285s] copying package.xml -> /root/ros2_ws/install/mecanum_bot/share/mecanum_bot
[2.285s] creating /root/ros2_ws/install/mecanum_bot/share/mecanum_bot/launch
[2.285s] copying launch/bringup.launch.py -> /root/ros2_ws/install/mecanum_bot/share/mecanum_bot/launch
[2.285s] creating /root/ros2_ws/install/mecanum_bot/share/mecanum_bot/config
[2.285s] copying config/controllers.yaml -> /root/ros2_ws/install/mecanum_bot/share/mecanum_bot/config
[2.285s] copying config/ekf.yaml -> /root/ros2_ws/install/mecanum_bot/share/mecanum_bot/config
[2.286s] creating /root/ros2_ws/install/mecanum_bot/share/mecanum_bot/description
[2.287s] copying description/robot.urdf.xacro -> /root/ros2_ws/install/mecanum_bot/share/mecanum_bot/description
[2.288s] running install_egg_info
[2.296s] Copying ../../build/mecanum_bot/mecanum_bot.egg-info to /root/ros2_ws/install/mecanum_bot/lib/python3.10/site-packages/mecanum_bot-0.0.0-py3.10.egg-info
[2.297s] running install_scripts
[2.383s] Installing data_controller script to /root/ros2_ws/install/mecanum_bot/lib/mecanum_bot
[2.383s] Installing hardware_driver script to /root/ros2_ws/install/mecanum_bot/lib/mecanum_bot
[2.383s] Installing pid script to /root/ros2_ws/install/mecanum_bot/lib/mecanum_bot
[2.388s] writing list of installed files to '/root/ros2_ws/build/mecanum_bot/install.log'
[2.586s] Invoked command in '/root/ros2_ws/src/mecanum_bot' returned '0': PYTHONPATH=/root/ros2_ws/build/mecanum_bot/prefix_override:/usr/lib/python3/dist-packages/colcon_core/task/python/colcon_distutils_commands:/root/ros2_ws/install/mecanum_bot/lib/python3.10/site-packages:${PYTHONPATH} /usr/bin/python3 -W ignore:setup.py install is deprecated -W ignore:easy_install command is deprecated setup.py egg_info --egg-base ../../build/mecanum_bot build --build-base /root/ros2_ws/build/mecanum_bot/build install --record /root/ros2_ws/build/mecanum_bot/install.log --single-version-externally-managed install_data
