[1.586s] Invoking command in '/root/ros2_ws/src/mecanum_bot': PYTHONPATH=/root/ros2_ws/src/build/mecanum_bot/prefix_override:/usr/lib/python3/dist-packages/colcon_core/task/python/colcon_distutils_commands:/root/ros2_ws/src/install/mecanum_bot/lib/python3.10/site-packages:${PYTHONPATH} /usr/bin/python3 -W ignore:setup.py install is deprecated -W ignore:easy_install command is deprecated setup.py egg_info --egg-base ../build/mecanum_bot build --build-base /root/ros2_ws/src/build/mecanum_bot/build install --record /root/ros2_ws/src/build/mecanum_bot/install.log --single-version-externally-managed install_data
[1.895s] running egg_info
[1.896s] writing ../build/mecanum_bot/mecanum_bot.egg-info/PKG-INFO
[1.897s] writing dependency_links to ../build/mecanum_bot/mecanum_bot.egg-info/dependency_links.txt
[1.899s] writing entry points to ../build/mecanum_bot/mecanum_bot.egg-info/entry_points.txt
[1.899s] writing requirements to ../build/mecanum_bot/mecanum_bot.egg-info/requires.txt
[1.900s] writing top-level names to ../build/mecanum_bot/mecanum_bot.egg-info/top_level.txt
[1.904s] reading manifest file '../build/mecanum_bot/mecanum_bot.egg-info/SOURCES.txt'
[1.905s] writing manifest file '../build/mecanum_bot/mecanum_bot.egg-info/SOURCES.txt'
[1.905s] running build
[1.905s] running build_py
[1.906s] running install
[1.907s] running install_lib
[1.909s] running install_data
[1.909s] running install_egg_info
[1.912s] removing '/root/ros2_ws/src/install/mecanum_bot/lib/python3.10/site-packages/mecanum_bot-0.0.0-py3.10.egg-info' (and everything under it)
[1.914s] Copying ../build/mecanum_bot/mecanum_bot.egg-info to /root/ros2_ws/src/install/mecanum_bot/lib/python3.10/site-packages/mecanum_bot-0.0.0-py3.10.egg-info
[1.915s] running install_scripts
[1.953s] Installing data_controller script to /root/ros2_ws/src/install/mecanum_bot/lib/mecanum_bot
[1.954s] Installing hardware_driver script to /root/ros2_ws/src/install/mecanum_bot/lib/mecanum_bot
[1.954s] Installing pid script to /root/ros2_ws/src/install/mecanum_bot/lib/mecanum_bot
[1.956s] writing list of installed files to '/root/ros2_ws/src/build/mecanum_bot/install.log'
[2.090s] Invoked command in '/root/ros2_ws/src/mecanum_bot' returned '0': PYTHONPATH=/root/ros2_ws/src/build/mecanum_bot/prefix_override:/usr/lib/python3/dist-packages/colcon_core/task/python/colcon_distutils_commands:/root/ros2_ws/src/install/mecanum_bot/lib/python3.10/site-packages:${PYTHONPATH} /usr/bin/python3 -W ignore:setup.py install is deprecated -W ignore:easy_install command is deprecated setup.py egg_info --egg-base ../build/mecanum_bot build --build-base /root/ros2_ws/src/build/mecanum_bot/build install --record /root/ros2_ws/src/build/mecanum_bot/install.log --single-version-externally-managed install_data
