[2.335s] Invoking command in '/root/ros2_ws/src/distance_pid': PYTHONPATH=/root/ros2_ws/build/distance_pid/prefix_override:/usr/lib/python3/dist-packages/colcon_core/task/python/colcon_distutils_commands:/root/ros2_ws/install/distance_pid/lib/python3.10/site-packages:${PYTHONPATH} /usr/bin/python3 -W ignore:setup.py install is deprecated -W ignore:easy_install command is deprecated setup.py egg_info --egg-base ../../build/distance_pid build --build-base /root/ros2_ws/build/distance_pid/build install --record /root/ros2_ws/build/distance_pid/install.log --single-version-externally-managed install_data
[2.732s] running egg_info
[2.732s] writing ../../build/distance_pid/distance_pid.egg-info/PKG-INFO
[2.734s] writing dependency_links to ../../build/distance_pid/distance_pid.egg-info/dependency_links.txt
[2.736s] writing entry points to ../../build/distance_pid/distance_pid.egg-info/entry_points.txt
[2.737s] writing requirements to ../../build/distance_pid/distance_pid.egg-info/requires.txt
[2.738s] writing top-level names to ../../build/distance_pid/distance_pid.egg-info/top_level.txt
[2.744s] reading manifest file '../../build/distance_pid/distance_pid.egg-info/SOURCES.txt'
[2.746s] writing manifest file '../../build/distance_pid/distance_pid.egg-info/SOURCES.txt'
[2.746s] running build
[2.747s] running build_py
[2.756s] running install
[2.756s] running install_lib
[2.760s] running install_data
[2.762s] running install_egg_info
[2.766s] removing '/root/ros2_ws/install/distance_pid/lib/python3.10/site-packages/distance_pid-0.0.0-py3.10.egg-info' (and everything under it)
[2.768s] Copying ../../build/distance_pid/distance_pid.egg-info to /root/ros2_ws/install/distance_pid/lib/python3.10/site-packages/distance_pid-0.0.0-py3.10.egg-info
[2.771s] running install_scripts
[2.825s] writing list of installed files to '/root/ros2_ws/build/distance_pid/install.log'
[2.953s] Invoked command in '/root/ros2_ws/src/distance_pid' returned '0': PYTHONPATH=/root/ros2_ws/build/distance_pid/prefix_override:/usr/lib/python3/dist-packages/colcon_core/task/python/colcon_distutils_commands:/root/ros2_ws/install/distance_pid/lib/python3.10/site-packages:${PYTHONPATH} /usr/bin/python3 -W ignore:setup.py install is deprecated -W ignore:easy_install command is deprecated setup.py egg_info --egg-base ../../build/distance_pid build --build-base /root/ros2_ws/build/distance_pid/build install --record /root/ros2_ws/build/distance_pid/install.log --single-version-externally-managed install_data
