-- The CXX compiler identification is GNU 11.4.0
-- Detecting CXX compiler ABI info
-- Detecting CXX compiler ABI info - done
-- Check for working CXX compiler: /usr/bin/c++ - skipped
-- Detecting CXX compile features
-- Detecting CXX compile features - done
-- Found ament_cmake: 1.3.12 (/opt/ros/humble/share/ament_cmake/cmake)
-- Found Python3: /usr/bin/python3 (found version "3.10.12") found components: Interpreter 
-- Override CMake install command with custom implementation using symlinks instead of copying resources
-- Found controller_interface: 2.52.2 (/root/ros2_ws/install/controller_interface/share/controller_interface/cmake)
-- Found rosidl_generator_c: 3.1.7 (/opt/ros/humble/share/rosidl_generator_c/cmake)
-- Found rosidl_adapter: 3.1.7 (/opt/ros/humble/share/rosidl_adapter/cmake)
-- Found rosidl_generator_cpp: 3.1.7 (/opt/ros/humble/share/rosidl_generator_cpp/cmake)
-- Using all available rosidl_typesupport_c: rosidl_typesupport_fastrtps_c;rosidl_typesupport_introspection_c
-- Using all available rosidl_typesupport_cpp: rosidl_typesupport_fastrtps_cpp;rosidl_typesupport_introspection_cpp
-- Found rmw_implementation_cmake: 6.1.2 (/opt/ros/humble/share/rmw_implementation_cmake/cmake)
-- Found rmw_fastrtps_cpp: 6.2.8 (/opt/ros/humble/share/rmw_fastrtps_cpp/cmake)
-- Found TinyXML2 via Config file: TinyXML2_DIR-NOTFOUND
-- Found OpenSSL: /usr/lib/aarch64-linux-gnu/libcrypto.so (found version "3.0.2")  
-- Found TinyXML2 via Config file: TinyXML2_DIR-NOTFOUND
-- Found FastRTPS: /opt/ros/humble/include  
-- Found TinyXML2 via Config file: TinyXML2_DIR-NOTFOUND
-- Found TinyXML2 via Config file: TinyXML2_DIR-NOTFOUND
-- Using RMW implementation 'rmw_fastrtps_cpp' as default
-- Looking for C++ include pthread.h
-- Looking for C++ include pthread.h - found
-- Performing Test CMAKE_HAVE_LIBC_PTHREAD
-- Performing Test CMAKE_HAVE_LIBC_PTHREAD - Success
-- Found Threads: TRUE  
-- Found generate_parameter_library: 0.5.0 (/opt/ros/humble/share/generate_parameter_library/cmake)
-- Found parameter_traits: 0.5.0 (/opt/ros/humble/share/parameter_traits/cmake)
-- Found realtime_tools: 2.14.1 (/opt/ros/humble/share/realtime_tools/cmake)
-- Found tf2_msgs: 0.25.16 (/opt/ros/humble/share/tf2_msgs/cmake)
-- Configuring done
-- Generating done
-- Build files have been written to: /root/ros2_ws/build/pose_broadcaster
[ 25%] [34m[1mRunning `/opt/ros/humble/bin/generate_parameter_library_cpp /root/ros2_ws/build/pose_broadcaster/include/pose_broadcaster/pose_broadcaster_parameters.hpp /root/ros2_ws/src/ros2_controllers/pose_broadcaster/src/pose_broadcaster_parameters.yaml `[0m
[ 50%] [34m[1mCreating deprecated header file /root/ros2_ws/build/pose_broadcaster/include/pose_broadcaster_parameters.hpp[0m
[ 50%] Built target pose_broadcaster_parameters
[ 75%] [32mBuilding CXX object CMakeFiles/pose_broadcaster.dir/src/pose_broadcaster.cpp.o[0m
[100%] [32m[1mLinking CXX shared library libpose_broadcaster.so[0m
[100%] Built target pose_broadcaster
-- Install configuration: "Release"
-- Execute custom install script
-- Symlinking: /root/ros2_ws/install/pose_broadcaster/include/pose_broadcaster/pose_broadcaster_parameters.hpp
-- Symlinking: /root/ros2_ws/install/pose_broadcaster/share/pose_broadcaster//pose_broadcaster.xml
-- Symlinking: /root/ros2_ws/install/pose_broadcaster/include/pose_broadcaster/pose_broadcaster/pose_broadcaster.hpp
-- Symlinking: /root/ros2_ws/install/pose_broadcaster/include/pose_broadcaster/pose_broadcaster/visibility_control.h
-- Symlinking: /root/ros2_ws/install/pose_broadcaster/share/pose_broadcaster/environment/library_path.sh
-- Symlinking: /root/ros2_ws/install/pose_broadcaster/share/pose_broadcaster/environment/library_path.dsv
-- Symlinking: /root/ros2_ws/install/pose_broadcaster/share/ament_index/resource_index/package_run_dependencies/pose_broadcaster
-- Symlinking: /root/ros2_ws/install/pose_broadcaster/share/ament_index/resource_index/parent_prefix_path/pose_broadcaster
-- Symlinking: /root/ros2_ws/install/pose_broadcaster/share/pose_broadcaster/environment/ament_prefix_path.sh
-- Symlinking: /root/ros2_ws/install/pose_broadcaster/share/pose_broadcaster/environment/ament_prefix_path.dsv
-- Symlinking: /root/ros2_ws/install/pose_broadcaster/share/pose_broadcaster/environment/path.sh
-- Symlinking: /root/ros2_ws/install/pose_broadcaster/share/pose_broadcaster/environment/path.dsv
-- Symlinking: /root/ros2_ws/install/pose_broadcaster/share/pose_broadcaster/local_setup.bash
-- Symlinking: /root/ros2_ws/install/pose_broadcaster/share/pose_broadcaster/local_setup.sh
-- Symlinking: /root/ros2_ws/install/pose_broadcaster/share/pose_broadcaster/local_setup.zsh
-- Symlinking: /root/ros2_ws/install/pose_broadcaster/share/pose_broadcaster/local_setup.dsv
-- Symlinking: /root/ros2_ws/install/pose_broadcaster/share/pose_broadcaster/package.dsv
-- Symlinking: /root/ros2_ws/install/pose_broadcaster/share/ament_index/resource_index/packages/pose_broadcaster
-- Symlinking: /root/ros2_ws/install/pose_broadcaster/share/ament_index/resource_index/controller_interface__pluginlib__plugin/pose_broadcaster
-- Symlinking: /root/ros2_ws/install/pose_broadcaster/share/pose_broadcaster/cmake/ament_cmake_export_dependencies-extras.cmake
-- Symlinking: /root/ros2_ws/install/pose_broadcaster/share/pose_broadcaster/cmake/ament_cmake_export_targets-extras.cmake
-- Symlinking: /root/ros2_ws/install/pose_broadcaster/share/pose_broadcaster/cmake/pose_broadcasterConfig.cmake
-- Symlinking: /root/ros2_ws/install/pose_broadcaster/share/pose_broadcaster/cmake/pose_broadcasterConfig-version.cmake
-- Symlinking: /root/ros2_ws/install/pose_broadcaster/share/pose_broadcaster/package.xml
-- Installing: /root/ros2_ws/install/pose_broadcaster/lib/libpose_broadcaster.so
-- Set runtime path of "/root/ros2_ws/install/pose_broadcaster/lib/libpose_broadcaster.so" to ""
-- Installing: /root/ros2_ws/install/pose_broadcaster/share/pose_broadcaster/cmake/export_pose_broadcasterExport.cmake
-- Installing: /root/ros2_ws/install/pose_broadcaster/share/pose_broadcaster/cmake/export_pose_broadcasterExport-release.cmake
