[0.034s] Invoking command in '/root/ros2_ws/build/pose_broadcaster': AMENT_PREFIX_PATH=/root/ros2_ws/install/controller_manager:/root/ros2_ws/install/hardware_interface_testing:/root/ros2_ws/install/controller_manager_msgs:${AMENT_PREFIX_PATH} CMAKE_PREFIX_PATH=/root/ros2_ws/install/controller_manager:/root/ros2_ws/install/hardware_interface_testing:/root/ros2_ws/install/controller_interface:/root/ros2_ws/install/hardware_interface:/root/ros2_ws/install/ros2_control_test_assets:/root/ros2_ws/install/controller_manager_msgs:/root/ros2_ws/install/app_subscriber:/opt/ros/humble LD_LIBRARY_PATH=/root/ros2_ws/install/controller_manager/lib:/root/ros2_ws/install/hardware_interface_testing/lib:/root/ros2_ws/install/controller_interface/lib:/root/ros2_ws/install/hardware_interface/lib:/root/ros2_ws/install/controller_manager_msgs/lib:/root/ros2_ws/install/ros2_control_test_assets/lib:/opt/ros/humble/lib/aarch64-linux-gnu:/opt/ros/humble/lib PYTHONPATH=/root/ros2_ws/install/controller_manager/local/lib/python3.10/dist-packages:/root/ros2_ws/install/controller_manager_msgs/local/lib/python3.10/dist-packages:${PYTHONPATH} /usr/bin/cmake /root/ros2_ws/src/ros2_controllers/pose_broadcaster -DBUILD_TESTING=OFF -DCMAKE_BUILD_TYPE=Release -DAMENT_CMAKE_SYMLINK_INSTALL=1 -DCMAKE_INSTALL_PREFIX=/root/ros2_ws/install/pose_broadcaster
[0.146s] -- The CXX compiler identification is GNU 11.4.0
[0.158s] -- Detecting CXX compiler ABI info
[0.295s] -- Detecting CXX compiler ABI info - done
[0.307s] -- Check for working CXX compiler: /usr/bin/c++ - skipped
[0.307s] -- Detecting CXX compile features
[0.308s] -- Detecting CXX compile features - done
[0.312s] -- Found ament_cmake: 1.3.12 (/opt/ros/humble/share/ament_cmake/cmake)
[0.540s] -- Found Python3: /usr/bin/python3 (found version "3.10.12") found components: Interpreter 
[0.641s] -- Override CMake install command with custom implementation using symlinks instead of copying resources
[0.686s] -- Found controller_interface: 2.52.2 (/root/ros2_ws/install/controller_interface/share/controller_interface/cmake)
[0.743s] -- Found rosidl_generator_c: 3.1.7 (/opt/ros/humble/share/rosidl_generator_c/cmake)
[0.751s] -- Found rosidl_adapter: 3.1.7 (/opt/ros/humble/share/rosidl_adapter/cmake)
[0.765s] -- Found rosidl_generator_cpp: 3.1.7 (/opt/ros/humble/share/rosidl_generator_cpp/cmake)
[0.783s] -- Using all available rosidl_typesupport_c: rosidl_typesupport_fastrtps_c;rosidl_typesupport_introspection_c
[0.808s] -- Using all available rosidl_typesupport_cpp: rosidl_typesupport_fastrtps_cpp;rosidl_typesupport_introspection_cpp
[1.109s] -- Found rmw_implementation_cmake: 6.1.2 (/opt/ros/humble/share/rmw_implementation_cmake/cmake)
[1.113s] -- Found rmw_fastrtps_cpp: 6.2.8 (/opt/ros/humble/share/rmw_fastrtps_cpp/cmake)
[1.151s] -- Found TinyXML2 via Config file: TinyXML2_DIR-NOTFOUND
[1.252s] -- Found OpenSSL: /usr/lib/aarch64-linux-gnu/libcrypto.so (found version "3.0.2")  
[1.257s] -- Found TinyXML2 via Config file: TinyXML2_DIR-NOTFOUND
[1.274s] -- Found FastRTPS: /opt/ros/humble/include  
[1.279s] -- Found TinyXML2 via Config file: TinyXML2_DIR-NOTFOUND
[1.292s] -- Found TinyXML2 via Config file: TinyXML2_DIR-NOTFOUND
[1.306s] -- Using RMW implementation 'rmw_fastrtps_cpp' as default
[1.321s] -- Looking for C++ include pthread.h
[1.520s] -- Looking for C++ include pthread.h - found
[1.520s] -- Performing Test CMAKE_HAVE_LIBC_PTHREAD
[1.728s] -- Performing Test CMAKE_HAVE_LIBC_PTHREAD - Success
[1.730s] -- Found Threads: TRUE  
[1.804s] -- Found generate_parameter_library: 0.5.0 (/opt/ros/humble/share/generate_parameter_library/cmake)
[1.808s] -- Found parameter_traits: 0.5.0 (/opt/ros/humble/share/parameter_traits/cmake)
[1.834s] -- Found realtime_tools: 2.14.1 (/opt/ros/humble/share/realtime_tools/cmake)
[1.857s] -- Found tf2_msgs: 0.25.16 (/opt/ros/humble/share/tf2_msgs/cmake)
[1.999s] -- Configuring done
[2.022s] -- Generating done
[2.029s] -- Build files have been written to: /root/ros2_ws/build/pose_broadcaster
[2.045s] Invoked command in '/root/ros2_ws/build/pose_broadcaster' returned '0': AMENT_PREFIX_PATH=/root/ros2_ws/install/controller_manager:/root/ros2_ws/install/hardware_interface_testing:/root/ros2_ws/install/controller_manager_msgs:${AMENT_PREFIX_PATH} CMAKE_PREFIX_PATH=/root/ros2_ws/install/controller_manager:/root/ros2_ws/install/hardware_interface_testing:/root/ros2_ws/install/controller_interface:/root/ros2_ws/install/hardware_interface:/root/ros2_ws/install/ros2_control_test_assets:/root/ros2_ws/install/controller_manager_msgs:/root/ros2_ws/install/app_subscriber:/opt/ros/humble LD_LIBRARY_PATH=/root/ros2_ws/install/controller_manager/lib:/root/ros2_ws/install/hardware_interface_testing/lib:/root/ros2_ws/install/controller_interface/lib:/root/ros2_ws/install/hardware_interface/lib:/root/ros2_ws/install/controller_manager_msgs/lib:/root/ros2_ws/install/ros2_control_test_assets/lib:/opt/ros/humble/lib/aarch64-linux-gnu:/opt/ros/humble/lib PYTHONPATH=/root/ros2_ws/install/controller_manager/local/lib/python3.10/dist-packages:/root/ros2_ws/install/controller_manager_msgs/local/lib/python3.10/dist-packages:${PYTHONPATH} /usr/bin/cmake /root/ros2_ws/src/ros2_controllers/pose_broadcaster -DBUILD_TESTING=OFF -DCMAKE_BUILD_TYPE=Release -DAMENT_CMAKE_SYMLINK_INSTALL=1 -DCMAKE_INSTALL_PREFIX=/root/ros2_ws/install/pose_broadcaster
[2.047s] Invoking command in '/root/ros2_ws/build/pose_broadcaster': AMENT_PREFIX_PATH=/root/ros2_ws/install/controller_manager:/root/ros2_ws/install/hardware_interface_testing:/root/ros2_ws/install/controller_manager_msgs:${AMENT_PREFIX_PATH} CMAKE_PREFIX_PATH=/root/ros2_ws/install/controller_manager:/root/ros2_ws/install/hardware_interface_testing:/root/ros2_ws/install/controller_interface:/root/ros2_ws/install/hardware_interface:/root/ros2_ws/install/ros2_control_test_assets:/root/ros2_ws/install/controller_manager_msgs:/root/ros2_ws/install/app_subscriber:/opt/ros/humble LD_LIBRARY_PATH=/root/ros2_ws/install/controller_manager/lib:/root/ros2_ws/install/hardware_interface_testing/lib:/root/ros2_ws/install/controller_interface/lib:/root/ros2_ws/install/hardware_interface/lib:/root/ros2_ws/install/controller_manager_msgs/lib:/root/ros2_ws/install/ros2_control_test_assets/lib:/opt/ros/humble/lib/aarch64-linux-gnu:/opt/ros/humble/lib PYTHONPATH=/root/ros2_ws/install/controller_manager/local/lib/python3.10/dist-packages:/root/ros2_ws/install/controller_manager_msgs/local/lib/python3.10/dist-packages:${PYTHONPATH} /usr/bin/cmake --build /root/ros2_ws/build/pose_broadcaster -- -j4 -l4
[2.140s] [ 25%] [34m[1mRunning `/opt/ros/humble/bin/generate_parameter_library_cpp /root/ros2_ws/build/pose_broadcaster/include/pose_broadcaster/pose_broadcaster_parameters.hpp /root/ros2_ws/src/ros2_controllers/pose_broadcaster/src/pose_broadcaster_parameters.yaml `[0m
[2.464s] [ 50%] [34m[1mCreating deprecated header file /root/ros2_ws/build/pose_broadcaster/include/pose_broadcaster_parameters.hpp[0m
[2.498s] [ 50%] Built target pose_broadcaster_parameters
[2.538s] [ 75%] [32mBuilding CXX object CMakeFiles/pose_broadcaster.dir/src/pose_broadcaster.cpp.o[0m
[14.568s] [100%] [32m[1mLinking CXX shared library libpose_broadcaster.so[0m
[14.835s] [100%] Built target pose_broadcaster
[14.856s] Invoked command in '/root/ros2_ws/build/pose_broadcaster' returned '0': AMENT_PREFIX_PATH=/root/ros2_ws/install/controller_manager:/root/ros2_ws/install/hardware_interface_testing:/root/ros2_ws/install/controller_manager_msgs:${AMENT_PREFIX_PATH} CMAKE_PREFIX_PATH=/root/ros2_ws/install/controller_manager:/root/ros2_ws/install/hardware_interface_testing:/root/ros2_ws/install/controller_interface:/root/ros2_ws/install/hardware_interface:/root/ros2_ws/install/ros2_control_test_assets:/root/ros2_ws/install/controller_manager_msgs:/root/ros2_ws/install/app_subscriber:/opt/ros/humble LD_LIBRARY_PATH=/root/ros2_ws/install/controller_manager/lib:/root/ros2_ws/install/hardware_interface_testing/lib:/root/ros2_ws/install/controller_interface/lib:/root/ros2_ws/install/hardware_interface/lib:/root/ros2_ws/install/controller_manager_msgs/lib:/root/ros2_ws/install/ros2_control_test_assets/lib:/opt/ros/humble/lib/aarch64-linux-gnu:/opt/ros/humble/lib PYTHONPATH=/root/ros2_ws/install/controller_manager/local/lib/python3.10/dist-packages:/root/ros2_ws/install/controller_manager_msgs/local/lib/python3.10/dist-packages:${PYTHONPATH} /usr/bin/cmake --build /root/ros2_ws/build/pose_broadcaster -- -j4 -l4
[14.859s] Invoking command in '/root/ros2_ws/build/pose_broadcaster': AMENT_PREFIX_PATH=/root/ros2_ws/install/controller_manager:/root/ros2_ws/install/hardware_interface_testing:/root/ros2_ws/install/controller_manager_msgs:${AMENT_PREFIX_PATH} CMAKE_PREFIX_PATH=/root/ros2_ws/install/controller_manager:/root/ros2_ws/install/hardware_interface_testing:/root/ros2_ws/install/controller_interface:/root/ros2_ws/install/hardware_interface:/root/ros2_ws/install/ros2_control_test_assets:/root/ros2_ws/install/controller_manager_msgs:/root/ros2_ws/install/app_subscriber:/opt/ros/humble LD_LIBRARY_PATH=/root/ros2_ws/install/controller_manager/lib:/root/ros2_ws/install/hardware_interface_testing/lib:/root/ros2_ws/install/controller_interface/lib:/root/ros2_ws/install/hardware_interface/lib:/root/ros2_ws/install/controller_manager_msgs/lib:/root/ros2_ws/install/ros2_control_test_assets/lib:/opt/ros/humble/lib/aarch64-linux-gnu:/opt/ros/humble/lib PYTHONPATH=/root/ros2_ws/install/controller_manager/local/lib/python3.10/dist-packages:/root/ros2_ws/install/controller_manager_msgs/local/lib/python3.10/dist-packages:${PYTHONPATH} /usr/bin/cmake --install /root/ros2_ws/build/pose_broadcaster
[14.873s] -- Install configuration: "Release"
[14.874s] -- Execute custom install script
[14.875s] -- Symlinking: /root/ros2_ws/install/pose_broadcaster/include/pose_broadcaster/pose_broadcaster_parameters.hpp
[14.891s] -- Symlinking: /root/ros2_ws/install/pose_broadcaster/share/pose_broadcaster//pose_broadcaster.xml
[14.908s] -- Symlinking: /root/ros2_ws/install/pose_broadcaster/include/pose_broadcaster/pose_broadcaster/pose_broadcaster.hpp
[14.925s] -- Symlinking: /root/ros2_ws/install/pose_broadcaster/include/pose_broadcaster/pose_broadcaster/visibility_control.h
[14.941s] -- Symlinking: /root/ros2_ws/install/pose_broadcaster/share/pose_broadcaster/environment/library_path.sh
[14.957s] -- Symlinking: /root/ros2_ws/install/pose_broadcaster/share/pose_broadcaster/environment/library_path.dsv
[14.974s] -- Symlinking: /root/ros2_ws/install/pose_broadcaster/share/ament_index/resource_index/package_run_dependencies/pose_broadcaster
[14.991s] -- Symlinking: /root/ros2_ws/install/pose_broadcaster/share/ament_index/resource_index/parent_prefix_path/pose_broadcaster
[15.008s] -- Symlinking: /root/ros2_ws/install/pose_broadcaster/share/pose_broadcaster/environment/ament_prefix_path.sh
[15.025s] -- Symlinking: /root/ros2_ws/install/pose_broadcaster/share/pose_broadcaster/environment/ament_prefix_path.dsv
[15.043s] -- Symlinking: /root/ros2_ws/install/pose_broadcaster/share/pose_broadcaster/environment/path.sh
[15.059s] -- Symlinking: /root/ros2_ws/install/pose_broadcaster/share/pose_broadcaster/environment/path.dsv
[15.075s] -- Symlinking: /root/ros2_ws/install/pose_broadcaster/share/pose_broadcaster/local_setup.bash
[15.092s] -- Symlinking: /root/ros2_ws/install/pose_broadcaster/share/pose_broadcaster/local_setup.sh
[15.109s] -- Symlinking: /root/ros2_ws/install/pose_broadcaster/share/pose_broadcaster/local_setup.zsh
[15.125s] -- Symlinking: /root/ros2_ws/install/pose_broadcaster/share/pose_broadcaster/local_setup.dsv
[15.142s] -- Symlinking: /root/ros2_ws/install/pose_broadcaster/share/pose_broadcaster/package.dsv
[15.159s] -- Symlinking: /root/ros2_ws/install/pose_broadcaster/share/ament_index/resource_index/packages/pose_broadcaster
[15.175s] -- Symlinking: /root/ros2_ws/install/pose_broadcaster/share/ament_index/resource_index/controller_interface__pluginlib__plugin/pose_broadcaster
[15.193s] -- Symlinking: /root/ros2_ws/install/pose_broadcaster/share/pose_broadcaster/cmake/ament_cmake_export_dependencies-extras.cmake
[15.209s] -- Symlinking: /root/ros2_ws/install/pose_broadcaster/share/pose_broadcaster/cmake/ament_cmake_export_targets-extras.cmake
[15.227s] -- Symlinking: /root/ros2_ws/install/pose_broadcaster/share/pose_broadcaster/cmake/pose_broadcasterConfig.cmake
[15.244s] -- Symlinking: /root/ros2_ws/install/pose_broadcaster/share/pose_broadcaster/cmake/pose_broadcasterConfig-version.cmake
[15.261s] -- Symlinking: /root/ros2_ws/install/pose_broadcaster/share/pose_broadcaster/package.xml
[15.277s] -- Installing: /root/ros2_ws/install/pose_broadcaster/lib/libpose_broadcaster.so
[15.279s] -- Set runtime path of "/root/ros2_ws/install/pose_broadcaster/lib/libpose_broadcaster.so" to ""
[15.279s] -- Installing: /root/ros2_ws/install/pose_broadcaster/share/pose_broadcaster/cmake/export_pose_broadcasterExport.cmake
[15.279s] -- Installing: /root/ros2_ws/install/pose_broadcaster/share/pose_broadcaster/cmake/export_pose_broadcasterExport-release.cmake
[15.283s] Invoked command in '/root/ros2_ws/build/pose_broadcaster' returned '0': AMENT_PREFIX_PATH=/root/ros2_ws/install/controller_manager:/root/ros2_ws/install/hardware_interface_testing:/root/ros2_ws/install/controller_manager_msgs:${AMENT_PREFIX_PATH} CMAKE_PREFIX_PATH=/root/ros2_ws/install/controller_manager:/root/ros2_ws/install/hardware_interface_testing:/root/ros2_ws/install/controller_interface:/root/ros2_ws/install/hardware_interface:/root/ros2_ws/install/ros2_control_test_assets:/root/ros2_ws/install/controller_manager_msgs:/root/ros2_ws/install/app_subscriber:/opt/ros/humble LD_LIBRARY_PATH=/root/ros2_ws/install/controller_manager/lib:/root/ros2_ws/install/hardware_interface_testing/lib:/root/ros2_ws/install/controller_interface/lib:/root/ros2_ws/install/hardware_interface/lib:/root/ros2_ws/install/controller_manager_msgs/lib:/root/ros2_ws/install/ros2_control_test_assets/lib:/opt/ros/humble/lib/aarch64-linux-gnu:/opt/ros/humble/lib PYTHONPATH=/root/ros2_ws/install/controller_manager/local/lib/python3.10/dist-packages:/root/ros2_ws/install/controller_manager_msgs/local/lib/python3.10/dist-packages:${PYTHONPATH} /usr/bin/cmake --install /root/ros2_ws/build/pose_broadcaster
