-- The CXX compiler identification is GNU 11.4.0
-- Detecting CXX compiler ABI info
-- Detecting CXX compiler ABI info - done
-- Check for working CXX compiler: /usr/bin/c++ - skipped
-- Detecting CXX compile features
-- Detecting CXX compile features - done
-- Found ament_cmake: 1.3.12 (/opt/ros/humble/share/ament_cmake/cmake)
-- Found Python3: /usr/bin/python3 (found version "3.10.12") found components: Interpreter 
-- Override CMake install command with custom implementation using symlinks instead of copying resources
-- Found control_msgs: 4.8.0 (/opt/ros/humble/share/control_msgs/cmake)
-- Found rosidl_generator_c: 3.1.7 (/opt/ros/humble/share/rosidl_generator_c/cmake)
-- Found rosidl_adapter: 3.1.7 (/opt/ros/humble/share/rosidl_adapter/cmake)
-- Found rosidl_generator_cpp: 3.1.7 (/opt/ros/humble/share/rosidl_generator_cpp/cmake)
-- Using all available rosidl_typesupport_c: rosidl_typesupport_fastrtps_c;rosidl_typesupport_introspection_c
-- Using all available rosidl_typesupport_cpp: rosidl_typesupport_fastrtps_cpp;rosidl_typesupport_introspection_cpp
-- Found lifecycle_msgs: 1.2.2 (/opt/ros/humble/share/lifecycle_msgs/cmake)
-- Found pluginlib: 5.1.0 (/opt/ros/humble/share/pluginlib/cmake)
-- Found rclcpp_lifecycle: 16.0.14 (/opt/ros/humble/share/rclcpp_lifecycle/cmake)
-- Found rmw_implementation_cmake: 6.1.2 (/opt/ros/humble/share/rmw_implementation_cmake/cmake)
-- Found rmw_fastrtps_cpp: 6.2.8 (/opt/ros/humble/share/rmw_fastrtps_cpp/cmake)
-- Found TinyXML2 via Config file: TinyXML2_DIR-NOTFOUND
-- Found OpenSSL: /usr/lib/aarch64-linux-gnu/libcrypto.so (found version "3.0.2")  
-- Found TinyXML2 via Config file: TinyXML2_DIR-NOTFOUND
-- Found FastRTPS: /opt/ros/humble/include  
-- Found TinyXML2 via Config file: TinyXML2_DIR-NOTFOUND
-- Found TinyXML2 via Config file: TinyXML2_DIR-NOTFOUND
-- Using RMW implementation 'rmw_fastrtps_cpp' as default
-- Looking for C++ include pthread.h
-- Looking for C++ include pthread.h - found
-- Performing Test CMAKE_HAVE_LIBC_PTHREAD
-- Performing Test CMAKE_HAVE_LIBC_PTHREAD - Success
-- Found Threads: TRUE  
-- Found TinyXML2 via Config file: TinyXML2_DIR-NOTFOUND
-- Configuring done
-- Generating done
-- Build files have been written to: /root/ros2_ws/build/hardware_interface
[ 23%] [34m[1mGenerating hardware_interface/version.h[0m
[ 23%] [32mBuilding CXX object CMakeFiles/fake_components.dir/src/mock_components/fake_generic_system.cpp.o[0m
[ 23%] [32mBuilding CXX object CMakeFiles/mock_components.dir/src/mock_components/generic_system.cpp.o[0m
[ 30%] [32mBuilding CXX object CMakeFiles/fake_components.dir/src/mock_components/generic_system.cpp.o[0m
[ 30%] Built target ament_generate_version_header__hardware_interface
[ 38%] [32mBuilding CXX object CMakeFiles/hardware_interface.dir/src/actuator.cpp.o[0m
[ 46%] [32mBuilding CXX object CMakeFiles/hardware_interface.dir/src/component_parser.cpp.o[0m
[ 53%] [32mBuilding CXX object CMakeFiles/hardware_interface.dir/src/resource_manager.cpp.o[0m
[ 61%] [32m[1mLinking CXX shared library libfake_components.so[0m
[ 69%] [32m[1mLinking CXX shared library libmock_components.so[0m
[ 69%] Built target fake_components
[ 76%] [32mBuilding CXX object CMakeFiles/hardware_interface.dir/src/sensor.cpp.o[0m
[ 76%] Built target mock_components
[ 84%] [32mBuilding CXX object CMakeFiles/hardware_interface.dir/src/system.cpp.o[0m
[ 92%] [32mBuilding CXX object CMakeFiles/hardware_interface.dir/src/lexical_casts.cpp.o[0m
[100%] [32m[1mLinking CXX shared library libhardware_interface.so[0m
[100%] Built target hardware_interface
-- Install configuration: "Release"
-- Execute custom install script
-- Symlinking: /root/ros2_ws/install/hardware_interface/share/hardware_interface//mock_components_plugin_description.xml
-- Symlinking: /root/ros2_ws/install/hardware_interface/share/hardware_interface//fake_components_plugin_description.xml
-- Symlinking: /root/ros2_ws/install/hardware_interface/include/hardware_interface/fake_components/generic_system.hpp
-- Symlinking: /root/ros2_ws/install/hardware_interface/include/hardware_interface/fake_components/visibility_control.h
-- Symlinking: /root/ros2_ws/install/hardware_interface/include/hardware_interface/hardware_interface/actuator.hpp
-- Symlinking: /root/ros2_ws/install/hardware_interface/include/hardware_interface/hardware_interface/actuator_interface.hpp
-- Symlinking: /root/ros2_ws/install/hardware_interface/include/hardware_interface/hardware_interface/component_parser.hpp
-- Symlinking: /root/ros2_ws/install/hardware_interface/include/hardware_interface/hardware_interface/controller_info.hpp
-- Symlinking: /root/ros2_ws/install/hardware_interface/include/hardware_interface/hardware_interface/handle.hpp
-- Symlinking: /root/ros2_ws/install/hardware_interface/include/hardware_interface/hardware_interface/hardware_component_info.hpp
-- Symlinking: /root/ros2_ws/install/hardware_interface/include/hardware_interface/hardware_interface/hardware_info.hpp
-- Symlinking: /root/ros2_ws/install/hardware_interface/include/hardware_interface/hardware_interface/lexical_casts.hpp
-- Symlinking: /root/ros2_ws/install/hardware_interface/include/hardware_interface/hardware_interface/loaned_command_interface.hpp
-- Symlinking: /root/ros2_ws/install/hardware_interface/include/hardware_interface/hardware_interface/loaned_state_interface.hpp
-- Symlinking: /root/ros2_ws/install/hardware_interface/include/hardware_interface/hardware_interface/macros.hpp
-- Symlinking: /root/ros2_ws/install/hardware_interface/include/hardware_interface/hardware_interface/resource_manager.hpp
-- Symlinking: /root/ros2_ws/install/hardware_interface/include/hardware_interface/hardware_interface/sensor.hpp
-- Symlinking: /root/ros2_ws/install/hardware_interface/include/hardware_interface/hardware_interface/sensor_interface.hpp
-- Symlinking: /root/ros2_ws/install/hardware_interface/include/hardware_interface/hardware_interface/system.hpp
-- Symlinking: /root/ros2_ws/install/hardware_interface/include/hardware_interface/hardware_interface/system_interface.hpp
-- Symlinking: /root/ros2_ws/install/hardware_interface/include/hardware_interface/hardware_interface/types/hardware_interface_return_values.hpp
-- Symlinking: /root/ros2_ws/install/hardware_interface/include/hardware_interface/hardware_interface/types/hardware_interface_type_values.hpp
-- Symlinking: /root/ros2_ws/install/hardware_interface/include/hardware_interface/hardware_interface/types/lifecycle_state_names.hpp
-- Symlinking: /root/ros2_ws/install/hardware_interface/include/hardware_interface/hardware_interface/visibility_control.h
-- Symlinking: /root/ros2_ws/install/hardware_interface/include/hardware_interface/mock_components/generic_system.hpp
-- Symlinking: /root/ros2_ws/install/hardware_interface/include/hardware_interface/mock_components/visibility_control.h
-- Symlinking: /root/ros2_ws/install/hardware_interface/share/hardware_interface/environment/library_path.sh
-- Symlinking: /root/ros2_ws/install/hardware_interface/share/hardware_interface/environment/library_path.dsv
-- Symlinking: /root/ros2_ws/install/hardware_interface/share/ament_index/resource_index/package_run_dependencies/hardware_interface
-- Symlinking: /root/ros2_ws/install/hardware_interface/share/ament_index/resource_index/parent_prefix_path/hardware_interface
-- Symlinking: /root/ros2_ws/install/hardware_interface/share/hardware_interface/environment/ament_prefix_path.sh
-- Symlinking: /root/ros2_ws/install/hardware_interface/share/hardware_interface/environment/ament_prefix_path.dsv
-- Symlinking: /root/ros2_ws/install/hardware_interface/share/hardware_interface/environment/path.sh
-- Symlinking: /root/ros2_ws/install/hardware_interface/share/hardware_interface/environment/path.dsv
-- Symlinking: /root/ros2_ws/install/hardware_interface/share/hardware_interface/local_setup.bash
-- Symlinking: /root/ros2_ws/install/hardware_interface/share/hardware_interface/local_setup.sh
-- Symlinking: /root/ros2_ws/install/hardware_interface/share/hardware_interface/local_setup.zsh
-- Symlinking: /root/ros2_ws/install/hardware_interface/share/hardware_interface/local_setup.dsv
-- Symlinking: /root/ros2_ws/install/hardware_interface/share/hardware_interface/package.dsv
-- Symlinking: /root/ros2_ws/install/hardware_interface/share/ament_index/resource_index/packages/hardware_interface
-- Symlinking: /root/ros2_ws/install/hardware_interface/share/ament_index/resource_index/hardware_interface__pluginlib__plugin/hardware_interface
-- Symlinking: /root/ros2_ws/install/hardware_interface/share/hardware_interface/cmake/ament_cmake_export_targets-extras.cmake
-- Symlinking: /root/ros2_ws/install/hardware_interface/share/hardware_interface/cmake/ament_cmake_export_dependencies-extras.cmake
-- Symlinking: /root/ros2_ws/install/hardware_interface/share/hardware_interface/cmake/hardware_interfaceConfig.cmake
-- Symlinking: /root/ros2_ws/install/hardware_interface/share/hardware_interface/cmake/hardware_interfaceConfig-version.cmake
-- Symlinking: /root/ros2_ws/install/hardware_interface/share/hardware_interface/package.xml
-- Symlinking: /root/ros2_ws/install/hardware_interface/include/hardware_interface/hardware_interface/version.h
-- Installing: /root/ros2_ws/install/hardware_interface/lib/libfake_components.so
-- Set runtime path of "/root/ros2_ws/install/hardware_interface/lib/libfake_components.so" to ""
-- Installing: /root/ros2_ws/install/hardware_interface/lib/libmock_components.so
-- Set runtime path of "/root/ros2_ws/install/hardware_interface/lib/libmock_components.so" to ""
-- Installing: /root/ros2_ws/install/hardware_interface/lib/libhardware_interface.so
-- Set runtime path of "/root/ros2_ws/install/hardware_interface/lib/libhardware_interface.so" to ""
-- Installing: /root/ros2_ws/install/hardware_interface/share/hardware_interface/cmake/export_hardware_interfaceExport.cmake
-- Installing: /root/ros2_ws/install/hardware_interface/share/hardware_interface/cmake/export_hardware_interfaceExport-release.cmake
