[0.013s] Invoking command in '/root/ros2_ws/build/hardware_interface': CMAKE_PREFIX_PATH=${CMAKE_PREFIX_PATH}:/root/ros2_ws/install/app_subscriber:/opt/ros/humble /usr/bin/cmake /root/ros2_ws/src/ros2_control/hardware_interface -DBUILD_TESTING=OFF -DCMAKE_BUILD_TYPE=Release -DAMENT_CMAKE_SYMLINK_INSTALL=1 -DCMAKE_INSTALL_PREFIX=/root/ros2_ws/install/hardware_interface
[0.123s] -- The CXX compiler identification is GNU 11.4.0
[0.134s] -- Detecting CXX compiler ABI info
[0.266s] -- Detecting CXX compiler ABI info - done
[0.277s] -- Check for working CXX compiler: /usr/bin/c++ - skipped
[0.277s] -- Detecting CXX compile features
[0.278s] -- Detecting CXX compile features - done
[0.281s] -- Found ament_cmake: 1.3.12 (/opt/ros/humble/share/ament_cmake/cmake)
[0.497s] -- Found Python3: /usr/bin/python3 (found version "3.10.12") found components: Interpreter 
[0.593s] -- Override CMake install command with custom implementation using symlinks instead of copying resources
[0.627s] -- Found control_msgs: 4.8.0 (/opt/ros/humble/share/control_msgs/cmake)
[0.669s] -- Found rosidl_generator_c: 3.1.7 (/opt/ros/humble/share/rosidl_generator_c/cmake)
[0.675s] -- Found rosidl_adapter: 3.1.7 (/opt/ros/humble/share/rosidl_adapter/cmake)
[0.686s] -- Found rosidl_generator_cpp: 3.1.7 (/opt/ros/humble/share/rosidl_generator_cpp/cmake)
[0.703s] -- Using all available rosidl_typesupport_c: rosidl_typesupport_fastrtps_c;rosidl_typesupport_introspection_c
[0.726s] -- Using all available rosidl_typesupport_cpp: rosidl_typesupport_fastrtps_cpp;rosidl_typesupport_introspection_cpp
[0.907s] -- Found lifecycle_msgs: 1.2.2 (/opt/ros/humble/share/lifecycle_msgs/cmake)
[0.921s] -- Found pluginlib: 5.1.0 (/opt/ros/humble/share/pluginlib/cmake)
[0.947s] -- Found rclcpp_lifecycle: 16.0.14 (/opt/ros/humble/share/rclcpp_lifecycle/cmake)
[1.000s] -- Found rmw_implementation_cmake: 6.1.2 (/opt/ros/humble/share/rmw_implementation_cmake/cmake)
[1.003s] -- Found rmw_fastrtps_cpp: 6.2.8 (/opt/ros/humble/share/rmw_fastrtps_cpp/cmake)
[1.037s] -- Found TinyXML2 via Config file: TinyXML2_DIR-NOTFOUND
[1.131s] -- Found OpenSSL: /usr/lib/aarch64-linux-gnu/libcrypto.so (found version "3.0.2")  
[1.135s] -- Found TinyXML2 via Config file: TinyXML2_DIR-NOTFOUND
[1.151s] -- Found FastRTPS: /opt/ros/humble/include  
[1.156s] -- Found TinyXML2 via Config file: TinyXML2_DIR-NOTFOUND
[1.169s] -- Found TinyXML2 via Config file: TinyXML2_DIR-NOTFOUND
[1.183s] -- Using RMW implementation 'rmw_fastrtps_cpp' as default
[1.195s] -- Looking for C++ include pthread.h
[1.335s] -- Looking for C++ include pthread.h - found
[1.335s] -- Performing Test CMAKE_HAVE_LIBC_PTHREAD
[1.477s] -- Performing Test CMAKE_HAVE_LIBC_PTHREAD - Success
[1.479s] -- Found Threads: TRUE  
[1.545s] -- Found TinyXML2 via Config file: TinyXML2_DIR-NOTFOUND
[1.657s] -- Configuring done
[1.690s] -- Generating done
[1.703s] -- Build files have been written to: /root/ros2_ws/build/hardware_interface
[1.719s] Invoked command in '/root/ros2_ws/build/hardware_interface' returned '0': CMAKE_PREFIX_PATH=${CMAKE_PREFIX_PATH}:/root/ros2_ws/install/app_subscriber:/opt/ros/humble /usr/bin/cmake /root/ros2_ws/src/ros2_control/hardware_interface -DBUILD_TESTING=OFF -DCMAKE_BUILD_TYPE=Release -DAMENT_CMAKE_SYMLINK_INSTALL=1 -DCMAKE_INSTALL_PREFIX=/root/ros2_ws/install/hardware_interface
[1.721s] Invoking command in '/root/ros2_ws/build/hardware_interface': CMAKE_PREFIX_PATH=${CMAKE_PREFIX_PATH}:/root/ros2_ws/install/app_subscriber:/opt/ros/humble /usr/bin/cmake --build /root/ros2_ws/build/hardware_interface -- -j4 -l4
[1.810s] [ 23%] [34m[1mGenerating hardware_interface/version.h[0m
[1.810s] [ 23%] [32mBuilding CXX object CMakeFiles/fake_components.dir/src/mock_components/fake_generic_system.cpp.o[0m
[1.810s] [ 23%] [32mBuilding CXX object CMakeFiles/mock_components.dir/src/mock_components/generic_system.cpp.o[0m
[1.810s] [ 30%] [32mBuilding CXX object CMakeFiles/fake_components.dir/src/mock_components/generic_system.cpp.o[0m
[1.845s] [ 30%] Built target ament_generate_version_header__hardware_interface
[1.883s] [ 38%] [32mBuilding CXX object CMakeFiles/hardware_interface.dir/src/actuator.cpp.o[0m
[6.963s] [ 46%] [32mBuilding CXX object CMakeFiles/hardware_interface.dir/src/component_parser.cpp.o[0m
[7.429s] [ 53%] [32mBuilding CXX object CMakeFiles/hardware_interface.dir/src/resource_manager.cpp.o[0m
[9.954s] [ 61%] [32m[1mLinking CXX shared library libfake_components.so[0m
[10.074s] [ 69%] [32m[1mLinking CXX shared library libmock_components.so[0m
[10.378s] [ 69%] Built target fake_components
[10.399s] [ 76%] [32mBuilding CXX object CMakeFiles/hardware_interface.dir/src/sensor.cpp.o[0m
[10.489s] [ 76%] Built target mock_components
[10.507s] [ 84%] [32mBuilding CXX object CMakeFiles/hardware_interface.dir/src/system.cpp.o[0m
[14.779s] [ 92%] [32mBuilding CXX object CMakeFiles/hardware_interface.dir/src/lexical_casts.cpp.o[0m
[27.278s] [100%] [32m[1mLinking CXX shared library libhardware_interface.so[0m
[27.518s] [100%] Built target hardware_interface
[27.539s] Invoked command in '/root/ros2_ws/build/hardware_interface' returned '0': CMAKE_PREFIX_PATH=${CMAKE_PREFIX_PATH}:/root/ros2_ws/install/app_subscriber:/opt/ros/humble /usr/bin/cmake --build /root/ros2_ws/build/hardware_interface -- -j4 -l4
[27.541s] Invoking command in '/root/ros2_ws/build/hardware_interface': CMAKE_PREFIX_PATH=${CMAKE_PREFIX_PATH}:/root/ros2_ws/install/app_subscriber:/opt/ros/humble /usr/bin/cmake --install /root/ros2_ws/build/hardware_interface
[27.554s] -- Install configuration: "Release"
[27.555s] -- Execute custom install script
[27.555s] -- Symlinking: /root/ros2_ws/install/hardware_interface/share/hardware_interface//mock_components_plugin_description.xml
[27.571s] -- Symlinking: /root/ros2_ws/install/hardware_interface/share/hardware_interface//fake_components_plugin_description.xml
[27.587s] -- Symlinking: /root/ros2_ws/install/hardware_interface/include/hardware_interface/fake_components/generic_system.hpp
[27.604s] -- Symlinking: /root/ros2_ws/install/hardware_interface/include/hardware_interface/fake_components/visibility_control.h
[27.619s] -- Symlinking: /root/ros2_ws/install/hardware_interface/include/hardware_interface/hardware_interface/actuator.hpp
[27.634s] -- Symlinking: /root/ros2_ws/install/hardware_interface/include/hardware_interface/hardware_interface/actuator_interface.hpp
[27.649s] -- Symlinking: /root/ros2_ws/install/hardware_interface/include/hardware_interface/hardware_interface/component_parser.hpp
[27.665s] -- Symlinking: /root/ros2_ws/install/hardware_interface/include/hardware_interface/hardware_interface/controller_info.hpp
[27.681s] -- Symlinking: /root/ros2_ws/install/hardware_interface/include/hardware_interface/hardware_interface/handle.hpp
[27.696s] -- Symlinking: /root/ros2_ws/install/hardware_interface/include/hardware_interface/hardware_interface/hardware_component_info.hpp
[27.712s] -- Symlinking: /root/ros2_ws/install/hardware_interface/include/hardware_interface/hardware_interface/hardware_info.hpp
[27.727s] -- Symlinking: /root/ros2_ws/install/hardware_interface/include/hardware_interface/hardware_interface/lexical_casts.hpp
[27.744s] -- Symlinking: /root/ros2_ws/install/hardware_interface/include/hardware_interface/hardware_interface/loaned_command_interface.hpp
[27.759s] -- Symlinking: /root/ros2_ws/install/hardware_interface/include/hardware_interface/hardware_interface/loaned_state_interface.hpp
[27.775s] -- Symlinking: /root/ros2_ws/install/hardware_interface/include/hardware_interface/hardware_interface/macros.hpp
[27.790s] -- Symlinking: /root/ros2_ws/install/hardware_interface/include/hardware_interface/hardware_interface/resource_manager.hpp
[27.806s] -- Symlinking: /root/ros2_ws/install/hardware_interface/include/hardware_interface/hardware_interface/sensor.hpp
[27.821s] -- Symlinking: /root/ros2_ws/install/hardware_interface/include/hardware_interface/hardware_interface/sensor_interface.hpp
[27.837s] -- Symlinking: /root/ros2_ws/install/hardware_interface/include/hardware_interface/hardware_interface/system.hpp
[27.853s] -- Symlinking: /root/ros2_ws/install/hardware_interface/include/hardware_interface/hardware_interface/system_interface.hpp
[27.868s] -- Symlinking: /root/ros2_ws/install/hardware_interface/include/hardware_interface/hardware_interface/types/hardware_interface_return_values.hpp
[27.884s] -- Symlinking: /root/ros2_ws/install/hardware_interface/include/hardware_interface/hardware_interface/types/hardware_interface_type_values.hpp
[27.900s] -- Symlinking: /root/ros2_ws/install/hardware_interface/include/hardware_interface/hardware_interface/types/lifecycle_state_names.hpp
[27.915s] -- Symlinking: /root/ros2_ws/install/hardware_interface/include/hardware_interface/hardware_interface/visibility_control.h
[27.931s] -- Symlinking: /root/ros2_ws/install/hardware_interface/include/hardware_interface/mock_components/generic_system.hpp
[27.946s] -- Symlinking: /root/ros2_ws/install/hardware_interface/include/hardware_interface/mock_components/visibility_control.h
[27.962s] -- Symlinking: /root/ros2_ws/install/hardware_interface/share/hardware_interface/environment/library_path.sh
[27.978s] -- Symlinking: /root/ros2_ws/install/hardware_interface/share/hardware_interface/environment/library_path.dsv
[27.993s] -- Symlinking: /root/ros2_ws/install/hardware_interface/share/ament_index/resource_index/package_run_dependencies/hardware_interface
[28.010s] -- Symlinking: /root/ros2_ws/install/hardware_interface/share/ament_index/resource_index/parent_prefix_path/hardware_interface
[28.025s] -- Symlinking: /root/ros2_ws/install/hardware_interface/share/hardware_interface/environment/ament_prefix_path.sh
[28.042s] -- Symlinking: /root/ros2_ws/install/hardware_interface/share/hardware_interface/environment/ament_prefix_path.dsv
[28.058s] -- Symlinking: /root/ros2_ws/install/hardware_interface/share/hardware_interface/environment/path.sh
[28.074s] -- Symlinking: /root/ros2_ws/install/hardware_interface/share/hardware_interface/environment/path.dsv
[28.090s] -- Symlinking: /root/ros2_ws/install/hardware_interface/share/hardware_interface/local_setup.bash
[28.105s] -- Symlinking: /root/ros2_ws/install/hardware_interface/share/hardware_interface/local_setup.sh
[28.121s] -- Symlinking: /root/ros2_ws/install/hardware_interface/share/hardware_interface/local_setup.zsh
[28.137s] -- Symlinking: /root/ros2_ws/install/hardware_interface/share/hardware_interface/local_setup.dsv
[28.155s] -- Symlinking: /root/ros2_ws/install/hardware_interface/share/hardware_interface/package.dsv
[28.171s] -- Symlinking: /root/ros2_ws/install/hardware_interface/share/ament_index/resource_index/packages/hardware_interface
[28.186s] -- Symlinking: /root/ros2_ws/install/hardware_interface/share/ament_index/resource_index/hardware_interface__pluginlib__plugin/hardware_interface
[28.200s] -- Symlinking: /root/ros2_ws/install/hardware_interface/share/hardware_interface/cmake/ament_cmake_export_targets-extras.cmake
[28.216s] -- Symlinking: /root/ros2_ws/install/hardware_interface/share/hardware_interface/cmake/ament_cmake_export_dependencies-extras.cmake
[28.232s] -- Symlinking: /root/ros2_ws/install/hardware_interface/share/hardware_interface/cmake/hardware_interfaceConfig.cmake
[28.247s] -- Symlinking: /root/ros2_ws/install/hardware_interface/share/hardware_interface/cmake/hardware_interfaceConfig-version.cmake
[28.263s] -- Symlinking: /root/ros2_ws/install/hardware_interface/share/hardware_interface/package.xml
[28.279s] -- Symlinking: /root/ros2_ws/install/hardware_interface/include/hardware_interface/hardware_interface/version.h
[28.294s] -- Installing: /root/ros2_ws/install/hardware_interface/lib/libfake_components.so
[28.295s] -- Set runtime path of "/root/ros2_ws/install/hardware_interface/lib/libfake_components.so" to ""
[28.295s] -- Installing: /root/ros2_ws/install/hardware_interface/lib/libmock_components.so
[28.296s] -- Set runtime path of "/root/ros2_ws/install/hardware_interface/lib/libmock_components.so" to ""
[28.296s] -- Installing: /root/ros2_ws/install/hardware_interface/lib/libhardware_interface.so
[28.298s] -- Set runtime path of "/root/ros2_ws/install/hardware_interface/lib/libhardware_interface.so" to ""
[28.298s] -- Installing: /root/ros2_ws/install/hardware_interface/share/hardware_interface/cmake/export_hardware_interfaceExport.cmake
[28.299s] -- Installing: /root/ros2_ws/install/hardware_interface/share/hardware_interface/cmake/export_hardware_interfaceExport-release.cmake
[28.303s] Invoked command in '/root/ros2_ws/build/hardware_interface' returned '0': CMAKE_PREFIX_PATH=${CMAKE_PREFIX_PATH}:/root/ros2_ws/install/app_subscriber:/opt/ros/humble /usr/bin/cmake --install /root/ros2_ws/build/hardware_interface
