running egg_info
writing ../build/mecanum_bot/mecanum_bot.egg-info/PKG-INFO
writing dependency_links to ../build/mecanum_bot/mecanum_bot.egg-info/dependency_links.txt
writing entry points to ../build/mecanum_bot/mecanum_bot.egg-info/entry_points.txt
writing requirements to ../build/mecanum_bot/mecanum_bot.egg-info/requires.txt
writing top-level names to ../build/mecanum_bot/mecanum_bot.egg-info/top_level.txt
reading manifest file '../build/mecanum_bot/mecanum_bot.egg-info/SOURCES.txt'
writing manifest file '../build/mecanum_bot/mecanum_bot.egg-info/SOURCES.txt'
running build
running build_py
running install
running install_lib
running install_data
copying launch/bringup.launch.py -> /root/ros2_ws/src/install/mecanum_bot/share/mecanum_bot/launch
copying description/robot.urdf.xacro -> /root/ros2_ws/src/install/mecanum_bot/share/mecanum_bot/description
running install_egg_info
removing '/root/ros2_ws/src/install/mecanum_bot/lib/python3.10/site-packages/mecanum_bot-0.0.0-py3.10.egg-info' (and everything under it)
Copying ../build/mecanum_bot/mecanum_bot.egg-info to /root/ros2_ws/src/install/mecanum_bot/lib/python3.10/site-packages/mecanum_bot-0.0.0-py3.10.egg-info
running install_scripts
Installing data_controller script to /root/ros2_ws/src/install/mecanum_bot/lib/mecanum_bot
Installing hardware_driver script to /root/ros2_ws/src/install/mecanum_bot/lib/mecanum_bot
Installing pid script to /root/ros2_ws/src/install/mecanum_bot/lib/mecanum_bot
writing list of installed files to '/root/ros2_ws/src/build/mecanum_bot/install.log'
