[2.616s] Invoking command in '/root/ros2_ws/src/mecanum_bot': PYTHONPATH=/root/ros2_ws/src/build/mecanum_bot/prefix_override:/usr/lib/python3/dist-packages/colcon_core/task/python/colcon_distutils_commands:/root/ros2_ws/src/install/mecanum_bot/lib/python3.10/site-packages:${PYTHONPATH} /usr/bin/python3 -W ignore:setup.py install is deprecated -W ignore:easy_install command is deprecated setup.py egg_info --egg-base ../build/mecanum_bot build --build-base /root/ros2_ws/src/build/mecanum_bot/build install --record /root/ros2_ws/src/build/mecanum_bot/install.log --single-version-externally-managed install_data
[3.007s] running egg_info
[3.009s] writing ../build/mecanum_bot/mecanum_bot.egg-info/PKG-INFO
[3.009s] writing dependency_links to ../build/mecanum_bot/mecanum_bot.egg-info/dependency_links.txt
[3.011s] writing entry points to ../build/mecanum_bot/mecanum_bot.egg-info/entry_points.txt
[3.014s] writing requirements to ../build/mecanum_bot/mecanum_bot.egg-info/requires.txt
[3.014s] writing top-level names to ../build/mecanum_bot/mecanum_bot.egg-info/top_level.txt
[3.028s] reading manifest file '../build/mecanum_bot/mecanum_bot.egg-info/SOURCES.txt'
[3.029s] writing manifest file '../build/mecanum_bot/mecanum_bot.egg-info/SOURCES.txt'
[3.029s] running build
[3.029s] running build_py
[3.033s] running install
[3.033s] running install_lib
[3.045s] running install_data
[3.054s] copying launch/bringup.launch.py -> /root/ros2_ws/src/install/mecanum_bot/share/mecanum_bot/launch
[3.060s] copying description/robot.urdf.xacro -> /root/ros2_ws/src/install/mecanum_bot/share/mecanum_bot/description
[3.062s] running install_egg_info
[3.067s] removing '/root/ros2_ws/src/install/mecanum_bot/lib/python3.10/site-packages/mecanum_bot-0.0.0-py3.10.egg-info' (and everything under it)
[3.069s] Copying ../build/mecanum_bot/mecanum_bot.egg-info to /root/ros2_ws/src/install/mecanum_bot/lib/python3.10/site-packages/mecanum_bot-0.0.0-py3.10.egg-info
[3.072s] running install_scripts
[3.125s] Installing data_controller script to /root/ros2_ws/src/install/mecanum_bot/lib/mecanum_bot
[3.128s] Installing hardware_driver script to /root/ros2_ws/src/install/mecanum_bot/lib/mecanum_bot
[3.129s] Installing pid script to /root/ros2_ws/src/install/mecanum_bot/lib/mecanum_bot
[3.129s] writing list of installed files to '/root/ros2_ws/src/build/mecanum_bot/install.log'
[3.469s] Invoked command in '/root/ros2_ws/src/mecanum_bot' returned '0': PYTHONPATH=/root/ros2_ws/src/build/mecanum_bot/prefix_override:/usr/lib/python3/dist-packages/colcon_core/task/python/colcon_distutils_commands:/root/ros2_ws/src/install/mecanum_bot/lib/python3.10/site-packages:${PYTHONPATH} /usr/bin/python3 -W ignore:setup.py install is deprecated -W ignore:easy_install command is deprecated setup.py egg_info --egg-base ../build/mecanum_bot build --build-base /root/ros2_ws/src/build/mecanum_bot/build install --record /root/ros2_ws/src/build/mecanum_bot/install.log --single-version-externally-managed install_data
