[0.984s] Invoking command in '/root/ros2_ws/src/build/mecanum_hardware': CMAKE_PREFIX_PATH=/opt/ros/humble /usr/bin/cmake /root/ros2_ws/src/mecanum_hardware -DCMAKE_INSTALL_PREFIX=/root/ros2_ws/src/install/mecanum_hardware
[1.498s] -- The C compiler identification is GNU 11.4.0
[1.892s] -- The CXX compiler identification is GNU 11.4.0
[1.919s] -- Detecting C compiler ABI info
[2.090s] -- Detecting C compiler ABI info - done
[2.114s] -- Check for working C compiler: /usr/bin/cc - skipped
[2.116s] -- Detecting C compile features
[2.120s] -- Detecting C compile features - done
[2.133s] -- Detecting CXX compiler ABI info
[2.432s] -- Detecting CXX compiler ABI info - done
[2.453s] -- Check for working CXX compiler: /usr/bin/c++ - skipped
[2.454s] -- Detecting CXX compile features
[2.455s] -- Detecting CXX compile features - done
[2.472s] -- Found ament_cmake: 1.3.12 (/opt/ros/humble/share/ament_cmake/cmake)
[2.849s] -- Found Python3: /usr/bin/python3 (found version "3.10.12") found components: Interpreter 
[3.173s] -- Found rclcpp: 16.0.14 (/opt/ros/humble/share/rclcpp/cmake)
[3.293s] -- Found rosidl_generator_c: 3.1.7 (/opt/ros/humble/share/rosidl_generator_c/cmake)
[3.305s] -- Found rosidl_adapter: 3.1.7 (/opt/ros/humble/share/rosidl_adapter/cmake)
[3.328s] -- Found rosidl_generator_cpp: 3.1.7 (/opt/ros/humble/share/rosidl_generator_cpp/cmake)
[3.360s] -- Using all available rosidl_typesupport_c: rosidl_typesupport_fastrtps_c;rosidl_typesupport_introspection_c
[3.401s] -- Using all available rosidl_typesupport_cpp: rosidl_typesupport_fastrtps_cpp;rosidl_typesupport_introspection_cpp
[3.504s] -- Found rmw_implementation_cmake: 6.1.2 (/opt/ros/humble/share/rmw_implementation_cmake/cmake)
[3.511s] -- Found rmw_fastrtps_cpp: 6.2.8 (/opt/ros/humble/share/rmw_fastrtps_cpp/cmake)
[3.714s] -- Found OpenSSL: /usr/lib/aarch64-linux-gnu/libcrypto.so (found version "3.0.2")  
[3.747s] -- Found FastRTPS: /opt/ros/humble/include  
[3.793s] -- Using RMW implementation 'rmw_fastrtps_cpp' as default
[3.815s] -- Looking for pthread.h
[3.968s] -- Looking for pthread.h - found
[3.968s] -- Performing Test CMAKE_HAVE_LIBC_PTHREAD
[4.124s] -- Performing Test CMAKE_HAVE_LIBC_PTHREAD - Success
[4.124s] -- Found Threads: TRUE  
[4.260s] -- Found rclcpp_lifecycle: 16.0.14 (/opt/ros/humble/share/rclcpp_lifecycle/cmake)
[4.314s] [31mCMake Error at CMakeLists.txt:12 (find_package):
[4.315s]   By not providing "Findhardware_interface.cmake" in CMAKE_MODULE_PATH this
[4.315s]   project has asked CMake to find a package configuration file provided by
[4.315s]   "hardware_interface", but CMake did not find one.
[4.315s] 
[4.315s]   Could not find a package configuration file provided by
[4.315s]   "hardware_interface" with any of the following names:
[4.315s] 
[4.315s]     hardware_interfaceConfig.cmake
[4.315s]     hardware_interface-config.cmake
[4.315s] 
[4.315s]   Add the installation prefix of "hardware_interface" to CMAKE_PREFIX_PATH or
[4.315s]   set "hardware_interface_DIR" to a directory containing one of the above
[4.315s]   files.  If "hardware_interface" provides a separate development package or
[4.315s]   SDK, be sure it has been installed.
[4.316s] 
[4.316s] [0m
[4.316s] -- Configuring incomplete, errors occurred!
[4.316s] See also "/root/ros2_ws/src/build/mecanum_hardware/CMakeFiles/CMakeOutput.log".
[4.328s] Invoked command in '/root/ros2_ws/src/build/mecanum_hardware' returned '1': CMAKE_PREFIX_PATH=/opt/ros/humble /usr/bin/cmake /root/ros2_ws/src/mecanum_hardware -DCMAKE_INSTALL_PREFIX=/root/ros2_ws/src/install/mecanum_hardware
