[1.006s] Invoking command in '/root/ros2_ws/src/build/mecanum_hardware': CMAKE_PREFIX_PATH=${CMAKE_PREFIX_PATH}:/root/ros2_ws/src/install/mecanum_bot:/root/ros2_ws/src/install/distance_pid:/root/ros2_ws/src/install/app_subscriber:/opt/ros/humble /usr/bin/cmake --build /root/ros2_ws/src/build/mecanum_hardware -- -j4 -l4
[1.127s] [35m[1mConsolidate compiler generated dependencies of target mecanum_hardware[0m
[1.183s] [100%] Built target mecanum_hardware
[1.243s] Invoked command in '/root/ros2_ws/src/build/mecanum_hardware' returned '0': CMAKE_PREFIX_PATH=${CMAKE_PREFIX_PATH}:/root/ros2_ws/src/install/mecanum_bot:/root/ros2_ws/src/install/distance_pid:/root/ros2_ws/src/install/app_subscriber:/opt/ros/humble /usr/bin/cmake --build /root/ros2_ws/src/build/mecanum_hardware -- -j4 -l4
[1.282s] Invoking command in '/root/ros2_ws/src/build/mecanum_hardware': CMAKE_PREFIX_PATH=${CMAKE_PREFIX_PATH}:/root/ros2_ws/src/install/mecanum_bot:/root/ros2_ws/src/install/distance_pid:/root/ros2_ws/src/install/app_subscriber:/opt/ros/humble /usr/bin/cmake --install /root/ros2_ws/src/build/mecanum_hardware
[1.306s] -- Install configuration: ""
[1.309s] -- Up-to-date: /root/ros2_ws/src/install/mecanum_hardware/share/mecanum_hardware/mecanum_hardware.xml
[1.309s] -- Up-to-date: /root/ros2_ws/src/install/mecanum_hardware/lib/libmecanum_hardware.so
[1.314s] -- Up-to-date: /root/ros2_ws/src/install/mecanum_hardware/include
[1.314s] -- Up-to-date: /root/ros2_ws/src/install/mecanum_hardware/include/mecanum_hardware
[1.314s] -- Up-to-date: /root/ros2_ws/src/install/mecanum_hardware/include/mecanum_hardware/mecanum_system.hpp
[1.314s] -- Up-to-date: /root/ros2_ws/src/install/mecanum_hardware/share/mecanum_hardware/mecanum_hardware.xml
[1.316s] -- Up-to-date: /root/ros2_ws/src/install/mecanum_hardware/share/ament_index/resource_index/package_run_dependencies/mecanum_hardware
[1.316s] -- Up-to-date: /root/ros2_ws/src/install/mecanum_hardware/share/ament_index/resource_index/parent_prefix_path/mecanum_hardware
[1.316s] -- Up-to-date: /root/ros2_ws/src/install/mecanum_hardware/share/mecanum_hardware/environment/ament_prefix_path.sh
[1.316s] -- Up-to-date: /root/ros2_ws/src/install/mecanum_hardware/share/mecanum_hardware/environment/ament_prefix_path.dsv
[1.316s] -- Up-to-date: /root/ros2_ws/src/install/mecanum_hardware/share/mecanum_hardware/environment/path.sh
[1.318s] -- Up-to-date: /root/ros2_ws/src/install/mecanum_hardware/share/mecanum_hardware/environment/path.dsv
[1.318s] -- Up-to-date: /root/ros2_ws/src/install/mecanum_hardware/share/mecanum_hardware/local_setup.bash
[1.318s] -- Up-to-date: /root/ros2_ws/src/install/mecanum_hardware/share/mecanum_hardware/local_setup.sh
[1.318s] -- Up-to-date: /root/ros2_ws/src/install/mecanum_hardware/share/mecanum_hardware/local_setup.zsh
[1.319s] -- Up-to-date: /root/ros2_ws/src/install/mecanum_hardware/share/mecanum_hardware/local_setup.dsv
[1.319s] -- Installing: /root/ros2_ws/src/install/mecanum_hardware/share/mecanum_hardware/package.dsv
[1.319s] -- Up-to-date: /root/ros2_ws/src/install/mecanum_hardware/share/ament_index/resource_index/packages/mecanum_hardware
[1.320s] -- Up-to-date: /root/ros2_ws/src/install/mecanum_hardware/share/ament_index/resource_index/hardware_interface__pluginlib__plugin/mecanum_hardware
[1.320s] -- Up-to-date: /root/ros2_ws/src/install/mecanum_hardware/share/mecanum_hardware/cmake/mecanum_hardwareConfig.cmake
[1.321s] -- Up-to-date: /root/ros2_ws/src/install/mecanum_hardware/share/mecanum_hardware/cmake/mecanum_hardwareConfig-version.cmake
[1.321s] -- Up-to-date: /root/ros2_ws/src/install/mecanum_hardware/share/mecanum_hardware/package.xml
[1.329s] Invoked command in '/root/ros2_ws/src/build/mecanum_hardware' returned '0': CMAKE_PREFIX_PATH=${CMAKE_PREFIX_PATH}:/root/ros2_ws/src/install/mecanum_bot:/root/ros2_ws/src/install/distance_pid:/root/ros2_ws/src/install/app_subscriber:/opt/ros/humble /usr/bin/cmake --install /root/ros2_ws/src/build/mecanum_hardware
