[0.957s] Invoking command in '/root/ros2_ws/build/mecanum_hardware': CMAKE_PREFIX_PATH=${CMAKE_PREFIX_PATH}:/root/ros2_ws/install/mecanum_bot:/root/ros2_ws/install/distance_pid:/root/ros2_ws/install/app_subscriber:/opt/ros/humble /usr/bin/cmake --build /root/ros2_ws/build/mecanum_hardware -- -j4 -l4
[1.396s] [35m[1mConsolidate compiler generated dependencies of target mecanum_hardware[0m
[1.561s] [ 50%] [32mBuilding CXX object CMakeFiles/mecanum_hardware.dir/src/mecanum_system.cpp.o[0m
[6.252s] [01m[K/root/ros2_ws/src/mecanum_hardware/src/mecanum_system.cpp:[m[K In member function ‘[01m[Kvirtual hardware_interface::CallbackReturn mecanum_hardware::MecanumSystem::on_configure(const rclcpp_lifecycle::State&)[m[K’:
[6.252s] [01m[K/root/ros2_ws/src/mecanum_hardware/src/mecanum_system.cpp:47:96:[m[K [01;35m[Kwarning: [m[Kunused parameter ‘[01m[Kprevious_state[m[K’ [[01;35m[K-Wunused-parameter[m[K]
[6.252s]    47 | hardware_interface::CallbackReturn MecanumSystem::on_configure([01;35m[Kconst rclcpp_lifecycle::State & previous_state[m[K)
[6.252s]       |                                                                [01;35m[K~~~~~~~~~~~~~~~~~~~~~~~~~~~~~~~~^~~~~~~~~~~~~~[m[K
[6.252s] [01m[K/root/ros2_ws/src/mecanum_hardware/src/mecanum_system.cpp:[m[K In member function ‘[01m[Kvirtual hardware_interface::CallbackReturn mecanum_hardware::MecanumSystem::on_deactivate(const rclcpp_lifecycle::State&)[m[K’:
[6.252s] [01m[K/root/ros2_ws/src/mecanum_hardware/src/mecanum_system.cpp:85:97:[m[K [01;35m[Kwarning: [m[Kunused parameter ‘[01m[Kprevious_state[m[K’ [[01;35m[K-Wunused-parameter[m[K]
[6.252s]    85 | hardware_interface::CallbackReturn MecanumSystem::on_deactivate([01;35m[Kconst rclcpp_lifecycle::State & previous_state[m[K)
[6.253s]       |                                                                 [01;35m[K~~~~~~~~~~~~~~~~~~~~~~~~~~~~~~~~^~~~~~~~~~~~~~[m[K
[10.234s] [100%] [32m[1mLinking CXX shared library libmecanum_hardware.so[0m
[11.011s] [100%] Built target mecanum_hardware
[11.032s] Invoked command in '/root/ros2_ws/build/mecanum_hardware' returned '0': CMAKE_PREFIX_PATH=${CMAKE_PREFIX_PATH}:/root/ros2_ws/install/mecanum_bot:/root/ros2_ws/install/distance_pid:/root/ros2_ws/install/app_subscriber:/opt/ros/humble /usr/bin/cmake --build /root/ros2_ws/build/mecanum_hardware -- -j4 -l4
[11.052s] Invoking command in '/root/ros2_ws/build/mecanum_hardware': CMAKE_PREFIX_PATH=${CMAKE_PREFIX_PATH}:/root/ros2_ws/install/mecanum_bot:/root/ros2_ws/install/distance_pid:/root/ros2_ws/install/app_subscriber:/opt/ros/humble /usr/bin/cmake --install /root/ros2_ws/build/mecanum_hardware
[11.066s] -- Install configuration: ""
[11.067s] -- Up-to-date: /root/ros2_ws/install/mecanum_hardware/share/mecanum_hardware/mecanum_hardware.xml
[11.068s] -- Installing: /root/ros2_ws/install/mecanum_hardware/lib/libmecanum_hardware.so
[11.072s] -- Set runtime path of "/root/ros2_ws/install/mecanum_hardware/lib/libmecanum_hardware.so" to ""
[11.072s] -- Up-to-date: /root/ros2_ws/install/mecanum_hardware/include
[11.073s] -- Up-to-date: /root/ros2_ws/install/mecanum_hardware/include/mecanum_hardware
[11.073s] -- Up-to-date: /root/ros2_ws/install/mecanum_hardware/include/mecanum_hardware/mecanum_system.hpp
[11.073s] -- Up-to-date: /root/ros2_ws/install/mecanum_hardware/share/mecanum_hardware/mecanum_hardware.xml
[11.074s] -- Up-to-date: /root/ros2_ws/install/mecanum_hardware/share/ament_index/resource_index/package_run_dependencies/mecanum_hardware
[11.074s] -- Up-to-date: /root/ros2_ws/install/mecanum_hardware/share/ament_index/resource_index/parent_prefix_path/mecanum_hardware
[11.074s] -- Up-to-date: /root/ros2_ws/install/mecanum_hardware/share/mecanum_hardware/environment/ament_prefix_path.sh
[11.074s] -- Up-to-date: /root/ros2_ws/install/mecanum_hardware/share/mecanum_hardware/environment/ament_prefix_path.dsv
[11.075s] -- Up-to-date: /root/ros2_ws/install/mecanum_hardware/share/mecanum_hardware/environment/path.sh
[11.075s] -- Up-to-date: /root/ros2_ws/install/mecanum_hardware/share/mecanum_hardware/environment/path.dsv
[11.075s] -- Up-to-date: /root/ros2_ws/install/mecanum_hardware/share/mecanum_hardware/local_setup.bash
[11.075s] -- Up-to-date: /root/ros2_ws/install/mecanum_hardware/share/mecanum_hardware/local_setup.sh
[11.075s] -- Up-to-date: /root/ros2_ws/install/mecanum_hardware/share/mecanum_hardware/local_setup.zsh
[11.075s] -- Up-to-date: /root/ros2_ws/install/mecanum_hardware/share/mecanum_hardware/local_setup.dsv
[11.075s] -- Installing: /root/ros2_ws/install/mecanum_hardware/share/mecanum_hardware/package.dsv
[11.075s] -- Up-to-date: /root/ros2_ws/install/mecanum_hardware/share/ament_index/resource_index/packages/mecanum_hardware
[11.075s] -- Up-to-date: /root/ros2_ws/install/mecanum_hardware/share/ament_index/resource_index/hardware_interface__pluginlib__plugin/mecanum_hardware
[11.076s] -- Up-to-date: /root/ros2_ws/install/mecanum_hardware/share/mecanum_hardware/cmake/mecanum_hardwareConfig.cmake
[11.076s] -- Up-to-date: /root/ros2_ws/install/mecanum_hardware/share/mecanum_hardware/cmake/mecanum_hardwareConfig-version.cmake
[11.076s] -- Up-to-date: /root/ros2_ws/install/mecanum_hardware/share/mecanum_hardware/package.xml
[11.082s] Invoked command in '/root/ros2_ws/build/mecanum_hardware' returned '0': CMAKE_PREFIX_PATH=${CMAKE_PREFIX_PATH}:/root/ros2_ws/install/mecanum_bot:/root/ros2_ws/install/distance_pid:/root/ros2_ws/install/app_subscriber:/opt/ros/humble /usr/bin/cmake --install /root/ros2_ws/build/mecanum_hardware
