[0.036s] Invoking command in '/root/ros2_ws/build/position_controllers': AMENT_PREFIX_PATH=/root/ros2_ws/install/forward_command_controller:/root/ros2_ws/install/controller_manager:/root/ros2_ws/install/hardware_interface_testing:/root/ros2_ws/install/controller_manager_msgs:${AMENT_PREFIX_PATH} CMAKE_PREFIX_PATH=/root/ros2_ws/install/forward_command_controller:/root/ros2_ws/install/controller_manager:/root/ros2_ws/install/hardware_interface_testing:/root/ros2_ws/install/controller_interface:/root/ros2_ws/install/hardware_interface:/root/ros2_ws/install/ros2_control_test_assets:/root/ros2_ws/install/controller_manager_msgs:/root/ros2_ws/install/app_subscriber:/opt/ros/humble LD_LIBRARY_PATH=/root/ros2_ws/install/forward_command_controller/lib:/root/ros2_ws/install/controller_manager/lib:/root/ros2_ws/install/hardware_interface_testing/lib:/root/ros2_ws/install/controller_interface/lib:/root/ros2_ws/install/hardware_interface/lib:/root/ros2_ws/install/controller_manager_msgs/lib:/root/ros2_ws/install/ros2_control_test_assets/lib:/opt/ros/humble/lib/aarch64-linux-gnu:/opt/ros/humble/lib PYTHONPATH=/root/ros2_ws/install/controller_manager/local/lib/python3.10/dist-packages:/root/ros2_ws/install/controller_manager_msgs/local/lib/python3.10/dist-packages:${PYTHONPATH} /usr/bin/cmake /root/ros2_ws/src/ros2_controllers/position_controllers -DBUILD_TESTING=OFF -DCMAKE_BUILD_TYPE=Release -DAMENT_CMAKE_SYMLINK_INSTALL=1 -DCMAKE_INSTALL_PREFIX=/root/ros2_ws/install/position_controllers
[0.150s] -- The CXX compiler identification is GNU 11.4.0
[0.162s] -- Detecting CXX compiler ABI info
[0.300s] -- Detecting CXX compiler ABI info - done
[0.310s] -- Check for working CXX compiler: /usr/bin/c++ - skipped
[0.311s] -- Detecting CXX compile features
[0.311s] -- Detecting CXX compile features - done
[0.316s] -- Found ament_cmake: 1.3.12 (/opt/ros/humble/share/ament_cmake/cmake)
[0.544s] -- Found Python3: /usr/bin/python3 (found version "3.10.12") found components: Interpreter 
[0.647s] -- Override CMake install command with custom implementation using symlinks instead of copying resources
[0.694s] -- Found forward_command_controller: 2.50.2 (/root/ros2_ws/install/forward_command_controller/share/forward_command_controller/cmake)
[0.766s] -- Found rosidl_generator_c: 3.1.7 (/opt/ros/humble/share/rosidl_generator_c/cmake)
[0.774s] -- Found rosidl_adapter: 3.1.7 (/opt/ros/humble/share/rosidl_adapter/cmake)
[0.788s] -- Found rosidl_generator_cpp: 3.1.7 (/opt/ros/humble/share/rosidl_generator_cpp/cmake)
[0.807s] -- Using all available rosidl_typesupport_c: rosidl_typesupport_fastrtps_c;rosidl_typesupport_introspection_c
[0.832s] -- Using all available rosidl_typesupport_cpp: rosidl_typesupport_fastrtps_cpp;rosidl_typesupport_introspection_cpp
[0.903s] -- Found rmw_implementation_cmake: 6.1.2 (/opt/ros/humble/share/rmw_implementation_cmake/cmake)
[0.908s] -- Found rmw_fastrtps_cpp: 6.2.8 (/opt/ros/humble/share/rmw_fastrtps_cpp/cmake)
[1.056s] -- Found OpenSSL: /usr/lib/aarch64-linux-gnu/libcrypto.so (found version "3.0.2")  
[1.086s] -- Found FastRTPS: /opt/ros/humble/include  
[1.135s] -- Using RMW implementation 'rmw_fastrtps_cpp' as default
[1.149s] -- Looking for C++ include pthread.h
[1.349s] -- Looking for C++ include pthread.h - found
[1.349s] -- Performing Test CMAKE_HAVE_LIBC_PTHREAD
[1.552s] -- Performing Test CMAKE_HAVE_LIBC_PTHREAD - Success
[1.554s] -- Found Threads: TRUE  
[2.024s] -- Configuring done
[2.046s] -- Generating done
[2.053s] -- Build files have been written to: /root/ros2_ws/build/position_controllers
[2.070s] Invoked command in '/root/ros2_ws/build/position_controllers' returned '0': AMENT_PREFIX_PATH=/root/ros2_ws/install/forward_command_controller:/root/ros2_ws/install/controller_manager:/root/ros2_ws/install/hardware_interface_testing:/root/ros2_ws/install/controller_manager_msgs:${AMENT_PREFIX_PATH} CMAKE_PREFIX_PATH=/root/ros2_ws/install/forward_command_controller:/root/ros2_ws/install/controller_manager:/root/ros2_ws/install/hardware_interface_testing:/root/ros2_ws/install/controller_interface:/root/ros2_ws/install/hardware_interface:/root/ros2_ws/install/ros2_control_test_assets:/root/ros2_ws/install/controller_manager_msgs:/root/ros2_ws/install/app_subscriber:/opt/ros/humble LD_LIBRARY_PATH=/root/ros2_ws/install/forward_command_controller/lib:/root/ros2_ws/install/controller_manager/lib:/root/ros2_ws/install/hardware_interface_testing/lib:/root/ros2_ws/install/controller_interface/lib:/root/ros2_ws/install/hardware_interface/lib:/root/ros2_ws/install/controller_manager_msgs/lib:/root/ros2_ws/install/ros2_control_test_assets/lib:/opt/ros/humble/lib/aarch64-linux-gnu:/opt/ros/humble/lib PYTHONPATH=/root/ros2_ws/install/controller_manager/local/lib/python3.10/dist-packages:/root/ros2_ws/install/controller_manager_msgs/local/lib/python3.10/dist-packages:${PYTHONPATH} /usr/bin/cmake /root/ros2_ws/src/ros2_controllers/position_controllers -DBUILD_TESTING=OFF -DCMAKE_BUILD_TYPE=Release -DAMENT_CMAKE_SYMLINK_INSTALL=1 -DCMAKE_INSTALL_PREFIX=/root/ros2_ws/install/position_controllers
[2.072s] Invoking command in '/root/ros2_ws/build/position_controllers': AMENT_PREFIX_PATH=/root/ros2_ws/install/forward_command_controller:/root/ros2_ws/install/controller_manager:/root/ros2_ws/install/hardware_interface_testing:/root/ros2_ws/install/controller_manager_msgs:${AMENT_PREFIX_PATH} CMAKE_PREFIX_PATH=/root/ros2_ws/install/forward_command_controller:/root/ros2_ws/install/controller_manager:/root/ros2_ws/install/hardware_interface_testing:/root/ros2_ws/install/controller_interface:/root/ros2_ws/install/hardware_interface:/root/ros2_ws/install/ros2_control_test_assets:/root/ros2_ws/install/controller_manager_msgs:/root/ros2_ws/install/app_subscriber:/opt/ros/humble LD_LIBRARY_PATH=/root/ros2_ws/install/forward_command_controller/lib:/root/ros2_ws/install/controller_manager/lib:/root/ros2_ws/install/hardware_interface_testing/lib:/root/ros2_ws/install/controller_interface/lib:/root/ros2_ws/install/hardware_interface/lib:/root/ros2_ws/install/controller_manager_msgs/lib:/root/ros2_ws/install/ros2_control_test_assets/lib:/opt/ros/humble/lib/aarch64-linux-gnu:/opt/ros/humble/lib PYTHONPATH=/root/ros2_ws/install/controller_manager/local/lib/python3.10/dist-packages:/root/ros2_ws/install/controller_manager_msgs/local/lib/python3.10/dist-packages:${PYTHONPATH} /usr/bin/cmake --build /root/ros2_ws/build/position_controllers -- -j4 -l4
[2.169s] [ 50%] [32mBuilding CXX object CMakeFiles/position_controllers.dir/src/joint_group_position_controller.cpp.o[0m
[7.050s] [100%] [32m[1mLinking CXX shared library libposition_controllers.so[0m
[7.285s] [100%] Built target position_controllers
[7.307s] Invoked command in '/root/ros2_ws/build/position_controllers' returned '0': AMENT_PREFIX_PATH=/root/ros2_ws/install/forward_command_controller:/root/ros2_ws/install/controller_manager:/root/ros2_ws/install/hardware_interface_testing:/root/ros2_ws/install/controller_manager_msgs:${AMENT_PREFIX_PATH} CMAKE_PREFIX_PATH=/root/ros2_ws/install/forward_command_controller:/root/ros2_ws/install/controller_manager:/root/ros2_ws/install/hardware_interface_testing:/root/ros2_ws/install/controller_interface:/root/ros2_ws/install/hardware_interface:/root/ros2_ws/install/ros2_control_test_assets:/root/ros2_ws/install/controller_manager_msgs:/root/ros2_ws/install/app_subscriber:/opt/ros/humble LD_LIBRARY_PATH=/root/ros2_ws/install/forward_command_controller/lib:/root/ros2_ws/install/controller_manager/lib:/root/ros2_ws/install/hardware_interface_testing/lib:/root/ros2_ws/install/controller_interface/lib:/root/ros2_ws/install/hardware_interface/lib:/root/ros2_ws/install/controller_manager_msgs/lib:/root/ros2_ws/install/ros2_control_test_assets/lib:/opt/ros/humble/lib/aarch64-linux-gnu:/opt/ros/humble/lib PYTHONPATH=/root/ros2_ws/install/controller_manager/local/lib/python3.10/dist-packages:/root/ros2_ws/install/controller_manager_msgs/local/lib/python3.10/dist-packages:${PYTHONPATH} /usr/bin/cmake --build /root/ros2_ws/build/position_controllers -- -j4 -l4
[7.309s] Invoking command in '/root/ros2_ws/build/position_controllers': AMENT_PREFIX_PATH=/root/ros2_ws/install/forward_command_controller:/root/ros2_ws/install/controller_manager:/root/ros2_ws/install/hardware_interface_testing:/root/ros2_ws/install/controller_manager_msgs:${AMENT_PREFIX_PATH} CMAKE_PREFIX_PATH=/root/ros2_ws/install/forward_command_controller:/root/ros2_ws/install/controller_manager:/root/ros2_ws/install/hardware_interface_testing:/root/ros2_ws/install/controller_interface:/root/ros2_ws/install/hardware_interface:/root/ros2_ws/install/ros2_control_test_assets:/root/ros2_ws/install/controller_manager_msgs:/root/ros2_ws/install/app_subscriber:/opt/ros/humble LD_LIBRARY_PATH=/root/ros2_ws/install/forward_command_controller/lib:/root/ros2_ws/install/controller_manager/lib:/root/ros2_ws/install/hardware_interface_testing/lib:/root/ros2_ws/install/controller_interface/lib:/root/ros2_ws/install/hardware_interface/lib:/root/ros2_ws/install/controller_manager_msgs/lib:/root/ros2_ws/install/ros2_control_test_assets/lib:/opt/ros/humble/lib/aarch64-linux-gnu:/opt/ros/humble/lib PYTHONPATH=/root/ros2_ws/install/controller_manager/local/lib/python3.10/dist-packages:/root/ros2_ws/install/controller_manager_msgs/local/lib/python3.10/dist-packages:${PYTHONPATH} /usr/bin/cmake --install /root/ros2_ws/build/position_controllers
[7.323s] -- Install configuration: "Release"
[7.324s] -- Execute custom install script
[7.324s] -- Symlinking: /root/ros2_ws/install/position_controllers/share/position_controllers//position_controllers_plugins.xml
[7.341s] -- Symlinking: /root/ros2_ws/install/position_controllers/include/position_controllers/position_controllers/joint_group_position_controller.hpp
[7.358s] -- Symlinking: /root/ros2_ws/install/position_controllers/include/position_controllers/position_controllers/visibility_control.h
[7.375s] -- Symlinking: /root/ros2_ws/install/position_controllers/share/position_controllers/environment/library_path.sh
[7.392s] -- Symlinking: /root/ros2_ws/install/position_controllers/share/position_controllers/environment/library_path.dsv
[7.410s] -- Symlinking: /root/ros2_ws/install/position_controllers/share/ament_index/resource_index/package_run_dependencies/position_controllers
[7.427s] -- Symlinking: /root/ros2_ws/install/position_controllers/share/ament_index/resource_index/parent_prefix_path/position_controllers
[7.443s] -- Symlinking: /root/ros2_ws/install/position_controllers/share/position_controllers/environment/ament_prefix_path.sh
[7.460s] -- Symlinking: /root/ros2_ws/install/position_controllers/share/position_controllers/environment/ament_prefix_path.dsv
[7.476s] -- Symlinking: /root/ros2_ws/install/position_controllers/share/position_controllers/environment/path.sh
[7.494s] -- Symlinking: /root/ros2_ws/install/position_controllers/share/position_controllers/environment/path.dsv
[7.510s] -- Symlinking: /root/ros2_ws/install/position_controllers/share/position_controllers/local_setup.bash
[7.527s] -- Symlinking: /root/ros2_ws/install/position_controllers/share/position_controllers/local_setup.sh
[7.543s] -- Symlinking: /root/ros2_ws/install/position_controllers/share/position_controllers/local_setup.zsh
[7.559s] -- Symlinking: /root/ros2_ws/install/position_controllers/share/position_controllers/local_setup.dsv
[7.575s] -- Symlinking: /root/ros2_ws/install/position_controllers/share/position_controllers/package.dsv
[7.592s] -- Symlinking: /root/ros2_ws/install/position_controllers/share/ament_index/resource_index/packages/position_controllers
[7.610s] -- Symlinking: /root/ros2_ws/install/position_controllers/share/ament_index/resource_index/controller_interface__pluginlib__plugin/position_controllers
[7.627s] -- Symlinking: /root/ros2_ws/install/position_controllers/share/position_controllers/cmake/ament_cmake_export_targets-extras.cmake
[7.644s] -- Symlinking: /root/ros2_ws/install/position_controllers/share/position_controllers/cmake/ament_cmake_export_dependencies-extras.cmake
[7.661s] -- Symlinking: /root/ros2_ws/install/position_controllers/share/position_controllers/cmake/position_controllersConfig.cmake
[7.677s] -- Symlinking: /root/ros2_ws/install/position_controllers/share/position_controllers/cmake/position_controllersConfig-version.cmake
[7.694s] -- Symlinking: /root/ros2_ws/install/position_controllers/share/position_controllers/package.xml
[7.711s] -- Installing: /root/ros2_ws/install/position_controllers/lib/libposition_controllers.so
[7.712s] -- Set runtime path of "/root/ros2_ws/install/position_controllers/lib/libposition_controllers.so" to ""
[7.712s] -- Installing: /root/ros2_ws/install/position_controllers/share/position_controllers/cmake/export_position_controllersExport.cmake
[7.712s] -- Installing: /root/ros2_ws/install/position_controllers/share/position_controllers/cmake/export_position_controllersExport-release.cmake
[7.716s] Invoked command in '/root/ros2_ws/build/position_controllers' returned '0': AMENT_PREFIX_PATH=/root/ros2_ws/install/forward_command_controller:/root/ros2_ws/install/controller_manager:/root/ros2_ws/install/hardware_interface_testing:/root/ros2_ws/install/controller_manager_msgs:${AMENT_PREFIX_PATH} CMAKE_PREFIX_PATH=/root/ros2_ws/install/forward_command_controller:/root/ros2_ws/install/controller_manager:/root/ros2_ws/install/hardware_interface_testing:/root/ros2_ws/install/controller_interface:/root/ros2_ws/install/hardware_interface:/root/ros2_ws/install/ros2_control_test_assets:/root/ros2_ws/install/controller_manager_msgs:/root/ros2_ws/install/app_subscriber:/opt/ros/humble LD_LIBRARY_PATH=/root/ros2_ws/install/forward_command_controller/lib:/root/ros2_ws/install/controller_manager/lib:/root/ros2_ws/install/hardware_interface_testing/lib:/root/ros2_ws/install/controller_interface/lib:/root/ros2_ws/install/hardware_interface/lib:/root/ros2_ws/install/controller_manager_msgs/lib:/root/ros2_ws/install/ros2_control_test_assets/lib:/opt/ros/humble/lib/aarch64-linux-gnu:/opt/ros/humble/lib PYTHONPATH=/root/ros2_ws/install/controller_manager/local/lib/python3.10/dist-packages:/root/ros2_ws/install/controller_manager_msgs/local/lib/python3.10/dist-packages:${PYTHONPATH} /usr/bin/cmake --install /root/ros2_ws/build/position_controllers
