-- The CXX compiler identification is GNU 11.4.0
-- Detecting CXX compiler ABI info
-- Detecting CXX compiler ABI info - done
-- Check for working CXX compiler: /usr/bin/c++ - skipped
-- Detecting CXX compile features
-- Detecting CXX compile features - done
-- Found ament_cmake: 1.3.12 (/opt/ros/humble/share/ament_cmake/cmake)
-- Found Python3: /usr/bin/python3 (found version "3.10.12") found components: Interpreter 
-- Override CMake install command with custom implementation using symlinks instead of copying resources
-- Found angles: 1.15.0 (/opt/ros/humble/share/angles/cmake)
-- Found control_msgs: 4.8.0 (/opt/ros/humble/share/control_msgs/cmake)
-- Found rosidl_generator_c: 3.1.7 (/opt/ros/humble/share/rosidl_generator_c/cmake)
-- Found rosidl_adapter: 3.1.7 (/opt/ros/humble/share/rosidl_adapter/cmake)
-- Found rosidl_generator_cpp: 3.1.7 (/opt/ros/humble/share/rosidl_generator_cpp/cmake)
-- Using all available rosidl_typesupport_c: rosidl_typesupport_fastrtps_c;rosidl_typesupport_introspection_c
-- Using all available rosidl_typesupport_cpp: rosidl_typesupport_fastrtps_cpp;rosidl_typesupport_introspection_cpp
-- Found control_toolbox: 3.6.2 (/opt/ros/humble/share/control_toolbox/cmake)
-- Found rmw_implementation_cmake: 6.1.2 (/opt/ros/humble/share/rmw_implementation_cmake/cmake)
-- Found rmw_fastrtps_cpp: 6.2.8 (/opt/ros/humble/share/rmw_fastrtps_cpp/cmake)
-- Found OpenSSL: /usr/lib/aarch64-linux-gnu/libcrypto.so (found version "3.0.2")  
-- Found FastRTPS: /opt/ros/humble/include  
-- Using RMW implementation 'rmw_fastrtps_cpp' as default
-- Looking for C++ include pthread.h
-- Looking for C++ include pthread.h - found
-- Performing Test CMAKE_HAVE_LIBC_PTHREAD
-- Performing Test CMAKE_HAVE_LIBC_PTHREAD - Success
-- Found Threads: TRUE  
-- Found controller_interface: 2.52.2 (/root/ros2_ws/install/controller_interface/share/controller_interface/cmake)
-- Found std_srvs: 4.9.0 (/opt/ros/humble/share/std_srvs/cmake)
-- Configuring done
-- Generating done
-- Build files have been written to: /root/ros2_ws/build/pid_controller
[ 25%] [34m[1mRunning `/opt/ros/humble/bin/generate_parameter_library_cpp /root/ros2_ws/build/pid_controller/include/pid_controller/pid_controller_parameters.hpp /root/ros2_ws/src/ros2_controllers/pid_controller/src/pid_controller.yaml `[0m
[ 50%] [34m[1mCreating deprecated header file /root/ros2_ws/build/pid_controller/include/pid_controller_parameters.hpp[0m
[ 50%] Built target pid_controller_parameters
[ 75%] [32mBuilding CXX object CMakeFiles/pid_controller.dir/src/pid_controller.cpp.o[0m
[100%] [32m[1mLinking CXX shared library libpid_controller.so[0m
[100%] Built target pid_controller
-- Install configuration: "Release"
-- Execute custom install script
-- Symlinking: /root/ros2_ws/install/pid_controller/include/pid_controller/pid_controller_parameters.hpp
-- Symlinking: /root/ros2_ws/install/pid_controller/share/pid_controller//pid_controller.xml
-- Symlinking: /root/ros2_ws/install/pid_controller/include/pid_controller/pid_controller/pid_controller.hpp
-- Symlinking: /root/ros2_ws/install/pid_controller/include/pid_controller/pid_controller/visibility_control.h
-- Symlinking: /root/ros2_ws/install/pid_controller/share/pid_controller/environment/library_path.sh
-- Symlinking: /root/ros2_ws/install/pid_controller/share/pid_controller/environment/library_path.dsv
-- Symlinking: /root/ros2_ws/install/pid_controller/share/ament_index/resource_index/package_run_dependencies/pid_controller
-- Symlinking: /root/ros2_ws/install/pid_controller/share/ament_index/resource_index/parent_prefix_path/pid_controller
-- Symlinking: /root/ros2_ws/install/pid_controller/share/pid_controller/environment/ament_prefix_path.sh
-- Symlinking: /root/ros2_ws/install/pid_controller/share/pid_controller/environment/ament_prefix_path.dsv
-- Symlinking: /root/ros2_ws/install/pid_controller/share/pid_controller/environment/path.sh
-- Symlinking: /root/ros2_ws/install/pid_controller/share/pid_controller/environment/path.dsv
-- Symlinking: /root/ros2_ws/install/pid_controller/share/pid_controller/local_setup.bash
-- Symlinking: /root/ros2_ws/install/pid_controller/share/pid_controller/local_setup.sh
-- Symlinking: /root/ros2_ws/install/pid_controller/share/pid_controller/local_setup.zsh
-- Symlinking: /root/ros2_ws/install/pid_controller/share/pid_controller/local_setup.dsv
-- Symlinking: /root/ros2_ws/install/pid_controller/share/pid_controller/package.dsv
-- Symlinking: /root/ros2_ws/install/pid_controller/share/ament_index/resource_index/packages/pid_controller
-- Symlinking: /root/ros2_ws/install/pid_controller/share/ament_index/resource_index/controller_interface__pluginlib__plugin/pid_controller
-- Symlinking: /root/ros2_ws/install/pid_controller/share/pid_controller/cmake/ament_cmake_export_dependencies-extras.cmake
-- Symlinking: /root/ros2_ws/install/pid_controller/share/pid_controller/cmake/ament_cmake_export_targets-extras.cmake
-- Symlinking: /root/ros2_ws/install/pid_controller/share/pid_controller/cmake/pid_controllerConfig.cmake
-- Symlinking: /root/ros2_ws/install/pid_controller/share/pid_controller/cmake/pid_controllerConfig-version.cmake
-- Symlinking: /root/ros2_ws/install/pid_controller/share/pid_controller/package.xml
-- Installing: /root/ros2_ws/install/pid_controller/lib/libpid_controller.so
-- Set runtime path of "/root/ros2_ws/install/pid_controller/lib/libpid_controller.so" to ""
-- Installing: /root/ros2_ws/install/pid_controller/share/pid_controller/cmake/export_pid_controllerExport.cmake
-- Installing: /root/ros2_ws/install/pid_controller/share/pid_controller/cmake/export_pid_controllerExport-release.cmake
