running egg_info
writing ../../build/mecanum_bot/mecanum_bot.egg-info/PKG-INFO
writing dependency_links to ../../build/mecanum_bot/mecanum_bot.egg-info/dependency_links.txt
writing entry points to ../../build/mecanum_bot/mecanum_bot.egg-info/entry_points.txt
writing requirements to ../../build/mecanum_bot/mecanum_bot.egg-info/requires.txt
writing top-level names to ../../build/mecanum_bot/mecanum_bot.egg-info/top_level.txt
reading manifest file '../../build/mecanum_bot/mecanum_bot.egg-info/SOURCES.txt'
writing manifest file '../../build/mecanum_bot/mecanum_bot.egg-info/SOURCES.txt'
running build
running build_py
copying mecanum_bot/pid.py -> /root/ros2_ws/build/mecanum_bot/build/lib/mecanum_bot
running install
running install_lib
copying /root/ros2_ws/build/mecanum_bot/build/lib/mecanum_bot/pid.py -> /root/ros2_ws/install/mecanum_bot/lib/python3.10/site-packages/mecanum_bot
byte-compiling /root/ros2_ws/install/mecanum_bot/lib/python3.10/site-packages/mecanum_bot/pid.py to pid.cpython-310.pyc
running install_data
running install_egg_info
removing '/root/ros2_ws/install/mecanum_bot/lib/python3.10/site-packages/mecanum_bot-0.0.0-py3.10.egg-info' (and everything under it)
Copying ../../build/mecanum_bot/mecanum_bot.egg-info to /root/ros2_ws/install/mecanum_bot/lib/python3.10/site-packages/mecanum_bot-0.0.0-py3.10.egg-info
running install_scripts
Installing data_controller script to /root/ros2_ws/install/mecanum_bot/lib/mecanum_bot
Installing hardware_driver script to /root/ros2_ws/install/mecanum_bot/lib/mecanum_bot
Installing pid script to /root/ros2_ws/install/mecanum_bot/lib/mecanum_bot
writing list of installed files to '/root/ros2_ws/build/mecanum_bot/install.log'
