[2.409s] Invoking command in '/root/ros2_ws/src/mecanum_bot': PYTHONPATH=/root/ros2_ws/src/build/mecanum_bot/prefix_override:/usr/lib/python3/dist-packages/colcon_core/task/python/colcon_distutils_commands:/root/ros2_ws/src/install/mecanum_bot/lib/python3.10/site-packages:${PYTHONPATH} /usr/bin/python3 -W ignore:setup.py install is deprecated -W ignore:easy_install command is deprecated setup.py egg_info --egg-base ../build/mecanum_bot build --build-base /root/ros2_ws/src/build/mecanum_bot/build install --record /root/ros2_ws/src/build/mecanum_bot/install.log --single-version-externally-managed install_data
[2.755s] running egg_info
[2.755s] writing ../build/mecanum_bot/mecanum_bot.egg-info/PKG-INFO
[2.757s] writing dependency_links to ../build/mecanum_bot/mecanum_bot.egg-info/dependency_links.txt
[2.757s] writing entry points to ../build/mecanum_bot/mecanum_bot.egg-info/entry_points.txt
[2.757s] writing requirements to ../build/mecanum_bot/mecanum_bot.egg-info/requires.txt
[2.757s] writing top-level names to ../build/mecanum_bot/mecanum_bot.egg-info/top_level.txt
[2.760s] reading manifest file '../build/mecanum_bot/mecanum_bot.egg-info/SOURCES.txt'
[2.763s] writing manifest file '../build/mecanum_bot/mecanum_bot.egg-info/SOURCES.txt'
[2.763s] running build
[2.763s] running build_py
[2.771s] running install
[2.772s] running install_lib
[2.777s] running install_data
[2.782s] running install_egg_info
[2.787s] removing '/root/ros2_ws/src/install/mecanum_bot/lib/python3.10/site-packages/mecanum_bot-0.0.0-py3.10.egg-info' (and everything under it)
[2.788s] Copying ../build/mecanum_bot/mecanum_bot.egg-info to /root/ros2_ws/src/install/mecanum_bot/lib/python3.10/site-packages/mecanum_bot-0.0.0-py3.10.egg-info
[2.790s] running install_scripts
[2.840s] Installing data_controller script to /root/ros2_ws/src/install/mecanum_bot/lib/mecanum_bot
[2.841s] Installing hardware_driver script to /root/ros2_ws/src/install/mecanum_bot/lib/mecanum_bot
[2.842s] Installing pid script to /root/ros2_ws/src/install/mecanum_bot/lib/mecanum_bot
[2.845s] writing list of installed files to '/root/ros2_ws/src/build/mecanum_bot/install.log'
[3.024s] Invoked command in '/root/ros2_ws/src/mecanum_bot' returned '0': PYTHONPATH=/root/ros2_ws/src/build/mecanum_bot/prefix_override:/usr/lib/python3/dist-packages/colcon_core/task/python/colcon_distutils_commands:/root/ros2_ws/src/install/mecanum_bot/lib/python3.10/site-packages:${PYTHONPATH} /usr/bin/python3 -W ignore:setup.py install is deprecated -W ignore:easy_install command is deprecated setup.py egg_info --egg-base ../build/mecanum_bot build --build-base /root/ros2_ws/src/build/mecanum_bot/build install --record /root/ros2_ws/src/build/mecanum_bot/install.log --single-version-externally-managed install_data
