-- The CXX compiler identification is GNU 11.4.0
-- Detecting CXX compiler ABI info
-- Detecting CXX compiler ABI info - done
-- Check for working CXX compiler: /usr/bin/c++ - skipped
-- Detecting CXX compile features
-- Detecting CXX compile features - done
-- Found ament_cmake: 1.3.12 (/opt/ros/humble/share/ament_cmake/cmake)
-- Found Python3: /usr/bin/python3 (found version "3.10.12") found components: Interpreter 
-- Override CMake install command with custom implementation using symlinks instead of copying resources
-- Found controller_interface: 2.52.2 (/root/ros2_ws/install/controller_interface/share/controller_interface/cmake)
-- Found rosidl_generator_c: 3.1.7 (/opt/ros/humble/share/rosidl_generator_c/cmake)
-- Found rosidl_adapter: 3.1.7 (/opt/ros/humble/share/rosidl_adapter/cmake)
-- Found rosidl_generator_cpp: 3.1.7 (/opt/ros/humble/share/rosidl_generator_cpp/cmake)
-- Using all available rosidl_typesupport_c: rosidl_typesupport_fastrtps_c;rosidl_typesupport_introspection_c
-- Using all available rosidl_typesupport_cpp: rosidl_typesupport_fastrtps_cpp;rosidl_typesupport_introspection_cpp
-- Found rmw_implementation_cmake: 6.1.2 (/opt/ros/humble/share/rmw_implementation_cmake/cmake)
-- Found rmw_fastrtps_cpp: 6.2.8 (/opt/ros/humble/share/rmw_fastrtps_cpp/cmake)
-- Found TinyXML2 via Config file: TinyXML2_DIR-NOTFOUND
-- Found OpenSSL: /usr/lib/aarch64-linux-gnu/libcrypto.so (found version "3.0.2")  
-- Found TinyXML2 via Config file: TinyXML2_DIR-NOTFOUND
-- Found FastRTPS: /opt/ros/humble/include  
-- Found TinyXML2 via Config file: TinyXML2_DIR-NOTFOUND
-- Found TinyXML2 via Config file: TinyXML2_DIR-NOTFOUND
-- Using RMW implementation 'rmw_fastrtps_cpp' as default
-- Looking for C++ include pthread.h
-- Looking for C++ include pthread.h - found
-- Performing Test CMAKE_HAVE_LIBC_PTHREAD
-- Performing Test CMAKE_HAVE_LIBC_PTHREAD - Success
-- Found Threads: TRUE  
-- Found generate_parameter_library: 0.5.0 (/opt/ros/humble/share/generate_parameter_library/cmake)
-- Found parameter_traits: 0.5.0 (/opt/ros/humble/share/parameter_traits/cmake)
-- Found realtime_tools: 2.14.1 (/opt/ros/humble/share/realtime_tools/cmake)
-- Configuring done
-- Generating done
-- Build files have been written to: /root/ros2_ws/build/forward_command_controller
[ 25%] [34m[1mRunning `/opt/ros/humble/bin/generate_parameter_library_cpp /root/ros2_ws/build/forward_command_controller/include/forward_command_controller/forward_command_controller_parameters.hpp /root/ros2_ws/src/ros2_controllers/forward_command_controller/src/forward_command_controller_parameters.yaml `[0m
[ 25%] [34m[1mRunning `/opt/ros/humble/bin/generate_parameter_library_cpp /root/ros2_ws/build/forward_command_controller/include/forward_command_controller/multi_interface_forward_command_controller_parameters.hpp /root/ros2_ws/src/ros2_controllers/forward_command_controller/src/multi_interface_forward_command_controller_parameters.yaml `[0m
[ 50%] [34m[1mCreating deprecated header file /root/ros2_ws/build/forward_command_controller/include/forward_command_controller_parameters.hpp[0m
[ 50%] [34m[1mCreating deprecated header file /root/ros2_ws/build/forward_command_controller/include/multi_interface_forward_command_controller_parameters.hpp[0m
[ 50%] Built target forward_command_controller_parameters
[ 50%] Built target multi_interface_forward_command_controller_parameters
[ 87%] [32mBuilding CXX object CMakeFiles/forward_command_controller.dir/src/forward_controllers_base.cpp.o[0m
[ 87%] [32mBuilding CXX object CMakeFiles/forward_command_controller.dir/src/forward_command_controller.cpp.o[0m
[ 87%] [32mBuilding CXX object CMakeFiles/forward_command_controller.dir/src/multi_interface_forward_command_controller.cpp.o[0m
[100%] [32m[1mLinking CXX shared library libforward_command_controller.so[0m
[100%] Built target forward_command_controller
-- Install configuration: "Release"
-- Execute custom install script
-- Symlinking: /root/ros2_ws/install/forward_command_controller/include/forward_command_controller/forward_command_controller_parameters.hpp
-- Symlinking: /root/ros2_ws/install/forward_command_controller/include/forward_command_controller/multi_interface_forward_command_controller_parameters.hpp
-- Up-to-date symlink: /root/ros2_ws/install/forward_command_controller/include/forward_command_controller/forward_command_controller_parameters.hpp
-- Up-to-date symlink: /root/ros2_ws/install/forward_command_controller/include/forward_command_controller/multi_interface_forward_command_controller_parameters.hpp
-- Symlinking: /root/ros2_ws/install/forward_command_controller/share/forward_command_controller//forward_command_plugin.xml
-- Symlinking: /root/ros2_ws/install/forward_command_controller/include/forward_command_controller/forward_command_controller/forward_command_controller.hpp
-- Symlinking: /root/ros2_ws/install/forward_command_controller/include/forward_command_controller/forward_command_controller/forward_controllers_base.hpp
-- Symlinking: /root/ros2_ws/install/forward_command_controller/include/forward_command_controller/forward_command_controller/multi_interface_forward_command_controller.hpp
-- Symlinking: /root/ros2_ws/install/forward_command_controller/include/forward_command_controller/forward_command_controller/visibility_control.h
-- Symlinking: /root/ros2_ws/install/forward_command_controller/share/forward_command_controller/environment/library_path.sh
-- Symlinking: /root/ros2_ws/install/forward_command_controller/share/forward_command_controller/environment/library_path.dsv
-- Symlinking: /root/ros2_ws/install/forward_command_controller/share/ament_index/resource_index/package_run_dependencies/forward_command_controller
-- Symlinking: /root/ros2_ws/install/forward_command_controller/share/ament_index/resource_index/parent_prefix_path/forward_command_controller
-- Symlinking: /root/ros2_ws/install/forward_command_controller/share/forward_command_controller/environment/ament_prefix_path.sh
-- Symlinking: /root/ros2_ws/install/forward_command_controller/share/forward_command_controller/environment/ament_prefix_path.dsv
-- Symlinking: /root/ros2_ws/install/forward_command_controller/share/forward_command_controller/environment/path.sh
-- Symlinking: /root/ros2_ws/install/forward_command_controller/share/forward_command_controller/environment/path.dsv
-- Symlinking: /root/ros2_ws/install/forward_command_controller/share/forward_command_controller/local_setup.bash
-- Symlinking: /root/ros2_ws/install/forward_command_controller/share/forward_command_controller/local_setup.sh
-- Symlinking: /root/ros2_ws/install/forward_command_controller/share/forward_command_controller/local_setup.zsh
-- Symlinking: /root/ros2_ws/install/forward_command_controller/share/forward_command_controller/local_setup.dsv
-- Symlinking: /root/ros2_ws/install/forward_command_controller/share/forward_command_controller/package.dsv
-- Symlinking: /root/ros2_ws/install/forward_command_controller/share/ament_index/resource_index/packages/forward_command_controller
-- Symlinking: /root/ros2_ws/install/forward_command_controller/share/ament_index/resource_index/controller_interface__pluginlib__plugin/forward_command_controller
-- Symlinking: /root/ros2_ws/install/forward_command_controller/share/forward_command_controller/cmake/ament_cmake_export_dependencies-extras.cmake
-- Symlinking: /root/ros2_ws/install/forward_command_controller/share/forward_command_controller/cmake/ament_cmake_export_targets-extras.cmake
-- Symlinking: /root/ros2_ws/install/forward_command_controller/share/forward_command_controller/cmake/forward_command_controllerConfig.cmake
-- Symlinking: /root/ros2_ws/install/forward_command_controller/share/forward_command_controller/cmake/forward_command_controllerConfig-version.cmake
-- Symlinking: /root/ros2_ws/install/forward_command_controller/share/forward_command_controller/package.xml
-- Installing: /root/ros2_ws/install/forward_command_controller/lib/libforward_command_controller.so
-- Set runtime path of "/root/ros2_ws/install/forward_command_controller/lib/libforward_command_controller.so" to ""
-- Installing: /root/ros2_ws/install/forward_command_controller/share/forward_command_controller/cmake/export_forward_command_controllerExport.cmake
-- Installing: /root/ros2_ws/install/forward_command_controller/share/forward_command_controller/cmake/export_forward_command_controllerExport-release.cmake
