[0.904s] Invoking command in '/root/ros2_ws/build/mecanum_hardware': /usr/bin/cmake --build /root/ros2_ws/build/mecanum_hardware -- -j4 -l4
[1.039s] [35m[1mConsolidate compiler generated dependencies of target mecanum_hardware[0m
[1.080s] [ 50%] [32mBuilding CXX object CMakeFiles/mecanum_hardware.dir/src/mecanum_system.cpp.o[0m
[5.211s] [01m[K/root/ros2_ws/src/mecanum_hardware/src/mecanum_system.cpp:[m[K In member function ‘[01m[Kvirtual hardware_interface::CallbackReturn mecanum_hardware::MecanumSystem::on_configure(const rclcpp_lifecycle::State&)[m[K’:
[5.211s] [01m[K/root/ros2_ws/src/mecanum_hardware/src/mecanum_system.cpp:47:96:[m[K [01;35m[Kwarning: [m[Kunused parameter ‘[01m[Kprevious_state[m[K’ [[01;35m[K-Wunused-parameter[m[K]
[5.211s]    47 | turn MecanumSystem::on_configure([01;35m[Kconst rclcpp_lifecycle::State & previous_state[m[K)
[5.211s]       |                                  [01;35m[K~~~~~~~~~~~~~~~~~~~~~~~~~~~~~~~~^~~~~~~~~~~~~~[m[K
[5.211s] 
[5.211s] [01m[K/root/ros2_ws/src/mecanum_hardware/src/mecanum_system.cpp:[m[K In member function ‘[01m[Kvirtual hardware_interface::CallbackReturn mecanum_hardware::MecanumSystem::on_deactivate(const rclcpp_lifecycle::State&)[m[K’:
[5.211s] [01m[K/root/ros2_ws/src/mecanum_hardware/src/mecanum_system.cpp:85:97:[m[K [01;35m[Kwarning: [m[Kunused parameter ‘[01m[Kprevious_state[m[K’ [[01;35m[K-Wunused-parameter[m[K]
[5.211s]    85 | urn MecanumSystem::on_deactivate([01;35m[Kconst rclcpp_lifecycle::State & previous_state[m[K)
[5.211s]       |                                  [01;35m[K~~~~~~~~~~~~~~~~~~~~~~~~~~~~~~~~^~~~~~~~~~~~~~[m[K
[5.211s] 
[5.217s] [01m[K/root/ros2_ws/src/mecanum_hardware/src/mecanum_system.cpp:[m[K In member function ‘[01m[Kvirtual hardware_interface::return_type mecanum_hardware::MecanumSystem::read(const rclcpp::Time&, const rclcpp::Duration&)[m[K’:
[5.217s] [01m[K/root/ros2_ws/src/mecanum_hardware/src/mecanum_system.cpp:92:24:[m[K [01;35m[Kwarning: [m[Kunused parameter ‘[01m[Ktime[m[K’ [[01;35m[K-Wunused-parameter[m[K]
[5.217s]    92 |   [01;35m[Kconst rclcpp::Time & time[m[K,
[5.217s]       |   [01;35m[K~~~~~~~~~~~~~~~~~~~~~^~~~[m[K
[5.217s] [01m[K/root/ros2_ws/src/mecanum_hardware/src/mecanum_system.cpp:93:28:[m[K [01;35m[Kwarning: [m[Kunused parameter ‘[01m[Kperiod[m[K’ [[01;35m[K-Wunused-parameter[m[K]
[5.218s]    93 |   [01;35m[Kconst rclcpp::Duration & period[m[K)
[5.218s]       |   [01;35m[K~~~~~~~~~~~~~~~~~~~~~~~~~^~~~~~[m[K
[5.220s] [01m[K/root/ros2_ws/src/mecanum_hardware/src/mecanum_system.cpp:[m[K In member function ‘[01m[Kvirtual hardware_interface::return_type mecanum_hardware::MecanumSystem::write(const rclcpp::Time&, const rclcpp::Duration&)[m[K’:
[5.220s] [01m[K/root/ros2_ws/src/mecanum_hardware/src/mecanum_system.cpp:223:24:[m[K [01;35m[Kwarning: [m[Kunused parameter ‘[01m[Ktime[m[K’ [[01;35m[K-Wunused-parameter[m[K]
[5.220s]   223 |   [01;35m[Kconst rclcpp::Time & time[m[K,
[5.220s]       |   [01;35m[K~~~~~~~~~~~~~~~~~~~~~^~~~[m[K
[5.220s] [01m[K/root/ros2_ws/src/mecanum_hardware/src/mecanum_system.cpp:224:28:[m[K [01;35m[Kwarning: [m[Kunused parameter ‘[01m[Kperiod[m[K’ [[01;35m[K-Wunused-parameter[m[K]
[5.220s]   224 |   [01;35m[Kconst rclcpp::Duration & period[m[K)
[5.220s]       |   [01;35m[K~~~~~~~~~~~~~~~~~~~~~~~~~^~~~~~[m[K
[8.913s] [100%] [32m[1mLinking CXX shared library libmecanum_hardware.so[0m
[9.488s] [100%] Built target mecanum_hardware
[9.509s] Invoked command in '/root/ros2_ws/build/mecanum_hardware' returned '0': /usr/bin/cmake --build /root/ros2_ws/build/mecanum_hardware -- -j4 -l4
[9.526s] Invoking command in '/root/ros2_ws/build/mecanum_hardware': /usr/bin/cmake --install /root/ros2_ws/build/mecanum_hardware
[9.537s] -- Install configuration: ""
[9.538s] -- Up-to-date: /root/ros2_ws/install/mecanum_hardware/share/mecanum_hardware/mecanum_hardware.xml
[9.538s] -- Installing: /root/ros2_ws/install/mecanum_hardware/lib/libmecanum_hardware.so
[9.548s] -- Set runtime path of "/root/ros2_ws/install/mecanum_hardware/lib/libmecanum_hardware.so" to ""
[9.549s] -- Up-to-date: /root/ros2_ws/install/mecanum_hardware/include
[9.549s] -- Up-to-date: /root/ros2_ws/install/mecanum_hardware/include/mecanum_hardware
[9.549s] -- Up-to-date: /root/ros2_ws/install/mecanum_hardware/include/mecanum_hardware/mecanum_system.hpp
[9.549s] -- Up-to-date: /root/ros2_ws/install/mecanum_hardware/share/mecanum_hardware/mecanum_hardware.xml
[9.549s] -- Up-to-date: /root/ros2_ws/install/mecanum_hardware/share/ament_index/resource_index/package_run_dependencies/mecanum_hardware
[9.549s] -- Up-to-date: /root/ros2_ws/install/mecanum_hardware/share/ament_index/resource_index/parent_prefix_path/mecanum_hardware
[9.549s] -- Up-to-date: /root/ros2_ws/install/mecanum_hardware/share/mecanum_hardware/environment/ament_prefix_path.sh
[9.549s] -- Up-to-date: /root/ros2_ws/install/mecanum_hardware/share/mecanum_hardware/environment/ament_prefix_path.dsv
[9.549s] -- Up-to-date: /root/ros2_ws/install/mecanum_hardware/share/mecanum_hardware/environment/path.sh
[9.549s] -- Up-to-date: /root/ros2_ws/install/mecanum_hardware/share/mecanum_hardware/environment/path.dsv
[9.550s] -- Up-to-date: /root/ros2_ws/install/mecanum_hardware/share/mecanum_hardware/local_setup.bash
[9.550s] -- Up-to-date: /root/ros2_ws/install/mecanum_hardware/share/mecanum_hardware/local_setup.sh
[9.550s] -- Up-to-date: /root/ros2_ws/install/mecanum_hardware/share/mecanum_hardware/local_setup.zsh
[9.550s] -- Up-to-date: /root/ros2_ws/install/mecanum_hardware/share/mecanum_hardware/local_setup.dsv
[9.550s] -- Installing: /root/ros2_ws/install/mecanum_hardware/share/mecanum_hardware/package.dsv
[9.550s] -- Up-to-date: /root/ros2_ws/install/mecanum_hardware/share/ament_index/resource_index/packages/mecanum_hardware
[9.550s] -- Up-to-date: /root/ros2_ws/install/mecanum_hardware/share/ament_index/resource_index/hardware_interface__pluginlib__plugin/mecanum_hardware
[9.550s] -- Up-to-date: /root/ros2_ws/install/mecanum_hardware/share/mecanum_hardware/cmake/mecanum_hardwareConfig.cmake
[9.550s] -- Up-to-date: /root/ros2_ws/install/mecanum_hardware/share/mecanum_hardware/cmake/mecanum_hardwareConfig-version.cmake
[9.550s] -- Up-to-date: /root/ros2_ws/install/mecanum_hardware/share/mecanum_hardware/package.xml
[9.553s] Invoked command in '/root/ros2_ws/build/mecanum_hardware' returned '0': /usr/bin/cmake --install /root/ros2_ws/build/mecanum_hardware
