[1.807s] Invoking command in '/root/ros2_ws/src/mecanum_bot': PYTHONPATH=/root/ros2_ws/src/build/mecanum_bot/prefix_override:/usr/lib/python3/dist-packages/colcon_core/task/python/colcon_distutils_commands:/root/ros2_ws/src/install/mecanum_bot/lib/python3.10/site-packages:${PYTHONPATH} /usr/bin/python3 -W ignore:setup.py install is deprecated -W ignore:easy_install command is deprecated setup.py egg_info --egg-base ../build/mecanum_bot build --build-base /root/ros2_ws/src/build/mecanum_bot/build install --record /root/ros2_ws/src/build/mecanum_bot/install.log --single-version-externally-managed install_data
[2.323s] running egg_info
[2.323s] writing ../build/mecanum_bot/mecanum_bot.egg-info/PKG-INFO
[2.325s] writing dependency_links to ../build/mecanum_bot/mecanum_bot.egg-info/dependency_links.txt
[2.326s] writing entry points to ../build/mecanum_bot/mecanum_bot.egg-info/entry_points.txt
[2.327s] writing requirements to ../build/mecanum_bot/mecanum_bot.egg-info/requires.txt
[2.328s] writing top-level names to ../build/mecanum_bot/mecanum_bot.egg-info/top_level.txt
[2.333s] reading manifest file '../build/mecanum_bot/mecanum_bot.egg-info/SOURCES.txt'
[2.337s] writing manifest file '../build/mecanum_bot/mecanum_bot.egg-info/SOURCES.txt'
[2.338s] running build
[2.340s] running build_py
[2.340s] running install
[2.341s] running install_lib
[2.346s] running install_data
[2.347s] running install_egg_info
[2.359s] removing '/root/ros2_ws/src/install/mecanum_bot/lib/python3.10/site-packages/mecanum_bot-0.0.0-py3.10.egg-info' (and everything under it)
[2.359s] Copying ../build/mecanum_bot/mecanum_bot.egg-info to /root/ros2_ws/src/install/mecanum_bot/lib/python3.10/site-packages/mecanum_bot-0.0.0-py3.10.egg-info
[2.367s] running install_scripts
[2.458s] Installing data_controller script to /root/ros2_ws/src/install/mecanum_bot/lib/mecanum_bot
[2.461s] Installing hardware_driver script to /root/ros2_ws/src/install/mecanum_bot/lib/mecanum_bot
[2.463s] Installing pid script to /root/ros2_ws/src/install/mecanum_bot/lib/mecanum_bot
[2.468s] writing list of installed files to '/root/ros2_ws/src/build/mecanum_bot/install.log'
[2.606s] Invoked command in '/root/ros2_ws/src/mecanum_bot' returned '0': PYTHONPATH=/root/ros2_ws/src/build/mecanum_bot/prefix_override:/usr/lib/python3/dist-packages/colcon_core/task/python/colcon_distutils_commands:/root/ros2_ws/src/install/mecanum_bot/lib/python3.10/site-packages:${PYTHONPATH} /usr/bin/python3 -W ignore:setup.py install is deprecated -W ignore:easy_install command is deprecated setup.py egg_info --egg-base ../build/mecanum_bot build --build-base /root/ros2_ws/src/build/mecanum_bot/build install --record /root/ros2_ws/src/build/mecanum_bot/install.log --single-version-externally-managed install_data
