-- The CXX compiler identification is GNU 11.4.0
-- Detecting CXX compiler ABI info
-- Detecting CXX compiler ABI info - done
-- Check for working CXX compiler: /usr/bin/c++ - skipped
-- Detecting CXX compile features
-- Detecting CXX compile features - done
-- Found ament_cmake: 1.3.12 (/opt/ros/humble/share/ament_cmake/cmake)
-- Found Python3: /usr/bin/python3 (found version "3.10.12") found components: Interpreter 
-- Override CMake install command with custom implementation using symlinks instead of copying resources
-- Found rclcpp: 16.0.14 (/opt/ros/humble/share/rclcpp/cmake)
-- Found rosidl_generator_c: 3.1.7 (/opt/ros/humble/share/rosidl_generator_c/cmake)
-- Found rosidl_adapter: 3.1.7 (/opt/ros/humble/share/rosidl_adapter/cmake)
-- Found rosidl_generator_cpp: 3.1.7 (/opt/ros/humble/share/rosidl_generator_cpp/cmake)
-- Using all available rosidl_typesupport_c: rosidl_typesupport_fastrtps_c;rosidl_typesupport_introspection_c
-- Using all available rosidl_typesupport_cpp: rosidl_typesupport_fastrtps_cpp;rosidl_typesupport_introspection_cpp
-- Found rmw_implementation_cmake: 6.1.2 (/opt/ros/humble/share/rmw_implementation_cmake/cmake)
-- Found rmw_fastrtps_cpp: 6.2.8 (/opt/ros/humble/share/rmw_fastrtps_cpp/cmake)
-- Found OpenSSL: /usr/lib/aarch64-linux-gnu/libcrypto.so (found version "3.0.2")  
-- Found FastRTPS: /opt/ros/humble/include  
-- Using RMW implementation 'rmw_fastrtps_cpp' as default
-- Looking for C++ include pthread.h
-- Looking for C++ include pthread.h - found
-- Performing Test CMAKE_HAVE_LIBC_PTHREAD
-- Performing Test CMAKE_HAVE_LIBC_PTHREAD - Success
-- Found Threads: TRUE  
-- Found rclcpp_lifecycle: 16.0.14 (/opt/ros/humble/share/rclcpp_lifecycle/cmake)
-- Found urdf: 2.6.1 (/opt/ros/humble/share/urdf/cmake)
-- Configuring done
-- Generating done
-- Build files have been written to: /root/ros2_ws/build/joint_limits
[100%] [34m[1mGenerating joint_limits/version.h[0m
[100%] Built target ament_generate_version_header__joint_limits
-- Install configuration: "Release"
-- Execute custom install script
-- Symlinking: /root/ros2_ws/install/joint_limits/include/joint_limits/joint_limits/joint_limits.hpp
-- Symlinking: /root/ros2_ws/install/joint_limits/include/joint_limits/joint_limits/joint_limits_rosparam.hpp
-- Symlinking: /root/ros2_ws/install/joint_limits/include/joint_limits/joint_limits/joint_limits_urdf.hpp
-- Symlinking: /root/ros2_ws/install/joint_limits/share/joint_limits/environment/library_path.sh
-- Symlinking: /root/ros2_ws/install/joint_limits/share/joint_limits/environment/library_path.dsv
-- Symlinking: /root/ros2_ws/install/joint_limits/share/ament_index/resource_index/package_run_dependencies/joint_limits
-- Symlinking: /root/ros2_ws/install/joint_limits/share/ament_index/resource_index/parent_prefix_path/joint_limits
-- Symlinking: /root/ros2_ws/install/joint_limits/share/joint_limits/environment/ament_prefix_path.sh
-- Symlinking: /root/ros2_ws/install/joint_limits/share/joint_limits/environment/ament_prefix_path.dsv
-- Symlinking: /root/ros2_ws/install/joint_limits/share/joint_limits/environment/path.sh
-- Symlinking: /root/ros2_ws/install/joint_limits/share/joint_limits/environment/path.dsv
-- Symlinking: /root/ros2_ws/install/joint_limits/share/joint_limits/local_setup.bash
-- Symlinking: /root/ros2_ws/install/joint_limits/share/joint_limits/local_setup.sh
-- Symlinking: /root/ros2_ws/install/joint_limits/share/joint_limits/local_setup.zsh
-- Symlinking: /root/ros2_ws/install/joint_limits/share/joint_limits/local_setup.dsv
-- Symlinking: /root/ros2_ws/install/joint_limits/share/joint_limits/package.dsv
-- Symlinking: /root/ros2_ws/install/joint_limits/share/ament_index/resource_index/packages/joint_limits
-- Symlinking: /root/ros2_ws/install/joint_limits/share/joint_limits/cmake/ament_cmake_export_targets-extras.cmake
-- Symlinking: /root/ros2_ws/install/joint_limits/share/joint_limits/cmake/ament_cmake_export_dependencies-extras.cmake
-- Symlinking: /root/ros2_ws/install/joint_limits/share/joint_limits/cmake/joint_limitsConfig.cmake
-- Symlinking: /root/ros2_ws/install/joint_limits/share/joint_limits/cmake/joint_limitsConfig-version.cmake
-- Symlinking: /root/ros2_ws/install/joint_limits/share/joint_limits/package.xml
-- Symlinking: /root/ros2_ws/install/joint_limits/include/joint_limits/joint_limits/version.h
-- Installing: /root/ros2_ws/install/joint_limits/share/joint_limits/cmake/export_joint_limitsExport.cmake
