[0.010s] Invoking command in '/root/ros2_ws/build/joint_limits': CMAKE_PREFIX_PATH=${CMAKE_PREFIX_PATH}:/root/ros2_ws/install/app_subscriber:/opt/ros/humble /usr/bin/cmake /root/ros2_ws/src/ros2_control/joint_limits -DBUILD_TESTING=OFF -DCMAKE_BUILD_TYPE=Release -DAMENT_CMAKE_SYMLINK_INSTALL=1 -DCMAKE_INSTALL_PREFIX=/root/ros2_ws/install/joint_limits
[0.120s] -- The CXX compiler identification is GNU 11.4.0
[0.131s] -- Detecting CXX compiler ABI info
[0.263s] -- Detecting CXX compiler ABI info - done
[0.274s] -- Check for working CXX compiler: /usr/bin/c++ - skipped
[0.275s] -- Detecting CXX compile features
[0.275s] -- Detecting CXX compile features - done
[0.279s] -- Found ament_cmake: 1.3.12 (/opt/ros/humble/share/ament_cmake/cmake)
[0.498s] -- Found Python3: /usr/bin/python3 (found version "3.10.12") found components: Interpreter 
[0.594s] -- Override CMake install command with custom implementation using symlinks instead of copying resources
[0.630s] -- Found rclcpp: 16.0.14 (/opt/ros/humble/share/rclcpp/cmake)
[0.682s] -- Found rosidl_generator_c: 3.1.7 (/opt/ros/humble/share/rosidl_generator_c/cmake)
[0.689s] -- Found rosidl_adapter: 3.1.7 (/opt/ros/humble/share/rosidl_adapter/cmake)
[0.701s] -- Found rosidl_generator_cpp: 3.1.7 (/opt/ros/humble/share/rosidl_generator_cpp/cmake)
[0.718s] -- Using all available rosidl_typesupport_c: rosidl_typesupport_fastrtps_c;rosidl_typesupport_introspection_c
[0.741s] -- Using all available rosidl_typesupport_cpp: rosidl_typesupport_fastrtps_cpp;rosidl_typesupport_introspection_cpp
[0.804s] -- Found rmw_implementation_cmake: 6.1.2 (/opt/ros/humble/share/rmw_implementation_cmake/cmake)
[0.808s] -- Found rmw_fastrtps_cpp: 6.2.8 (/opt/ros/humble/share/rmw_fastrtps_cpp/cmake)
[0.947s] -- Found OpenSSL: /usr/lib/aarch64-linux-gnu/libcrypto.so (found version "3.0.2")  
[0.975s] -- Found FastRTPS: /opt/ros/humble/include  
[1.022s] -- Using RMW implementation 'rmw_fastrtps_cpp' as default
[1.035s] -- Looking for C++ include pthread.h
[1.176s] -- Looking for C++ include pthread.h - found
[1.176s] -- Performing Test CMAKE_HAVE_LIBC_PTHREAD
[1.320s] -- Performing Test CMAKE_HAVE_LIBC_PTHREAD - Success
[1.322s] -- Found Threads: TRUE  
[1.398s] -- Found rclcpp_lifecycle: 16.0.14 (/opt/ros/humble/share/rclcpp_lifecycle/cmake)
[1.426s] -- Found urdf: 2.6.1 (/opt/ros/humble/share/urdf/cmake)
[1.571s] -- Configuring done
[1.578s] -- Generating done
[1.582s] -- Build files have been written to: /root/ros2_ws/build/joint_limits
[1.595s] Invoked command in '/root/ros2_ws/build/joint_limits' returned '0': CMAKE_PREFIX_PATH=${CMAKE_PREFIX_PATH}:/root/ros2_ws/install/app_subscriber:/opt/ros/humble /usr/bin/cmake /root/ros2_ws/src/ros2_control/joint_limits -DBUILD_TESTING=OFF -DCMAKE_BUILD_TYPE=Release -DAMENT_CMAKE_SYMLINK_INSTALL=1 -DCMAKE_INSTALL_PREFIX=/root/ros2_ws/install/joint_limits
[1.597s] Invoking command in '/root/ros2_ws/build/joint_limits': CMAKE_PREFIX_PATH=${CMAKE_PREFIX_PATH}:/root/ros2_ws/install/app_subscriber:/opt/ros/humble /usr/bin/cmake --build /root/ros2_ws/build/joint_limits -- -j4 -l4
[1.683s] [100%] [34m[1mGenerating joint_limits/version.h[0m
[1.714s] [100%] Built target ament_generate_version_header__joint_limits
[1.734s] Invoked command in '/root/ros2_ws/build/joint_limits' returned '0': CMAKE_PREFIX_PATH=${CMAKE_PREFIX_PATH}:/root/ros2_ws/install/app_subscriber:/opt/ros/humble /usr/bin/cmake --build /root/ros2_ws/build/joint_limits -- -j4 -l4
[1.737s] Invoking command in '/root/ros2_ws/build/joint_limits': CMAKE_PREFIX_PATH=${CMAKE_PREFIX_PATH}:/root/ros2_ws/install/app_subscriber:/opt/ros/humble /usr/bin/cmake --install /root/ros2_ws/build/joint_limits
[1.750s] -- Install configuration: "Release"
[1.751s] -- Execute custom install script
[1.751s] -- Symlinking: /root/ros2_ws/install/joint_limits/include/joint_limits/joint_limits/joint_limits.hpp
[1.768s] -- Symlinking: /root/ros2_ws/install/joint_limits/include/joint_limits/joint_limits/joint_limits_rosparam.hpp
[1.784s] -- Symlinking: /root/ros2_ws/install/joint_limits/include/joint_limits/joint_limits/joint_limits_urdf.hpp
[1.800s] -- Symlinking: /root/ros2_ws/install/joint_limits/share/joint_limits/environment/library_path.sh
[1.816s] -- Symlinking: /root/ros2_ws/install/joint_limits/share/joint_limits/environment/library_path.dsv
[1.832s] -- Symlinking: /root/ros2_ws/install/joint_limits/share/ament_index/resource_index/package_run_dependencies/joint_limits
[1.848s] -- Symlinking: /root/ros2_ws/install/joint_limits/share/ament_index/resource_index/parent_prefix_path/joint_limits
[1.865s] -- Symlinking: /root/ros2_ws/install/joint_limits/share/joint_limits/environment/ament_prefix_path.sh
[1.881s] -- Symlinking: /root/ros2_ws/install/joint_limits/share/joint_limits/environment/ament_prefix_path.dsv
[1.896s] -- Symlinking: /root/ros2_ws/install/joint_limits/share/joint_limits/environment/path.sh
[1.913s] -- Symlinking: /root/ros2_ws/install/joint_limits/share/joint_limits/environment/path.dsv
[1.928s] -- Symlinking: /root/ros2_ws/install/joint_limits/share/joint_limits/local_setup.bash
[1.946s] -- Symlinking: /root/ros2_ws/install/joint_limits/share/joint_limits/local_setup.sh
[1.962s] -- Symlinking: /root/ros2_ws/install/joint_limits/share/joint_limits/local_setup.zsh
[1.979s] -- Symlinking: /root/ros2_ws/install/joint_limits/share/joint_limits/local_setup.dsv
[1.994s] -- Symlinking: /root/ros2_ws/install/joint_limits/share/joint_limits/package.dsv
[2.011s] -- Symlinking: /root/ros2_ws/install/joint_limits/share/ament_index/resource_index/packages/joint_limits
[2.027s] -- Symlinking: /root/ros2_ws/install/joint_limits/share/joint_limits/cmake/ament_cmake_export_targets-extras.cmake
[2.044s] -- Symlinking: /root/ros2_ws/install/joint_limits/share/joint_limits/cmake/ament_cmake_export_dependencies-extras.cmake
[2.060s] -- Symlinking: /root/ros2_ws/install/joint_limits/share/joint_limits/cmake/joint_limitsConfig.cmake
[2.077s] -- Symlinking: /root/ros2_ws/install/joint_limits/share/joint_limits/cmake/joint_limitsConfig-version.cmake
[2.093s] -- Symlinking: /root/ros2_ws/install/joint_limits/share/joint_limits/package.xml
[2.109s] -- Symlinking: /root/ros2_ws/install/joint_limits/include/joint_limits/joint_limits/version.h
[2.125s] -- Installing: /root/ros2_ws/install/joint_limits/share/joint_limits/cmake/export_joint_limitsExport.cmake
[2.129s] Invoked command in '/root/ros2_ws/build/joint_limits' returned '0': CMAKE_PREFIX_PATH=${CMAKE_PREFIX_PATH}:/root/ros2_ws/install/app_subscriber:/opt/ros/humble /usr/bin/cmake --install /root/ros2_ws/build/joint_limits
