[1.753s] Invoking command in '/root/ros2_ws/src/distance_pid': PYTHONPATH=/root/ros2_ws/build/distance_pid/prefix_override:/usr/lib/python3/dist-packages/colcon_core/task/python/colcon_distutils_commands:/root/ros2_ws/install/distance_pid/lib/python3.10/site-packages:${PYTHONPATH} /usr/bin/python3 -W ignore:setup.py install is deprecated -W ignore:easy_install command is deprecated setup.py egg_info --egg-base ../../build/distance_pid build --build-base /root/ros2_ws/build/distance_pid/build install --record /root/ros2_ws/build/distance_pid/install.log --single-version-externally-managed install_data
[2.181s] running egg_info
[2.183s] writing ../../build/distance_pid/distance_pid.egg-info/PKG-INFO
[2.184s] writing dependency_links to ../../build/distance_pid/distance_pid.egg-info/dependency_links.txt
[2.185s] writing entry points to ../../build/distance_pid/distance_pid.egg-info/entry_points.txt
[2.187s] writing requirements to ../../build/distance_pid/distance_pid.egg-info/requires.txt
[2.187s] writing top-level names to ../../build/distance_pid/distance_pid.egg-info/top_level.txt
[2.192s] reading manifest file '../../build/distance_pid/distance_pid.egg-info/SOURCES.txt'
[2.194s] writing manifest file '../../build/distance_pid/distance_pid.egg-info/SOURCES.txt'
[2.195s] running build
[2.196s] running build_py
[2.196s] running install
[2.198s] running install_lib
[2.202s] running install_data
[2.203s] running install_egg_info
[2.208s] removing '/root/ros2_ws/install/distance_pid/lib/python3.10/site-packages/distance_pid-0.0.0-py3.10.egg-info' (and everything under it)
[2.209s] Copying ../../build/distance_pid/distance_pid.egg-info to /root/ros2_ws/install/distance_pid/lib/python3.10/site-packages/distance_pid-0.0.0-py3.10.egg-info
[2.211s] running install_scripts
[2.272s] writing list of installed files to '/root/ros2_ws/build/distance_pid/install.log'
[2.456s] Invoked command in '/root/ros2_ws/src/distance_pid' returned '0': PYTHONPATH=/root/ros2_ws/build/distance_pid/prefix_override:/usr/lib/python3/dist-packages/colcon_core/task/python/colcon_distutils_commands:/root/ros2_ws/install/distance_pid/lib/python3.10/site-packages:${PYTHONPATH} /usr/bin/python3 -W ignore:setup.py install is deprecated -W ignore:easy_install command is deprecated setup.py egg_info --egg-base ../../build/distance_pid build --build-base /root/ros2_ws/build/distance_pid/build install --record /root/ros2_ws/build/distance_pid/install.log --single-version-externally-managed install_data
